2022-06-10 01:25:16:2516 info: 
**********************REQUEST_STARTED*********************
POST /api/user 409 169.389 ms - 42
2022-06-10 01:25:16:2516 info: 
**********************REQUEST_STARTED*********************
POST /api/checkuser 409 179.890 ms - 82
2022-06-10 01:25:17:2517 info: 
**********************REQUEST_STARTED*********************
POST /api/user/login 200 165.456 ms - 735
2022-06-10 01:26:05:265 info: 
**********************REQUEST_STARTED*********************
POST /api/user 409 162.195 ms - 42
2022-06-10 01:26:05:265 info: 
**********************REQUEST_STARTED*********************
POST /api/checkuser 409 161.313 ms - 82
2022-06-10 01:26:06:266 info: 
**********************REQUEST_STARTED*********************
POST /api/user/login 200 155.676 ms - 735
2022-06-10 01:27:05:275 info: 
**********************REQUEST_STARTED*********************
GET /api/splash 200 85.514 ms - 990
2022-06-10 01:27:16:2716 info: 
**********************REQUEST_STARTED*********************
POST /api/user 409 160.151 ms - 42
2022-06-10 01:27:16:2716 info: 
**********************REQUEST_STARTED*********************
POST /api/checkuser 409 155.963 ms - 82
2022-06-10 01:27:17:2717 info: 
**********************REQUEST_STARTED*********************
POST /api/user/login 200 164.548 ms - 735
2022-06-10 01:27:58:2758 info: 
**********************REQUEST_STARTED*********************
GET /api/splash 200 80.799 ms - 990
2022-06-10 01:28:09:289 info: 
**********************REQUEST_STARTED*********************
POST /api/user 409 158.874 ms - 42
2022-06-10 01:28:10:2810 info: 
**********************REQUEST_STARTED*********************
POST /api/checkuser 409 188.637 ms - 82
2022-06-10 01:28:11:2811 info: 
**********************REQUEST_STARTED*********************
POST /api/user/login 200 152.337 ms - 735
2022-06-10 01:29:55:2955 info: 
**********************REQUEST_STARTED*********************
GET /api/splash 200 105.149 ms - 990
2022-06-10 01:30:03:303 info: 
**********************REQUEST_STARTED*********************
POST /api/user 409 161.090 ms - 42
2022-06-10 01:30:04:304 info: 
**********************REQUEST_STARTED*********************
POST /api/checkuser 409 153.423 ms - 82
2022-06-10 01:30:04:304 info: 
**********************REQUEST_STARTED*********************
POST /api/user/login 200 186.007 ms - 735
2022-06-10 01:30:50:3050 info: 
**********************REQUEST_STARTED*********************
GET /api/splash 200 92.864 ms - 990
2022-06-10 01:31:00:310 info: 
**********************REQUEST_STARTED*********************
POST /api/user 409 183.389 ms - 42
2022-06-10 01:31:00:310 info: 
**********************REQUEST_STARTED*********************
POST /api/checkuser 409 160.327 ms - 82
2022-06-10 01:31:01:311 info: 
**********************REQUEST_STARTED*********************
POST /api/user/login 200 194.742 ms - 735
2022-06-10 02:03:35:335 info: 
**********************REQUEST_STARTED*********************
GET /api/splash 200 130.122 ms - 990
2022-06-10 02:08:56:856 info: 
**********************REQUEST_STARTED*********************
GET /api/splash 200 87.355 ms - 990
2022-06-10 02:09:35:935 info: 
**********************REQUEST_STARTED*********************
POST /api/user 409 174.881 ms - 42
2022-06-10 02:09:36:936 info: 
**********************REQUEST_STARTED*********************
POST /api/checkuser 409 164.015 ms - 82
2022-06-10 02:09:36:936 info: 
**********************REQUEST_STARTED*********************
POST /api/user/login 200 162.660 ms - 735
2022-06-10 02:18:04:184 info: 
**********************REQUEST_STARTED*********************
GET /api/splash 200 95.948 ms - 990
2022-06-10 02:19:55:1955 info: 
**********************REQUEST_STARTED*********************
GET /api/splash 200 101.028 ms - 990
2022-06-10 02:21:03:213 info: 
**********************REQUEST_STARTED*********************
GET /api/splash 200 94.202 ms - 990
2022-06-10 05:09:38:938 info: 
**********************REQUEST_STARTED*********************
GET /api/splash 200 598.643 ms - 990
2022-06-10 10:04:08:48 info: 
**********************REQUEST_STARTED*********************
POST /api/user 400 10096.019 ms - 45
2022-06-10 10:05:01:51 info: 
**********************REQUEST_STARTED*********************
GET /api/splash - - ms - -
2022-06-10 10:59:48:5948 info: 
**********************REQUEST_STARTED*********************
GET /api/splash - - ms - -
2022-06-10 11:01:28:128 info: 
**********************REQUEST_STARTED*********************
GET /api/splash - - ms - -
2022-06-10 11:02:17:217 info: 
**********************REQUEST_STARTED*********************
GET /api/splash 200 40.837 ms - 990
2022-06-10 11:02:28:228 info: 
**********************REQUEST_STARTED*********************
POST /api/user 409 93.137 ms - 42
2022-06-10 11:02:28:228 info: 
**********************REQUEST_STARTED*********************
POST /api/checkuser 409 61.491 ms - 82
2022-06-10 11:02:29:229 info: 
**********************REQUEST_STARTED*********************
POST /api/user/login 200 62.645 ms - 735
2022-06-10 11:21:43:2143 info: 
**********************REQUEST_STARTED*********************
GET /api/splash 200 78.561 ms - 990
2022-06-10 11:22:11:2211 info: 
**********************REQUEST_STARTED*********************
POST /api/user 409 107.456 ms - 42
2022-06-10 11:22:11:2211 info: 
**********************REQUEST_STARTED*********************
POST /api/checkuser 409 69.506 ms - 82
2022-06-10 11:22:11:2211 info: 
**********************REQUEST_STARTED*********************
POST /api/user/login 200 78.382 ms - 735
2022-06-10 11:22:32:2232 info: 
**********************REQUEST_STARTED*********************
POST /api/user 409 69.319 ms - 42
2022-06-10 11:22:33:2233 info: 
**********************REQUEST_STARTED*********************
POST /api/checkuser 409 69.638 ms - 82
2022-06-10 11:22:33:2233 info: 
**********************REQUEST_STARTED*********************
POST /api/user/login 200 69.302 ms - 735
2022-06-10 11:22:43:2243 info: 
**********************REQUEST_STARTED*********************
POST /api/user 409 72.714 ms - 42
2022-06-10 11:22:44:2244 info: 
**********************REQUEST_STARTED*********************
POST /api/checkuser 409 61.493 ms - 82
2022-06-10 11:22:44:2244 info: 
**********************REQUEST_STARTED*********************
POST /api/user/login 200 66.584 ms - 735
2022-06-10 11:24:10:2410 info: 
**********************REQUEST_STARTED*********************
POST /api/user 409 68.058 ms - 42
2022-06-10 11:24:10:2410 info: 
**********************REQUEST_STARTED*********************
POST /api/checkuser 409 68.190 ms - 82
2022-06-10 11:24:11:2411 info: 
**********************REQUEST_STARTED*********************
POST /api/user/login 200 64.869 ms - 735
2022-06-10 11:24:30:2430 info: 
**********************REQUEST_STARTED*********************
POST /api/user 409 67.573 ms - 42
2022-06-10 11:24:30:2430 info: 
**********************REQUEST_STARTED*********************
POST /api/checkuser 409 61.597 ms - 82
2022-06-10 11:24:30:2430 info: 
**********************REQUEST_STARTED*********************
POST /api/user/login 200 69.685 ms - 735
2022-06-10 11:25:06:256 info: 
**********************REQUEST_STARTED*********************
GET /api/splash 200 37.432 ms - 990
2022-06-10 11:26:01:261 info: 
**********************REQUEST_STARTED*********************
POST /api/user 409 64.566 ms - 42
2022-06-10 11:26:01:261 info: 
**********************REQUEST_STARTED*********************
POST /api/checkuser 409 66.119 ms - 82
2022-06-10 11:26:02:262 info: 
**********************REQUEST_STARTED*********************
POST /api/user/login 200 62.329 ms - 735
2022-06-10 11:28:27:2827 info: 
**********************REQUEST_STARTED*********************
GET /api/splash 200 46.017 ms - 990
2022-06-10 11:29:11:2911 info: 
**********************REQUEST_STARTED*********************
GET /api/splash 200 34.386 ms - 990
2022-06-10 11:29:51:2951 info: 
**********************REQUEST_STARTED*********************
POST /api/user 409 74.733 ms - 42
2022-06-10 11:29:51:2951 info: 
**********************REQUEST_STARTED*********************
POST /api/checkuser 409 65.506 ms - 82
2022-06-10 11:29:51:2951 info: 
**********************REQUEST_STARTED*********************
POST /api/user/login 200 66.579 ms - 735
2022-06-10 11:30:22:3022 info: 
**********************REQUEST_STARTED*********************
POST /api/user 409 71.545 ms - 42
2022-06-10 11:30:22:3022 info: 
**********************REQUEST_STARTED*********************
POST /api/checkuser 409 67.140 ms - 82
2022-06-10 11:30:23:3023 info: 
**********************REQUEST_STARTED*********************
POST /api/user/login 200 67.715 ms - 735
2022-06-10 11:30:47:3047 info: 
**********************REQUEST_STARTED*********************
GET /api/splash 200 40.200 ms - 990
2022-06-10 11:32:12:3212 info: 
**********************REQUEST_STARTED*********************
GET /api/splash 200 37.282 ms - 990
2022-06-10 11:32:34:3234 info: 
**********************REQUEST_STARTED*********************
GET /api/splash 200 47.389 ms - 990
2022-06-10 11:45:14:4514 info: 
**********************REQUEST_STARTED*********************
GET /api/splash 200 40.444 ms - 990
2022-06-10 11:45:28:4528 info: 
**********************REQUEST_STARTED*********************
POST /api/user 409 77.320 ms - 42
2022-06-10 11:45:28:4528 info: 
**********************REQUEST_STARTED*********************
POST /api/checkuser 409 92.655 ms - 82
2022-06-10 11:45:28:4528 info: 
**********************REQUEST_STARTED*********************
POST /api/user/login 200 68.818 ms - 735
2022-06-10 11:45:50:4550 info: 
**********************REQUEST_STARTED*********************
POST /api/user 409 74.228 ms - 42
2022-06-10 11:45:51:4551 info: 
**********************REQUEST_STARTED*********************
POST /api/checkuser 409 69.930 ms - 82
2022-06-10 11:45:51:4551 info: 
**********************REQUEST_STARTED*********************
POST /api/user/login 200 69.938 ms - 735
2022-06-10 11:46:30:4630 info: 
**********************REQUEST_STARTED*********************
GET /api/splash 200 40.158 ms - 990
2022-06-10 11:47:32:4732 info: 
**********************REQUEST_STARTED*********************
GET /api/splash 200 37.694 ms - 990
2022-06-10 11:47:39:4739 info: 
**********************REQUEST_STARTED*********************
GET /api/splash 200 36.102 ms - 990
2022-06-10 11:50:40:5040 info: 
**********************REQUEST_STARTED*********************
GET /api/splash 200 40.673 ms - 990
2022-06-10 11:51:51:5151 info: 
**********************REQUEST_STARTED*********************
GET /api/splash 200 40.603 ms - 990
2022-06-10 11:57:56:5756 info: 
**********************REQUEST_STARTED*********************
GET /api/splash 200 47.544 ms - 990
2022-06-10 12:00:12:012 info: 
**********************REQUEST_STARTED*********************
POST /api/partner 400 49.626 ms - 45
2022-06-10 12:01:14:114 info: 
**********************REQUEST_STARTED*********************
GET /api/splash 200 41.202 ms - 990
2022-06-10 12:03:26:326 info: 
**********************REQUEST_STARTED*********************
GET /api/splash 200 45.379 ms - 990
2022-06-10 12:05:11:511 info: 
**********************REQUEST_STARTED*********************
GET /api/splash 200 42.280 ms - 990
2022-06-10 12:05:14:514 info: 
**********************REQUEST_STARTED*********************
GET /api/splash 200 34.651 ms - 990
2022-06-10 12:05:17:517 info: 
**********************REQUEST_STARTED*********************
GET /api/splash 200 44.185 ms - 990
2022-06-10 12:05:21:521 info: 
**********************REQUEST_STARTED*********************
GET /api/splash 200 36.617 ms - 990
2022-06-10 12:05:24:524 info: 
**********************REQUEST_STARTED*********************
GET /api/splash 200 39.154 ms - 990
2022-06-10 12:05:27:527 info: 
**********************REQUEST_STARTED*********************
GET /api/splash 200 38.468 ms - 990
2022-06-10 12:05:31:531 info: 
**********************REQUEST_STARTED*********************
GET /api/splash 200 74.607 ms - 990
2022-06-10 12:05:34:534 info: 
**********************REQUEST_STARTED*********************
GET /api/splash 200 40.589 ms - 990
2022-06-10 12:05:37:537 info: 
**********************REQUEST_STARTED*********************
GET /api/splash 200 35.258 ms - 990
2022-06-10 12:05:40:540 info: 
**********************REQUEST_STARTED*********************
GET /api/splash 200 43.883 ms - 990
2022-06-10 12:05:50:550 info: 
**********************REQUEST_STARTED*********************
GET /api/splash 200 41.348 ms - 990
2022-06-10 12:08:15:815 info: 
**********************REQUEST_STARTED*********************
GET /api/splash 200 58.988 ms - 990
2022-06-10 12:08:27:827 info: 
**********************REQUEST_STARTED*********************
GET /api/splash 200 36.861 ms - 990
2022-06-10 12:35:12:3512 info: 
**********************REQUEST_STARTED*********************
GET /api/splash 200 55.528 ms - 990
2022-06-10 12:35:13:3513 info: 
**********************REQUEST_STARTED*********************
GET /api/splash 200 33.828 ms - 990
2022-06-10 12:44:24:4424 info: 
**********************REQUEST_STARTED*********************
POST /api/checkuser 200 74.442 ms - 55
2022-06-10 12:44:59:4459 info: 
**********************REQUEST_STARTED*********************
POST /api/checkuser 200 68.849 ms - 55
2022-06-10 12:54:16:5416 info: 
**********************REQUEST_STARTED*********************
GET /api/admin/service/category?limit=5&page=1 200 457.459 ms - 1315
2022-06-10 12:59:17:5917 info: 
**********************REQUEST_STARTED*********************
GET /api/splash 200 73.372 ms - 990
2022-06-10 12:59:19:5919 info: 
**********************REQUEST_STARTED*********************
GET /api/splash 200 42.055 ms - 990
2022-06-10 12:59:42:5942 info: 
**********************REQUEST_STARTED*********************
GET /api/splash 200 41.731 ms - 990
2022-06-10 12:59:48:5948 info: 
**********************REQUEST_STARTED*********************
GET /api/splash 200 36.146 ms - 990
2022-06-10 13:02:00:20 info: 
**********************REQUEST_STARTED*********************
GET /api/splash 200 37.344 ms - 990
2022-06-10 13:04:11:411 info: 
**********************REQUEST_STARTED*********************
GET /api/splash 200 49.641 ms - 990
2022-06-10 13:05:10:510 info: 
**********************REQUEST_STARTED*********************
POST /api/checkuser 200 81.301 ms - 55
2022-06-10 13:25:04:254 info: 
**********************REQUEST_STARTED*********************
GET /api/splash 200 85.941 ms - 990
2022-06-10 13:25:42:2542 info: 
**********************REQUEST_STARTED*********************
POST /api/checkuser 400 25.512 ms - 29
