2022-05-20 10:56:31:5631 info: 
**********************REQUEST_STARTED*********************
OPTIONS /api/partner?page=1&limit=5 200 9.578 ms - 0
2022-05-20 10:56:31:5631 info: 
**********************REQUEST_STARTED*********************
OPTIONS /api/partner 200 1.553 ms - 0
2022-05-20 10:56:44:5644 info: 
**********************REQUEST_STARTED*********************
GET /api/partner?page=1&limit=5 - - ms - -
2022-05-20 10:56:44:5644 info: 
**********************REQUEST_STARTED*********************
GET /api/partner - - ms - -
2022-05-20 10:56:45:5645 info: 
**********************REQUEST_STARTED*********************
OPTIONS /api/partner?page=1&limit=5 200 0.245 ms - 0
2022-05-20 10:56:45:5645 info: 
**********************REQUEST_STARTED*********************
OPTIONS /api/partner 200 0.308 ms - 0
2022-05-20 10:56:56:5656 info: 
**********************REQUEST_STARTED*********************
GET /api/partner?page=1&limit=5 - - ms - -
2022-05-20 10:56:56:5656 info: 
**********************REQUEST_STARTED*********************
GET /api/partner - - ms - -
2022-05-20 10:56:58:5658 info: 
**********************REQUEST_STARTED*********************
OPTIONS /api/partner?page=1&limit=5 200 0.132 ms - 0
2022-05-20 10:56:58:5658 info: 
**********************REQUEST_STARTED*********************
OPTIONS /api/partner 200 0.264 ms - 0
2022-05-20 10:57:30:5730 info: 
**********************REQUEST_STARTED*********************
GET /api/partner?page=1&limit=5 - - ms - -
2022-05-20 10:57:30:5730 info: 
**********************REQUEST_STARTED*********************
GET /api/partner - - ms - -
2022-05-20 11:27:58:2758 info: 
**********************REQUEST_STARTED*********************
OPTIONS /api/partner/requests?page=1&limit=5 200 1.587 ms - 0
2022-05-20 11:27:58:2758 info: 
**********************REQUEST_STARTED*********************
OPTIONS /api/partner/requests 200 0.267 ms - 0
2022-05-20 11:27:58:2758 info: 
**********************REQUEST_STARTED*********************
GET /api/partner/requests?page=1&limit=5 200 245.297 ms - 2206
2022-05-20 11:27:58:2758 info: 
**********************REQUEST_STARTED*********************
GET /api/partner/requests 200 228.462 ms - 2195
2022-05-20 11:28:18:2818 info: 
**********************REQUEST_STARTED*********************
OPTIONS /api/partner/approve/62872cf94a15f639e9637eac 200 0.124 ms - 0
2022-05-20 11:28:18:2818 info: 
**********************REQUEST_STARTED*********************
PUT /api/partner/approve/62872cf94a15f639e9637eac 200 238.226 ms - 790
2022-05-20 11:28:18:2818 info: 
**********************REQUEST_STARTED*********************
OPTIONS /api/partner/requests?page=1&limit=5 200 0.110 ms - 0
2022-05-20 11:28:18:2818 info: 
**********************REQUEST_STARTED*********************
GET /api/partner/requests?page=1&limit=5 200 400.098 ms - 90
2022-05-20 11:28:22:2822 info: 
**********************REQUEST_STARTED*********************
OPTIONS /api/partner?page=1&limit=5 200 0.133 ms - 0
2022-05-20 11:28:22:2822 info: 
**********************REQUEST_STARTED*********************
OPTIONS /api/partner 200 0.176 ms - 0
2022-05-20 11:28:22:2822 info: 
**********************REQUEST_STARTED*********************
GET /api/partner?page=1&limit=5 200 275.685 ms - 2204
2022-05-20 11:28:22:2822 info: 
**********************REQUEST_STARTED*********************
GET /api/partner 200 370.592 ms - 2193
2022-05-20 11:28:24:2824 info: 
**********************REQUEST_STARTED*********************
OPTIONS /api/admin/service/category 200 0.198 ms - 0
2022-05-20 11:28:24:2824 info: 
**********************REQUEST_STARTED*********************
OPTIONS /api/partner/62872cf94a15f639e9637eac 200 0.464 ms - 0
2022-05-20 11:28:25:2825 info: 
**********************REQUEST_STARTED*********************
GET /api/admin/service/category 200 331.454 ms - 2075
2022-05-20 11:28:25:2825 info: 
**********************REQUEST_STARTED*********************
GET /api/partner/62872cf94a15f639e9637eac 200 329.954 ms - 1155
2022-05-20 11:28:27:2827 info: 
**********************REQUEST_STARTED*********************
OPTIONS /api/partner/update/62872cf94a15f639e9637eac 200 0.131 ms - 0
2022-05-20 11:28:28:2828 info: 
**********************REQUEST_STARTED*********************
PUT /api/partner/update/62872cf94a15f639e9637eac 200 344.973 ms - 789
2022-05-20 11:28:28:2828 info: 
**********************REQUEST_STARTED*********************
OPTIONS /api/partner?page=1&limit=5 200 0.131 ms - 0
2022-05-20 11:28:28:2828 info: 
**********************REQUEST_STARTED*********************
OPTIONS /api/partner 200 0.292 ms - 0
2022-05-20 11:28:28:2828 info: 
**********************REQUEST_STARTED*********************
GET /api/partner?page=1&limit=5 200 303.842 ms - 2196
2022-05-20 11:28:28:2828 info: 
**********************REQUEST_STARTED*********************
GET /api/partner 200 302.593 ms - 2185
2022-05-20 11:28:34:2834 info: 
**********************REQUEST_STARTED*********************
OPTIONS /api/admin/service/category 200 0.129 ms - 0
2022-05-20 11:28:34:2834 info: 
**********************REQUEST_STARTED*********************
OPTIONS /api/partner/62872cf94a15f639e9637eac 200 0.300 ms - 0
2022-05-20 11:28:34:2834 info: 
**********************REQUEST_STARTED*********************
GET /api/admin/service/category 304 155.835 ms - -
2022-05-20 11:28:34:2834 info: 
**********************REQUEST_STARTED*********************
GET /api/partner/62872cf94a15f639e9637eac 200 158.614 ms - 1147
2022-05-20 11:29:16:2916 info: 
**********************REQUEST_STARTED*********************
OPTIONS /api/partner?page=1&limit=5 200 0.187 ms - 0
2022-05-20 11:29:16:2916 info: 
**********************REQUEST_STARTED*********************
OPTIONS /api/partner 200 0.173 ms - 0
2022-05-20 11:29:16:2916 info: 
**********************REQUEST_STARTED*********************
GET /api/partner?page=1&limit=5 304 283.211 ms - -
2022-05-20 11:29:16:2916 info: 
**********************REQUEST_STARTED*********************
GET /api/partner 304 278.367 ms - -
2022-05-20 11:29:17:2917 info: 
**********************REQUEST_STARTED*********************
OPTIONS /api/admin/service/category?limit=5&page=1 200 0.219 ms - 0
2022-05-20 11:29:18:2918 info: 
**********************REQUEST_STARTED*********************
GET /api/admin/service/category?limit=5&page=1 200 284.482 ms - 1327
2022-05-20 11:29:18:2918 info: 
**********************REQUEST_STARTED*********************
OPTIONS /api/admin/service/category 200 0.132 ms - 0
2022-05-20 11:29:18:2918 info: 
**********************REQUEST_STARTED*********************
GET /api/admin/service/category 304 296.919 ms - -
2022-05-20 11:29:27:2927 info: 
**********************REQUEST_STARTED*********************
OPTIONS /api/partner?page=1&limit=5 200 0.137 ms - 0
2022-05-20 11:29:27:2927 info: 
**********************REQUEST_STARTED*********************
OPTIONS /api/partner 200 0.174 ms - 0
2022-05-20 11:29:28:2928 info: 
**********************REQUEST_STARTED*********************
GET /api/partner?page=1&limit=5 304 503.407 ms - -
2022-05-20 11:29:28:2928 info: 
**********************REQUEST_STARTED*********************
GET /api/partner 304 502.223 ms - -
2022-05-20 11:29:31:2931 info: 
**********************REQUEST_STARTED*********************
OPTIONS /api/admin/service/category 200 0.139 ms - 0
2022-05-20 11:29:31:2931 info: 
**********************REQUEST_STARTED*********************
OPTIONS /api/partner/62872cf94a15f639e9637eac 200 0.297 ms - 0
2022-05-20 11:29:31:2931 info: 
**********************REQUEST_STARTED*********************
GET /api/partner/62872cf94a15f639e9637eac 304 306.269 ms - -
2022-05-20 11:29:31:2931 info: 
**********************REQUEST_STARTED*********************
GET /api/admin/service/category 304 314.917 ms - -
2022-05-20 11:29:46:2946 info: 
**********************REQUEST_STARTED*********************
OPTIONS /api/partner?page=1&limit=5 200 0.118 ms - 0
2022-05-20 11:29:46:2946 info: 
**********************REQUEST_STARTED*********************
OPTIONS /api/partner 200 1.629 ms - 0
2022-05-20 11:29:46:2946 info: 
**********************REQUEST_STARTED*********************
GET /api/partner 304 455.789 ms - -
2022-05-20 11:29:46:2946 info: 
**********************REQUEST_STARTED*********************
GET /api/partner?page=1&limit=5 304 463.853 ms - -
2022-05-20 11:29:47:2947 info: 
**********************REQUEST_STARTED*********************
OPTIONS /api/admin/service/category?limit=5&page=1 200 0.112 ms - 0
2022-05-20 11:29:48:2948 info: 
**********************REQUEST_STARTED*********************
GET /api/admin/service/category?limit=5&page=1 304 313.008 ms - -
2022-05-20 11:29:48:2948 info: 
**********************REQUEST_STARTED*********************
OPTIONS /api/admin/service/category 200 0.110 ms - 0
2022-05-20 11:29:48:2948 info: 
**********************REQUEST_STARTED*********************
GET /api/admin/service/category 304 155.497 ms - -
2022-05-20 11:29:53:2953 info: 
**********************REQUEST_STARTED*********************
OPTIONS /api/partner?page=1&limit=5 200 0.116 ms - 0
2022-05-20 11:29:53:2953 info: 
**********************REQUEST_STARTED*********************
OPTIONS /api/partner 200 0.258 ms - 0
2022-05-20 11:29:54:2954 info: 
**********************REQUEST_STARTED*********************
GET /api/partner 304 348.412 ms - -
2022-05-20 11:29:54:2954 info: 
**********************REQUEST_STARTED*********************
GET /api/partner?page=1&limit=5 304 355.892 ms - -
2022-05-20 11:29:57:2957 info: 
**********************REQUEST_STARTED*********************
OPTIONS /api/admin/service/category 200 0.101 ms - 0
2022-05-20 11:29:57:2957 info: 
**********************REQUEST_STARTED*********************
OPTIONS /api/partner/62872cf94a15f639e9637eac 200 0.339 ms - 0
2022-05-20 11:29:57:2957 info: 
**********************REQUEST_STARTED*********************
GET /api/admin/service/category 304 113.408 ms - -
2022-05-20 11:29:57:2957 info: 
**********************REQUEST_STARTED*********************
GET /api/partner/62872cf94a15f639e9637eac 304 265.909 ms - -
2022-05-20 11:30:10:3010 info: 
**********************REQUEST_STARTED*********************
OPTIONS /api/partner?page=1&limit=5 200 0.161 ms - 0
2022-05-20 11:30:10:3010 info: 
**********************REQUEST_STARTED*********************
OPTIONS /api/partner 200 0.173 ms - 0
2022-05-20 11:30:11:3011 info: 
**********************REQUEST_STARTED*********************
GET /api/partner?page=1&limit=5 304 172.064 ms - -
2022-05-20 11:30:11:3011 info: 
**********************REQUEST_STARTED*********************
GET /api/partner 304 177.151 ms - -
2022-05-20 11:30:12:3012 info: 
**********************REQUEST_STARTED*********************
OPTIONS /api/admin/service/category?limit=5&page=1 200 0.098 ms - 0
2022-05-20 11:30:12:3012 info: 
**********************REQUEST_STARTED*********************
GET /api/admin/service/category?limit=5&page=1 304 302.199 ms - -
2022-05-20 11:30:12:3012 info: 
**********************REQUEST_STARTED*********************
OPTIONS /api/admin/service/category 200 0.101 ms - 0
2022-05-20 11:30:12:3012 info: 
**********************REQUEST_STARTED*********************
GET /api/admin/service/category 304 293.741 ms - -
2022-05-20 11:30:48:3048 info: 
**********************REQUEST_STARTED*********************
OPTIONS /api/admin/service/category 200 0.180 ms - 0
2022-05-20 11:30:48:3048 info: 
**********************REQUEST_STARTED*********************
OPTIONS /api/partner/62872cf94a15f639e9637eac 200 0.224 ms - 0
2022-05-20 11:30:48:3048 info: 
**********************REQUEST_STARTED*********************
GET /api/admin/service/category 304 259.965 ms - -
2022-05-20 11:30:48:3048 info: 
**********************REQUEST_STARTED*********************
GET /api/partner/62872cf94a15f639e9637eac 304 258.451 ms - -
2022-05-20 11:31:15:3115 info: 
**********************REQUEST_STARTED*********************
OPTIONS /api/admin/service/category 200 0.161 ms - 0
2022-05-20 11:31:15:3115 info: 
**********************REQUEST_STARTED*********************
OPTIONS /api/partner/62872cf94a15f639e9637eac 200 0.258 ms - 0
2022-05-20 11:31:15:3115 info: 
**********************REQUEST_STARTED*********************
GET /api/admin/service/category 304 157.581 ms - -
2022-05-20 11:31:15:3115 info: 
**********************REQUEST_STARTED*********************
GET /api/partner/62872cf94a15f639e9637eac 304 156.882 ms - -
2022-05-20 11:32:28:3228 info: 
**********************REQUEST_STARTED*********************
OPTIONS /api/partner?page=1&limit=5 200 0.133 ms - 0
2022-05-20 11:32:28:3228 info: 
**********************REQUEST_STARTED*********************
OPTIONS /api/partner 200 0.156 ms - 0
2022-05-20 11:32:28:3228 info: 
**********************REQUEST_STARTED*********************
GET /api/partner?page=1&limit=5 304 461.930 ms - -
2022-05-20 11:32:28:3228 info: 
**********************REQUEST_STARTED*********************
GET /api/partner 304 547.792 ms - -
2022-05-20 11:32:31:3231 info: 
**********************REQUEST_STARTED*********************
OPTIONS /api/admin/service/category?limit=5&page=1 200 0.127 ms - 0
2022-05-20 11:32:31:3231 info: 
**********************REQUEST_STARTED*********************
GET /api/admin/service/category?limit=5&page=1 304 169.006 ms - -
2022-05-20 11:32:31:3231 info: 
**********************REQUEST_STARTED*********************
OPTIONS /api/admin/service/category 200 0.101 ms - 0
2022-05-20 11:32:31:3231 info: 
**********************REQUEST_STARTED*********************
GET /api/admin/service/category 304 160.182 ms - -
2022-05-20 11:33:02:332 info: 
**********************REQUEST_STARTED*********************
OPTIONS /api/partner 200 0.152 ms - 0
2022-05-20 11:33:03:333 info: 
**********************REQUEST_STARTED*********************
POST /api/partner 200 756.700 ms - 772
2022-05-20 11:33:03:333 info: 
**********************REQUEST_STARTED*********************
OPTIONS /api/partner?page=1&limit=5 200 0.492 ms - 0
2022-05-20 11:33:03:333 info: 
**********************REQUEST_STARTED*********************
GET /api/partner?page=1&limit=5 304 465.523 ms - -
2022-05-20 11:33:03:333 info: 
**********************REQUEST_STARTED*********************
GET /api/partner 200 473.637 ms - 2185
2022-05-20 11:37:30:3730 info: 
**********************REQUEST_STARTED*********************
OPTIONS /api/partner?page=1&limit=5 200 1.196 ms - 0
2022-05-20 11:37:30:3730 info: 
**********************REQUEST_STARTED*********************
OPTIONS /api/partner 200 0.277 ms - 0
2022-05-20 11:37:30:3730 info: 
**********************REQUEST_STARTED*********************
GET /api/partner?page=1&limit=5 200 282.290 ms - 90
2022-05-20 11:37:30:3730 info: 
**********************REQUEST_STARTED*********************
GET /api/partner 200 297.639 ms - 79
2022-05-20 11:37:31:3731 info: 
**********************REQUEST_STARTED*********************
OPTIONS /api/admin/service/category?limit=5&page=1 200 0.117 ms - 0
2022-05-20 11:37:32:3732 info: 
**********************REQUEST_STARTED*********************
GET /api/admin/service/category?limit=5&page=1 304 439.019 ms - -
2022-05-20 11:37:32:3732 info: 
**********************REQUEST_STARTED*********************
OPTIONS /api/admin/service/category 200 0.146 ms - 0
2022-05-20 11:37:32:3732 info: 
**********************REQUEST_STARTED*********************
GET /api/admin/service/category 304 295.361 ms - -
2022-05-20 11:38:01:381 info: 
**********************REQUEST_STARTED*********************
OPTIONS /api/partner 200 0.152 ms - 0
2022-05-20 11:38:02:382 info: 
**********************REQUEST_STARTED*********************
POST /api/partner 200 528.050 ms - 776
2022-05-20 11:38:02:382 info: 
**********************REQUEST_STARTED*********************
OPTIONS /api/partner?page=1&limit=5 200 0.241 ms - 0
2022-05-20 11:38:02:382 info: 
**********************REQUEST_STARTED*********************
GET /api/partner 200 151.488 ms - 79
2022-05-20 11:38:02:382 info: 
**********************REQUEST_STARTED*********************
GET /api/partner?page=1&limit=5 304 159.052 ms - -
2022-05-20 11:38:44:3844 info: 
**********************REQUEST_STARTED*********************
OPTIONS /api/partner/requests?page=1&limit=5 200 0.181 ms - 0
2022-05-20 11:38:44:3844 info: 
**********************REQUEST_STARTED*********************
OPTIONS /api/partner/requests 200 0.216 ms - 0
2022-05-20 11:38:44:3844 info: 
**********************REQUEST_STARTED*********************
GET /api/partner/requests?page=1&limit=5 200 441.349 ms - 2155
2022-05-20 11:38:44:3844 info: 
**********************REQUEST_STARTED*********************
GET /api/partner/requests 200 531.214 ms - 2144
2022-05-20 11:38:45:3845 info: 
**********************REQUEST_STARTED*********************
OPTIONS /api/partner/6287304291fe7e4f2642c9c5 200 0.245 ms - 0
2022-05-20 11:38:45:3845 info: 
**********************REQUEST_STARTED*********************
GET /api/partner/6287304291fe7e4f2642c9c5 200 209.453 ms - 1145
2022-05-20 11:39:11:3911 info: 
**********************REQUEST_STARTED*********************
OPTIONS /api/partner/requests?page=1&limit=5 200 0.189 ms - 0
2022-05-20 11:39:11:3911 info: 
**********************REQUEST_STARTED*********************
OPTIONS /api/partner/requests 200 0.155 ms - 0
2022-05-20 11:39:12:3912 info: 
**********************REQUEST_STARTED*********************
GET /api/partner/requests 304 270.609 ms - -
2022-05-20 11:39:12:3912 info: 
**********************REQUEST_STARTED*********************
GET /api/partner/requests?page=1&limit=5 304 333.869 ms - -
2022-05-20 11:39:12:3912 info: 
**********************REQUEST_STARTED*********************
GET /api/partner/requests 304 293.021 ms - -
2022-05-20 11:40:07:407 info: 
**********************REQUEST_STARTED*********************
OPTIONS /api/partner/requests?page=1&limit=5 200 0.293 ms - 0
2022-05-20 11:40:07:407 info: 
**********************REQUEST_STARTED*********************
OPTIONS /api/partner/requests 200 0.205 ms - 0
2022-05-20 11:40:07:407 info: 
**********************REQUEST_STARTED*********************
GET /api/partner/requests 304 362.647 ms - -
2022-05-20 11:40:07:407 info: 
**********************REQUEST_STARTED*********************
GET /api/partner/requests?page=1&limit=5 304 398.398 ms - -
2022-05-20 11:40:07:407 info: 
**********************REQUEST_STARTED*********************
GET /api/partner/requests 304 337.176 ms - -
2022-05-20 11:40:07:407 info: 
**********************REQUEST_STARTED*********************
GET /api/partner/requests?page=1&limit=5 304 338.793 ms - -
2022-05-20 11:40:08:408 info: 
**********************REQUEST_STARTED*********************
OPTIONS /api/partner/6287304291fe7e4f2642c9c5 200 0.169 ms - 0
2022-05-20 11:40:08:408 info: 
**********************REQUEST_STARTED*********************
GET /api/partner/6287304291fe7e4f2642c9c5 304 197.899 ms - -
2022-05-20 11:40:21:4021 info: 
**********************REQUEST_STARTED*********************
OPTIONS /api/partner/requests?page=1&limit=5 200 0.136 ms - 0
2022-05-20 11:40:21:4021 info: 
**********************REQUEST_STARTED*********************
OPTIONS /api/partner/requests 200 0.197 ms - 0
2022-05-20 11:40:22:4022 info: 
**********************REQUEST_STARTED*********************
GET /api/partner/requests?page=1&limit=5 304 806.432 ms - -
2022-05-20 11:40:22:4022 info: 
**********************REQUEST_STARTED*********************
GET /api/partner/requests 304 805.164 ms - -
2022-05-20 11:40:28:4028 info: 
**********************REQUEST_STARTED*********************
OPTIONS /api/partner/approve/6287304291fe7e4f2642c9c5 200 0.293 ms - 0
2022-05-20 11:40:28:4028 info: 
**********************REQUEST_STARTED*********************
PUT /api/partner/approve/6287304291fe7e4f2642c9c5 200 100.294 ms - 779
2022-05-20 11:40:28:4028 info: 
**********************REQUEST_STARTED*********************
OPTIONS /api/partner/requests?page=1&limit=5 200 0.118 ms - 0
2022-05-20 11:40:28:4028 info: 
**********************REQUEST_STARTED*********************
GET /api/partner/requests?page=1&limit=5 200 249.189 ms - 90
2022-05-20 11:40:30:4030 info: 
**********************REQUEST_STARTED*********************
OPTIONS /api/partner?page=1&limit=5 200 0.106 ms - 0
2022-05-20 11:40:30:4030 info: 
**********************REQUEST_STARTED*********************
OPTIONS /api/partner 200 0.162 ms - 0
2022-05-20 11:40:30:4030 info: 
**********************REQUEST_STARTED*********************
GET /api/partner 200 519.736 ms - 2142
2022-05-20 11:40:30:4030 info: 
**********************REQUEST_STARTED*********************
GET /api/partner?page=1&limit=5 200 528.078 ms - 2153
2022-05-20 11:40:32:4032 info: 
**********************REQUEST_STARTED*********************
OPTIONS /api/admin/service/category 200 0.108 ms - 0
2022-05-20 11:40:32:4032 info: 
**********************REQUEST_STARTED*********************
OPTIONS /api/partner/6287304291fe7e4f2642c9c5 200 0.134 ms - 0
2022-05-20 11:40:33:4033 info: 
**********************REQUEST_STARTED*********************
GET /api/admin/service/category 304 242.877 ms - -
2022-05-20 11:40:33:4033 info: 
**********************REQUEST_STARTED*********************
GET /api/partner/6287304291fe7e4f2642c9c5 200 237.290 ms - 1144
2022-05-20 11:40:44:4044 info: 
**********************REQUEST_STARTED*********************
OPTIONS /api/partner/update/6287304291fe7e4f2642c9c5 200 0.102 ms - 0
2022-05-20 11:40:44:4044 info: 
**********************REQUEST_STARTED*********************
PUT /api/partner/update/6287304291fe7e4f2642c9c5 200 233.211 ms - 778
2022-05-20 11:40:44:4044 info: 
**********************REQUEST_STARTED*********************
OPTIONS /api/partner?page=1&limit=5 200 0.114 ms - 0
2022-05-20 11:40:44:4044 info: 
**********************REQUEST_STARTED*********************
OPTIONS /api/partner 200 0.213 ms - 0
2022-05-20 11:40:44:4044 info: 
**********************REQUEST_STARTED*********************
GET /api/partner?page=1&limit=5 200 328.519 ms - 2147
2022-05-20 11:40:44:4044 info: 
**********************REQUEST_STARTED*********************
GET /api/partner 200 328.395 ms - 2136
2022-05-20 11:40:47:4047 info: 
**********************REQUEST_STARTED*********************
OPTIONS /api/admin/service/category 200 0.137 ms - 0
2022-05-20 11:40:47:4047 info: 
**********************REQUEST_STARTED*********************
OPTIONS /api/partner/6287304291fe7e4f2642c9c5 200 0.291 ms - 0
2022-05-20 11:40:47:4047 info: 
**********************REQUEST_STARTED*********************
GET /api/partner/6287304291fe7e4f2642c9c5 200 150.452 ms - 1138
2022-05-20 11:40:47:4047 info: 
**********************REQUEST_STARTED*********************
GET /api/admin/service/category 304 157.767 ms - -
2022-05-20 11:41:54:4154 info: 
**********************REQUEST_STARTED*********************
OPTIONS /api/admin/service/category 200 0.236 ms - 0
2022-05-20 11:41:54:4154 info: 
**********************REQUEST_STARTED*********************
OPTIONS /api/partner/6287304291fe7e4f2642c9c5 200 0.234 ms - 0
2022-05-20 11:41:54:4154 info: 
**********************REQUEST_STARTED*********************
GET /api/admin/service/category 304 298.117 ms - -
2022-05-20 11:41:54:4154 info: 
**********************REQUEST_STARTED*********************
GET /api/partner/6287304291fe7e4f2642c9c5 304 296.794 ms - -
2022-05-20 11:41:59:4159 info: 
**********************REQUEST_STARTED*********************
GET /api/admin/service/category 304 1010.561 ms - -
2022-05-20 11:41:59:4159 info: 
**********************REQUEST_STARTED*********************
GET /api/partner/6287304291fe7e4f2642c9c5 304 1008.498 ms - -
2022-05-20 11:43:03:433 info: 
**********************REQUEST_STARTED*********************
OPTIONS /api/admin/service/category 200 0.361 ms - 0
2022-05-20 11:43:03:433 info: 
**********************REQUEST_STARTED*********************
OPTIONS /api/partner/6287304291fe7e4f2642c9c5 200 0.238 ms - 0
2022-05-20 11:43:03:433 info: 
**********************REQUEST_STARTED*********************
GET /api/partner/6287304291fe7e4f2642c9c5 304 190.883 ms - -
2022-05-20 11:43:03:433 info: 
**********************REQUEST_STARTED*********************
GET /api/admin/service/category 304 198.714 ms - -
2022-05-20 11:43:35:4335 info: 
**********************REQUEST_STARTED*********************
OPTIONS /api/admin/service/category 200 0.153 ms - 0
2022-05-20 11:43:35:4335 info: 
**********************REQUEST_STARTED*********************
OPTIONS /api/partner/6287304291fe7e4f2642c9c5 200 0.310 ms - 0
2022-05-20 11:43:35:4335 info: 
**********************REQUEST_STARTED*********************
GET /api/partner/6287304291fe7e4f2642c9c5 304 122.294 ms - -
2022-05-20 11:43:35:4335 info: 
**********************REQUEST_STARTED*********************
GET /api/admin/service/category 304 122.093 ms - -
2022-05-20 11:44:21:4421 info: 
**********************REQUEST_STARTED*********************
OPTIONS /api/admin/service/category 200 0.153 ms - 0
2022-05-20 11:44:21:4421 info: 
**********************REQUEST_STARTED*********************
OPTIONS /api/partner/6287304291fe7e4f2642c9c5 200 0.212 ms - 0
2022-05-20 11:44:21:4421 info: 
**********************REQUEST_STARTED*********************
GET /api/admin/service/category 304 292.512 ms - -
2022-05-20 11:44:21:4421 info: 
**********************REQUEST_STARTED*********************
GET /api/partner/6287304291fe7e4f2642c9c5 304 290.210 ms - -
2022-05-20 11:44:59:4459 info: 
**********************REQUEST_STARTED*********************
OPTIONS /api/admin/service/category 200 0.220 ms - 0
2022-05-20 11:44:59:4459 info: 
**********************REQUEST_STARTED*********************
OPTIONS /api/partner/6287304291fe7e4f2642c9c5 200 0.214 ms - 0
2022-05-20 11:45:00:450 info: 
**********************REQUEST_STARTED*********************
GET /api/admin/service/category 304 342.973 ms - -
2022-05-20 11:45:00:450 info: 
**********************REQUEST_STARTED*********************
GET /api/partner/6287304291fe7e4f2642c9c5 304 344.248 ms - -
2022-05-20 11:45:15:4515 info: 
**********************REQUEST_STARTED*********************
OPTIONS /api/admin/service/category 200 0.157 ms - 0
2022-05-20 11:45:15:4515 info: 
**********************REQUEST_STARTED*********************
OPTIONS /api/partner/6287304291fe7e4f2642c9c5 200 0.231 ms - 0
2022-05-20 11:45:16:4516 info: 
**********************REQUEST_STARTED*********************
GET /api/admin/service/category 304 305.601 ms - -
2022-05-20 11:45:16:4516 info: 
**********************REQUEST_STARTED*********************
GET /api/partner/6287304291fe7e4f2642c9c5 304 304.595 ms - -
2022-05-20 11:46:29:4629 info: 
**********************REQUEST_STARTED*********************
OPTIONS /api/admin/service/category 200 0.890 ms - 0
2022-05-20 11:46:29:4629 info: 
**********************REQUEST_STARTED*********************
OPTIONS /api/partner/6287304291fe7e4f2642c9c5 200 0.116 ms - 0
2022-05-20 11:46:29:4629 info: 
**********************REQUEST_STARTED*********************
GET /api/admin/service/category 304 193.538 ms - -
2022-05-20 11:46:29:4629 info: 
**********************REQUEST_STARTED*********************
GET /api/partner/6287304291fe7e4f2642c9c5 304 200.848 ms - -
2022-05-20 11:47:43:4743 info: 
**********************REQUEST_STARTED*********************
OPTIONS /api/admin/service/category 200 0.195 ms - 0
2022-05-20 11:47:43:4743 info: 
**********************REQUEST_STARTED*********************
OPTIONS /api/partner/6287304291fe7e4f2642c9c5 200 0.275 ms - 0
2022-05-20 11:47:44:4744 info: 
**********************REQUEST_STARTED*********************
GET /api/admin/service/category 304 231.223 ms - -
2022-05-20 11:47:44:4744 info: 
**********************REQUEST_STARTED*********************
GET /api/partner/6287304291fe7e4f2642c9c5 304 232.342 ms - -
2022-05-20 11:47:48:4748 info: 
**********************REQUEST_STARTED*********************
OPTIONS /api/partner/requests?page=1&limit=5 200 0.120 ms - 0
2022-05-20 11:47:48:4748 info: 
**********************REQUEST_STARTED*********************
OPTIONS /api/partner/requests 200 0.199 ms - 0
2022-05-20 11:47:48:4748 info: 
**********************REQUEST_STARTED*********************
GET /api/partner/requests?page=1&limit=5 304 413.392 ms - -
2022-05-20 11:47:48:4748 info: 
**********************REQUEST_STARTED*********************
GET /api/partner/requests 200 412.682 ms - 79
2022-05-20 11:47:51:4751 info: 
**********************REQUEST_STARTED*********************
OPTIONS /api/partner?page=1&limit=5 200 0.146 ms - 0
2022-05-20 11:47:51:4751 info: 
**********************REQUEST_STARTED*********************
OPTIONS /api/partner 200 0.193 ms - 0
2022-05-20 11:47:51:4751 info: 
**********************REQUEST_STARTED*********************
GET /api/partner 304 211.988 ms - -
2022-05-20 11:47:51:4751 info: 
**********************REQUEST_STARTED*********************
GET /api/partner?page=1&limit=5 304 220.479 ms - -
2022-05-20 11:47:53:4753 info: 
**********************REQUEST_STARTED*********************
OPTIONS /api/partner/6287304291fe7e4f2642c9c5 200 0.181 ms - 0
2022-05-20 11:47:53:4753 info: 
**********************REQUEST_STARTED*********************
DELETE /api/partner/6287304291fe7e4f2642c9c5 200 146.722 ms - 31
2022-05-20 11:47:54:4754 info: 
**********************REQUEST_STARTED*********************
GET /api/partner?page=1&limit=5 200 381.917 ms - 90
2022-05-20 11:47:56:4756 info: 
**********************REQUEST_STARTED*********************
OPTIONS /api/admin/service/category?limit=5&page=1 200 0.192 ms - 0
2022-05-20 11:47:56:4756 info: 
**********************REQUEST_STARTED*********************
GET /api/admin/service/category?limit=5&page=1 304 186.351 ms - -
2022-05-20 11:47:56:4756 info: 
**********************REQUEST_STARTED*********************
OPTIONS /api/admin/service/category 200 0.119 ms - 0
2022-05-20 11:47:57:4757 info: 
**********************REQUEST_STARTED*********************
GET /api/admin/service/category 304 299.224 ms - -
2022-05-20 11:48:32:4832 info: 
**********************REQUEST_STARTED*********************
OPTIONS /api/partner 200 0.130 ms - 0
2022-05-20 11:48:33:4833 info: 
**********************REQUEST_STARTED*********************
POST /api/partner 200 516.424 ms - 782
2022-05-20 11:48:33:4833 info: 
**********************REQUEST_STARTED*********************
OPTIONS /api/partner?page=1&limit=5 200 0.142 ms - 0
2022-05-20 11:48:33:4833 info: 
**********************REQUEST_STARTED*********************
GET /api/partner?page=1&limit=5 304 231.903 ms - -
2022-05-20 11:48:33:4833 info: 
**********************REQUEST_STARTED*********************
GET /api/partner 200 239.074 ms - 79
2022-05-20 11:48:35:4835 info: 
**********************REQUEST_STARTED*********************
OPTIONS /api/partner/requests?page=1&limit=5 200 0.123 ms - 0
2022-05-20 11:48:35:4835 info: 
**********************REQUEST_STARTED*********************
OPTIONS /api/partner/requests 200 0.273 ms - 0
2022-05-20 11:48:36:4836 info: 
**********************REQUEST_STARTED*********************
GET /api/partner/requests 200 706.553 ms - 2156
2022-05-20 11:48:36:4836 info: 
**********************REQUEST_STARTED*********************
GET /api/partner/requests?page=1&limit=5 200 717.117 ms - 2167
2022-05-20 11:48:37:4837 info: 
**********************REQUEST_STARTED*********************
OPTIONS /api/partner/628732b891fe7e4f2642ca9f 200 0.122 ms - 0
2022-05-20 11:48:37:4837 info: 
**********************REQUEST_STARTED*********************
GET /api/partner/628732b891fe7e4f2642ca9f 200 306.856 ms - 1151
2022-05-20 11:48:41:4841 info: 
**********************REQUEST_STARTED*********************
OPTIONS /api/partner?page=1&limit=5 200 0.140 ms - 0
2022-05-20 11:48:41:4841 info: 
**********************REQUEST_STARTED*********************
OPTIONS /api/partner 200 0.286 ms - 0
2022-05-20 11:48:41:4841 info: 
**********************REQUEST_STARTED*********************
GET /api/partner 304 272.128 ms - -
2022-05-20 11:48:41:4841 info: 
**********************REQUEST_STARTED*********************
GET /api/partner?page=1&limit=5 304 277.909 ms - -
2022-05-20 11:48:44:4844 info: 
**********************REQUEST_STARTED*********************
OPTIONS /api/partner/requests?page=1&limit=5 200 0.147 ms - 0
2022-05-20 11:48:44:4844 info: 
**********************REQUEST_STARTED*********************
OPTIONS /api/partner/requests 200 0.227 ms - 0
2022-05-20 11:48:44:4844 info: 
**********************REQUEST_STARTED*********************
GET /api/partner/requests?page=1&limit=5 304 362.409 ms - -
2022-05-20 11:48:44:4844 info: 
**********************REQUEST_STARTED*********************
GET /api/partner/requests 304 447.385 ms - -
2022-05-20 11:48:45:4845 info: 
**********************REQUEST_STARTED*********************
OPTIONS /api/partner/628732b891fe7e4f2642ca9f 200 0.135 ms - 0
2022-05-20 11:48:45:4845 info: 
**********************REQUEST_STARTED*********************
GET /api/partner/628732b891fe7e4f2642ca9f 304 242.324 ms - -
2022-05-20 11:48:47:4847 info: 
**********************REQUEST_STARTED*********************
OPTIONS /api/partner/approve/628732b891fe7e4f2642ca9f 200 0.110 ms - 0
2022-05-20 11:48:48:4848 info: 
**********************REQUEST_STARTED*********************
PUT /api/partner/approve/628732b891fe7e4f2642ca9f 200 214.694 ms - 785
2022-05-20 11:48:48:4848 info: 
**********************REQUEST_STARTED*********************
GET /api/partner/requests?page=1&limit=5 200 402.286 ms - 90
2022-05-20 11:48:50:4850 info: 
**********************REQUEST_STARTED*********************
OPTIONS /api/partner?page=1&limit=5 200 0.187 ms - 0
2022-05-20 11:48:50:4850 info: 
**********************REQUEST_STARTED*********************
OPTIONS /api/partner 200 0.233 ms - 0
2022-05-20 11:48:50:4850 info: 
**********************REQUEST_STARTED*********************
GET /api/partner 200 584.385 ms - 2154
2022-05-20 11:48:50:4850 info: 
**********************REQUEST_STARTED*********************
GET /api/partner?page=1&limit=5 200 590.722 ms - 2165
2022-05-20 11:48:53:4853 info: 
**********************REQUEST_STARTED*********************
OPTIONS /api/admin/service/category 200 0.111 ms - 0
2022-05-20 11:48:53:4853 info: 
**********************REQUEST_STARTED*********************
OPTIONS /api/partner/628732b891fe7e4f2642ca9f 200 0.427 ms - 0
2022-05-20 11:48:53:4853 info: 
**********************REQUEST_STARTED*********************
GET /api/admin/service/category 304 123.802 ms - -
2022-05-20 11:48:53:4853 info: 
**********************REQUEST_STARTED*********************
GET /api/partner/628732b891fe7e4f2642ca9f 200 127.191 ms - 1150
2022-05-20 11:49:59:4959 info: 
**********************REQUEST_STARTED*********************
OPTIONS /api/admin/service/category 200 0.197 ms - 0
2022-05-20 11:49:59:4959 info: 
**********************REQUEST_STARTED*********************
OPTIONS /api/partner/628732b891fe7e4f2642ca9f 200 0.215 ms - 0
2022-05-20 11:49:59:4959 info: 
**********************REQUEST_STARTED*********************
GET /api/partner/628732b891fe7e4f2642ca9f 304 617.419 ms - -
2022-05-20 11:49:59:4959 info: 
**********************REQUEST_STARTED*********************
GET /api/admin/service/category 304 627.023 ms - -
2022-05-20 11:50:18:5018 info: 
**********************REQUEST_STARTED*********************
OPTIONS /api/admin/service/category 200 0.218 ms - 0
2022-05-20 11:50:18:5018 info: 
**********************REQUEST_STARTED*********************
OPTIONS /api/partner/628732b891fe7e4f2642ca9f 200 0.248 ms - 0
2022-05-20 11:50:18:5018 info: 
**********************REQUEST_STARTED*********************
GET /api/admin/service/category 304 262.557 ms - -
2022-05-20 11:50:18:5018 info: 
**********************REQUEST_STARTED*********************
GET /api/partner/628732b891fe7e4f2642ca9f 304 261.500 ms - -
2022-05-20 11:50:32:5032 info: 
**********************REQUEST_STARTED*********************
OPTIONS /api/admin/service/category 200 0.127 ms - 0
2022-05-20 11:50:32:5032 info: 
**********************REQUEST_STARTED*********************
OPTIONS /api/partner/628732b891fe7e4f2642ca9f 200 0.181 ms - 0
2022-05-20 11:50:33:5033 info: 
**********************REQUEST_STARTED*********************
GET /api/admin/service/category 304 171.918 ms - -
2022-05-20 11:50:33:5033 info: 
**********************REQUEST_STARTED*********************
GET /api/partner/628732b891fe7e4f2642ca9f 304 171.010 ms - -
2022-05-20 11:50:45:5045 info: 
**********************REQUEST_STARTED*********************
OPTIONS /api/admin/service/category 200 0.160 ms - 0
2022-05-20 11:50:45:5045 info: 
**********************REQUEST_STARTED*********************
OPTIONS /api/partner/628732b891fe7e4f2642ca9f 200 0.722 ms - 0
2022-05-20 11:50:46:5046 info: 
**********************REQUEST_STARTED*********************
GET /api/admin/service/category 304 263.185 ms - -
2022-05-20 11:50:46:5046 info: 
**********************REQUEST_STARTED*********************
GET /api/partner/628732b891fe7e4f2642ca9f 304 263.469 ms - -
2022-05-20 11:51:02:512 info: 
**********************REQUEST_STARTED*********************
OPTIONS /api/admin/service/category 200 0.156 ms - 0
2022-05-20 11:51:02:512 info: 
**********************REQUEST_STARTED*********************
OPTIONS /api/partner/628732b891fe7e4f2642ca9f 200 0.196 ms - 0
2022-05-20 11:51:02:512 info: 
**********************REQUEST_STARTED*********************
GET /api/admin/service/category 304 528.119 ms - -
2022-05-20 11:51:02:512 info: 
**********************REQUEST_STARTED*********************
GET /api/partner/628732b891fe7e4f2642ca9f 304 526.130 ms - -
2022-05-20 11:51:06:516 info: 
**********************REQUEST_STARTED*********************
OPTIONS /api/partner/update/628732b891fe7e4f2642ca9f 200 0.119 ms - 0
2022-05-20 11:51:07:517 info: 
**********************REQUEST_STARTED*********************
PUT /api/partner/update/628732b891fe7e4f2642ca9f 200 363.119 ms - 784
2022-05-20 11:51:07:517 info: 
**********************REQUEST_STARTED*********************
OPTIONS /api/partner?page=1&limit=5 200 0.196 ms - 0
2022-05-20 11:51:07:517 info: 
**********************REQUEST_STARTED*********************
OPTIONS /api/partner 200 0.221 ms - 0
2022-05-20 11:51:07:517 info: 
**********************REQUEST_STARTED*********************
GET /api/partner?page=1&limit=5 200 299.277 ms - 2156
2022-05-20 11:51:07:517 info: 
**********************REQUEST_STARTED*********************
GET /api/partner 200 400.726 ms - 2145
2022-05-20 11:52:01:521 info: 
**********************REQUEST_STARTED*********************
OPTIONS /api/admin/service/category 200 0.141 ms - 0
2022-05-20 11:52:01:521 info: 
**********************REQUEST_STARTED*********************
OPTIONS /api/partner/628732b891fe7e4f2642ca9f 200 0.277 ms - 0
2022-05-20 11:52:01:521 info: 
**********************REQUEST_STARTED*********************
GET /api/partner/628732b891fe7e4f2642ca9f 200 150.025 ms - 1141
2022-05-20 11:52:01:521 info: 
**********************REQUEST_STARTED*********************
GET /api/admin/service/category 304 158.638 ms - -
2022-05-20 11:52:07:527 info: 
**********************REQUEST_STARTED*********************
OPTIONS /api/partner/update/628732b891fe7e4f2642ca9f 200 0.108 ms - 0
2022-05-20 11:52:07:527 info: 
**********************REQUEST_STARTED*********************
PUT /api/partner/update/628732b891fe7e4f2642ca9f 200 224.845 ms - 784
2022-05-20 11:52:07:527 info: 
**********************REQUEST_STARTED*********************
OPTIONS /api/partner?page=1&limit=5 200 0.118 ms - 0
2022-05-20 11:52:07:527 info: 
**********************REQUEST_STARTED*********************
OPTIONS /api/partner 200 0.230 ms - 0
2022-05-20 11:52:08:528 info: 
**********************REQUEST_STARTED*********************
GET /api/partner 200 327.812 ms - 2145
2022-05-20 11:52:08:528 info: 
**********************REQUEST_STARTED*********************
GET /api/partner?page=1&limit=5 200 335.011 ms - 2156
2022-05-20 11:52:13:5213 info: 
**********************REQUEST_STARTED*********************
OPTIONS /api/admin/service/category 200 0.102 ms - 0
2022-05-20 11:52:13:5213 info: 
**********************REQUEST_STARTED*********************
OPTIONS /api/partner/628732b891fe7e4f2642ca9f 200 0.208 ms - 0
2022-05-20 11:52:13:5213 info: 
**********************REQUEST_STARTED*********************
GET /api/partner/628732b891fe7e4f2642ca9f 200 135.119 ms - 1141
2022-05-20 11:52:13:5213 info: 
**********************REQUEST_STARTED*********************
GET /api/admin/service/category 304 143.004 ms - -
2022-05-20 11:53:27:5327 info: 
**********************REQUEST_STARTED*********************
OPTIONS /api/admin/service/category 200 0.525 ms - 0
2022-05-20 11:53:27:5327 info: 
**********************REQUEST_STARTED*********************
OPTIONS /api/partner/628732b891fe7e4f2642ca9f 200 0.109 ms - 0
2022-05-20 11:53:27:5327 info: 
**********************REQUEST_STARTED*********************
GET /api/partner/628732b891fe7e4f2642ca9f 304 260.522 ms - -
2022-05-20 11:53:27:5327 info: 
**********************REQUEST_STARTED*********************
GET /api/admin/service/category 304 272.634 ms - -
2022-05-20 11:54:34:5434 info: 
**********************REQUEST_STARTED*********************
OPTIONS /api/admin/service/category 200 0.143 ms - 0
2022-05-20 11:54:34:5434 info: 
**********************REQUEST_STARTED*********************
OPTIONS /api/partner/628732b891fe7e4f2642ca9f 200 0.249 ms - 0
2022-05-20 11:54:34:5434 info: 
**********************REQUEST_STARTED*********************
GET /api/admin/service/category 304 237.962 ms - -
2022-05-20 11:54:34:5434 info: 
**********************REQUEST_STARTED*********************
GET /api/partner/628732b891fe7e4f2642ca9f 304 237.300 ms - -
2022-05-20 11:55:09:559 info: 
**********************REQUEST_STARTED*********************
OPTIONS /api/admin/service/category 200 4.314 ms - 0
2022-05-20 11:55:09:559 info: 
**********************REQUEST_STARTED*********************
OPTIONS /api/partner/628732b891fe7e4f2642ca9f 200 0.153 ms - 0
2022-05-20 11:55:10:5510 info: 
**********************REQUEST_STARTED*********************
GET /api/admin/service/category - - ms - -
2022-05-20 11:55:10:5510 info: 
**********************REQUEST_STARTED*********************
GET /api/partner/628732b891fe7e4f2642ca9f - - ms - -
2022-05-20 11:55:11:5511 info: 
**********************REQUEST_STARTED*********************
GET /api/admin/service/category 200 181.130 ms - 2075
2022-05-20 11:55:11:5511 info: 
**********************REQUEST_STARTED*********************
GET /api/partner/628732b891fe7e4f2642ca9f 200 180.587 ms - 1141
2022-05-20 11:55:51:5551 info: 
**********************REQUEST_STARTED*********************
OPTIONS /api/admin/service/category 200 0.222 ms - 0
2022-05-20 11:55:51:5551 info: 
**********************REQUEST_STARTED*********************
OPTIONS /api/partner/628732b891fe7e4f2642ca9f 200 0.231 ms - 0
2022-05-20 11:55:52:5552 info: 
**********************REQUEST_STARTED*********************
GET /api/admin/service/category 304 281.056 ms - -
2022-05-20 11:55:52:5552 info: 
**********************REQUEST_STARTED*********************
GET /api/partner/628732b891fe7e4f2642ca9f 304 279.688 ms - -
2022-05-20 11:56:04:564 info: 
**********************REQUEST_STARTED*********************
OPTIONS /api/partner/update/628732b891fe7e4f2642ca9f 200 0.115 ms - 0
2022-05-20 11:56:04:564 info: 
**********************REQUEST_STARTED*********************
PUT /api/partner/update/628732b891fe7e4f2642ca9f 200 183.460 ms - 784
2022-05-20 11:56:06:566 info: 
**********************REQUEST_STARTED*********************
OPTIONS /api/partner?page=1&limit=5 200 0.127 ms - 0
2022-05-20 11:56:06:566 info: 
**********************REQUEST_STARTED*********************
OPTIONS /api/partner 200 0.279 ms - 0
2022-05-20 11:56:09:569 info: 
**********************REQUEST_STARTED*********************
OPTIONS /api/admin/service/category 200 0.132 ms - 0
2022-05-20 11:56:09:569 info: 
**********************REQUEST_STARTED*********************
OPTIONS /api/partner/628732b891fe7e4f2642ca9f 200 0.244 ms - 0
2022-05-20 11:56:10:5610 info: 
**********************REQUEST_STARTED*********************
GET /api/admin/service/category 304 139.379 ms - -
2022-05-20 11:56:10:5610 info: 
**********************REQUEST_STARTED*********************
GET /api/partner/628732b891fe7e4f2642ca9f 200 199.661 ms - 1152
2022-05-20 11:56:12:5612 info: 
**********************REQUEST_STARTED*********************
OPTIONS /api/partner?page=1&limit=5 200 0.269 ms - 0
2022-05-20 11:56:12:5612 info: 
**********************REQUEST_STARTED*********************
OPTIONS /api/partner 200 0.197 ms - 0
2022-05-20 11:56:12:5612 info: 
**********************REQUEST_STARTED*********************
GET /api/partner?page=1&limit=5 200 433.737 ms - 2167
2022-05-20 11:56:12:5612 info: 
**********************REQUEST_STARTED*********************
GET /api/partner 200 435.931 ms - 2156
2022-05-20 12:09:23:923 info: 
**********************REQUEST_STARTED*********************
OPTIONS /api/post?page=1&limit=2 200 4.453 ms - 0
2022-05-20 12:09:23:923 info: 
**********************REQUEST_STARTED*********************
OPTIONS /api/post?page=1&limit=2 200 0.098 ms - 0
2022-05-20 12:09:24:924 info: 
**********************REQUEST_STARTED*********************
GET /api/post?page=1&limit=2 200 755.523 ms - 832
2022-05-20 12:09:24:924 info: 
**********************REQUEST_STARTED*********************
GET /api/post?page=1&limit=2 304 184.547 ms - -
2022-05-20 12:09:26:926 info: 
**********************REQUEST_STARTED*********************
OPTIONS /api/admin/service/category 200 0.117 ms - 0
2022-05-20 12:09:27:927 info: 
**********************REQUEST_STARTED*********************
GET /api/admin/service/category 304 288.626 ms - -
2022-05-20 12:09:52:952 info: 
**********************REQUEST_STARTED*********************
OPTIONS /api/admin/service/category?page=1&limit=5 200 0.177 ms - 0
2022-05-20 12:09:52:952 info: 
**********************REQUEST_STARTED*********************
OPTIONS /api/admin/service/category?page=1&limit=5 200 0.191 ms - 0
2022-05-20 12:09:52:952 info: 
**********************REQUEST_STARTED*********************
GET /api/admin/service/category?page=1&limit=5 200 151.911 ms - 1327
2022-05-20 12:09:53:953 info: 
**********************REQUEST_STARTED*********************
GET /api/admin/service/category?page=1&limit=5 304 277.923 ms - -
2022-05-20 12:09:58:958 info: 
**********************REQUEST_STARTED*********************
OPTIONS /api/post?page=1&limit=2 200 0.175 ms - 0
2022-05-20 12:09:58:958 info: 
**********************REQUEST_STARTED*********************
OPTIONS /api/post?page=1&limit=2 200 0.325 ms - 0
2022-05-20 12:09:58:958 info: 
**********************REQUEST_STARTED*********************
GET /api/post?page=1&limit=2 304 238.723 ms - -
2022-05-20 12:09:58:958 info: 
**********************REQUEST_STARTED*********************
GET /api/post?page=1&limit=2 304 413.284 ms - -
2022-05-20 12:10:01:101 info: 
**********************REQUEST_STARTED*********************
OPTIONS /api/admin/service/category 200 0.277 ms - 0
2022-05-20 12:10:01:101 info: 
**********************REQUEST_STARTED*********************
GET /api/admin/service/category 304 135.337 ms - -
2022-05-20 12:16:24:1624 info: 
**********************REQUEST_STARTED*********************
OPTIONS /api/post?page=1&limit=2 200 0.172 ms - 0
2022-05-20 12:16:24:1624 info: 
**********************REQUEST_STARTED*********************
OPTIONS /api/post?page=1&limit=2 200 0.285 ms - 0
2022-05-20 12:16:24:1624 info: 
**********************REQUEST_STARTED*********************
GET /api/post?page=1&limit=2 304 239.495 ms - -
2022-05-20 12:16:24:1624 info: 
**********************REQUEST_STARTED*********************
GET /api/post?page=1&limit=2 304 118.547 ms - -
2022-05-20 12:16:25:1625 info: 
**********************REQUEST_STARTED*********************
OPTIONS /api/admin?limit=6&page=1 200 0.247 ms - 0
2022-05-20 12:16:25:1625 info: 
**********************REQUEST_STARTED*********************
OPTIONS /api/admin?limit=6&page=1 200 0.232 ms - 0
2022-05-20 12:16:25:1625 info: 
**********************REQUEST_STARTED*********************
GET /api/admin?limit=6&page=1 200 430.465 ms - 7210
2022-05-20 12:16:25:1625 info: 
**********************REQUEST_STARTED*********************
OPTIONS /api/partner/requests?page=1&limit=5 200 0.174 ms - 0
2022-05-20 12:16:25:1625 info: 
**********************REQUEST_STARTED*********************
OPTIONS /api/partner/requests 200 0.227 ms - 0
2022-05-20 12:16:25:1625 info: 
**********************REQUEST_STARTED*********************
GET /api/admin?limit=6&page=1 304 317.625 ms - -
2022-05-20 12:16:26:1626 info: 
**********************REQUEST_STARTED*********************
GET /api/partner/requests 200 1022.463 ms - 79
2022-05-20 12:16:26:1626 info: 
**********************REQUEST_STARTED*********************
GET /api/partner/requests?page=1&limit=5 304 1033.090 ms - -
2022-05-20 12:16:27:1627 info: 
**********************REQUEST_STARTED*********************
GET /api/post?page=1&limit=2 304 173.814 ms - -
2022-05-20 12:16:28:1628 info: 
**********************REQUEST_STARTED*********************
GET /api/post?page=1&limit=2 304 145.180 ms - -
2022-05-20 12:16:35:1635 info: 
**********************REQUEST_STARTED*********************
OPTIONS /api/admin/service/category 200 0.159 ms - 0
2022-05-20 12:16:35:1635 info: 
**********************REQUEST_STARTED*********************
OPTIONS /api/post/62737d705b22d7a8fb94c99a 200 0.235 ms - 0
2022-05-20 12:16:35:1635 info: 
**********************REQUEST_STARTED*********************
GET /api/post/62737d705b22d7a8fb94c99a 200 94.264 ms - 414
2022-05-20 12:16:35:1635 info: 
**********************REQUEST_STARTED*********************
GET /api/admin/service/category 304 110.714 ms - -
2022-05-20 12:16:41:1641 info: 
**********************REQUEST_STARTED*********************
OPTIONS /api/post?page=1&limit=2 200 0.151 ms - 0
2022-05-20 12:16:41:1641 info: 
**********************REQUEST_STARTED*********************
OPTIONS /api/post?page=1&limit=2 200 0.242 ms - 0
2022-05-20 12:16:42:1642 info: 
**********************REQUEST_STARTED*********************
GET /api/post?page=1&limit=2 304 438.804 ms - -
2022-05-20 12:16:42:1642 info: 
**********************REQUEST_STARTED*********************
GET /api/post?page=1&limit=2 304 187.980 ms - -
2022-05-20 12:18:42:1842 info: 
**********************REQUEST_STARTED*********************
OPTIONS /api/admin/service/category 200 0.144 ms - 0
2022-05-20 12:18:42:1842 info: 
**********************REQUEST_STARTED*********************
GET /api/admin/service/category 304 326.643 ms - -
2022-05-20 12:18:44:1844 info: 
**********************REQUEST_STARTED*********************
OPTIONS /api/post?page=1&limit=2 200 0.194 ms - 0
2022-05-20 12:18:44:1844 info: 
**********************REQUEST_STARTED*********************
OPTIONS /api/post?page=1&limit=2 200 0.162 ms - 0
2022-05-20 12:18:44:1844 info: 
**********************REQUEST_STARTED*********************
GET /api/post?page=1&limit=2 304 204.253 ms - -
2022-05-20 12:18:44:1844 info: 
**********************REQUEST_STARTED*********************
GET /api/post?page=1&limit=2 304 311.293 ms - -
2022-05-20 12:18:47:1847 info: 
**********************REQUEST_STARTED*********************
OPTIONS /api/admin/service/category 200 0.124 ms - 0
2022-05-20 12:18:47:1847 info: 
**********************REQUEST_STARTED*********************
OPTIONS /api/post/62737d705b22d7a8fb94c99a 200 0.264 ms - 0
2022-05-20 12:18:48:1848 info: 
**********************REQUEST_STARTED*********************
GET /api/post/62737d705b22d7a8fb94c99a 304 169.744 ms - -
2022-05-20 12:18:48:1848 info: 
**********************REQUEST_STARTED*********************
GET /api/admin/service/category 304 208.585 ms - -
2022-05-20 12:18:52:1852 info: 
**********************REQUEST_STARTED*********************
OPTIONS /api/post?page=1&limit=2 200 0.160 ms - 0
2022-05-20 12:18:52:1852 info: 
**********************REQUEST_STARTED*********************
OPTIONS /api/post?page=1&limit=2 200 0.254 ms - 0
2022-05-20 12:18:53:1853 info: 
**********************REQUEST_STARTED*********************
GET /api/post?page=1&limit=2 304 290.857 ms - -
2022-05-20 12:18:53:1853 info: 
**********************REQUEST_STARTED*********************
GET /api/post?page=1&limit=2 304 207.507 ms - -
2022-05-20 12:22:08:228 info: 
**********************REQUEST_STARTED*********************
OPTIONS /api/partner/requests?page=1&limit=5 200 0.211 ms - 0
2022-05-20 12:22:08:228 info: 
**********************REQUEST_STARTED*********************
OPTIONS /api/partner/requests 200 0.261 ms - 0
2022-05-20 12:22:10:2210 info: 
**********************REQUEST_STARTED*********************
OPTIONS /api/partner?page=1&limit=5 200 0.139 ms - 0
2022-05-20 12:22:10:2210 info: 
**********************REQUEST_STARTED*********************
OPTIONS /api/partner 200 0.251 ms - 0
2022-05-20 12:22:12:2212 info: 
**********************REQUEST_STARTED*********************
GET /api/partner/requests?page=1&limit=5 304 3809.068 ms - -
2022-05-20 12:22:12:2212 info: 
**********************REQUEST_STARTED*********************
GET /api/partner/requests 304 3864.702 ms - -
2022-05-20 12:22:12:2212 info: 
**********************REQUEST_STARTED*********************
GET /api/partner?page=1&limit=5 304 1942.020 ms - -
2022-05-20 12:22:12:2212 info: 
**********************REQUEST_STARTED*********************
GET /api/partner 304 1941.893 ms - -
2022-05-20 12:22:28:2228 info: 
**********************REQUEST_STARTED*********************
OPTIONS /api/admin/service/category 200 0.145 ms - 0
2022-05-20 12:22:28:2228 info: 
**********************REQUEST_STARTED*********************
OPTIONS /api/partner/628732b891fe7e4f2642ca9f 200 0.198 ms - 0
2022-05-20 12:22:28:2228 info: 
**********************REQUEST_STARTED*********************
GET /api/partner/628732b891fe7e4f2642ca9f 304 331.025 ms - -
2022-05-20 12:22:28:2228 info: 
**********************REQUEST_STARTED*********************
GET /api/admin/service/category 304 338.441 ms - -
2022-05-20 12:22:36:2236 info: 
**********************REQUEST_STARTED*********************
OPTIONS /api/partner?page=1&limit=5 200 0.110 ms - 0
2022-05-20 12:22:36:2236 info: 
**********************REQUEST_STARTED*********************
OPTIONS /api/partner 200 0.190 ms - 0
2022-05-20 12:22:36:2236 info: 
**********************REQUEST_STARTED*********************
GET /api/partner 304 550.940 ms - -
2022-05-20 12:22:36:2236 info: 
**********************REQUEST_STARTED*********************
GET /api/partner?page=1&limit=5 304 557.680 ms - -
2022-05-20 12:22:44:2244 info: 
**********************REQUEST_STARTED*********************
OPTIONS /api/post?page=1&limit=2 200 0.180 ms - 0
2022-05-20 12:22:44:2244 info: 
**********************REQUEST_STARTED*********************
OPTIONS /api/post?page=1&limit=2 200 0.247 ms - 0
2022-05-20 12:22:44:2244 info: 
**********************REQUEST_STARTED*********************
GET /api/post?page=1&limit=2 304 212.686 ms - -
2022-05-20 12:22:45:2245 info: 
**********************REQUEST_STARTED*********************
GET /api/post?page=1&limit=2 304 209.960 ms - -
2022-05-20 12:24:44:2444 info: 
**********************REQUEST_STARTED*********************
POST /api/post/comment/62727bab94f9b41cc8568ae2 200 262.691 ms - 920
2022-05-20 12:25:26:2526 info: 
**********************REQUEST_STARTED*********************
POST /api/post 200 76.008 ms - 188
2022-05-20 12:58:02:582 info: 
**********************REQUEST_STARTED*********************
POST /api/notification 400 33.289 ms - 36
2022-05-20 12:58:33:5833 info: 
**********************REQUEST_STARTED*********************
POST /api/notification 400 20.240 ms - 688
2022-05-20 13:01:59:159 info: 
**********************REQUEST_STARTED*********************
POST /api/notification 400 24.497 ms - 162
2022-05-20 13:02:54:254 info: 
**********************REQUEST_STARTED*********************
POST /api/notification 400 21.379 ms - 164
2022-05-20 13:05:56:556 info: 
**********************REQUEST_STARTED*********************
POST /api/notification 200 118.761 ms - 369
2022-05-20 13:11:04:114 info: 
**********************REQUEST_STARTED*********************
DELETE /api/notification/628744dc9cbb7306a475433c 404 7.336 ms - 183
2022-05-20 13:11:49:1149 info: 
**********************REQUEST_STARTED*********************
DELETE /api/notification/628744dc9cbb7306a475433c 200 80.876 ms - 369
2022-05-20 13:11:56:1156 info: 
**********************REQUEST_STARTED*********************
POST /api/notification 200 125.471 ms - 369
2022-05-20 13:12:03:123 info: 
**********************REQUEST_STARTED*********************
DELETE /api/notification/628744dc9cbb7306a475433c 200 49.352 ms - 56
2022-05-20 13:12:22:1222 info: 
**********************REQUEST_STARTED*********************
DELETE /api/notification/628746440462e50d2b244d89 200 77.987 ms - 369
2022-05-20 13:20:15:2015 info: 
**********************REQUEST_STARTED*********************
POST /api/partner/forgotpassword 200 216.089 ms - 19
2022-05-20 13:20:40:2040 info: 
**********************REQUEST_STARTED*********************
POST /api/partner/forgotpassword 200 194.613 ms - 73
2022-05-20 13:23:25:2325 info: 
**********************REQUEST_STARTED*********************
POST /api/partner/forgotpassword 400 133.371 ms - 285
2022-05-20 13:24:38:2438 info: 
**********************REQUEST_STARTED*********************
POST /api/post 400 16.895 ms - 936
2022-05-20 13:26:25:2625 info: 
**********************REQUEST_STARTED*********************
GET /api/partner/setpassword/628732b891fe7e4f2642ca9f/eyJhbGciOiJIUzI1NiIsInR5cCI6IkpXVCJ9.eyJlbWFpbCI6InF3ZUBnbWFpbC5jb20iLCJpZCI6IjYyODczMmI4OTFmZTdlNGYyNjQyY2E5ZiIsImlhdCI6MTY1MzAzMzIwNSwiZXhwIjoxNjUzMDM2ODA1fQ.1ugy0nTlLQCvgMNECTOR249v3DYMSDG1KUFT20MfY1s 200 106.465 ms - 2634
2022-05-20 13:34:17:3417 info: 
**********************REQUEST_STARTED*********************
OPTIONS /api/admin/service/category?limit=5&page=1 200 4.287 ms - 0
2022-05-20 13:34:17:3417 info: 
**********************REQUEST_STARTED*********************
GET /api/admin/service/category?limit=5&page=1 304 198.279 ms - -
2022-05-20 13:34:17:3417 info: 
**********************REQUEST_STARTED*********************
OPTIONS /api/admin/service/category 200 0.570 ms - 0
2022-05-20 13:34:17:3417 info: 
**********************REQUEST_STARTED*********************
GET /api/admin/service/category 304 174.776 ms - -
2022-05-20 13:35:18:3518 info: 
**********************REQUEST_STARTED*********************
POST /api/post 400 69.208 ms - 936
2022-05-20 13:35:34:3534 info: 
**********************REQUEST_STARTED*********************
GET /api/post 200 197.488 ms - 4404
2022-05-20 13:36:03:363 info: 
**********************REQUEST_STARTED*********************
POST /api/partner/forgotpassword 400 77.290 ms - 284
2022-05-20 15:15:36:1536 info: 
**********************REQUEST_STARTED*********************
POST /api/checkuser 200 28.966 ms - 5
2022-05-20 15:16:32:1632 info: 
**********************REQUEST_STARTED*********************
POST /api/checkuser 200 105.713 ms - 0
2022-05-20 15:27:21:2721 info: 
**********************REQUEST_STARTED*********************
POST /api/checkuser 400 98.241 ms - 807
2022-05-20 15:28:04:284 info: 
**********************REQUEST_STARTED*********************
POST /api/checkuser 400 1061.019 ms - 810
2022-05-20 15:28:33:2833 info: 
**********************REQUEST_STARTED*********************
POST /api/checkuser 400 85.929 ms - 455
2022-05-20 15:30:22:3022 info: 
**********************REQUEST_STARTED*********************
POST /api/checkuser 400 144.874 ms - 455
2022-05-20 15:46:48:4648 info: 
**********************REQUEST_STARTED*********************
OPTIONS /api/admin/service/category?limit=5&page=1 200 2.341 ms - 0
2022-05-20 15:46:49:4649 info: 
**********************REQUEST_STARTED*********************
GET /api/admin/service/category?limit=5&page=1 304 186.694 ms - -
2022-05-20 15:46:49:4649 info: 
**********************REQUEST_STARTED*********************
OPTIONS /api/admin/service/category 200 0.477 ms - 0
2022-05-20 15:46:49:4649 info: 
**********************REQUEST_STARTED*********************
GET /api/admin/service/category 304 145.966 ms - -
2022-05-20 15:46:52:4652 info: 
**********************REQUEST_STARTED*********************
OPTIONS /api/user?page=1&limit=6 200 0.176 ms - 0
2022-05-20 15:46:52:4652 info: 
**********************REQUEST_STARTED*********************
OPTIONS /api/user?page=1&limit=6 200 0.317 ms - 0
2022-05-20 15:46:52:4652 info: 
**********************REQUEST_STARTED*********************
GET /api/user?page=1&limit=6 200 309.566 ms - 15082
2022-05-20 15:46:52:4652 info: 
**********************REQUEST_STARTED*********************
GET /api/user?page=1&limit=6 304 256.817 ms - -
2022-05-20 15:47:13:4713 info: 
**********************REQUEST_STARTED*********************
OPTIONS /api/user 200 0.423 ms - 0
2022-05-20 15:47:14:4714 info: 
**********************REQUEST_STARTED*********************
POST /api/user 400 533.055 ms - 132
2022-05-20 15:47:16:4716 info: 
**********************REQUEST_STARTED*********************
OPTIONS /api/user?page=1&limit=6 200 0.211 ms - 0
2022-05-20 15:47:16:4716 info: 
**********************REQUEST_STARTED*********************
OPTIONS /api/user?page=1&limit=6 200 0.210 ms - 0
2022-05-20 15:47:17:4717 info: 
**********************REQUEST_STARTED*********************
GET /api/user?page=1&limit=6 304 447.430 ms - -
2022-05-20 15:47:18:4718 info: 
**********************REQUEST_STARTED*********************
GET /api/user?page=1&limit=6 304 948.712 ms - -
2022-05-20 15:47:19:4719 info: 
**********************REQUEST_STARTED*********************
OPTIONS /api/partner?page=1&limit=5 200 0.308 ms - 0
2022-05-20 15:47:19:4719 info: 
**********************REQUEST_STARTED*********************
OPTIONS /api/partner 200 0.390 ms - 0
2022-05-20 15:47:19:4719 info: 
**********************REQUEST_STARTED*********************
GET /api/partner?page=1&limit=5 200 314.411 ms - 2205
2022-05-20 15:47:19:4719 info: 
**********************REQUEST_STARTED*********************
GET /api/partner 200 341.630 ms - 2194
2022-05-20 15:47:21:4721 info: 
**********************REQUEST_STARTED*********************
OPTIONS /api/admin/service/category?limit=5&page=1 200 0.172 ms - 0
2022-05-20 15:47:21:4721 info: 
**********************REQUEST_STARTED*********************
GET /api/admin/service/category?limit=5&page=1 304 156.072 ms - -
2022-05-20 15:47:21:4721 info: 
**********************REQUEST_STARTED*********************
OPTIONS /api/admin/service/category 200 0.291 ms - 0
2022-05-20 15:47:21:4721 info: 
**********************REQUEST_STARTED*********************
GET /api/admin/service/category 304 127.361 ms - -
2022-05-20 15:52:38:5238 info: 
**********************REQUEST_STARTED*********************
POST /api/partner 400 286.727 ms - 600
2022-05-20 15:59:21:5921 info: 
**********************REQUEST_STARTED*********************
POST /api/user 400 364.798 ms - 134
2022-05-20 16:02:35:235 info: 
**********************REQUEST_STARTED*********************
POST /api/user 400 538.540 ms - 123
2022-05-20 16:02:41:241 info: 
**********************REQUEST_STARTED*********************
POST /api/user 200 721.831 ms - 633
2022-05-20 16:03:04:34 info: 
**********************REQUEST_STARTED*********************
POST /api/user 400 53.854 ms - 45
2022-05-20 16:06:40:640 info: 
**********************REQUEST_STARTED*********************
POST /api/user 200 362.746 ms - 554
2022-05-20 16:09:04:94 info: 
**********************REQUEST_STARTED*********************
POST /api/user 200 325.687 ms - 552
2022-05-20 16:11:42:1142 info: 
**********************REQUEST_STARTED*********************
POST /api/user 200 403.214 ms - 550
2022-05-20 16:12:08:128 info: 
**********************REQUEST_STARTED*********************
POST /api/user 200 388.285 ms - 552
2022-05-20 16:17:14:1714 info: 
**********************REQUEST_STARTED*********************
POST /api/user/login 200 463.264 ms - 704
2022-05-20 16:17:22:1722 info: 
**********************REQUEST_STARTED*********************
POST /api/user/login 400 10.093 ms - 1157
2022-05-20 16:17:39:1739 info: 
**********************REQUEST_STARTED*********************
POST /api/user/login 400 2.458 ms - 1157
2022-05-20 16:17:43:1743 info: 
**********************REQUEST_STARTED*********************
POST /api/user/login 200 350.280 ms - 704
2022-05-20 16:24:02:242 info: 
**********************REQUEST_STARTED*********************
POST /api/user/login 200 350.622 ms - 704
2022-05-20 16:25:19:2519 info: 
**********************REQUEST_STARTED*********************
OPTIONS /api/user?page=1&limit=6 200 2.673 ms - 0
2022-05-20 16:25:20:2520 info: 
**********************REQUEST_STARTED*********************
GET /api/user?page=1&limit=6 200 463.673 ms - 15485
2022-05-20 16:25:20:2520 info: 
**********************REQUEST_STARTED*********************
GET /api/user?page=1&limit=6 304 274.414 ms - -
2022-05-20 16:25:38:2538 info: 
**********************REQUEST_STARTED*********************
OPTIONS /api/user 200 0.743 ms - 0
2022-05-20 16:25:39:2539 info: 
**********************REQUEST_STARTED*********************
POST /api/user 200 1085.881 ms - 628
2022-05-20 16:25:39:2539 info: 
**********************REQUEST_STARTED*********************
OPTIONS /api/user?page=1&limit=6 200 0.349 ms - 0
2022-05-20 16:25:39:2539 info: 
**********************REQUEST_STARTED*********************
OPTIONS /api/user?page=1&limit=6 200 0.416 ms - 0
2022-05-20 16:25:39:2539 info: 
**********************REQUEST_STARTED*********************
GET /api/user?page=1&limit=6 200 459.534 ms - 15871
2022-05-20 16:25:40:2540 info: 
**********************REQUEST_STARTED*********************
GET /api/user?page=1&limit=6 304 379.754 ms - -
2022-05-20 16:25:57:2557 info: 
**********************REQUEST_STARTED*********************
POST /api/user/login 400 406.028 ms - 42
2022-05-20 16:26:02:262 info: 
**********************REQUEST_STARTED*********************
POST /api/user/login 200 339.964 ms - 686
2022-05-20 16:26:08:268 info: 
**********************REQUEST_STARTED*********************
POST /api/user/login 200 329.602 ms - 704
2022-05-20 16:41:19:4119 info: 
**********************REQUEST_STARTED*********************
POST /api/user/login 200 296.573 ms - 704
2022-05-20 16:42:58:4258 info: 
**********************REQUEST_STARTED*********************
GET /api/partner/626bd8143fc51dd8167663ff 200 136.290 ms - 38
2022-05-20 16:43:17:4317 info: 
**********************REQUEST_STARTED*********************
GET /api/partner/628732b891fe7e4f2642ca9f%0A 404 446.076 ms - 178
2022-05-20 16:43:18:4318 info: 
**********************REQUEST_STARTED*********************
GET /api/partner/628732b891fe7e4f2642ca9f 404 549.468 ms - 175
2022-05-20 16:43:23:4323 info: 
**********************REQUEST_STARTED*********************
GET /api/partner/628732b891fe7e4f2642ca9f 404 249.319 ms - 175
2022-05-20 16:43:34:4334 info: 
**********************REQUEST_STARTED*********************
GET /api/partner/626bd8143fc51dd8167663ff 200 350.437 ms - 52
2022-05-20 16:45:09:459 info: 
**********************REQUEST_STARTED*********************
GET /api/partner/626bd8143fc51dd8167663ff 404 259.791 ms - 175
2022-05-20 16:45:21:4521 info: 
**********************REQUEST_STARTED*********************
GET /api/partner/626bd8143fc51dd8167663ff 200 157.994 ms - 38
2022-05-20 16:45:33:4533 info: 
**********************REQUEST_STARTED*********************
GET /api/partner/628732b891fe7e4f2642ca9f%0A 400 139.845 ms - 342
2022-05-20 16:45:34:4534 info: 
**********************REQUEST_STARTED*********************
GET /api/partner/628732b891fe7e4f2642ca9f 200 293.928 ms - 1171
2022-05-20 16:45:47:4547 info: 
**********************REQUEST_STARTED*********************
GET /api/partner/628732b891fe7e4f2642ca9f 404 470.043 ms - 175
2022-05-20 16:47:17:4717 info: 
**********************REQUEST_STARTED*********************
GET /api/partner/628732b891fe7e4f2642ca9f 404 352.148 ms - 175
2022-05-20 16:47:54:4754 info: 
**********************REQUEST_STARTED*********************
GET /api/partner/628732b891fe7e4f2642ca9f 200 450.562 ms - 52
2022-05-20 16:50:40:5040 info: 
**********************REQUEST_STARTED*********************
POST /api/user/login 200 238.876 ms - 704
2022-05-20 16:51:12:5112 info: 
**********************REQUEST_STARTED*********************
GET /api/partner/628732b891fe7e4f2642ca9f 200 329.518 ms - 1171
2022-05-20 16:56:21:5621 info: 
**********************REQUEST_STARTED*********************
GET /api/partner/628732b891fe7e4f2642ca9f 200 653.553 ms - 1171
2022-05-20 16:56:42:5642 info: 
**********************REQUEST_STARTED*********************
GET /api/partner/628732b891fe7e4f2642ca9f 200 603.188 ms - 1171
2022-05-20 16:57:00:570 info: 
**********************REQUEST_STARTED*********************
GET /api/partner/628732b891fe7e4f2642ca9f 200 506.683 ms - 1171
2022-05-20 17:21:35:2135 info: 
**********************REQUEST_STARTED*********************
POST /api/post 400 29.771 ms - 48
2022-05-20 17:21:44:2144 info: 
**********************REQUEST_STARTED*********************
POST /api/post 200 193.063 ms - 584
2022-05-20 17:22:16:2216 info: 
**********************REQUEST_STARTED*********************
POST /api/post 200 245.402 ms - 584
2022-05-20 17:23:55:2355 info: 
**********************REQUEST_STARTED*********************
POST /api/post 200 306.109 ms - 584
2022-05-20 17:25:43:2543 info: 
**********************REQUEST_STARTED*********************
POST /api/post 200 655.406 ms - 584
2022-05-20 17:31:09:319 info: 
**********************REQUEST_STARTED*********************
POST /api/post 200 371.076 ms - 584
2022-05-20 17:35:18:3518 info: 
**********************REQUEST_STARTED*********************
POST /api/post 200 559.577 ms - 584
2022-05-20 17:35:34:3534 info: 
**********************REQUEST_STARTED*********************
POST /api/post 200 391.593 ms - 584
2022-05-20 17:36:11:3611 info: 
**********************REQUEST_STARTED*********************
POST /api/post 200 250.601 ms - 52
2022-05-20 17:36:57:3657 info: 
**********************REQUEST_STARTED*********************
POST /api/post 200 756.038 ms - 584
2022-05-20 17:37:12:3712 info: 
**********************REQUEST_STARTED*********************
POST /api/post 200 347.617 ms - 46
2022-05-20 18:01:35:135 info: 
**********************REQUEST_STARTED*********************
GET /api/user 200 1419.323 ms - 31061
2022-05-20 18:02:04:24 info: 
**********************REQUEST_STARTED*********************
GET /api/user 200 605.670 ms - 31059
2022-05-20 18:02:33:233 info: 
**********************REQUEST_STARTED*********************
GET /api/user 400 9743.119 ms - 36
2022-05-20 18:02:36:236 info: 
**********************REQUEST_STARTED*********************
GET /api/user 400 199.584 ms - 36
2022-05-20 18:06:21:621 info: 
**********************REQUEST_STARTED*********************
GET /api/user 200 353.818 ms - 31059
2022-05-20 18:06:58:658 info: 
**********************REQUEST_STARTED*********************
GET /api/user 200 1242.161 ms - 31059
2022-05-20 18:07:22:722 info: 
**********************REQUEST_STARTED*********************
GET /api/user 200 537.398 ms - 31059
2022-05-20 18:08:04:84 info: 
**********************REQUEST_STARTED*********************
GET /api/user 200 557.805 ms - 31059
2022-05-20 18:15:05:155 info: 
**********************REQUEST_STARTED*********************
GET /api/user 200 539.288 ms - 31059
2022-05-20 18:15:13:1513 info: 
**********************REQUEST_STARTED*********************
GET /api/user 200 764.501 ms - 31059
2022-05-20 18:15:22:1522 info: 
**********************REQUEST_STARTED*********************
GET /api/user 200 974.211 ms - 31059
2022-05-20 18:15:52:1552 info: 
**********************REQUEST_STARTED*********************
GET /api/user 200 684.895 ms - 31059
2022-05-20 18:16:22:1622 info: 
**********************REQUEST_STARTED*********************
GET /api/user 200 2310.269 ms - 31059
2022-05-20 18:35:35:3535 info: 
**********************REQUEST_STARTED*********************
GET /api/user 200 1161.615 ms - 31059
