2022-04-08 11:22:02:222 info: 
**********************REQUEST_STARTED*********************
GET /api/subscription 200 924.100 ms - 508
2022-04-08 11:26:11:2611 info: 
**********************REQUEST_STARTED*********************
GET /api/subscription 200 667.274 ms - 861
2022-04-08 11:26:57:2657 info: 
**********************REQUEST_STARTED*********************
GET /api/subscription 200 773.889 ms - 2463
2022-04-08 11:31:37:3137 info: 
**********************REQUEST_STARTED*********************
GET /api/subscription 200 812.299 ms - 2463
2022-04-08 11:32:41:3241 info: 
**********************REQUEST_STARTED*********************
GET /api/subscription 200 766.195 ms - 1537
2022-04-08 14:30:19:3019 info: 
**********************REQUEST_STARTED*********************
GET /api/subscription 200 827.840 ms - 1537
2022-04-08 15:56:28:5628 info: 
**********************REQUEST_STARTED*********************
GET /api/subscription 200 805.880 ms - 2332
2022-04-08 15:57:03:573 info: 
**********************REQUEST_STARTED*********************
GET /api/subscription 200 787.280 ms - 2651
2022-04-08 15:57:24:5724 info: 
**********************REQUEST_STARTED*********************
GET /api/subscription 200 1744.383 ms - 1856
2022-04-08 16:21:21:2121 info: 
**********************REQUEST_STARTED*********************
GET /api/subscription/purchase 400 6.036 ms - 48
2022-04-08 16:21:54:2154 info: 
**********************REQUEST_STARTED*********************
GET /api/subscription/purchase - - ms - -
2022-04-08 16:22:32:2232 info: 
**********************REQUEST_STARTED*********************
GET /api/subscription 200 755.377 ms - 1856
2022-04-08 16:22:46:2246 info: 
**********************REQUEST_STARTED*********************
GET /api/subscription/purchase - - ms - -
2022-04-08 16:22:59:2259 info: 
**********************REQUEST_STARTED*********************
GET /api/subscription/purchase - - ms - -
2022-04-08 16:23:00:230 info: 
**********************REQUEST_STARTED*********************
POST /api/subscription/purchase 400 45.807 ms - 34
2022-04-08 16:30:51:3051 info: 
**********************REQUEST_STARTED*********************
POST /api/subscription/purchase 400 250.958 ms - 34
2022-04-08 16:35:53:3553 info: 
**********************REQUEST_STARTED*********************
POST /api/subscription/customer 400 0.675 ms - 48
2022-04-08 16:35:57:3557 info: 
**********************REQUEST_STARTED*********************
POST /api/subscription/customer 400 46.386 ms - 30
2022-04-08 16:36:30:3630 info: 
**********************REQUEST_STARTED*********************
POST /api/subscription/customer 400 54.025 ms - 30
2022-04-08 17:11:44:1144 info: 
**********************REQUEST_STARTED*********************
POST /api/subscription/customer 400 67.820 ms - 30
2022-04-08 17:40:20:4020 info: 
**********************REQUEST_STARTED*********************
GET /api/subscription 200 790.279 ms - 1856
2022-04-08 17:47:32:4732 info: 
**********************REQUEST_STARTED*********************
POST /api/subscription/ 200 892.873 ms - 944
2022-04-08 17:47:39:4739 info: 
**********************REQUEST_STARTED*********************
GET /api/subscription 200 477.704 ms - 982
2022-04-08 17:48:56:4856 info: 
**********************REQUEST_STARTED*********************
POST /api/subscription/customer 200 549.892 ms - 577
2022-04-08 17:50:43:5043 info: 
**********************REQUEST_STARTED*********************
POST /api/subscription/purchase 400 1201.007 ms - 2019
2022-04-08 18:23:44:2344 info: 
**********************REQUEST_STARTED*********************
POST /api/card 404 5.696 ms - 148
2022-04-08 18:23:55:2355 info: 
**********************REQUEST_STARTED*********************
POST /api/subscription/card 400 4.572 ms - 48
2022-04-08 18:25:03:253 info: 
**********************REQUEST_STARTED*********************
POST /api/subscription/card 400 617.243 ms - 1951
2022-04-08 18:25:29:2529 info: 
**********************REQUEST_STARTED*********************
POST /api/subscription/card 400 61.600 ms - 31
2022-04-08 18:25:48:2548 info: 
**********************REQUEST_STARTED*********************
POST /api/subscription/card 400 37.329 ms - 31
2022-04-08 18:29:28:2928 info: 
**********************REQUEST_STARTED*********************
POST /api/subscription/card 400 77.946 ms - 30
2022-04-08 18:30:00:300 info: 
**********************REQUEST_STARTED*********************
POST /api/subscription/card 400 43.509 ms - 34
2022-04-08 18:31:22:3122 info: 
**********************REQUEST_STARTED*********************
POST /api/subscription/card 400 618.219 ms - 1898
2022-04-08 18:39:09:399 info: 
**********************REQUEST_STARTED*********************
POST /api/subscription/card 201 1113.073 ms - 735
2022-04-08 18:41:28:4128 info: 
**********************REQUEST_STARTED*********************
POST /api/subscription/card 201 2142.862 ms - 753
2022-04-08 18:42:13:4213 info: 
**********************REQUEST_STARTED*********************
POST /api/subscription/purchase 400 947.329 ms - 2019
2022-04-08 18:58:40:5840 info: 
**********************REQUEST_STARTED*********************
POST /api/subscription/purchase 400 1158.023 ms - 2019
2022-04-08 19:00:18:018 info: 
**********************REQUEST_STARTED*********************
POST /api/subscription/customer 200 538.183 ms - 577
2022-04-08 19:05:33:533 info: 
**********************REQUEST_STARTED*********************
GET /api/subscription 200 853.871 ms - 89
2022-04-08 19:06:10:610 info: 
**********************REQUEST_STARTED*********************
POST /api/subscription/ 200 735.030 ms - 966
2022-04-08 19:09:16:916 info: 
**********************REQUEST_STARTED*********************
GET /api/subscription 200 689.859 ms - 1004
2022-04-08 19:10:05:105 info: 
**********************REQUEST_STARTED*********************
POST /api/subscription/customer 200 354.438 ms - 577
2022-04-08 19:10:25:1025 info: 
**********************REQUEST_STARTED*********************
GET /api/subscription 200 494.477 ms - 1004
2022-04-08 19:10:31:1031 info: 
**********************REQUEST_STARTED*********************
GET /api/subscription 200 463.458 ms - 1004
2022-04-08 19:10:32:1032 info: 
**********************REQUEST_STARTED*********************
GET /api/subscription 200 471.197 ms - 1004
2022-04-08 19:10:33:1033 info: 
**********************REQUEST_STARTED*********************
GET /api/subscription 200 492.592 ms - 1004
2022-04-08 19:10:34:1034 info: 
**********************REQUEST_STARTED*********************
GET /api/subscription 200 505.179 ms - 1004
2022-04-08 19:10:35:1035 info: 
**********************REQUEST_STARTED*********************
GET /api/subscription 200 598.621 ms - 1004
2022-04-08 19:10:36:1036 info: 
**********************REQUEST_STARTED*********************
GET /api/subscription 200 587.970 ms - 1004
2022-04-08 19:10:37:1037 info: 
**********************REQUEST_STARTED*********************
GET /api/subscription 200 460.510 ms - 1004
2022-04-08 19:11:27:1127 info: 
**********************REQUEST_STARTED*********************
POST /api/subscription/purchase 400 854.245 ms - 2019
2022-04-08 19:12:43:1243 info: 
**********************REQUEST_STARTED*********************
POST /api/subscription/card 201 1740.131 ms - 753
2022-04-08 19:13:11:1311 info: 
**********************REQUEST_STARTED*********************
POST /api/subscription/purchase 400 851.287 ms - 2019
2022-04-08 19:15:54:1554 info: 
**********************REQUEST_STARTED*********************
POST /api/subscription/card 201 2090.224 ms - 1429
2022-04-08 19:16:46:1646 info: 
**********************REQUEST_STARTED*********************
POST /api/subscription/purchase 400 1046.436 ms - 2019
2022-04-08 19:23:23:2323 info: 
**********************REQUEST_STARTED*********************
POST /api/subscription/purchase 400 533.145 ms - 1897
2022-04-08 19:33:22:3322 info: 
**********************REQUEST_STARTED*********************
POST /api/subscription/customer 200 835.086 ms - 577
2022-04-08 19:36:01:361 info: 
**********************REQUEST_STARTED*********************
POST /api/subscription/card 400 2577.271 ms - 2027
2022-04-08 19:39:48:3948 info: 
**********************REQUEST_STARTED*********************
POST /api/subscription/card 400 2293.033 ms - 2027
2022-04-08 19:48:10:4810 info: 
**********************REQUEST_STARTED*********************
GET /api/subscription/get/customers 200 583.661 ms - 615
2022-04-08 19:49:19:4919 info: 
**********************REQUEST_STARTED*********************
POST /api/subscription/card 400 2251.791 ms - 2027
2022-04-08 19:50:08:508 info: 
**********************REQUEST_STARTED*********************
POST /api/subscription/card 400 2482.383 ms - 2027
2022-04-08 19:54:10:5410 info: 
**********************REQUEST_STARTED*********************
POST /api/subscription/card 201 2235.345 ms - 1429
