2022-06-03 11:12:02:122 info: 
**********************REQUEST_STARTED*********************
POST /api/upload 404 3.093 ms - 150
2022-06-03 11:13:04:134 info: 
**********************REQUEST_STARTED*********************
POST //api/upload 404 0.733 ms - 151
2022-06-03 11:13:06:136 info: 
**********************REQUEST_STARTED*********************
POST /api/upload 404 1.503 ms - 150
2022-06-03 11:13:26:1326 info: 
**********************REQUEST_STARTED*********************
POST /api/upload 404 0.333 ms - 150
2022-06-03 11:14:27:1427 info: 
**********************REQUEST_STARTED*********************
POST /api/upload 404 0.359 ms - 150
2022-06-03 11:16:06:166 info: 
**********************REQUEST_STARTED*********************
GET /api/post 404 0.735 ms - 147
2022-06-03 11:16:11:1611 info: 
**********************REQUEST_STARTED*********************
GET / 200 2.537 ms - 48
2022-06-03 11:16:19:1619 info: 
**********************REQUEST_STARTED*********************
GET /api/upload 404 0.686 ms - 149
2022-06-03 11:16:28:1628 info: 
**********************REQUEST_STARTED*********************
POST /api/upload 404 0.452 ms - 150
2022-06-03 11:17:45:1745 info: 
**********************REQUEST_STARTED*********************
POST /api/upload 404 0.422 ms - 150
2022-06-03 11:17:56:1756 info: 
**********************REQUEST_STARTED*********************
POST /api/upload 404 1.193 ms - 150
2022-06-03 11:18:20:1820 info: 
**********************REQUEST_STARTED*********************
GET /api/user 400 2.545 ms - 48
2022-06-03 11:18:26:1826 info: 
**********************REQUEST_STARTED*********************
GET /api/upload 404 0.421 ms - 149
2022-06-03 11:18:29:1829 info: 
**********************REQUEST_STARTED*********************
POST /api/upload 404 1.013 ms - 150
2022-06-03 11:19:31:1931 info: 
**********************REQUEST_STARTED*********************
POST /api/upload 404 11.365 ms - 150
2022-06-03 11:19:38:1938 info: 
**********************REQUEST_STARTED*********************
POST /api/upload-file 400 22.144 ms - 45
2022-06-03 11:20:10:2010 info: 
**********************REQUEST_STARTED*********************
POST /api/upload-file 400 10.914 ms - 75
2022-06-03 11:38:59:3859 info: 
**********************REQUEST_STARTED*********************
POST /api/upload-file 400 73.704 ms - 75
2022-06-03 11:45:36:4536 info: 
**********************REQUEST_STARTED*********************
POST /api/upload-file 400 32.103 ms - 75
2022-06-03 11:46:25:4625 info: 
**********************REQUEST_STARTED*********************
POST /api/upload-file 400 43.208 ms - 75
2022-06-03 11:50:17:5017 info: 
**********************REQUEST_STARTED*********************
POST /api/upload-file 400 26.677 ms - 45
2022-06-03 11:51:38:5138 info: 
**********************REQUEST_STARTED*********************
POST /api/upload-file 400 64.779 ms - 74
2022-06-03 11:52:26:5226 info: 
**********************REQUEST_STARTED*********************
POST /api/upload-file 400 37.335 ms - 74
2022-06-03 11:52:53:5253 info: 
**********************REQUEST_STARTED*********************
POST /api/upload-file 400 29.166 ms - 74
2022-06-03 12:03:26:326 info: 
**********************REQUEST_STARTED*********************
POST /api/upload-file 500 11.472 ms - 456
2022-06-03 12:05:35:535 info: 
**********************REQUEST_STARTED*********************
POST /api/upload-file 404 12.342 ms - 155
2022-06-03 12:06:01:61 info: 
**********************REQUEST_STARTED*********************
POST /api/upload-file 400 48.761 ms - 75
2022-06-03 12:07:19:719 info: 
**********************REQUEST_STARTED*********************
POST /api/upload-file 400 34.185 ms - 75
2022-06-03 12:09:15:915 info: 
**********************REQUEST_STARTED*********************
POST /api/upload-file 400 29.492 ms - 74
2022-06-03 12:09:56:956 info: 
**********************REQUEST_STARTED*********************
POST /api/upload-file 400 54.233 ms - 74
2022-06-03 12:10:40:1040 info: 
**********************REQUEST_STARTED*********************
POST /api/upload-file 400 57.146 ms - 74
2022-06-03 12:18:19:1819 info: 
**********************REQUEST_STARTED*********************
POST /api/upload-file 400 47.539 ms - 74
2022-06-03 12:23:59:2359 info: 
**********************REQUEST_STARTED*********************
POST /api/upload-file 400 120.121 ms - 75
2022-06-03 12:30:53:3053 info: 
**********************REQUEST_STARTED*********************
POST /api/upload-file 400 105.862 ms - 75
2022-06-03 12:32:25:3225 info: 
**********************REQUEST_STARTED*********************
POST /api/upload-file 400 283.451 ms - 194
2022-06-03 13:01:24:124 info: 
**********************REQUEST_STARTED*********************
POST /api/upload-file 200 1067.302 ms - 29
2022-06-03 13:11:08:118 info: 
**********************REQUEST_STARTED*********************
POST /api/upload-file 200 1196.094 ms - 29
2022-06-03 13:12:02:122 info: 
**********************REQUEST_STARTED*********************
POST /api/upload-file 200 1268.398 ms - 103
2022-06-03 13:12:30:1230 info: 
**********************REQUEST_STARTED*********************
POST /api/upload-file 200 1601.121 ms - 117
2022-06-03 13:14:47:1447 info: 
**********************REQUEST_STARTED*********************
POST /api/upload-file 200 1530.239 ms - 117
2022-06-03 15:10:53:1053 info: 
**********************REQUEST_STARTED*********************
PUT /api/vms/visit 404 76.954 ms - 152
2022-06-07 13:02:19:219 info: 
**********************REQUEST_STARTED*********************
GET /api/splash 200 46302.781 ms - 990
2022-06-07 14:43:26:4326 info: 
**********************REQUEST_STARTED*********************
GET /api/weightCount 404 10.875 ms - 154
2022-06-07 14:43:26:4326 info: 
**********************REQUEST_STARTED*********************
GET /api/weightCount 404 53.868 ms - 154
2022-06-09 13:34:08:348 info: 
**********************REQUEST_STARTED*********************
POST /api/checkuser - - ms - -
2022-06-09 13:34:49:3449 info: 
**********************REQUEST_STARTED*********************
POST /api/checkuser 400 4430.910 ms - 959
