2022-04-18 11:15:53:1553 info: 
**********************REQUEST_STARTED*********************
OPTIONS /api/admin/service/category/62581b72a6be76c0f5e7cf29 204 2.484 ms - 0
2022-04-18 11:15:53:1553 info: 
**********************REQUEST_STARTED*********************
GET /api/admin/service/category/62581b72a6be76c0f5e7cf29 200 226.610 ms - 256
2022-04-18 11:17:25:1725 info: 
**********************REQUEST_STARTED*********************
OPTIONS /api/admin/service/category/62581b72a6be76c0f5e7cf29 204 0.504 ms - 0
2022-04-18 11:17:25:1725 info: 
**********************REQUEST_STARTED*********************
GET /api/admin/service/category/62581b72a6be76c0f5e7cf29 304 104.667 ms - -
2022-04-18 11:17:35:1735 info: 
**********************REQUEST_STARTED*********************
OPTIONS /api/admin/service/category/62581b72a6be76c0f5e7cf29 204 0.274 ms - 0
2022-04-18 11:17:35:1735 info: 
**********************REQUEST_STARTED*********************
PUT /api/admin/service/category/62581b72a6be76c0f5e7cf29 200 241.175 ms - 291
2022-04-18 11:17:35:1735 info: 
**********************REQUEST_STARTED*********************
OPTIONS /api/admin/service/category 204 0.385 ms - 0
2022-04-18 11:17:35:1735 info: 
**********************REQUEST_STARTED*********************
GET /api/admin/service/category 200 190.961 ms - 550
2022-04-18 11:17:40:1740 info: 
**********************REQUEST_STARTED*********************
OPTIONS /api/admin/service/category/625816af0356faefc78e08aa 204 0.302 ms - 0
2022-04-18 11:17:40:1740 info: 
**********************REQUEST_STARTED*********************
GET /api/admin/service/category/625816af0356faefc78e08aa 200 92.995 ms - 268
2022-04-18 11:17:45:1745 info: 
**********************REQUEST_STARTED*********************
OPTIONS /api/admin/service/category/625816af0356faefc78e08aa 204 0.214 ms - 0
2022-04-18 11:17:45:1745 info: 
**********************REQUEST_STARTED*********************
PUT /api/admin/service/category/625816af0356faefc78e08aa 200 142.730 ms - 306
2022-04-18 11:17:45:1745 info: 
**********************REQUEST_STARTED*********************
OPTIONS /api/admin/service/category 204 0.372 ms - 0
2022-04-18 11:17:45:1745 info: 
**********************REQUEST_STARTED*********************
GET /api/admin/service/category 200 148.767 ms - 557
2022-04-18 11:17:59:1759 info: 
**********************REQUEST_STARTED*********************
OPTIONS /api/admin/service/category/625816af0356faefc78e08aa 204 0.267 ms - 0
2022-04-18 11:18:00:180 info: 
**********************REQUEST_STARTED*********************
GET /api/admin/service/category/625816af0356faefc78e08aa 200 106.840 ms - 275
2022-04-18 11:18:08:188 info: 
**********************REQUEST_STARTED*********************
OPTIONS /api/admin/service/category/625816af0356faefc78e08aa 204 0.258 ms - 0
2022-04-18 11:18:08:188 info: 
**********************REQUEST_STARTED*********************
PUT /api/admin/service/category/625816af0356faefc78e08aa 200 150.513 ms - 320
2022-04-18 11:18:08:188 info: 
**********************REQUEST_STARTED*********************
OPTIONS /api/admin/service/category 204 0.337 ms - 0
2022-04-18 11:18:08:188 info: 
**********************REQUEST_STARTED*********************
GET /api/admin/service/category 200 134.571 ms - 571
2022-04-18 11:18:23:1823 info: 
**********************REQUEST_STARTED*********************
OPTIONS /api/admin/service/category 204 0.258 ms - 0
2022-04-18 11:18:23:1823 info: 
**********************REQUEST_STARTED*********************
GET /api/admin/service/category 304 142.987 ms - -
2022-04-18 11:18:24:1824 info: 
**********************REQUEST_STARTED*********************
OPTIONS /api/admin/service 204 0.278 ms - 0
2022-04-18 11:18:25:1825 info: 
**********************REQUEST_STARTED*********************
GET /api/admin/service 200 183.669 ms - 1089
2022-04-18 11:18:31:1831 info: 
**********************REQUEST_STARTED*********************
OPTIONS /api/partner 204 0.187 ms - 0
2022-04-18 11:18:31:1831 info: 
**********************REQUEST_STARTED*********************
GET /api/partner 304 102.900 ms - -
2022-04-18 11:18:41:1841 info: 
**********************REQUEST_STARTED*********************
OPTIONS /api/admin/service/category?limit=5&page=1 204 0.193 ms - 0
2022-04-18 11:18:41:1841 info: 
**********************REQUEST_STARTED*********************
GET /api/admin/service/category?limit=5&page=1 200 174.858 ms - 570
2022-04-18 11:18:43:1843 info: 
**********************REQUEST_STARTED*********************
OPTIONS /api/partner 204 0.283 ms - 0
2022-04-18 11:18:43:1843 info: 
**********************REQUEST_STARTED*********************
GET /api/partner 304 94.587 ms - -
2022-04-18 11:20:25:2025 info: 
**********************REQUEST_STARTED*********************
OPTIONS /api/admin/service/category?limit=5&page=1 204 0.198 ms - 0
2022-04-18 11:20:25:2025 info: 
**********************REQUEST_STARTED*********************
GET /api/admin/service/category?limit=5&page=1 304 145.305 ms - -
2022-04-18 11:20:27:2027 info: 
**********************REQUEST_STARTED*********************
OPTIONS /api/partner 204 0.183 ms - 0
2022-04-18 11:20:27:2027 info: 
**********************REQUEST_STARTED*********************
GET /api/partner 304 117.793 ms - -
2022-04-18 11:20:44:2044 info: 
**********************REQUEST_STARTED*********************
OPTIONS /api/admin/service/category 204 0.190 ms - 0
2022-04-18 11:20:44:2044 info: 
**********************REQUEST_STARTED*********************
GET /api/admin/service/category 304 172.950 ms - -
2022-04-18 11:23:16:2316 info: 
**********************REQUEST_STARTED*********************
OPTIONS /api/partner 204 0.206 ms - 0
2022-04-18 11:23:16:2316 info: 
**********************REQUEST_STARTED*********************
GET /api/partner 304 243.174 ms - -
2022-04-18 11:23:16:2316 info: 
**********************REQUEST_STARTED*********************
GET /api/partner 304 140.405 ms - -
2022-04-18 11:23:54:2354 info: 
**********************REQUEST_STARTED*********************
OPTIONS /api/partner 204 0.391 ms - 0
2022-04-18 11:23:54:2354 info: 
**********************REQUEST_STARTED*********************
GET /api/partner 304 116.234 ms - -
2022-04-18 11:24:11:2411 info: 
**********************REQUEST_STARTED*********************
OPTIONS /api/partner 204 0.643 ms - 0
2022-04-18 11:24:11:2411 info: 
**********************REQUEST_STARTED*********************
GET /api/partner 304 98.460 ms - -
2022-04-18 11:24:31:2431 info: 
**********************REQUEST_STARTED*********************
OPTIONS /api/partner 204 0.177 ms - 0
2022-04-18 11:24:31:2431 info: 
**********************REQUEST_STARTED*********************
GET /api/partner 304 101.367 ms - -
2022-04-18 11:24:47:2447 info: 
**********************REQUEST_STARTED*********************
OPTIONS /api/partner 204 0.177 ms - 0
2022-04-18 11:24:47:2447 info: 
**********************REQUEST_STARTED*********************
GET /api/partner 304 109.529 ms - -
2022-04-18 11:25:06:256 info: 
**********************REQUEST_STARTED*********************
OPTIONS /api/partner 204 0.201 ms - 0
2022-04-18 11:25:06:256 info: 
**********************REQUEST_STARTED*********************
GET /api/partner 304 153.850 ms - -
2022-04-18 11:26:38:2638 info: 
**********************REQUEST_STARTED*********************
OPTIONS /api/partner 204 0.309 ms - 0
2022-04-18 11:26:38:2638 info: 
**********************REQUEST_STARTED*********************
GET /api/partner 304 157.879 ms - -
2022-04-18 11:26:57:2657 info: 
**********************REQUEST_STARTED*********************
OPTIONS /api/partner 204 0.259 ms - 0
2022-04-18 11:26:57:2657 info: 
**********************REQUEST_STARTED*********************
GET /api/partner 304 223.927 ms - -
2022-04-18 11:26:59:2659 info: 
**********************REQUEST_STARTED*********************
OPTIONS /api/admin/service/category?limit=5&page=1 204 0.192 ms - 0
2022-04-18 11:26:59:2659 info: 
**********************REQUEST_STARTED*********************
GET /api/admin/service/category?limit=5&page=1 304 163.095 ms - -
2022-04-18 11:28:48:2848 info: 
**********************REQUEST_STARTED*********************
OPTIONS /api/admin/service/category?limit=5&page=1 204 0.211 ms - 0
2022-04-18 11:28:48:2848 info: 
**********************REQUEST_STARTED*********************
GET /api/admin/service/category?limit=5&page=1 304 160.755 ms - -
2022-04-18 11:28:56:2856 info: 
**********************REQUEST_STARTED*********************
OPTIONS /api/admin/service/category?limit=5&page=1 204 0.183 ms - 0
2022-04-18 11:28:57:2857 info: 
**********************REQUEST_STARTED*********************
GET /api/admin/service/category?limit=5&page=1 304 199.040 ms - -
2022-04-18 11:29:15:2915 info: 
**********************REQUEST_STARTED*********************
OPTIONS /api/partner 204 0.248 ms - 0
2022-04-18 11:29:15:2915 info: 
**********************REQUEST_STARTED*********************
POST /api/partner 200 413.115 ms - 364
2022-04-18 11:29:15:2915 info: 
**********************REQUEST_STARTED*********************
GET /api/partner 200 100.437 ms - 3973
2022-04-18 11:33:20:3320 info: 
**********************REQUEST_STARTED*********************
OPTIONS /api/admin/service/category?limit=5&page=1 204 0.181 ms - 0
2022-04-18 11:33:20:3320 info: 
**********************REQUEST_STARTED*********************
OPTIONS /api/admin/partner/6257fc13bd3f249ca93763b5 204 0.343 ms - 0
2022-04-18 11:33:20:3320 info: 
**********************REQUEST_STARTED*********************
GET /api/admin/partner/6257fc13bd3f249ca93763b5 404 7.576 ms - 181
2022-04-18 11:33:20:3320 info: 
**********************REQUEST_STARTED*********************
GET /api/admin/service/category?limit=5&page=1 304 200.466 ms - -
2022-04-18 11:33:57:3357 info: 
**********************REQUEST_STARTED*********************
OPTIONS /api/admin/service/category?limit=5&page=1 204 0.299 ms - 0
2022-04-18 11:33:57:3357 info: 
**********************REQUEST_STARTED*********************
OPTIONS /api/admin/partner/6257fc13bd3f249ca93763b5 204 0.265 ms - 0
2022-04-18 11:33:57:3357 info: 
**********************REQUEST_STARTED*********************
GET /api/admin/partner/6257fc13bd3f249ca93763b5 404 0.911 ms - 181
2022-04-18 11:33:57:3357 info: 
**********************REQUEST_STARTED*********************
GET /api/admin/service/category?limit=5&page=1 304 149.052 ms - -
2022-04-18 11:34:31:3431 info: 
**********************REQUEST_STARTED*********************
OPTIONS /api/admin/service/category?limit=5&page=1 204 0.257 ms - 0
2022-04-18 11:34:31:3431 info: 
**********************REQUEST_STARTED*********************
OPTIONS /api/partner/6257fc13bd3f249ca93763b5 204 0.460 ms - 0
2022-04-18 11:34:31:3431 info: 
**********************REQUEST_STARTED*********************
GET /api/partner/6257fc13bd3f249ca93763b5 200 140.222 ms - 346
2022-04-18 11:34:31:3431 info: 
**********************REQUEST_STARTED*********************
GET /api/admin/service/category?limit=5&page=1 304 210.432 ms - -
2022-04-18 11:35:22:3522 info: 
**********************REQUEST_STARTED*********************
OPTIONS /api/admin/service/category?limit=5&page=1 204 0.242 ms - 0
2022-04-18 11:35:22:3522 info: 
**********************REQUEST_STARTED*********************
OPTIONS /api/partner/6257fc13bd3f249ca93763b5 204 0.408 ms - 0
2022-04-18 11:35:22:3522 info: 
**********************REQUEST_STARTED*********************
GET /api/partner/6257fc13bd3f249ca93763b5 304 149.815 ms - -
2022-04-18 11:35:23:3523 info: 
**********************REQUEST_STARTED*********************
GET /api/admin/service/category?limit=5&page=1 304 171.693 ms - -
2022-04-18 11:36:16:3616 info: 
**********************REQUEST_STARTED*********************
OPTIONS /api/partner 204 0.299 ms - 0
2022-04-18 11:36:16:3616 info: 
**********************REQUEST_STARTED*********************
GET /api/partner 304 212.257 ms - -
2022-04-18 11:36:24:3624 info: 
**********************REQUEST_STARTED*********************
OPTIONS /api/admin/service/category?limit=5&page=1 204 0.244 ms - 0
2022-04-18 11:36:24:3624 info: 
**********************REQUEST_STARTED*********************
GET /api/admin/service/category?limit=5&page=1 304 317.261 ms - -
2022-04-18 11:42:14:4214 info: 
**********************REQUEST_STARTED*********************
OPTIONS /api/admin/service/category?limit=5&page=1 204 0.594 ms - 0
2022-04-18 11:42:14:4214 info: 
**********************REQUEST_STARTED*********************
GET /api/admin/service/category?limit=5&page=1 304 188.891 ms - -
2022-04-18 11:42:33:4233 info: 
**********************REQUEST_STARTED*********************
OPTIONS /api/partner 204 0.189 ms - 0
2022-04-18 11:42:33:4233 info: 
**********************REQUEST_STARTED*********************
POST /api/partner 200 341.880 ms - 363
2022-04-18 11:42:34:4234 info: 
**********************REQUEST_STARTED*********************
GET /api/partner 200 115.556 ms - 4467
2022-04-18 11:42:40:4240 info: 
**********************REQUEST_STARTED*********************
OPTIONS /api/admin/service/category?limit=5&page=1 204 0.209 ms - 0
2022-04-18 11:42:40:4240 info: 
**********************REQUEST_STARTED*********************
OPTIONS /api/partner/625d01510f5d26b8a495dccb 204 0.319 ms - 0
2022-04-18 11:42:40:4240 info: 
**********************REQUEST_STARTED*********************
GET /api/partner/625d01510f5d26b8a495dccb 200 116.869 ms - 518
2022-04-18 11:42:40:4240 info: 
**********************REQUEST_STARTED*********************
GET /api/admin/service/category?limit=5&page=1 304 151.110 ms - -
2022-04-18 11:42:58:4258 info: 
**********************REQUEST_STARTED*********************
OPTIONS /api/admin/service/category?limit=5&page=1 204 0.307 ms - 0
2022-04-18 11:42:58:4258 info: 
**********************REQUEST_STARTED*********************
OPTIONS /api/partner/625d01510f5d26b8a495dccb 204 0.374 ms - 0
2022-04-18 11:42:58:4258 info: 
**********************REQUEST_STARTED*********************
GET /api/partner/625d01510f5d26b8a495dccb 304 94.805 ms - -
2022-04-18 11:42:58:4258 info: 
**********************REQUEST_STARTED*********************
GET /api/admin/service/category?limit=5&page=1 304 142.351 ms - -
2022-04-18 11:49:23:4923 info: 
**********************REQUEST_STARTED*********************
OPTIONS /api/admin/service/category?limit=5&page=1 204 3.416 ms - 0
2022-04-18 11:49:23:4923 info: 
**********************REQUEST_STARTED*********************
OPTIONS /api/partner/625d01510f5d26b8a495dccb 204 0.661 ms - 0
2022-04-18 11:49:24:4924 info: 
**********************REQUEST_STARTED*********************
GET /api/partner/625d01510f5d26b8a495dccb 304 119.137 ms - -
2022-04-18 11:49:24:4924 info: 
**********************REQUEST_STARTED*********************
GET /api/admin/service/category?limit=5&page=1 304 154.602 ms - -
2022-04-18 11:49:29:4929 info: 
**********************REQUEST_STARTED*********************
OPTIONS /api/partner/update/625d01510f5d26b8a495dccb 204 0.272 ms - 0
2022-04-18 11:49:29:4929 info: 
**********************REQUEST_STARTED*********************
PUT /api/partner/update/625d01510f5d26b8a495dccb 200 118.396 ms - 527
2022-04-18 11:49:29:4929 info: 
**********************REQUEST_STARTED*********************
OPTIONS /api/partner 204 0.216 ms - 0
2022-04-18 11:49:29:4929 info: 
**********************REQUEST_STARTED*********************
GET /api/partner 200 81.912 ms - 4473
2022-04-18 11:50:02:502 info: 
**********************REQUEST_STARTED*********************
OPTIONS /api/partner 204 2.776 ms - 0
2022-04-18 11:50:05:505 info: 
**********************REQUEST_STARTED*********************
GET /api/partner 304 2620.635 ms - -
2022-04-18 11:50:08:508 info: 
**********************REQUEST_STARTED*********************
OPTIONS /api/partner 204 0.549 ms - 0
2022-04-18 11:50:08:508 info: 
**********************REQUEST_STARTED*********************
GET /api/partner 304 88.587 ms - -
2022-04-18 11:50:11:5011 info: 
**********************REQUEST_STARTED*********************
OPTIONS /api/admin/service/category?limit=5&page=1 204 0.300 ms - 0
2022-04-18 11:50:11:5011 info: 
**********************REQUEST_STARTED*********************
OPTIONS /api/partner/625d01510f5d26b8a495dccb 204 0.278 ms - 0
2022-04-18 11:50:12:5012 info: 
**********************REQUEST_STARTED*********************
GET /api/partner/625d01510f5d26b8a495dccb 200 114.455 ms - 524
2022-04-18 11:50:12:5012 info: 
**********************REQUEST_STARTED*********************
GET /api/admin/service/category?limit=5&page=1 304 165.346 ms - -
2022-04-18 11:50:21:5021 info: 
**********************REQUEST_STARTED*********************
OPTIONS /api/partner/update/625d01510f5d26b8a495dccb 204 0.328 ms - 0
2022-04-18 11:50:21:5021 info: 
**********************REQUEST_STARTED*********************
PUT /api/partner/update/625d01510f5d26b8a495dccb 200 155.802 ms - 541
2022-04-18 11:50:21:5021 info: 
**********************REQUEST_STARTED*********************
OPTIONS /api/partner 204 0.371 ms - 0
2022-04-18 11:50:21:5021 info: 
**********************REQUEST_STARTED*********************
GET /api/partner 200 90.759 ms - 4481
2022-04-18 11:54:06:546 info: 
**********************REQUEST_STARTED*********************
OPTIONS /api/partner 204 3.081 ms - 0
2022-04-18 11:54:06:546 info: 
**********************REQUEST_STARTED*********************
GET /api/partner 304 117.020 ms - -
2022-04-18 11:54:11:5411 info: 
**********************REQUEST_STARTED*********************
GET /api/partner 304 85.480 ms - -
2022-04-18 11:54:15:5415 info: 
**********************REQUEST_STARTED*********************
OPTIONS /api/admin/partner/6257fccf2e393ebf5f093baa 204 0.437 ms - 0
2022-04-18 11:54:15:5415 info: 
**********************REQUEST_STARTED*********************
DELETE /api/admin/partner/6257fccf2e393ebf5f093baa 404 4.531 ms - 184
2022-04-18 11:54:34:5434 info: 
**********************REQUEST_STARTED*********************
OPTIONS /api/partner 204 0.408 ms - 0
2022-04-18 11:54:34:5434 info: 
**********************REQUEST_STARTED*********************
GET /api/partner 304 80.016 ms - -
2022-04-18 11:55:37:5537 info: 
**********************REQUEST_STARTED*********************
OPTIONS /api/partner 204 0.247 ms - 0
2022-04-18 11:55:37:5537 info: 
**********************REQUEST_STARTED*********************
GET /api/partner 304 146.953 ms - -
2022-04-18 11:55:42:5542 info: 
**********************REQUEST_STARTED*********************
OPTIONS /api/partner/6257fccf2e393ebf5f093baa 204 0.383 ms - 0
2022-04-18 11:55:42:5542 info: 
**********************REQUEST_STARTED*********************
DELETE /api/partner/6257fccf2e393ebf5f093baa 200 96.078 ms - 31
2022-04-18 11:55:48:5548 info: 
**********************REQUEST_STARTED*********************
OPTIONS /api/partner 204 0.209 ms - 0
2022-04-18 11:55:48:5548 info: 
**********************REQUEST_STARTED*********************
GET /api/partner 200 92.458 ms - 4158
2022-04-18 11:56:55:5655 info: 
**********************REQUEST_STARTED*********************
OPTIONS /api/partner 204 0.308 ms - 0
2022-04-18 11:56:55:5655 info: 
**********************REQUEST_STARTED*********************
GET /api/partner 304 112.831 ms - -
2022-04-18 11:57:03:573 info: 
**********************REQUEST_STARTED*********************
OPTIONS /api/partner/6257fc13bd3f249ca93763b5 204 0.387 ms - 0
2022-04-18 11:57:03:573 info: 
**********************REQUEST_STARTED*********************
DELETE /api/partner/6257fc13bd3f249ca93763b5 200 138.181 ms - 31
2022-04-18 11:57:03:573 info: 
**********************REQUEST_STARTED*********************
OPTIONS /api/partner 204 0.220 ms - 0
2022-04-18 11:57:04:574 info: 
**********************REQUEST_STARTED*********************
GET /api/partner 200 155.274 ms - 3836
2022-04-18 11:57:09:579 info: 
**********************REQUEST_STARTED*********************
OPTIONS /api/admin/service/category?limit=5&page=1 204 0.365 ms - 0
2022-04-18 11:57:09:579 info: 
**********************REQUEST_STARTED*********************
OPTIONS /api/partner/6257fd1b2c46ee3bba9c26e0 204 0.347 ms - 0
2022-04-18 11:57:09:579 info: 
**********************REQUEST_STARTED*********************
GET /api/partner/6257fd1b2c46ee3bba9c26e0 200 81.136 ms - 348
2022-04-18 11:57:09:579 info: 
**********************REQUEST_STARTED*********************
GET /api/admin/service/category?limit=5&page=1 304 175.009 ms - -
2022-04-18 11:57:13:5713 info: 
**********************REQUEST_STARTED*********************
OPTIONS /api/partner/update/6257fd1b2c46ee3bba9c26e0 204 0.240 ms - 0
2022-04-18 11:57:13:5713 info: 
**********************REQUEST_STARTED*********************
PUT /api/partner/update/6257fd1b2c46ee3bba9c26e0 200 167.365 ms - 365
2022-04-18 11:57:13:5713 info: 
**********************REQUEST_STARTED*********************
OPTIONS /api/partner 204 0.214 ms - 0
2022-04-18 11:57:13:5713 info: 
**********************REQUEST_STARTED*********************
GET /api/partner 200 97.304 ms - 3843
2022-04-18 11:57:21:5721 info: 
**********************REQUEST_STARTED*********************
OPTIONS /api/admin/service 204 0.243 ms - 0
2022-04-18 11:57:21:5721 info: 
**********************REQUEST_STARTED*********************
GET /api/admin/service 304 172.754 ms - -
2022-04-18 11:57:25:5725 info: 
**********************REQUEST_STARTED*********************
OPTIONS /api/admin/service/category?limit=5&page=1 204 0.347 ms - 0
2022-04-18 11:57:25:5725 info: 
**********************REQUEST_STARTED*********************
GET /api/admin/service/category?limit=5&page=1 304 157.012 ms - -
2022-04-18 11:57:25:5725 info: 
**********************REQUEST_STARTED*********************
OPTIONS /api/partner/?limit=5&page=1 204 0.196 ms - 0
2022-04-18 11:57:25:5725 info: 
**********************REQUEST_STARTED*********************
GET /api/partner/?limit=5&page=1 200 126.303 ms - 3843
2022-04-18 11:57:25:5725 info: 
**********************REQUEST_STARTED*********************
OPTIONS /api/admin/service/625aa1bb42c3c2845afbae7c 204 0.178 ms - 0
2022-04-18 11:57:26:5726 info: 
**********************REQUEST_STARTED*********************
GET /api/admin/service/625aa1bb42c3c2845afbae7c 200 166.588 ms - 1088
2022-04-18 11:57:28:5728 info: 
**********************REQUEST_STARTED*********************
OPTIONS /api/admin/service 204 0.259 ms - 0
2022-04-18 11:57:28:5728 info: 
**********************REQUEST_STARTED*********************
GET /api/admin/service 304 155.645 ms - -
2022-04-18 11:57:29:5729 info: 
**********************REQUEST_STARTED*********************
OPTIONS /api/admin/service/category 204 0.306 ms - 0
2022-04-18 11:57:30:5730 info: 
**********************REQUEST_STARTED*********************
GET /api/admin/service/category 304 252.021 ms - -
2022-04-18 11:57:34:5734 info: 
**********************REQUEST_STARTED*********************
OPTIONS /api/admin/service 204 0.201 ms - 0
2022-04-18 11:57:35:5735 info: 
**********************REQUEST_STARTED*********************
GET /api/admin/service 304 155.248 ms - -
2022-04-18 11:57:37:5737 info: 
**********************REQUEST_STARTED*********************
OPTIONS /api/admin/service/category?limit=5&page=1 204 0.163 ms - 0
2022-04-18 11:57:37:5737 info: 
**********************REQUEST_STARTED*********************
OPTIONS /api/partner/?limit=5&page=1 204 0.280 ms - 0
2022-04-18 11:57:38:5738 info: 
**********************REQUEST_STARTED*********************
GET /api/partner/?limit=5&page=1 304 763.585 ms - -
2022-04-18 11:57:38:5738 info: 
**********************REQUEST_STARTED*********************
GET /api/admin/service/category?limit=5&page=1 304 906.387 ms - -
2022-04-18 11:58:21:5821 info: 
**********************REQUEST_STARTED*********************
OPTIONS /api/admin/service 204 0.183 ms - 0
2022-04-18 11:58:22:5822 info: 
**********************REQUEST_STARTED*********************
POST /api/admin/service 200 183.962 ms - 421
2022-04-18 11:58:22:5822 info: 
**********************REQUEST_STARTED*********************
GET /api/admin/service 200 178.895 ms - 2141
2022-04-18 11:58:32:5832 info: 
**********************REQUEST_STARTED*********************
OPTIONS /api/admin/service/category?limit=5&page=1 204 0.252 ms - 0
2022-04-18 11:58:32:5832 info: 
**********************REQUEST_STARTED*********************
GET /api/admin/service/category?limit=5&page=1 304 264.114 ms - -
2022-04-18 11:58:32:5832 info: 
**********************REQUEST_STARTED*********************
OPTIONS /api/partner/?limit=5&page=1 204 0.237 ms - 0
2022-04-18 11:58:32:5832 info: 
**********************REQUEST_STARTED*********************
GET /api/partner/?limit=5&page=1 304 239.818 ms - -
2022-04-18 11:58:32:5832 info: 
**********************REQUEST_STARTED*********************
OPTIONS /api/admin/service/625d05068f911fb14e3e0f5c 204 0.196 ms - 0
2022-04-18 11:58:32:5832 info: 
**********************REQUEST_STARTED*********************
GET /api/admin/service/625d05068f911fb14e3e0f5c 200 261.922 ms - 1090
2022-04-18 11:58:51:5851 info: 
**********************REQUEST_STARTED*********************
OPTIONS /api/admin/service/625d05068f911fb14e3e0f5c 204 0.168 ms - 0
2022-04-18 11:58:52:5852 info: 
**********************REQUEST_STARTED*********************
PUT /api/admin/service/625d05068f911fb14e3e0f5c 200 185.643 ms - 407
2022-04-18 11:58:52:5852 info: 
**********************REQUEST_STARTED*********************
OPTIONS /api/admin/service 204 0.277 ms - 0
2022-04-18 11:58:52:5852 info: 
**********************REQUEST_STARTED*********************
GET /api/admin/service 200 135.455 ms - 2127
2022-04-18 11:58:57:5857 info: 
**********************REQUEST_STARTED*********************
OPTIONS /api/admin/service/category 204 0.193 ms - 0
2022-04-18 11:59:00:590 info: 
**********************REQUEST_STARTED*********************
GET /api/admin/service/category 304 2386.929 ms - -
2022-04-18 11:59:34:5934 info: 
**********************REQUEST_STARTED*********************
OPTIONS /api/partner 204 0.179 ms - 0
2022-04-18 11:59:35:5935 info: 
**********************REQUEST_STARTED*********************
GET /api/partner 304 411.681 ms - -
2022-04-18 11:59:37:5937 info: 
**********************REQUEST_STARTED*********************
OPTIONS /api/admin/service 204 0.189 ms - 0
2022-04-18 11:59:38:5938 info: 
**********************REQUEST_STARTED*********************
GET /api/admin/service 304 256.119 ms - -
2022-04-18 12:00:13:013 info: 
**********************REQUEST_STARTED*********************
OPTIONS /api/admin/service 204 0.254 ms - 0
2022-04-18 12:00:14:014 info: 
**********************REQUEST_STARTED*********************
GET /api/admin/service 304 210.678 ms - -
2022-04-18 12:00:19:019 info: 
**********************REQUEST_STARTED*********************
OPTIONS /api/admin/service 204 0.217 ms - 0
2022-04-18 12:00:20:020 info: 
**********************REQUEST_STARTED*********************
GET /api/admin/service 304 242.554 ms - -
2022-04-18 12:00:56:056 info: 
**********************REQUEST_STARTED*********************
OPTIONS /api/partner 204 0.323 ms - 0
2022-04-18 12:00:56:056 info: 
**********************REQUEST_STARTED*********************
GET /api/partner 304 126.332 ms - -
2022-04-18 12:01:12:112 info: 
**********************REQUEST_STARTED*********************
OPTIONS /api/admin/service/category?limit=5&page=1 204 0.097 ms - 0
2022-04-18 12:01:13:113 info: 
**********************REQUEST_STARTED*********************
GET /api/admin/service/category?limit=5&page=1 304 1140.302 ms - -
2022-04-18 12:01:14:114 info: 
**********************REQUEST_STARTED*********************
OPTIONS /api/partner 204 0.179 ms - 0
2022-04-18 12:01:15:115 info: 
**********************REQUEST_STARTED*********************
GET /api/partner 304 369.995 ms - -
2022-04-18 12:01:28:128 info: 
**********************REQUEST_STARTED*********************
OPTIONS /api/admin/service 204 0.107 ms - 0
2022-04-18 12:01:28:128 info: 
**********************REQUEST_STARTED*********************
GET /api/admin/service 304 187.910 ms - -
2022-04-18 12:01:33:133 info: 
**********************REQUEST_STARTED*********************
OPTIONS /api/admin/service/category 204 0.149 ms - 0
2022-04-18 12:01:33:133 info: 
**********************REQUEST_STARTED*********************
GET /api/admin/service/category 304 166.606 ms - -
2022-04-18 12:02:51:251 info: 
**********************REQUEST_STARTED*********************
OPTIONS /api/admin/service/category 204 0.126 ms - 0
2022-04-18 12:02:51:251 info: 
**********************REQUEST_STARTED*********************
GET /api/admin/service/category 304 162.654 ms - -
2022-04-18 12:02:53:253 info: 
**********************REQUEST_STARTED*********************
OPTIONS /api/admin/service 204 0.133 ms - 0
2022-04-18 12:02:54:254 info: 
**********************REQUEST_STARTED*********************
GET /api/admin/service 304 159.006 ms - -
2022-04-18 12:03:10:310 info: 
**********************REQUEST_STARTED*********************
OPTIONS /api/admin/service 204 0.123 ms - 0
2022-04-18 12:03:10:310 info: 
**********************REQUEST_STARTED*********************
GET /api/admin/service 304 139.546 ms - -
2022-04-18 12:03:28:328 info: 
**********************REQUEST_STARTED*********************
OPTIONS /api/admin/service 204 0.205 ms - 0
2022-04-18 12:03:29:329 info: 
**********************REQUEST_STARTED*********************
GET /api/admin/service 304 175.717 ms - -
2022-04-18 12:04:02:42 info: 
**********************REQUEST_STARTED*********************
OPTIONS /api/admin/service 204 0.193 ms - 0
2022-04-18 12:04:02:42 info: 
**********************REQUEST_STARTED*********************
GET /api/admin/service 304 141.461 ms - -
2022-04-18 12:04:07:47 info: 
**********************REQUEST_STARTED*********************
OPTIONS /api/admin/service 204 0.127 ms - 0
2022-04-18 12:04:07:47 info: 
**********************REQUEST_STARTED*********************
GET /api/admin/service 304 150.875 ms - -
2022-04-18 12:04:29:429 info: 
**********************REQUEST_STARTED*********************
OPTIONS /api/admin/service 204 0.106 ms - 0
2022-04-18 12:04:29:429 info: 
**********************REQUEST_STARTED*********************
GET /api/admin/service 304 137.211 ms - -
2022-04-18 12:04:37:437 info: 
**********************REQUEST_STARTED*********************
OPTIONS /api/admin/service 204 0.113 ms - 0
2022-04-18 12:04:38:438 info: 
**********************REQUEST_STARTED*********************
GET /api/admin/service 304 169.361 ms - -
2022-04-18 12:04:48:448 info: 
**********************REQUEST_STARTED*********************
OPTIONS /api/admin/service 204 0.094 ms - 0
2022-04-18 12:04:48:448 info: 
**********************REQUEST_STARTED*********************
GET /api/admin/service 304 164.463 ms - -
2022-04-18 12:05:01:51 info: 
**********************REQUEST_STARTED*********************
OPTIONS /api/admin/service 204 0.138 ms - 0
2022-04-18 12:05:01:51 info: 
**********************REQUEST_STARTED*********************
GET /api/admin/service 304 171.490 ms - -
2022-04-18 12:05:06:56 info: 
**********************REQUEST_STARTED*********************
OPTIONS /api/admin/service 204 0.158 ms - 0
2022-04-18 12:05:06:56 info: 
**********************REQUEST_STARTED*********************
GET /api/admin/service 304 127.621 ms - -
2022-04-18 12:05:13:513 info: 
**********************REQUEST_STARTED*********************
OPTIONS /api/admin/service 204 0.182 ms - 0
2022-04-18 12:05:13:513 info: 
**********************REQUEST_STARTED*********************
GET /api/admin/service 304 161.652 ms - -
2022-04-18 12:05:20:520 info: 
**********************REQUEST_STARTED*********************
OPTIONS /api/partner 204 0.230 ms - 0
2022-04-18 12:05:20:520 info: 
**********************REQUEST_STARTED*********************
GET /api/partner 304 95.259 ms - -
2022-04-18 12:05:21:521 info: 
**********************REQUEST_STARTED*********************
OPTIONS /api/admin/service 204 0.124 ms - 0
2022-04-18 12:05:21:521 info: 
**********************REQUEST_STARTED*********************
GET /api/admin/service 304 193.726 ms - -
2022-04-18 12:05:23:523 info: 
**********************REQUEST_STARTED*********************
OPTIONS /api/admin/service/category 204 0.183 ms - 0
2022-04-18 12:05:23:523 info: 
**********************REQUEST_STARTED*********************
GET /api/admin/service/category 304 155.843 ms - -
2022-04-18 12:05:44:544 info: 
**********************REQUEST_STARTED*********************
OPTIONS /api/admin/service 204 0.114 ms - 0
2022-04-18 12:05:44:544 info: 
**********************REQUEST_STARTED*********************
GET /api/admin/service 304 148.644 ms - -
2022-04-18 12:05:47:547 info: 
**********************REQUEST_STARTED*********************
OPTIONS /api/admin/service/category 204 0.115 ms - 0
2022-04-18 12:05:47:547 info: 
**********************REQUEST_STARTED*********************
GET /api/admin/service/category 304 136.644 ms - -
2022-04-18 12:05:48:548 info: 
**********************REQUEST_STARTED*********************
GET /api/admin/service 304 151.808 ms - -
2022-04-18 12:06:37:637 info: 
**********************REQUEST_STARTED*********************
OPTIONS /api/admin/service 204 0.109 ms - 0
2022-04-18 12:06:37:637 info: 
**********************REQUEST_STARTED*********************
GET /api/admin/service 304 139.438 ms - -
2022-04-18 12:06:48:648 info: 
**********************REQUEST_STARTED*********************
OPTIONS /api/admin/service 204 0.181 ms - 0
2022-04-18 12:06:48:648 info: 
**********************REQUEST_STARTED*********************
GET /api/admin/service 304 173.976 ms - -
2022-04-18 12:07:17:717 info: 
**********************REQUEST_STARTED*********************
OPTIONS /api/admin/service 204 0.112 ms - 0
2022-04-18 12:07:17:717 info: 
**********************REQUEST_STARTED*********************
GET /api/admin/service 304 248.905 ms - -
2022-04-18 12:07:25:725 info: 
**********************REQUEST_STARTED*********************
OPTIONS /api/admin/service 204 0.112 ms - 0
2022-04-18 12:07:26:726 info: 
**********************REQUEST_STARTED*********************
GET /api/admin/service 304 254.617 ms - -
2022-04-18 12:07:31:731 info: 
**********************REQUEST_STARTED*********************
GET /api/admin/service 304 719.069 ms - -
2022-04-18 12:07:35:735 info: 
**********************REQUEST_STARTED*********************
OPTIONS /api/admin/service 204 0.144 ms - 0
2022-04-18 12:07:35:735 info: 
**********************REQUEST_STARTED*********************
GET /api/admin/service 304 398.471 ms - -
2022-04-18 12:07:40:740 info: 
**********************REQUEST_STARTED*********************
OPTIONS /api/admin/service 204 0.092 ms - 0
2022-04-18 12:07:40:740 info: 
**********************REQUEST_STARTED*********************
GET /api/admin/service 304 181.005 ms - -
2022-04-18 12:07:58:758 info: 
**********************REQUEST_STARTED*********************
OPTIONS /api/admin/service 204 0.099 ms - 0
2022-04-18 12:07:59:759 info: 
**********************REQUEST_STARTED*********************
GET /api/admin/service 304 429.478 ms - -
2022-04-18 12:08:35:835 info: 
**********************REQUEST_STARTED*********************
OPTIONS /api/admin/service 204 0.123 ms - 0
2022-04-18 12:08:35:835 info: 
**********************REQUEST_STARTED*********************
GET /api/admin/service 304 322.458 ms - -
2022-04-18 12:09:12:912 info: 
**********************REQUEST_STARTED*********************
OPTIONS /api/admin/service 204 0.141 ms - 0
2022-04-18 12:09:13:913 info: 
**********************REQUEST_STARTED*********************
GET /api/admin/service 304 286.655 ms - -
2022-04-18 12:09:24:924 info: 
**********************REQUEST_STARTED*********************
OPTIONS /api/admin/service/category 204 0.116 ms - 0
2022-04-18 12:09:24:924 info: 
**********************REQUEST_STARTED*********************
GET /api/admin/service/category 304 363.403 ms - -
2022-04-18 12:09:28:928 info: 
**********************REQUEST_STARTED*********************
OPTIONS /api/partner 204 0.179 ms - 0
2022-04-18 12:09:29:929 info: 
**********************REQUEST_STARTED*********************
GET /api/partner 304 154.077 ms - -
2022-04-18 12:09:34:934 info: 
**********************REQUEST_STARTED*********************
OPTIONS /api/admin/service/category 204 0.110 ms - 0
2022-04-18 12:09:34:934 info: 
**********************REQUEST_STARTED*********************
GET /api/admin/service/category 304 270.762 ms - -
2022-04-18 12:11:43:1143 info: 
**********************REQUEST_STARTED*********************
OPTIONS /api/admin/service 204 0.109 ms - 0
2022-04-18 12:11:43:1143 info: 
**********************REQUEST_STARTED*********************
GET /api/admin/service 304 134.939 ms - -
2022-04-18 12:11:44:1144 info: 
**********************REQUEST_STARTED*********************
OPTIONS /api/partner 204 0.124 ms - 0
2022-04-18 12:11:45:1145 info: 
**********************REQUEST_STARTED*********************
GET /api/partner 304 154.720 ms - -
2022-04-18 12:14:01:141 info: 
**********************REQUEST_STARTED*********************
OPTIONS /api/admin/service 204 0.156 ms - 0
2022-04-18 12:14:02:142 info: 
**********************REQUEST_STARTED*********************
GET /api/admin/service 304 433.025 ms - -
2022-04-18 12:15:28:1528 info: 
**********************REQUEST_STARTED*********************
OPTIONS /api/admin/service/category 204 0.155 ms - 0
2022-04-18 12:15:28:1528 info: 
**********************REQUEST_STARTED*********************
GET /api/admin/service/category 304 148.355 ms - -
2022-04-18 12:15:31:1531 info: 
**********************REQUEST_STARTED*********************
OPTIONS /api/partner 204 0.101 ms - 0
2022-04-18 12:15:31:1531 info: 
**********************REQUEST_STARTED*********************
GET /api/partner 304 61.036 ms - -
2022-04-18 12:17:11:1711 info: 
**********************REQUEST_STARTED*********************
OPTIONS /api/partner 204 0.100 ms - 0
2022-04-18 12:17:11:1711 info: 
**********************REQUEST_STARTED*********************
GET /api/partner 304 79.076 ms - -
2022-04-18 12:17:25:1725 info: 
**********************REQUEST_STARTED*********************
OPTIONS /api/admin/service 204 0.252 ms - 0
2022-04-18 12:17:25:1725 info: 
**********************REQUEST_STARTED*********************
GET /api/admin/service 304 298.737 ms - -
2022-04-18 12:18:50:1850 info: 
**********************REQUEST_STARTED*********************
OPTIONS /api/admin/service/category?limit=5&page=1 204 0.125 ms - 0
2022-04-18 12:18:50:1850 info: 
**********************REQUEST_STARTED*********************
GET /api/admin/service/category?limit=5&page=1 304 217.809 ms - -
2022-04-18 12:18:50:1850 info: 
**********************REQUEST_STARTED*********************
OPTIONS /api/partner/?limit=5&page=1 204 0.259 ms - 0
2022-04-18 12:18:51:1851 info: 
**********************REQUEST_STARTED*********************
GET /api/partner/?limit=5&page=1 304 134.291 ms - -
2022-04-18 12:18:51:1851 info: 
**********************REQUEST_STARTED*********************
OPTIONS /api/admin/service/625aa1bb42c3c2845afbae7c 204 0.091 ms - 0
2022-04-18 12:18:51:1851 info: 
**********************REQUEST_STARTED*********************
GET /api/admin/service/625aa1bb42c3c2845afbae7c 304 171.937 ms - -
2022-04-18 12:18:52:1852 info: 
**********************REQUEST_STARTED*********************
OPTIONS /api/admin/service 204 0.152 ms - 0
2022-04-18 12:18:52:1852 info: 
**********************REQUEST_STARTED*********************
GET /api/admin/service 304 456.982 ms - -
2022-04-18 12:20:44:2044 info: 
**********************REQUEST_STARTED*********************
OPTIONS /api/partner 204 0.106 ms - 0
2022-04-18 12:20:44:2044 info: 
**********************REQUEST_STARTED*********************
GET /api/partner 304 637.624 ms - -
2022-04-18 12:20:59:2059 info: 
**********************REQUEST_STARTED*********************
OPTIONS /api/partner 204 0.133 ms - 0
2022-04-18 12:20:59:2059 info: 
**********************REQUEST_STARTED*********************
GET /api/partner 304 340.896 ms - -
2022-04-18 12:21:17:2117 info: 
**********************REQUEST_STARTED*********************
OPTIONS /api/subscription 204 0.207 ms - 0
2022-04-18 12:21:19:2119 info: 
**********************REQUEST_STARTED*********************
GET /api/subscription 200 1470.326 ms - 2780
2022-04-18 12:21:25:2125 info: 
**********************REQUEST_STARTED*********************
OPTIONS /api/subscription 204 0.506 ms - 0
2022-04-18 12:21:26:2126 info: 
**********************REQUEST_STARTED*********************
GET /api/subscription 304 774.383 ms - -
2022-04-18 12:24:11:2411 info: 
**********************REQUEST_STARTED*********************
OPTIONS /api/subscription 204 0.201 ms - 0
2022-04-18 12:24:13:2413 info: 
**********************REQUEST_STARTED*********************
GET /api/subscription 304 1407.668 ms - -
2022-04-18 12:24:36:2436 info: 
**********************REQUEST_STARTED*********************
OPTIONS /api/subscription 204 0.142 ms - 0
2022-04-18 12:24:37:2437 info: 
**********************REQUEST_STARTED*********************
GET /api/subscription 304 597.389 ms - -
2022-04-18 12:24:51:2451 info: 
**********************REQUEST_STARTED*********************
OPTIONS /api/subscription 204 0.134 ms - 0
2022-04-18 12:24:52:2452 info: 
**********************REQUEST_STARTED*********************
GET /api/subscription 304 921.294 ms - -
2022-04-18 12:25:13:2513 info: 
**********************REQUEST_STARTED*********************
OPTIONS /api/subscription 204 0.217 ms - 0
2022-04-18 12:25:14:2514 info: 
**********************REQUEST_STARTED*********************
GET /api/subscription 304 1154.748 ms - -
2022-04-18 12:26:07:267 info: 
**********************REQUEST_STARTED*********************
OPTIONS /api/subscription 204 0.410 ms - 0
2022-04-18 12:26:08:268 info: 
**********************REQUEST_STARTED*********************
GET /api/subscription 304 729.547 ms - -
2022-04-18 12:27:00:270 info: 
**********************REQUEST_STARTED*********************
OPTIONS /api/subscription 204 0.117 ms - 0
2022-04-18 12:27:01:271 info: 
**********************REQUEST_STARTED*********************
GET /api/subscription 304 722.334 ms - -
2022-04-18 12:27:25:2725 info: 
**********************REQUEST_STARTED*********************
OPTIONS /api/subscription 204 0.106 ms - 0
2022-04-18 12:27:25:2725 info: 
**********************REQUEST_STARTED*********************
GET /api/subscription 304 951.053 ms - -
2022-04-18 12:27:41:2741 info: 
**********************REQUEST_STARTED*********************
OPTIONS /api/subscription 204 0.126 ms - 0
2022-04-18 12:27:42:2742 info: 
**********************REQUEST_STARTED*********************
GET /api/subscription 304 681.032 ms - -
2022-04-18 12:27:55:2755 info: 
**********************REQUEST_STARTED*********************
OPTIONS /api/subscription 204 0.096 ms - 0
2022-04-18 12:27:56:2756 info: 
**********************REQUEST_STARTED*********************
GET /api/subscription 304 956.064 ms - -
2022-04-18 12:28:05:285 info: 
**********************REQUEST_STARTED*********************
OPTIONS /api/subscription 204 0.250 ms - 0
2022-04-18 12:28:07:287 info: 
**********************REQUEST_STARTED*********************
GET /api/subscription 304 1217.962 ms - -
2022-04-18 12:28:24:2824 info: 
**********************REQUEST_STARTED*********************
OPTIONS /api/subscription 204 0.123 ms - 0
2022-04-18 12:28:24:2824 info: 
**********************REQUEST_STARTED*********************
GET /api/subscription 304 871.923 ms - -
2022-04-18 12:28:56:2856 info: 
**********************REQUEST_STARTED*********************
OPTIONS /api/subscription 204 0.118 ms - 0
2022-04-18 12:28:57:2857 info: 
**********************REQUEST_STARTED*********************
GET /api/subscription 304 674.917 ms - -
2022-04-18 12:30:12:3012 info: 
**********************REQUEST_STARTED*********************
OPTIONS /api/subscription 204 0.110 ms - 0
2022-04-18 12:30:13:3013 info: 
**********************REQUEST_STARTED*********************
GET /api/subscription 304 1286.400 ms - -
2022-04-18 12:31:41:3141 info: 
**********************REQUEST_STARTED*********************
OPTIONS /api/subscription 204 0.125 ms - 0
2022-04-18 12:31:42:3142 info: 
**********************REQUEST_STARTED*********************
GET /api/subscription 304 1198.698 ms - -
2022-04-18 12:32:00:320 info: 
**********************REQUEST_STARTED*********************
OPTIONS /api/subscription 204 0.123 ms - 0
2022-04-18 12:32:01:321 info: 
**********************REQUEST_STARTED*********************
GET /api/subscription 304 702.712 ms - -
2022-04-18 12:32:42:3242 info: 
**********************REQUEST_STARTED*********************
OPTIONS /api/subscription 204 0.133 ms - 0
2022-04-18 12:32:47:3247 info: 
**********************REQUEST_STARTED*********************
GET /api/subscription 304 4717.677 ms - -
2022-04-18 12:33:28:3328 info: 
**********************REQUEST_STARTED*********************
OPTIONS /api/subscription 204 0.172 ms - 0
2022-04-18 12:33:30:3330 info: 
**********************REQUEST_STARTED*********************
GET /api/subscription 304 2499.329 ms - -
2022-04-18 12:33:36:3336 info: 
**********************REQUEST_STARTED*********************
OPTIONS /api/subscription 204 0.161 ms - 0
2022-04-18 12:33:38:3338 info: 
**********************REQUEST_STARTED*********************
GET /api/subscription 304 2440.851 ms - -
2022-04-18 12:34:20:3420 info: 
**********************REQUEST_STARTED*********************
OPTIONS /api/subscription 204 0.235 ms - 0
2022-04-18 12:34:22:3422 info: 
**********************REQUEST_STARTED*********************
GET /api/subscription 304 2049.621 ms - -
2022-04-18 12:34:34:3434 info: 
**********************REQUEST_STARTED*********************
OPTIONS /api/partner 204 0.182 ms - 0
2022-04-18 12:34:36:3436 info: 
**********************REQUEST_STARTED*********************
GET /api/partner 304 2075.914 ms - -
2022-04-18 12:34:43:3443 info: 
**********************REQUEST_STARTED*********************
OPTIONS /api/admin/service 204 0.169 ms - 0
2022-04-18 12:34:44:3444 info: 
**********************REQUEST_STARTED*********************
GET /api/admin/service 304 451.718 ms - -
2022-04-18 12:34:47:3447 info: 
**********************REQUEST_STARTED*********************
OPTIONS /api/admin/service/category 204 0.100 ms - 0
2022-04-18 12:34:48:3448 info: 
**********************REQUEST_STARTED*********************
GET /api/admin/service/category 304 501.770 ms - -
2022-04-18 12:34:50:3450 info: 
**********************REQUEST_STARTED*********************
OPTIONS /api/subscription 204 0.131 ms - 0
2022-04-18 12:34:53:3453 info: 
**********************REQUEST_STARTED*********************
GET /api/subscription 304 3614.892 ms - -
2022-04-18 12:34:58:3458 info: 
**********************REQUEST_STARTED*********************
OPTIONS /api/admin/service 204 0.126 ms - 0
2022-04-18 12:34:58:3458 info: 
**********************REQUEST_STARTED*********************
GET /api/admin/service 304 727.440 ms - -
2022-04-18 12:35:00:350 info: 
**********************REQUEST_STARTED*********************
OPTIONS /api/subscription 204 0.118 ms - 0
2022-04-18 12:35:02:352 info: 
**********************REQUEST_STARTED*********************
GET /api/subscription 304 1483.261 ms - -
2022-04-18 12:36:00:360 info: 
**********************REQUEST_STARTED*********************
OPTIONS /api/subscription 204 0.132 ms - 0
2022-04-18 12:36:01:361 info: 
**********************REQUEST_STARTED*********************
GET /api/subscription 304 914.334 ms - -
2022-04-18 12:38:43:3843 info: 
**********************REQUEST_STARTED*********************
OPTIONS /api/partner 204 0.165 ms - 0
2022-04-18 12:38:43:3843 info: 
**********************REQUEST_STARTED*********************
GET /api/partner 304 74.130 ms - -
2022-04-18 12:38:49:3849 info: 
**********************REQUEST_STARTED*********************
OPTIONS /api/subscription 204 0.287 ms - 0
2022-04-18 12:38:50:3850 info: 
**********************REQUEST_STARTED*********************
GET /api/subscription 304 853.755 ms - -
2022-04-18 12:41:11:4111 info: 
**********************REQUEST_STARTED*********************
OPTIONS /api/admin/service 204 0.231 ms - 0
2022-04-18 12:41:11:4111 info: 
**********************REQUEST_STARTED*********************
GET /api/admin/service 304 135.111 ms - -
2022-04-18 12:48:44:4844 info: 
**********************REQUEST_STARTED*********************
OPTIONS /api/admin/service/category?limit=5&page=1 204 0.258 ms - 0
2022-04-18 12:48:45:4845 info: 
**********************REQUEST_STARTED*********************
GET /api/admin/service/category?limit=5&page=1 304 1244.331 ms - -
2022-04-18 12:48:45:4845 info: 
**********************REQUEST_STARTED*********************
OPTIONS /api/partner/?limit=5&page=1 204 0.189 ms - 0
2022-04-18 12:48:45:4845 info: 
**********************REQUEST_STARTED*********************
GET /api/partner/?limit=5&page=1 304 179.642 ms - -
2022-04-18 12:48:45:4845 info: 
**********************REQUEST_STARTED*********************
OPTIONS /api/admin/service/625aa1bb42c3c2845afbae7c 204 0.240 ms - 0
2022-04-18 12:48:46:4846 info: 
**********************REQUEST_STARTED*********************
GET /api/admin/service/625aa1bb42c3c2845afbae7c 304 430.488 ms - -
2022-04-18 12:48:51:4851 info: 
**********************REQUEST_STARTED*********************
OPTIONS /api/admin/service/625aa1bb42c3c2845afbae7c 204 0.288 ms - 0
2022-04-18 12:48:51:4851 info: 
**********************REQUEST_STARTED*********************
PUT /api/admin/service/625aa1bb42c3c2845afbae7c 200 363.048 ms - 423
2022-04-18 12:48:51:4851 info: 
**********************REQUEST_STARTED*********************
OPTIONS /api/admin/service 204 0.435 ms - 0
2022-04-18 12:48:51:4851 info: 
**********************REQUEST_STARTED*********************
GET /api/admin/service 200 272.710 ms - 2126
2022-04-18 12:53:02:532 info: 
**********************REQUEST_STARTED*********************
OPTIONS /api/admin/service/category?limit=5&page=1 204 0.532 ms - 0
2022-04-18 12:53:02:532 info: 
**********************REQUEST_STARTED*********************
GET /api/admin/service/category?limit=5&page=1 304 124.749 ms - -
2022-04-18 12:53:02:532 info: 
**********************REQUEST_STARTED*********************
OPTIONS /api/partner/?limit=5&page=1 204 0.215 ms - 0
2022-04-18 12:53:02:532 info: 
**********************REQUEST_STARTED*********************
GET /api/partner/?limit=5&page=1 304 77.372 ms - -
2022-04-18 12:53:02:532 info: 
**********************REQUEST_STARTED*********************
OPTIONS /api/admin/service/625aa1bb42c3c2845afbae7c 204 0.171 ms - 0
2022-04-18 12:53:02:532 info: 
**********************REQUEST_STARTED*********************
GET /api/admin/service/625aa1bb42c3c2845afbae7c 200 104.309 ms - 1087
2022-04-18 12:53:04:534 info: 
**********************REQUEST_STARTED*********************
OPTIONS /api/admin/service 204 0.259 ms - 0
2022-04-18 12:53:05:535 info: 
**********************REQUEST_STARTED*********************
GET /api/admin/service 304 109.430 ms - -
2022-04-18 12:53:09:539 info: 
**********************REQUEST_STARTED*********************
OPTIONS /api/admin/service/category?limit=5&page=1 204 0.178 ms - 0
2022-04-18 12:53:09:539 info: 
**********************REQUEST_STARTED*********************
GET /api/admin/service/category?limit=5&page=1 304 350.843 ms - -
2022-04-18 12:53:09:539 info: 
**********************REQUEST_STARTED*********************
OPTIONS /api/partner/?limit=5&page=1 204 0.329 ms - 0
2022-04-18 12:53:09:539 info: 
**********************REQUEST_STARTED*********************
GET /api/partner/?limit=5&page=1 304 121.282 ms - -
2022-04-18 12:53:09:539 info: 
**********************REQUEST_STARTED*********************
OPTIONS /api/admin/service/625d05068f911fb14e3e0f5c 204 0.294 ms - 0
2022-04-18 12:53:09:539 info: 
**********************REQUEST_STARTED*********************
GET /api/admin/service/625d05068f911fb14e3e0f5c 200 143.735 ms - 1076
2022-04-18 12:53:11:5311 info: 
**********************REQUEST_STARTED*********************
OPTIONS /api/admin/service 204 0.178 ms - 0
2022-04-18 12:53:11:5311 info: 
**********************REQUEST_STARTED*********************
GET /api/admin/service 304 162.094 ms - -
2022-04-18 12:53:36:5336 info: 
**********************REQUEST_STARTED*********************
OPTIONS /api/admin/service/category?limit=5&page=1 204 0.290 ms - 0
2022-04-18 12:53:36:5336 info: 
**********************REQUEST_STARTED*********************
GET /api/admin/service/category?limit=5&page=1 304 235.216 ms - -
2022-04-18 12:53:36:5336 info: 
**********************REQUEST_STARTED*********************
OPTIONS /api/partner/?limit=5&page=1 204 0.164 ms - 0
2022-04-18 12:53:36:5336 info: 
**********************REQUEST_STARTED*********************
GET /api/partner/?limit=5&page=1 304 96.522 ms - -
2022-04-18 12:53:36:5336 info: 
**********************REQUEST_STARTED*********************
OPTIONS /api/admin/service/625aa1bb42c3c2845afbae7c 204 0.212 ms - 0
2022-04-18 12:53:36:5336 info: 
**********************REQUEST_STARTED*********************
GET /api/admin/service/625aa1bb42c3c2845afbae7c 304 137.652 ms - -
2022-04-18 12:53:37:5337 info: 
**********************REQUEST_STARTED*********************
OPTIONS /api/admin/service 204 0.203 ms - 0
2022-04-18 12:53:38:5338 info: 
**********************REQUEST_STARTED*********************
GET /api/admin/service 304 128.436 ms - -
2022-04-18 12:55:41:5541 info: 
**********************REQUEST_STARTED*********************
OPTIONS /api/admin/service/category 204 0.170 ms - 0
2022-04-18 12:55:41:5541 info: 
**********************REQUEST_STARTED*********************
GET /api/admin/service/category 304 117.187 ms - -
2022-04-18 12:55:42:5542 info: 
**********************REQUEST_STARTED*********************
OPTIONS /api/admin/service 204 0.253 ms - 0
2022-04-18 12:55:42:5542 info: 
**********************REQUEST_STARTED*********************
GET /api/admin/service 304 102.526 ms - -
2022-04-18 12:55:42:5542 info: 
**********************REQUEST_STARTED*********************
GET /api/admin/service 304 127.415 ms - -
2022-04-18 12:55:51:5551 info: 
**********************REQUEST_STARTED*********************
OPTIONS /api/admin/service 204 0.475 ms - 0
2022-04-18 12:55:52:5552 info: 
**********************REQUEST_STARTED*********************
GET /api/admin/service 304 131.211 ms - -
2022-04-18 12:56:13:5613 info: 
**********************REQUEST_STARTED*********************
OPTIONS /api/admin/service 204 0.158 ms - 0
2022-04-18 12:56:13:5613 info: 
**********************REQUEST_STARTED*********************
GET /api/admin/service 304 111.009 ms - -
2022-04-18 12:56:18:5618 info: 
**********************REQUEST_STARTED*********************
OPTIONS /api/admin/service/category 204 0.264 ms - 0
2022-04-18 12:56:18:5618 info: 
**********************REQUEST_STARTED*********************
GET /api/admin/service/category 304 343.134 ms - -
2022-04-18 12:56:20:5620 info: 
**********************REQUEST_STARTED*********************
OPTIONS /api/admin/service 204 0.255 ms - 0
2022-04-18 12:56:20:5620 info: 
**********************REQUEST_STARTED*********************
GET /api/admin/service 304 113.707 ms - -
2022-04-18 12:56:24:5624 info: 
**********************REQUEST_STARTED*********************
OPTIONS /api/admin/service/category 204 0.339 ms - 0
2022-04-18 12:56:24:5624 info: 
**********************REQUEST_STARTED*********************
GET /api/admin/service/category 304 121.499 ms - -
2022-04-18 12:56:26:5626 info: 
**********************REQUEST_STARTED*********************
OPTIONS /api/admin/service 204 0.301 ms - 0
2022-04-18 12:56:26:5626 info: 
**********************REQUEST_STARTED*********************
GET /api/admin/service 304 124.755 ms - -
2022-04-18 12:56:29:5629 info: 
**********************REQUEST_STARTED*********************
OPTIONS /api/admin/service/category?limit=5&page=1 204 0.486 ms - 0
2022-04-18 12:56:29:5629 info: 
**********************REQUEST_STARTED*********************
GET /api/admin/service/category?limit=5&page=1 304 102.598 ms - -
2022-04-18 12:56:29:5629 info: 
**********************REQUEST_STARTED*********************
OPTIONS /api/partner/?limit=5&page=1 204 0.255 ms - 0
2022-04-18 12:56:29:5629 info: 
**********************REQUEST_STARTED*********************
GET /api/partner/?limit=5&page=1 304 116.124 ms - -
2022-04-18 12:56:29:5629 info: 
**********************REQUEST_STARTED*********************
OPTIONS /api/admin/service/625aa1bb42c3c2845afbae7c 204 0.198 ms - 0
2022-04-18 12:56:30:5630 info: 
**********************REQUEST_STARTED*********************
GET /api/admin/service/625aa1bb42c3c2845afbae7c 304 117.588 ms - -
2022-04-18 12:56:31:5631 info: 
**********************REQUEST_STARTED*********************
OPTIONS /api/admin/service 204 0.291 ms - 0
2022-04-18 12:56:32:5632 info: 
**********************REQUEST_STARTED*********************
GET /api/admin/service 304 174.384 ms - -
2022-04-18 12:56:55:5655 info: 
**********************REQUEST_STARTED*********************
OPTIONS /api/admin/service 204 0.170 ms - 0
2022-04-18 12:56:55:5655 info: 
**********************REQUEST_STARTED*********************
GET /api/admin/service 304 115.466 ms - -
2022-04-18 12:56:57:5657 info: 
**********************REQUEST_STARTED*********************
GET /api/admin/service 304 110.585 ms - -
2022-04-18 12:57:01:571 info: 
**********************REQUEST_STARTED*********************
OPTIONS /api/admin/service 204 0.681 ms - 0
2022-04-18 12:57:01:571 info: 
**********************REQUEST_STARTED*********************
GET /api/admin/service 304 148.089 ms - -
2022-04-18 12:57:05:575 info: 
**********************REQUEST_STARTED*********************
GET /api/admin/service 304 178.351 ms - -
2022-04-18 12:57:29:5729 info: 
**********************REQUEST_STARTED*********************
OPTIONS /api/admin/service/category?limit=5&page=1 204 0.235 ms - 0
2022-04-18 12:57:29:5729 info: 
**********************REQUEST_STARTED*********************
GET /api/admin/service/category?limit=5&page=1 304 131.751 ms - -
2022-04-18 12:57:29:5729 info: 
**********************REQUEST_STARTED*********************
OPTIONS /api/partner/?limit=5&page=1 204 0.202 ms - 0
2022-04-18 12:57:29:5729 info: 
**********************REQUEST_STARTED*********************
GET /api/partner/?limit=5&page=1 304 78.364 ms - -
2022-04-18 12:57:30:5730 info: 
**********************REQUEST_STARTED*********************
OPTIONS /api/admin/service/625aa1bb42c3c2845afbae7c 204 0.243 ms - 0
2022-04-18 12:57:30:5730 info: 
**********************REQUEST_STARTED*********************
GET /api/admin/service/625aa1bb42c3c2845afbae7c 304 172.291 ms - -
2022-04-18 12:57:31:5731 info: 
**********************REQUEST_STARTED*********************
OPTIONS /api/admin/service 204 0.253 ms - 0
2022-04-18 12:57:31:5731 info: 
**********************REQUEST_STARTED*********************
GET /api/admin/service 304 97.447 ms - -
2022-04-18 12:58:00:580 info: 
**********************REQUEST_STARTED*********************
OPTIONS /api/partner 204 0.300 ms - 0
2022-04-18 12:58:00:580 info: 
**********************REQUEST_STARTED*********************
GET /api/partner 304 94.556 ms - -
2022-04-18 13:00:53:053 info: 
**********************REQUEST_STARTED*********************
OPTIONS /api/partner 204 0.163 ms - 0
2022-04-18 13:00:53:053 info: 
**********************REQUEST_STARTED*********************
GET /api/partner 304 136.556 ms - -
2022-04-18 13:01:00:10 info: 
**********************REQUEST_STARTED*********************
OPTIONS /api/partner 204 0.350 ms - 0
2022-04-18 13:01:00:10 info: 
**********************REQUEST_STARTED*********************
GET /api/partner 304 110.330 ms - -
2022-04-18 13:01:06:16 info: 
**********************REQUEST_STARTED*********************
OPTIONS /api/partner 204 0.218 ms - 0
2022-04-18 13:01:06:16 info: 
**********************REQUEST_STARTED*********************
GET /api/partner 304 83.405 ms - -
2022-04-18 13:01:09:19 info: 
**********************REQUEST_STARTED*********************
GET /api/partner 304 252.869 ms - -
2022-04-18 13:01:39:139 info: 
**********************REQUEST_STARTED*********************
OPTIONS /api/partner 204 0.155 ms - 0
2022-04-18 13:01:39:139 info: 
**********************REQUEST_STARTED*********************
GET /api/partner 304 68.189 ms - -
2022-04-18 13:01:42:142 info: 
**********************REQUEST_STARTED*********************
GET /api/partner 304 71.993 ms - -
2022-04-18 13:01:46:146 info: 
**********************REQUEST_STARTED*********************
OPTIONS /api/partner 204 0.214 ms - 0
2022-04-18 13:01:46:146 info: 
**********************REQUEST_STARTED*********************
GET /api/partner 304 71.153 ms - -
2022-04-18 13:01:49:149 info: 
**********************REQUEST_STARTED*********************
OPTIONS /api/subscription 204 0.249 ms - 0
2022-04-18 13:01:50:150 info: 
**********************REQUEST_STARTED*********************
GET /api/subscription 304 840.882 ms - -
2022-04-18 13:03:32:332 info: 
**********************REQUEST_STARTED*********************
OPTIONS /api/subscription 204 0.190 ms - 0
2022-04-18 13:03:33:333 info: 
**********************REQUEST_STARTED*********************
GET /api/subscription 304 762.832 ms - -
2022-04-18 13:03:35:335 info: 
**********************REQUEST_STARTED*********************
OPTIONS /api/admin/service 204 0.194 ms - 0
2022-04-18 13:03:35:335 info: 
**********************REQUEST_STARTED*********************
GET /api/admin/service 304 110.665 ms - -
2022-04-18 13:03:37:337 info: 
**********************REQUEST_STARTED*********************
OPTIONS /api/partner 204 0.269 ms - 0
2022-04-18 13:03:37:337 info: 
**********************REQUEST_STARTED*********************
GET /api/partner 304 87.819 ms - -
2022-04-18 13:03:38:338 info: 
**********************REQUEST_STARTED*********************
OPTIONS /api/subscription 204 0.244 ms - 0
2022-04-18 13:03:39:339 info: 
**********************REQUEST_STARTED*********************
GET /api/subscription 304 585.783 ms - -
2022-04-18 13:03:44:344 info: 
**********************REQUEST_STARTED*********************
OPTIONS /api/partner 204 0.224 ms - 0
2022-04-18 13:03:44:344 info: 
**********************REQUEST_STARTED*********************
GET /api/partner 304 73.346 ms - -
2022-04-18 13:03:47:347 info: 
**********************REQUEST_STARTED*********************
OPTIONS /api/admin/service 204 0.204 ms - 0
2022-04-18 13:03:47:347 info: 
**********************REQUEST_STARTED*********************
GET /api/admin/service 304 152.853 ms - -
2022-04-18 13:03:49:349 info: 
**********************REQUEST_STARTED*********************
OPTIONS /api/admin/service/category 204 0.282 ms - 0
2022-04-18 13:03:49:349 info: 
**********************REQUEST_STARTED*********************
GET /api/admin/service/category 304 112.406 ms - -
2022-04-18 13:03:51:351 info: 
**********************REQUEST_STARTED*********************
GET /api/admin/service 304 100.919 ms - -
2022-04-18 13:03:53:353 info: 
**********************REQUEST_STARTED*********************
GET /api/admin/service/category 304 92.614 ms - -
2022-04-18 13:03:56:356 info: 
**********************REQUEST_STARTED*********************
OPTIONS /api/partner 204 0.243 ms - 0
2022-04-18 13:03:56:356 info: 
**********************REQUEST_STARTED*********************
GET /api/partner 304 68.975 ms - -
2022-04-18 13:03:58:358 info: 
**********************REQUEST_STARTED*********************
OPTIONS /api/admin/service 204 0.168 ms - 0
2022-04-18 13:03:58:358 info: 
**********************REQUEST_STARTED*********************
GET /api/admin/service 304 124.499 ms - -
2022-04-18 13:04:00:40 info: 
**********************REQUEST_STARTED*********************
OPTIONS /api/admin/service/category 204 0.260 ms - 0
2022-04-18 13:04:00:40 info: 
**********************REQUEST_STARTED*********************
GET /api/admin/service/category 304 136.783 ms - -
2022-04-18 13:05:14:514 info: 
**********************REQUEST_STARTED*********************
OPTIONS /api/subscription 204 0.214 ms - 0
2022-04-18 13:05:15:515 info: 
**********************REQUEST_STARTED*********************
GET /api/subscription 304 688.867 ms - -
2022-04-18 13:06:04:64 info: 
**********************REQUEST_STARTED*********************
OPTIONS /api/partner 204 0.317 ms - 0
2022-04-18 13:06:04:64 info: 
**********************REQUEST_STARTED*********************
GET /api/partner 304 67.301 ms - -
2022-04-18 13:06:06:66 info: 
**********************REQUEST_STARTED*********************
OPTIONS /api/admin/service 204 0.286 ms - 0
2022-04-18 13:06:06:66 info: 
**********************REQUEST_STARTED*********************
GET /api/admin/service 304 98.291 ms - -
2022-04-18 13:06:08:68 info: 
**********************REQUEST_STARTED*********************
OPTIONS /api/subscription 204 0.319 ms - 0
2022-04-18 13:06:08:68 info: 
**********************REQUEST_STARTED*********************
GET /api/subscription 304 474.252 ms - -
2022-04-18 13:07:35:735 info: 
**********************REQUEST_STARTED*********************
OPTIONS /api/subscription 204 0.288 ms - 0
2022-04-18 13:07:36:736 info: 
**********************REQUEST_STARTED*********************
GET /api/subscription 304 801.955 ms - -
2022-04-18 13:14:10:1410 info: 
**********************REQUEST_STARTED*********************
OPTIONS /api/subscription 204 0.178 ms - 0
2022-04-18 13:14:11:1411 info: 
**********************REQUEST_STARTED*********************
GET /api/subscription 304 786.287 ms - -
2022-04-18 13:14:14:1414 info: 
**********************REQUEST_STARTED*********************
OPTIONS /api/partner 204 0.311 ms - 0
2022-04-18 13:14:15:1415 info: 
**********************REQUEST_STARTED*********************
GET /api/partner 304 113.443 ms - -
2022-04-18 13:14:19:1419 info: 
**********************REQUEST_STARTED*********************
OPTIONS /api/admin/service/category 204 0.323 ms - 0
2022-04-18 13:14:20:1420 info: 
**********************REQUEST_STARTED*********************
GET /api/admin/service/category 304 150.399 ms - -
2022-04-18 13:14:23:1423 info: 
**********************REQUEST_STARTED*********************
OPTIONS /api/subscription 204 0.301 ms - 0
2022-04-18 13:14:24:1424 info: 
**********************REQUEST_STARTED*********************
GET /api/subscription 304 516.471 ms - -
2022-04-18 13:14:26:1426 info: 
**********************REQUEST_STARTED*********************
OPTIONS /api/partner 204 0.164 ms - 0
2022-04-18 13:14:26:1426 info: 
**********************REQUEST_STARTED*********************
GET /api/partner 304 80.418 ms - -
2022-04-18 13:14:31:1431 info: 
**********************REQUEST_STARTED*********************
OPTIONS /api/subscription 204 0.225 ms - 0
2022-04-18 13:14:32:1432 info: 
**********************REQUEST_STARTED*********************
GET /api/subscription 304 603.555 ms - -
2022-04-18 13:14:35:1435 info: 
**********************REQUEST_STARTED*********************
OPTIONS /api/admin/service/category 204 0.173 ms - 0
2022-04-18 13:14:35:1435 info: 
**********************REQUEST_STARTED*********************
GET /api/admin/service/category 304 156.726 ms - -
2022-04-18 13:15:38:1538 info: 
**********************REQUEST_STARTED*********************
OPTIONS /api/partner 204 0.164 ms - 0
2022-04-18 13:15:39:1539 info: 
**********************REQUEST_STARTED*********************
GET /api/partner 304 443.164 ms - -
2022-04-18 13:15:44:1544 info: 
**********************REQUEST_STARTED*********************
OPTIONS /api/partner 204 0.172 ms - 0
2022-04-18 13:15:45:1545 info: 
**********************REQUEST_STARTED*********************
GET /api/partner 304 1182.050 ms - -
2022-04-18 13:15:47:1547 info: 
**********************REQUEST_STARTED*********************
OPTIONS /api/admin/service/category?limit=5&page=1 204 0.206 ms - 0
2022-04-18 13:15:47:1547 info: 
**********************REQUEST_STARTED*********************
GET /api/admin/service/category?limit=5&page=1 304 153.583 ms - -
2022-04-18 13:15:52:1552 info: 
**********************REQUEST_STARTED*********************
OPTIONS /api/admin/service 204 0.333 ms - 0
2022-04-18 13:15:52:1552 info: 
**********************REQUEST_STARTED*********************
GET /api/admin/service 304 205.227 ms - -
2022-04-18 13:15:53:1553 info: 
**********************REQUEST_STARTED*********************
OPTIONS /api/admin/service/category 204 0.207 ms - 0
2022-04-18 13:15:54:1554 info: 
**********************REQUEST_STARTED*********************
GET /api/admin/service/category 304 764.341 ms - -
2022-04-18 13:16:00:160 info: 
**********************REQUEST_STARTED*********************
OPTIONS /api/admin/service 204 0.242 ms - 0
2022-04-18 13:16:00:160 info: 
**********************REQUEST_STARTED*********************
GET /api/admin/service 304 652.226 ms - -
2022-04-18 13:22:51:2251 info: 
**********************REQUEST_STARTED*********************
OPTIONS /api/partner 204 0.482 ms - 0
2022-04-18 13:22:51:2251 info: 
**********************REQUEST_STARTED*********************
GET /api/partner 304 75.733 ms - -
2022-04-18 13:22:55:2255 info: 
**********************REQUEST_STARTED*********************
OPTIONS /api/admin/service 204 0.163 ms - 0
2022-04-18 13:22:55:2255 info: 
**********************REQUEST_STARTED*********************
GET /api/admin/service 304 138.782 ms - -
2022-04-18 13:22:59:2259 info: 
**********************REQUEST_STARTED*********************
OPTIONS /api/admin/service/category?limit=5&page=1 204 0.256 ms - 0
2022-04-18 13:22:59:2259 info: 
**********************REQUEST_STARTED*********************
GET /api/admin/service/category?limit=5&page=1 304 106.173 ms - -
2022-04-18 13:22:59:2259 info: 
**********************REQUEST_STARTED*********************
OPTIONS /api/partner/?limit=5&page=1 204 0.265 ms - 0
2022-04-18 13:22:59:2259 info: 
**********************REQUEST_STARTED*********************
GET /api/partner/?limit=5&page=1 304 90.707 ms - -
2022-04-18 13:22:59:2259 info: 
**********************REQUEST_STARTED*********************
OPTIONS /api/admin/service/625aa1bb42c3c2845afbae7c 204 0.279 ms - 0
2022-04-18 13:22:59:2259 info: 
**********************REQUEST_STARTED*********************
GET /api/admin/service/625aa1bb42c3c2845afbae7c 304 103.609 ms - -
2022-04-18 13:23:10:2310 info: 
**********************REQUEST_STARTED*********************
OPTIONS /api/admin/service 204 0.182 ms - 0
2022-04-18 13:23:10:2310 info: 
**********************REQUEST_STARTED*********************
GET /api/admin/service 304 123.498 ms - -
2022-04-18 13:23:21:2321 info: 
**********************REQUEST_STARTED*********************
OPTIONS /api/subscription 204 0.162 ms - 0
2022-04-18 13:23:22:2322 info: 
**********************REQUEST_STARTED*********************
GET /api/subscription 304 1121.866 ms - -
2022-04-18 13:39:02:392 info: 
**********************REQUEST_STARTED*********************
OPTIONS /api/subscription 204 4.946 ms - 0
2022-04-18 13:39:03:393 info: 
**********************REQUEST_STARTED*********************
GET /api/subscription 304 973.049 ms - -
2022-04-18 13:40:46:4046 info: 
**********************REQUEST_STARTED*********************
OPTIONS /api/subscription 204 0.549 ms - 0
2022-04-18 13:40:47:4047 info: 
**********************REQUEST_STARTED*********************
GET /api/subscription 304 661.071 ms - -
2022-04-18 13:40:54:4054 info: 
**********************REQUEST_STARTED*********************
OPTIONS /api/subscription 204 0.165 ms - 0
2022-04-18 13:40:54:4054 info: 
**********************REQUEST_STARTED*********************
GET /api/subscription 304 518.240 ms - -
2022-04-18 13:41:00:410 info: 
**********************REQUEST_STARTED*********************
OPTIONS /api/subscription 204 0.179 ms - 0
2022-04-18 13:41:01:411 info: 
**********************REQUEST_STARTED*********************
GET /api/subscription 304 482.079 ms - -
2022-04-18 14:35:37:3537 info: 
**********************REQUEST_STARTED*********************
OPTIONS /api/partner 204 3.556 ms - 0
2022-04-18 14:41:30:4130 info: 
**********************REQUEST_STARTED*********************
OPTIONS /api/admin/login 204 0.582 ms - 0
2022-04-18 14:41:30:4130 info: 
**********************REQUEST_STARTED*********************
POST /api/admin/login 200 626.247 ms - 218
2022-04-18 14:41:37:4137 info: 
**********************REQUEST_STARTED*********************
OPTIONS /api/partner 204 0.208 ms - 0
2022-04-18 14:41:37:4137 info: 
**********************REQUEST_STARTED*********************
GET /api/partner 200 77.001 ms - 3843
2022-04-18 14:41:42:4142 info: 
**********************REQUEST_STARTED*********************
OPTIONS /api/admin/service 204 0.213 ms - 0
2022-04-18 14:41:43:4143 info: 
**********************REQUEST_STARTED*********************
GET /api/admin/service 200 277.553 ms - 2126
2022-04-18 14:41:47:4147 info: 
**********************REQUEST_STARTED*********************
OPTIONS /api/admin/service/category 204 0.169 ms - 0
2022-04-18 14:41:47:4147 info: 
**********************REQUEST_STARTED*********************
GET /api/admin/service/category 200 104.349 ms - 571
2022-04-18 14:41:59:4159 info: 
**********************REQUEST_STARTED*********************
OPTIONS /api/subscription 204 0.209 ms - 0
2022-04-18 14:42:00:420 info: 
**********************REQUEST_STARTED*********************
GET /api/subscription 200 857.264 ms - 2780
2022-04-18 14:42:15:4215 info: 
**********************REQUEST_STARTED*********************
OPTIONS /api/partner 204 0.170 ms - 0
2022-04-18 14:42:15:4215 info: 
**********************REQUEST_STARTED*********************
GET /api/partner 304 88.543 ms - -
2022-04-18 14:45:34:4534 info: 
**********************REQUEST_STARTED*********************
GET /api/partner - - ms - -
2022-04-18 14:45:37:4537 info: 
**********************REQUEST_STARTED*********************
OPTIONS /api/subscription 204 3.923 ms - 0
2022-04-18 14:45:38:4538 info: 
**********************REQUEST_STARTED*********************
GET /api/subscription 304 743.849 ms - -
2022-04-18 14:49:41:4941 info: 
**********************REQUEST_STARTED*********************
OPTIONS /api/subscription 204 0.535 ms - 0
2022-04-18 14:49:42:4942 info: 
**********************REQUEST_STARTED*********************
GET /api/subscription 304 854.816 ms - -
2022-04-18 14:49:46:4946 info: 
**********************REQUEST_STARTED*********************
OPTIONS /api/subscription 204 0.202 ms - 0
2022-04-18 14:49:47:4947 info: 
**********************REQUEST_STARTED*********************
GET /api/subscription 304 515.142 ms - -
2022-04-18 14:50:15:5015 info: 
**********************REQUEST_STARTED*********************
OPTIONS /api/subscription 204 0.241 ms - 0
2022-04-18 14:50:16:5016 info: 
**********************REQUEST_STARTED*********************
GET /api/subscription 304 716.020 ms - -
2022-04-18 14:51:11:5111 info: 
**********************REQUEST_STARTED*********************
OPTIONS /api/partner 204 0.381 ms - 0
2022-04-18 14:51:11:5111 info: 
**********************REQUEST_STARTED*********************
GET /api/partner 200 85.735 ms - 3843
2022-04-18 14:51:13:5113 info: 
**********************REQUEST_STARTED*********************
OPTIONS /api/admin/service 204 0.265 ms - 0
2022-04-18 14:51:13:5113 info: 
**********************REQUEST_STARTED*********************
GET /api/admin/service 304 123.652 ms - -
2022-04-18 14:51:14:5114 info: 
**********************REQUEST_STARTED*********************
OPTIONS /api/admin/service/category 204 0.214 ms - 0
2022-04-18 14:51:15:5115 info: 
**********************REQUEST_STARTED*********************
GET /api/admin/service/category 304 124.408 ms - -
2022-04-18 15:01:06:16 info: 
**********************REQUEST_STARTED*********************
OPTIONS /api/partner 204 4.117 ms - 0
2022-04-18 15:01:06:16 info: 
**********************REQUEST_STARTED*********************
GET /api/partner 304 195.648 ms - -
2022-04-18 16:07:31:731 info: 
**********************REQUEST_STARTED*********************
GET /api/partner 200 212.870 ms - 3843
2022-04-18 16:08:00:80 info: 
**********************REQUEST_STARTED*********************
GET /api/partner 200 158.617 ms - 3843
2022-04-18 16:24:15:2415 info: 
**********************REQUEST_STARTED*********************
GET /api/partner/ 200 224.541 ms - 3843
2022-04-18 16:43:04:434 info: 
**********************REQUEST_STARTED*********************
GET /api/partner 200 140.152 ms - 3843
2022-04-18 17:47:15:4715 info: 
**********************REQUEST_STARTED*********************
GET /api/subscription/6ea82e81-77a7-4e35-984b-7c23e6d94abd - - ms - -
2022-04-18 17:48:31:4831 info: 
**********************REQUEST_STARTED*********************
GET /api/subscription/6ea82e81-77a7-4e35-984b-7c23e6d94abd - - ms - -
2022-04-18 17:48:32:4832 info: 
**********************REQUEST_STARTED*********************
GET /api/subscription/ 200 963.611 ms - 2780
2022-04-18 17:50:27:5027 info: 
**********************REQUEST_STARTED*********************
GET /api/subscription/6ea87c23e6d94abd - - ms - -
2022-04-18 17:59:00:590 info: 
**********************REQUEST_STARTED*********************
GET /api/subscription/6ea82e81-77a7-4e35-984b-7c23e6d94abd 400 876.455 ms - 1779
2022-04-18 17:59:37:5937 info: 
**********************REQUEST_STARTED*********************
GET /api/subscription/6ea82e81-77a7-4e35-984b-7c23e6d94abd 400 549.339 ms - 1779
2022-04-18 18:00:20:020 info: 
**********************REQUEST_STARTED*********************
GET /api/subscription/6ea82e81-77a7-4e35-984b-7c23e6d94abd 200 585.837 ms - 416
2022-04-18 18:43:38:4338 info: 
**********************REQUEST_STARTED*********************
GET /api/subscription/6ea82e81-77a7-4e35-984b-7c23e6d94abd 404 1203.008 ms - 192
2022-04-18 18:45:02:452 info: 
**********************REQUEST_STARTED*********************
OPTIONS /api/subscription/6ea82e81-77a7-4e35-984b-7c23e6d94abd/price_1KoR1ySIB5kR6HedQaQ8FPiG 200 4.474 ms - 0
2022-04-18 18:45:03:453 info: 
**********************REQUEST_STARTED*********************
GET /api/subscription/6ea82e81-77a7-4e35-984b-7c23e6d94abd/price_1KoR1ySIB5kR6HedQaQ8FPiG 200 914.102 ms - 771
2022-04-18 18:45:10:4510 info: 
**********************REQUEST_STARTED*********************
OPTIONS /api/subscription/6ea82e81-77a7-4e35-984b-7c23e6d94abd/price_1KoR1ySIB5kR6HedQaQ8FPiG 200 0.520 ms - 0
2022-04-18 18:45:11:4511 info: 
**********************REQUEST_STARTED*********************
GET /api/subscription/6ea82e81-77a7-4e35-984b-7c23e6d94abd/price_1KoR1ySIB5kR6HedQaQ8FPiG 304 481.732 ms - -
2022-04-18 18:46:55:4655 info: 
**********************REQUEST_STARTED*********************
OPTIONS /api/subscription/6ea82e81-77a7-4e35-984b-7c23e6d94abd/price_1KoR1ySIB5kR6HedQaQ8FPiG 200 2.913 ms - 0
2022-04-18 18:46:56:4656 info: 
**********************REQUEST_STARTED*********************
GET /api/subscription/6ea82e81-77a7-4e35-984b-7c23e6d94abd/price_1KoR1ySIB5kR6HedQaQ8FPiG 200 917.240 ms - 939
2022-04-18 18:49:10:4910 info: 
**********************REQUEST_STARTED*********************
OPTIONS /api/subscription/6ea82e81-77a7-4e35-984b-7c23e6d94abd/price_1KoR1ySIB5kR6HedQaQ8FPiG 200 10.157 ms - 0
2022-04-18 18:49:11:4911 info: 
**********************REQUEST_STARTED*********************
GET /api/subscription/6ea82e81-77a7-4e35-984b-7c23e6d94abd/price_1KoR1ySIB5kR6HedQaQ8FPiG 304 893.804 ms - -
2022-04-18 18:49:28:4928 info: 
**********************REQUEST_STARTED*********************
OPTIONS /api/subscription/6ea82e81-77a7-4e35-984b-7c23e6d94abd/price_1KoR1ySIB5kR6HedQaQ8FPiG 200 0.267 ms - 0
2022-04-18 18:49:29:4929 info: 
**********************REQUEST_STARTED*********************
GET /api/subscription/6ea82e81-77a7-4e35-984b-7c23e6d94abd/price_1KoR1ySIB5kR6HedQaQ8FPiG 304 520.759 ms - -
2022-04-18 18:49:40:4940 info: 
**********************REQUEST_STARTED*********************
OPTIONS /api/subscription/6ea82e81-77a7-4e35-984b-7c23e6d94abd/price_1KoR1ySIB5kR6HedQaQ8FPiG 200 0.216 ms - 0
2022-04-18 18:49:41:4941 info: 
**********************REQUEST_STARTED*********************
GET /api/subscription/6ea82e81-77a7-4e35-984b-7c23e6d94abd/price_1KoR1ySIB5kR6HedQaQ8FPiG 304 507.685 ms - -
2022-04-18 18:49:53:4953 info: 
**********************REQUEST_STARTED*********************
OPTIONS /api/subscription/6ea82e81-77a7-4e35-984b-7c23e6d94abd/price_1KoR1ySIB5kR6HedQaQ8FPiG 200 0.295 ms - 0
2022-04-18 18:49:53:4953 info: 
**********************REQUEST_STARTED*********************
GET /api/subscription/6ea82e81-77a7-4e35-984b-7c23e6d94abd/price_1KoR1ySIB5kR6HedQaQ8FPiG 304 594.123 ms - -
2022-04-18 18:49:59:4959 info: 
**********************REQUEST_STARTED*********************
OPTIONS /api/subscription/6ea82e81-77a7-4e35-984b-7c23e6d94abd/price_1KoR1ySIB5kR6HedQaQ8FPiG 200 0.308 ms - 0
2022-04-18 18:49:59:4959 info: 
**********************REQUEST_STARTED*********************
GET /api/subscription/6ea82e81-77a7-4e35-984b-7c23e6d94abd/price_1KoR1ySIB5kR6HedQaQ8FPiG 304 482.916 ms - -
2022-04-18 18:50:15:5015 info: 
**********************REQUEST_STARTED*********************
OPTIONS /api/subscription/6ea82e81-77a7-4e35-984b-7c23e6d94abd/price_1KoR1ySIB5kR6HedQaQ8FPiG 200 0.350 ms - 0
2022-04-18 18:50:16:5016 info: 
**********************REQUEST_STARTED*********************
GET /api/subscription/6ea82e81-77a7-4e35-984b-7c23e6d94abd/price_1KoR1ySIB5kR6HedQaQ8FPiG 304 539.531 ms - -
2022-04-18 18:56:25:5625 info: 
**********************REQUEST_STARTED*********************
OPTIONS /api/subscription/6ea82e81-77a7-4e35-984b-7c23e6d94abd/price_1KoR1ySIB5kR6HedQaQ8FPiG 200 3.558 ms - 0
2022-04-18 18:56:26:5626 info: 
**********************REQUEST_STARTED*********************
GET /api/subscription/6ea82e81-77a7-4e35-984b-7c23e6d94abd/price_1KoR1ySIB5kR6HedQaQ8FPiG 304 860.048 ms - -
2022-04-18 18:56:27:5627 info: 
**********************REQUEST_STARTED*********************
GET /api/subscription/6ea82e81-77a7-4e35-984b-7c23e6d94abd/price_1KoR1ySIB5kR6HedQaQ8FPiG 304 492.659 ms - -
2022-04-18 18:56:30:5630 info: 
**********************REQUEST_STARTED*********************
OPTIONS /api/subscription/6ea82e81-77a7-4e35-984b-7c23e6d94abd 200 0.632 ms - 0
2022-04-18 18:56:30:5630 info: 
**********************REQUEST_STARTED*********************
PUT /api/subscription/6ea82e81-77a7-4e35-984b-7c23e6d94abd 400 398.982 ms - 1986
2022-04-18 18:57:58:5758 info: 
**********************REQUEST_STARTED*********************
OPTIONS /api/subscription/6ea82e81-77a7-4e35-984b-7c23e6d94abd 200 2.727 ms - 0
2022-04-18 18:57:59:5759 info: 
**********************REQUEST_STARTED*********************
PUT /api/subscription/6ea82e81-77a7-4e35-984b-7c23e6d94abd 200 708.130 ms - 450
2022-04-18 18:57:59:5759 info: 
**********************REQUEST_STARTED*********************
OPTIONS /api/subscription 200 0.595 ms - 0
2022-04-18 18:57:59:5759 info: 
**********************REQUEST_STARTED*********************
GET /api/subscription 200 468.724 ms - 2787
2022-04-18 18:58:14:5814 info: 
**********************REQUEST_STARTED*********************
OPTIONS /api/subscription/6ea82e81-77a7-4e35-984b-7c23e6d94abd/price_1KoR1ySIB5kR6HedQaQ8FPiG 200 0.218 ms - 0
2022-04-18 18:58:14:5814 info: 
**********************REQUEST_STARTED*********************
GET /api/subscription/6ea82e81-77a7-4e35-984b-7c23e6d94abd/price_1KoR1ySIB5kR6HedQaQ8FPiG 200 529.853 ms - 946
2022-04-18 19:00:06:06 info: 
**********************REQUEST_STARTED*********************
OPTIONS /api/subscription/6ea82e81-77a7-4e35-984b-7c23e6d94abd/price_1KoR1ySIB5kR6HedQaQ8FPiG 200 1.910 ms - 0
2022-04-18 19:00:06:06 info: 
**********************REQUEST_STARTED*********************
GET /api/subscription/6ea82e81-77a7-4e35-984b-7c23e6d94abd/price_1KoR1ySIB5kR6HedQaQ8FPiG 304 757.808 ms - -
2022-04-18 19:16:02:162 info: 
**********************REQUEST_STARTED*********************
OPTIONS /api/subscription/6ea82e81-77a7-4e35-984b-7c23e6d94abd/price_1KoR1ySIB5kR6HedQaQ8FPiG 200 2.151 ms - 0
2022-04-18 19:16:03:163 info: 
**********************REQUEST_STARTED*********************
GET /api/subscription/6ea82e81-77a7-4e35-984b-7c23e6d94abd/price_1KoR1ySIB5kR6HedQaQ8FPiG 304 957.565 ms - -
2022-04-18 19:16:16:1616 info: 
**********************REQUEST_STARTED*********************
OPTIONS /api/subscription/6ea82e81-77a7-4e35-984b-7c23e6d94abd/price_1KoR1ySIB5kR6HedQaQ8FPiG 200 0.270 ms - 0
2022-04-18 19:16:16:1616 info: 
**********************REQUEST_STARTED*********************
PUT /api/subscription/6ea82e81-77a7-4e35-984b-7c23e6d94abd/price_1KoR1ySIB5kR6HedQaQ8FPiG 404 96.180 ms - 223
2022-04-18 19:16:51:1651 info: 
**********************REQUEST_STARTED*********************
OPTIONS /api/subscription/6ea82e81-77a7-4e35-984b-7c23e6d94abd/price_1KoR1ySIB5kR6HedQaQ8FPiG 200 1.186 ms - 0
2022-04-18 19:16:53:1653 info: 
**********************REQUEST_STARTED*********************
PUT /api/subscription/6ea82e81-77a7-4e35-984b-7c23e6d94abd/price_1KoR1ySIB5kR6HedQaQ8FPiG 200 1259.084 ms - 451
2022-04-18 19:16:53:1653 info: 
**********************REQUEST_STARTED*********************
OPTIONS /api/subscription 200 0.465 ms - 0
2022-04-18 19:16:53:1653 info: 
**********************REQUEST_STARTED*********************
GET /api/subscription 200 630.434 ms - 2826
2022-04-18 19:17:00:170 info: 
**********************REQUEST_STARTED*********************
OPTIONS /api/subscription/6ea82e81-77a7-4e35-984b-7c23e6d94abd/price_1KoR1ySIB5kR6HedQaQ8FPiG 200 0.124 ms - 0
2022-04-18 19:17:01:171 info: 
**********************REQUEST_STARTED*********************
GET /api/subscription/6ea82e81-77a7-4e35-984b-7c23e6d94abd/price_1KoR1ySIB5kR6HedQaQ8FPiG 200 519.780 ms - 985
2022-04-18 19:17:51:1751 info: 
**********************REQUEST_STARTED*********************
OPTIONS /api/subscription/6ea82e81-77a7-4e35-984b-7c23e6d94abd/price_1KoR1ySIB5kR6HedQaQ8FPiG 200 1.208 ms - 0
2022-04-18 19:17:52:1752 info: 
**********************REQUEST_STARTED*********************
PUT /api/subscription/6ea82e81-77a7-4e35-984b-7c23e6d94abd/price_1KoR1ySIB5kR6HedQaQ8FPiG 200 1078.371 ms - 1010
2022-04-18 19:17:52:1752 info: 
**********************REQUEST_STARTED*********************
OPTIONS /api/subscription 200 0.332 ms - 0
2022-04-18 19:17:52:1752 info: 
**********************REQUEST_STARTED*********************
GET /api/subscription 200 534.984 ms - 2824
2022-04-18 19:25:33:2533 info: 
**********************REQUEST_STARTED*********************
OPTIONS /api/subscription/6ea82e81-77a7-4e35-984b-7c23e6d94abd/price_1KoR1ySIB5kR6HedQaQ8FPiG 200 1.771 ms - 0
2022-04-18 19:25:34:2534 info: 
**********************REQUEST_STARTED*********************
GET /api/subscription/6ea82e81-77a7-4e35-984b-7c23e6d94abd/price_1KoR1ySIB5kR6HedQaQ8FPiG 200 1046.714 ms - 983
2022-04-18 19:25:41:2541 info: 
**********************REQUEST_STARTED*********************
OPTIONS /api/subscription/6ea82e81-77a7-4e35-984b-7c23e6d94abd/price_1KoR1ySIB5kR6HedQaQ8FPiG 200 0.266 ms - 0
2022-04-18 19:25:41:2541 info: 
**********************REQUEST_STARTED*********************
PUT /api/subscription/6ea82e81-77a7-4e35-984b-7c23e6d94abd/price_1KoR1ySIB5kR6HedQaQ8FPiG 400 473.151 ms - 1437
2022-04-18 19:34:41:3441 info: 
**********************REQUEST_STARTED*********************
GET /api/subscription 200 1075.548 ms - 2824
