2022-05-23 11:25:59:2559 info: 
**********************REQUEST_STARTED*********************
POST /api/partner 400 26.886 ms - 1158
2022-05-23 11:27:13:2713 info: 
**********************REQUEST_STARTED*********************
POST /api/partner 400 14.575 ms - 1158
2022-05-23 11:28:02:282 info: 
**********************REQUEST_STARTED*********************
POST /api/partner 400 23.748 ms - 1158
2022-05-23 11:28:42:2842 info: 
**********************REQUEST_STARTED*********************
POST /api/partner 400 19.330 ms - 1158
2022-05-23 11:30:16:3016 info: 
**********************REQUEST_STARTED*********************
POST /api/partner 400 14.763 ms - 1158
2022-05-23 11:31:16:3116 info: 
**********************REQUEST_STARTED*********************
POST /api/partner/login 400 83.773 ms - 34
2022-05-23 11:31:21:3121 info: 
**********************REQUEST_STARTED*********************
POST /api/partner 400 4.217 ms - 1158
2022-05-23 11:31:30:3130 info: 
**********************REQUEST_STARTED*********************
POST /api/partner 400 292.398 ms - 600
2022-05-23 11:31:58:3158 info: 
**********************REQUEST_STARTED*********************
POST /api/partner 200 530.190 ms - 876
2022-05-23 11:32:01:321 info: 
**********************REQUEST_STARTED*********************
POST /api/partner 400 248.503 ms - 140
2022-05-23 11:32:17:3217 info: 
**********************REQUEST_STARTED*********************
POST /api/partner 400 417.889 ms - 130
2022-05-23 11:33:19:3319 info: 
**********************REQUEST_STARTED*********************
POST /api/partner 400 396.324 ms - 141
2022-05-23 11:33:21:3321 info: 
**********************REQUEST_STARTED*********************
POST /api/partner 400 322.122 ms - 141
2022-05-23 11:33:25:3325 info: 
**********************REQUEST_STARTED*********************
POST /api/partner 400 386.144 ms - 130
2022-05-23 11:34:05:345 info: 
**********************REQUEST_STARTED*********************
POST /api/partner 400 559.077 ms - 142
2022-05-23 11:34:52:3452 info: 
**********************REQUEST_STARTED*********************
POST /api/partner 400 592.816 ms - 130
2022-05-23 11:35:25:3525 info: 
**********************REQUEST_STARTED*********************
POST /api/partner 409 1275.757 ms - 42
2022-05-23 11:36:11:3611 info: 
**********************REQUEST_STARTED*********************
POST /api/partner 200 787.509 ms - 877
2022-05-23 11:37:02:372 info: 
**********************REQUEST_STARTED*********************
POST /api/partner 409 324.630 ms - 42
2022-05-23 11:38:32:3832 info: 
**********************REQUEST_STARTED*********************
POST /api/partner 409 416.821 ms - 42
2022-05-23 11:38:37:3837 info: 
**********************REQUEST_STARTED*********************
POST /api/partner 400 461.858 ms - 141
2022-05-23 11:38:45:3845 info: 
**********************REQUEST_STARTED*********************
POST /api/partner 200 831.274 ms - 880
2022-05-23 11:39:10:3910 info: 
**********************REQUEST_STARTED*********************
POST /api/partner 409 322.850 ms - 42
2022-05-23 11:39:28:3928 info: 
**********************REQUEST_STARTED*********************
POST /api/partner 409 380.559 ms - 42
2022-05-23 11:39:34:3934 info: 
**********************REQUEST_STARTED*********************
POST /api/partner 400 409.743 ms - 142
2022-05-23 11:39:42:3942 info: 
**********************REQUEST_STARTED*********************
POST /api/partner 200 772.707 ms - 882
2022-05-23 11:42:19:4219 info: 
**********************REQUEST_STARTED*********************
POST /api/partner 400 647.404 ms - 144
2022-05-23 11:42:27:4227 info: 
**********************REQUEST_STARTED*********************
POST /api/partner 200 810.836 ms - 882
2022-05-23 11:45:46:4546 info: 
**********************REQUEST_STARTED*********************
POST /api/partner 400 2688.512 ms - 139
2022-05-23 11:45:55:4555 info: 
**********************REQUEST_STARTED*********************
POST /api/partner 200 804.995 ms - 882
2022-05-23 11:47:22:4722 info: 
**********************REQUEST_STARTED*********************
POST /api/partner 200 894.509 ms - 882
2022-05-23 11:47:40:4740 info: 
**********************REQUEST_STARTED*********************
POST /api/partner 409 306.865 ms - 42
2022-05-23 11:50:09:509 info: 
**********************REQUEST_STARTED*********************
POST /api/partner 400 738.257 ms - 141
2022-05-23 11:50:18:5018 info: 
**********************REQUEST_STARTED*********************
POST /api/partner 200 934.492 ms - 882
2022-05-23 11:51:29:5129 info: 
**********************REQUEST_STARTED*********************
POST /api/partner 400 555.433 ms - 145
2022-05-23 11:51:36:5136 info: 
**********************REQUEST_STARTED*********************
POST /api/partner 400 571.911 ms - 141
2022-05-23 11:51:42:5142 info: 
**********************REQUEST_STARTED*********************
POST /api/partner 200 823.388 ms - 878
2022-05-23 11:56:52:5652 info: 
**********************REQUEST_STARTED*********************
POST /api/partner 409 400.917 ms - 42
2022-05-23 11:57:02:572 info: 
**********************REQUEST_STARTED*********************
POST /api/partner 400 187.442 ms - 385
2022-05-23 11:57:11:5711 info: 
**********************REQUEST_STARTED*********************
POST /api/partner 200 726.653 ms - 880
2022-05-23 11:57:53:5753 info: 
**********************REQUEST_STARTED*********************
POST /api/partner 409 427.432 ms - 42
2022-05-23 11:58:00:580 info: 
**********************REQUEST_STARTED*********************
POST /api/partner 409 315.015 ms - 42
2022-05-23 11:58:03:583 info: 
**********************REQUEST_STARTED*********************
POST /api/partner 409 315.784 ms - 42
2022-05-23 11:58:10:5810 info: 
**********************REQUEST_STARTED*********************
POST /api/partner 409 967.489 ms - 42
2022-05-23 12:19:26:1926 info: 
**********************REQUEST_STARTED*********************
GET /api/post - - ms - -
2022-05-23 12:21:33:2133 info: 
**********************REQUEST_STARTED*********************
GET /api/post - - ms - -
2022-05-23 12:21:35:2135 info: 
**********************REQUEST_STARTED*********************
GET /api/post - - ms - -
2022-05-23 12:22:21:2221 info: 
**********************REQUEST_STARTED*********************
GET /api/post - - ms - -
2022-05-23 12:23:14:2314 info: 
**********************REQUEST_STARTED*********************
GET /api/post - - ms - -
2022-05-23 12:23:48:2348 info: 
**********************REQUEST_STARTED*********************
GET /api/partner/ - - ms - -
2022-05-23 12:23:50:2350 info: 
**********************REQUEST_STARTED*********************
GET /api/partner/ - - ms - -
2022-05-23 12:33:46:3346 info: 
**********************REQUEST_STARTED*********************
GET /api/post - - ms - -
2022-05-23 12:33:48:3348 info: 
**********************REQUEST_STARTED*********************
GET /api/post - - ms - -
2022-05-23 12:36:33:3633 info: 
**********************REQUEST_STARTED*********************
GET /api/post - - ms - -
2022-05-23 12:36:37:3637 info: 
**********************REQUEST_STARTED*********************
GET /api/post - - ms - -
2022-05-23 12:38:05:385 info: 
**********************REQUEST_STARTED*********************
GET /api/post 200 1382.475 ms - 3037
2022-05-23 13:06:26:626 info: 
**********************REQUEST_STARTED*********************
OPTIONS /api/admin?limit=6&page=1 200 10.532 ms - 0
2022-05-23 13:06:26:626 info: 
**********************REQUEST_STARTED*********************
OPTIONS /api/admin?limit=6&page=1 200 0.976 ms - 0
2022-05-23 13:06:27:627 info: 
**********************REQUEST_STARTED*********************
GET /api/admin?limit=6&page=1 200 1116.085 ms - 7210
2022-05-23 13:06:28:628 info: 
**********************REQUEST_STARTED*********************
GET /api/admin?limit=6&page=1 304 407.067 ms - -
2022-05-23 13:06:28:628 info: 
**********************REQUEST_STARTED*********************
OPTIONS /api/partner?page=1&limit=5 200 0.340 ms - 0
2022-05-23 13:06:28:628 info: 
**********************REQUEST_STARTED*********************
OPTIONS /api/partner 200 0.305 ms - 0
2022-05-23 13:06:29:629 info: 
**********************REQUEST_STARTED*********************
GET /api/partner?page=1&limit=5 200 1270.451 ms - 1807
2022-05-23 13:06:29:629 info: 
**********************REQUEST_STARTED*********************
GET /api/partner 200 1265.347 ms - 1796
2022-05-23 13:06:32:632 info: 
**********************REQUEST_STARTED*********************
OPTIONS /api/admin?limit=6&page=1 200 0.686 ms - 0
2022-05-23 13:06:32:632 info: 
**********************REQUEST_STARTED*********************
OPTIONS /api/admin?limit=6&page=1 200 0.263 ms - 0
2022-05-23 13:06:33:633 info: 
**********************REQUEST_STARTED*********************
GET /api/admin?limit=6&page=1 304 341.541 ms - -
2022-05-23 13:06:33:633 info: 
**********************REQUEST_STARTED*********************
GET /api/admin?limit=6&page=1 304 393.332 ms - -
2022-05-23 13:06:34:634 info: 
**********************REQUEST_STARTED*********************
OPTIONS /api/partner/requests?page=1&limit=5 200 0.328 ms - 0
2022-05-23 13:06:34:634 info: 
**********************REQUEST_STARTED*********************
OPTIONS /api/partner/requests 200 0.204 ms - 0
2022-05-23 13:06:35:635 info: 
**********************REQUEST_STARTED*********************
GET /api/partner/requests 200 829.101 ms - 1959
2022-05-23 13:06:35:635 info: 
**********************REQUEST_STARTED*********************
GET /api/partner/requests?page=1&limit=5 200 953.606 ms - 1970
2022-05-23 13:06:36:636 info: 
**********************REQUEST_STARTED*********************
OPTIONS /api/partner/628b235634956b0e5b42d391 200 0.208 ms - 0
2022-05-23 13:06:36:636 info: 
**********************REQUEST_STARTED*********************
GET /api/partner/628b235634956b0e5b42d391 200 274.137 ms - 849
2022-05-23 13:06:41:641 info: 
**********************REQUEST_STARTED*********************
OPTIONS /api/partner?page=1&limit=5 200 0.265 ms - 0
2022-05-23 13:06:41:641 info: 
**********************REQUEST_STARTED*********************
OPTIONS /api/partner 200 0.339 ms - 0
2022-05-23 13:06:42:642 info: 
**********************REQUEST_STARTED*********************
GET /api/partner?page=1&limit=5 304 462.069 ms - -
2022-05-23 13:06:42:642 info: 
**********************REQUEST_STARTED*********************
GET /api/partner 304 464.619 ms - -
2022-05-23 13:06:46:646 info: 
**********************REQUEST_STARTED*********************
OPTIONS /api/user?page=1&limit=6 200 0.310 ms - 0
2022-05-23 13:06:46:646 info: 
**********************REQUEST_STARTED*********************
OPTIONS /api/user?page=1&limit=6 200 0.195 ms - 0
2022-05-23 13:06:46:646 info: 
**********************REQUEST_STARTED*********************
GET /api/user?page=1&limit=6 200 808.319 ms - 17824
2022-05-23 13:06:47:647 info: 
**********************REQUEST_STARTED*********************
GET /api/user?page=1&limit=6 304 573.322 ms - -
2022-05-23 13:06:53:653 info: 
**********************REQUEST_STARTED*********************
OPTIONS /api/splash/admin/all?page=1&limit=6 200 0.200 ms - 0
2022-05-23 13:06:53:653 info: 
**********************REQUEST_STARTED*********************
GET /api/splash/admin/all?page=1&limit=6 200 328.529 ms - 1631
2022-05-23 13:07:33:733 info: 
**********************REQUEST_STARTED*********************
OPTIONS /api/post?page=1&limit=2 200 0.660 ms - 0
2022-05-23 13:07:33:733 info: 
**********************REQUEST_STARTED*********************
OPTIONS /api/post?page=1&limit=2 200 0.180 ms - 0
2022-05-23 13:07:33:733 info: 
**********************REQUEST_STARTED*********************
GET /api/post?page=1&limit=2 200 326.723 ms - 1572
2022-05-23 13:07:34:734 info: 
**********************REQUEST_STARTED*********************
GET /api/post?page=1&limit=2 304 299.017 ms - -
2022-05-23 13:10:32:1032 info: 
**********************REQUEST_STARTED*********************
OPTIONS /api/post?page=1&limit=2 200 0.268 ms - 0
2022-05-23 13:10:32:1032 info: 
**********************REQUEST_STARTED*********************
OPTIONS /api/post?page=1&limit=2 200 0.285 ms - 0
2022-05-23 13:10:32:1032 info: 
**********************REQUEST_STARTED*********************
GET /api/post?page=1&limit=2 304 260.420 ms - -
2022-05-23 13:10:32:1032 info: 
**********************REQUEST_STARTED*********************
GET /api/post?page=1&limit=2 304 293.556 ms - -
2022-05-23 13:11:26:1126 info: 
**********************REQUEST_STARTED*********************
OPTIONS /api/post?page=1&limit=2 200 0.247 ms - 0
2022-05-23 13:11:26:1126 info: 
**********************REQUEST_STARTED*********************
OPTIONS /api/post?page=1&limit=2 200 0.171 ms - 0
2022-05-23 13:11:26:1126 info: 
**********************REQUEST_STARTED*********************
GET /api/post?page=1&limit=2 304 271.428 ms - -
2022-05-23 13:11:26:1126 info: 
**********************REQUEST_STARTED*********************
GET /api/post?page=1&limit=2 304 252.314 ms - -
2022-05-23 13:13:10:1310 info: 
**********************REQUEST_STARTED*********************
OPTIONS /api/post?page=1&limit=2 200 0.283 ms - 0
2022-05-23 13:13:10:1310 info: 
**********************REQUEST_STARTED*********************
OPTIONS /api/post?page=1&limit=2 200 0.315 ms - 0
2022-05-23 13:13:10:1310 info: 
**********************REQUEST_STARTED*********************
GET /api/post?page=1&limit=2 304 301.115 ms - -
2022-05-23 13:13:10:1310 info: 
**********************REQUEST_STARTED*********************
GET /api/post?page=1&limit=2 304 309.409 ms - -
2022-05-23 13:13:25:1325 info: 
**********************REQUEST_STARTED*********************
OPTIONS /api/post?page=1&limit=2 200 0.271 ms - 0
2022-05-23 13:13:25:1325 info: 
**********************REQUEST_STARTED*********************
OPTIONS /api/post?page=1&limit=2 200 0.333 ms - 0
2022-05-23 13:13:26:1326 info: 
**********************REQUEST_STARTED*********************
GET /api/post?page=1&limit=2 304 541.028 ms - -
2022-05-23 13:13:26:1326 info: 
**********************REQUEST_STARTED*********************
GET /api/post?page=1&limit=2 304 531.909 ms - -
2022-05-23 13:13:56:1356 info: 
**********************REQUEST_STARTED*********************
OPTIONS /api/post?page=1&limit=2 200 0.314 ms - 0
2022-05-23 13:13:56:1356 info: 
**********************REQUEST_STARTED*********************
OPTIONS /api/post?page=1&limit=2 200 0.308 ms - 0
2022-05-23 13:13:56:1356 info: 
**********************REQUEST_STARTED*********************
GET /api/post?page=1&limit=2 304 292.388 ms - -
2022-05-23 13:13:56:1356 info: 
**********************REQUEST_STARTED*********************
GET /api/post?page=1&limit=2 304 289.525 ms - -
2022-05-23 13:13:58:1358 info: 
**********************REQUEST_STARTED*********************
OPTIONS /api/post?page=[object%20Object]&limit=2 200 0.271 ms - 0
2022-05-23 13:13:59:1359 info: 
**********************REQUEST_STARTED*********************
GET /api/post?page=[object%20Object]&limit=2 200 284.309 ms - 1572
2022-05-23 13:14:34:1434 info: 
**********************REQUEST_STARTED*********************
OPTIONS /api/post?page=1&limit=2 200 0.201 ms - 0
2022-05-23 13:14:34:1434 info: 
**********************REQUEST_STARTED*********************
OPTIONS /api/post?page=1&limit=2 200 0.264 ms - 0
2022-05-23 13:14:35:1435 info: 
**********************REQUEST_STARTED*********************
GET /api/post?page=1&limit=2 304 293.666 ms - -
2022-05-23 13:14:35:1435 info: 
**********************REQUEST_STARTED*********************
GET /api/post?page=1&limit=2 304 265.542 ms - -
2022-05-23 13:16:26:1626 info: 
**********************REQUEST_STARTED*********************
OPTIONS /api/post?page=1&limit=2 200 0.197 ms - 0
2022-05-23 13:16:26:1626 info: 
**********************REQUEST_STARTED*********************
OPTIONS /api/post?page=1&limit=2 200 0.281 ms - 0
2022-05-23 13:16:30:1630 info: 
**********************REQUEST_STARTED*********************
GET /api/post?page=1&limit=2 - - ms - -
2022-05-23 13:16:33:1633 info: 
**********************REQUEST_STARTED*********************
OPTIONS /api/post?page=1&limit=2 200 0.251 ms - 0
2022-05-23 13:16:33:1633 info: 
**********************REQUEST_STARTED*********************
OPTIONS /api/post?page=1&limit=2 200 0.290 ms - 0
2022-05-23 13:17:03:173 info: 
**********************REQUEST_STARTED*********************
GET /api/post?page=1&limit=2 400 30013.756 ms - 597
2022-05-23 13:17:14:1714 info: 
**********************REQUEST_STARTED*********************
GET /api/post?page=1&limit=2 - - ms - -
2022-05-23 13:17:17:1717 info: 
**********************REQUEST_STARTED*********************
OPTIONS /api/post?page=1&limit=2 200 0.395 ms - 0
2022-05-23 13:17:17:1717 info: 
**********************REQUEST_STARTED*********************
OPTIONS /api/post?page=1&limit=2 200 0.443 ms - 0
2022-05-23 13:17:47:1747 info: 
**********************REQUEST_STARTED*********************
GET /api/post?page=1&limit=2 400 30013.588 ms - 597
2022-05-23 13:18:07:187 info: 
**********************REQUEST_STARTED*********************
GET /api/post?page=1&limit=2 400 30015.810 ms - 597
2022-05-23 13:26:45:2645 info: 
**********************REQUEST_STARTED*********************
OPTIONS /api/post?page=1&limit=2 200 0.241 ms - 0
2022-05-23 13:26:45:2645 info: 
**********************REQUEST_STARTED*********************
OPTIONS /api/post?page=1&limit=2 200 0.166 ms - 0
2022-05-23 13:26:47:2647 info: 
**********************REQUEST_STARTED*********************
GET /api/post?page=1&limit=2 200 2256.734 ms - 1572
2022-05-23 13:26:48:2648 info: 
**********************REQUEST_STARTED*********************
GET /api/post?page=1&limit=2 304 366.247 ms - -
2022-05-23 13:26:56:2656 info: 
**********************REQUEST_STARTED*********************
OPTIONS /api/post?page=[object%20Object]&limit=2 200 0.185 ms - 0
2022-05-23 13:26:56:2656 info: 
**********************REQUEST_STARTED*********************
GET /api/post?page=[object%20Object]&limit=2 304 267.765 ms - -
2022-05-23 13:27:09:279 info: 
**********************REQUEST_STARTED*********************
OPTIONS /api/post?page=1&limit=2 200 0.298 ms - 0
2022-05-23 13:27:09:279 info: 
**********************REQUEST_STARTED*********************
OPTIONS /api/post?page=1&limit=2 200 0.253 ms - 0
2022-05-23 13:27:09:279 info: 
**********************REQUEST_STARTED*********************
GET /api/post?page=1&limit=2 304 385.839 ms - -
2022-05-23 13:27:09:279 info: 
**********************REQUEST_STARTED*********************
GET /api/post?page=1&limit=2 304 422.653 ms - -
2022-05-23 13:27:11:2711 info: 
**********************REQUEST_STARTED*********************
OPTIONS /api/post?page=[object%20Object]&limit=2 200 0.148 ms - 0
2022-05-23 13:27:12:2712 info: 
**********************REQUEST_STARTED*********************
GET /api/post?page=[object%20Object]&limit=2 304 340.918 ms - -
2022-05-23 13:27:14:2714 info: 
**********************REQUEST_STARTED*********************
GET /api/post?page=[object%20Object]&limit=2 304 442.513 ms - -
2022-05-23 13:27:25:2725 info: 
**********************REQUEST_STARTED*********************
OPTIONS /api/post?page=1&limit=2 200 0.284 ms - 0
2022-05-23 13:27:25:2725 info: 
**********************REQUEST_STARTED*********************
OPTIONS /api/post?page=1&limit=2 200 0.268 ms - 0
2022-05-23 13:27:25:2725 info: 
**********************REQUEST_STARTED*********************
GET /api/post?page=1&limit=2 304 275.985 ms - -
2022-05-23 13:27:25:2725 info: 
**********************REQUEST_STARTED*********************
GET /api/post?page=1&limit=2 304 384.050 ms - -
2022-05-23 13:27:37:2737 info: 
**********************REQUEST_STARTED*********************
OPTIONS /api/post?page=[object%20Object]&limit=2 200 0.179 ms - 0
2022-05-23 13:27:37:2737 info: 
**********************REQUEST_STARTED*********************
GET /api/post?page=[object%20Object]&limit=2 304 327.349 ms - -
2022-05-23 13:28:07:287 info: 
**********************REQUEST_STARTED*********************
OPTIONS /api/post?page=[object%20Object]&limit=2 200 0.238 ms - 0
2022-05-23 13:28:08:288 info: 
**********************REQUEST_STARTED*********************
GET /api/post?page=[object%20Object]&limit=2 304 308.528 ms - -
2022-05-23 13:28:13:2813 info: 
**********************REQUEST_STARTED*********************
OPTIONS /api/post?page=[object%20Object]&limit=2 200 0.253 ms - 0
2022-05-23 13:28:14:2814 info: 
**********************REQUEST_STARTED*********************
GET /api/post?page=[object%20Object]&limit=2 304 696.277 ms - -
2022-05-23 13:28:22:2822 info: 
**********************REQUEST_STARTED*********************
OPTIONS /api/post?page=1&limit=2 200 0.289 ms - 0
2022-05-23 13:28:22:2822 info: 
**********************REQUEST_STARTED*********************
OPTIONS /api/post?page=1&limit=2 200 0.348 ms - 0
2022-05-23 13:28:22:2822 info: 
**********************REQUEST_STARTED*********************
GET /api/post?page=1&limit=2 304 269.128 ms - -
2022-05-23 13:28:22:2822 info: 
**********************REQUEST_STARTED*********************
GET /api/post?page=1&limit=2 304 330.139 ms - -
2022-05-23 13:29:02:292 info: 
**********************REQUEST_STARTED*********************
OPTIONS /api/post?page=1&limit=2 200 0.212 ms - 0
2022-05-23 13:29:02:292 info: 
**********************REQUEST_STARTED*********************
OPTIONS /api/post?page=1&limit=2 200 0.234 ms - 0
2022-05-23 13:29:02:292 info: 
**********************REQUEST_STARTED*********************
GET /api/post?page=1&limit=2 304 330.245 ms - -
2022-05-23 13:29:02:292 info: 
**********************REQUEST_STARTED*********************
GET /api/post?page=1&limit=2 304 274.940 ms - -
2022-05-23 13:29:37:2937 info: 
**********************REQUEST_STARTED*********************
OPTIONS /api/post?page=[object%20Object]&limit=2 200 0.266 ms - 0
2022-05-23 13:29:38:2938 info: 
**********************REQUEST_STARTED*********************
GET /api/post?page=[object%20Object]&limit=2 304 951.068 ms - -
2022-05-23 13:29:48:2948 info: 
**********************REQUEST_STARTED*********************
OPTIONS /api/post?page=1&limit=2 200 0.251 ms - 0
2022-05-23 13:29:48:2948 info: 
**********************REQUEST_STARTED*********************
OPTIONS /api/post?page=1&limit=2 200 0.225 ms - 0
2022-05-23 13:29:49:2949 info: 
**********************REQUEST_STARTED*********************
GET /api/post?page=1&limit=2 304 280.378 ms - -
2022-05-23 13:29:49:2949 info: 
**********************REQUEST_STARTED*********************
GET /api/post?page=1&limit=2 304 283.733 ms - -
2022-05-23 13:30:05:305 info: 
**********************REQUEST_STARTED*********************
OPTIONS /api/post?page=1&limit=2 200 0.535 ms - 0
2022-05-23 13:30:05:305 info: 
**********************REQUEST_STARTED*********************
OPTIONS /api/post?page=1&limit=2 200 0.275 ms - 0
2022-05-23 13:30:06:306 info: 
**********************REQUEST_STARTED*********************
GET /api/post?page=1&limit=2 304 343.497 ms - -
2022-05-23 13:30:06:306 info: 
**********************REQUEST_STARTED*********************
GET /api/post?page=1&limit=2 304 266.377 ms - -
2022-05-23 13:30:42:3042 info: 
**********************REQUEST_STARTED*********************
OPTIONS /api/post?page=1&limit=2 200 0.268 ms - 0
2022-05-23 13:30:42:3042 info: 
**********************REQUEST_STARTED*********************
OPTIONS /api/post?page=1&limit=2 200 0.280 ms - 0
2022-05-23 13:30:42:3042 info: 
**********************REQUEST_STARTED*********************
GET /api/post?page=1&limit=2 304 334.811 ms - -
2022-05-23 13:30:42:3042 info: 
**********************REQUEST_STARTED*********************
GET /api/post?page=1&limit=2 304 334.829 ms - -
2022-05-23 13:31:03:313 info: 
**********************REQUEST_STARTED*********************
OPTIONS /api/post?page=1&limit=2 200 0.320 ms - 0
2022-05-23 13:31:03:313 info: 
**********************REQUEST_STARTED*********************
OPTIONS /api/post?page=1&limit=2 200 0.327 ms - 0
2022-05-23 13:31:04:314 info: 
**********************REQUEST_STARTED*********************
GET /api/post?page=1&limit=2 304 376.314 ms - -
2022-05-23 13:31:04:314 info: 
**********************REQUEST_STARTED*********************
GET /api/post?page=1&limit=2 304 294.144 ms - -
2022-05-23 13:31:23:3123 info: 
**********************REQUEST_STARTED*********************
OPTIONS /api/post?page=1&limit=2 200 0.240 ms - 0
2022-05-23 13:31:23:3123 info: 
**********************REQUEST_STARTED*********************
OPTIONS /api/post?page=1&limit=2 200 0.237 ms - 0
2022-05-23 13:31:31:3131 info: 
**********************REQUEST_STARTED*********************
OPTIONS /api/post?page=1&limit=2 200 0.225 ms - 0
2022-05-23 13:31:31:3131 info: 
**********************REQUEST_STARTED*********************
OPTIONS /api/post?page=1&limit=2 200 0.294 ms - 0
2022-05-23 13:31:42:3142 info: 
**********************REQUEST_STARTED*********************
OPTIONS /api/post?page=1&limit=2 200 0.208 ms - 0
2022-05-23 13:31:42:3142 info: 
**********************REQUEST_STARTED*********************
OPTIONS /api/post?page=1&limit=2 200 0.286 ms - 0
2022-05-23 13:32:12:3212 info: 
**********************REQUEST_STARTED*********************
GET /api/post?page=1&limit=2 400 49294.235 ms - 597
2022-05-23 13:32:12:3212 info: 
**********************REQUEST_STARTED*********************
OPTIONS /api/post?page=1&limit=2 200 0.392 ms - 0
2022-05-23 13:32:12:3212 info: 
**********************REQUEST_STARTED*********************
OPTIONS /api/post?page=1&limit=2 200 0.232 ms - 0
2022-05-23 13:32:13:3213 info: 
**********************REQUEST_STARTED*********************
GET /api/post?page=1&limit=2 400 30002.823 ms - 597
2022-05-23 13:32:13:3213 info: 
**********************REQUEST_STARTED*********************
OPTIONS /api/post?page=[object%20Object]&limit=2 200 0.304 ms - 0
2022-05-23 13:32:21:3221 info: 
**********************REQUEST_STARTED*********************
GET /api/post?page=1&limit=2 400 30003.986 ms - 597
2022-05-23 13:32:21:3221 info: 
**********************REQUEST_STARTED*********************
GET /api/post?page=1&limit=2 400 30004.627 ms - 597
2022-05-23 13:32:31:3231 info: 
**********************REQUEST_STARTED*********************
OPTIONS /api/post?page=1&limit=2 200 0.345 ms - 0
2022-05-23 13:32:31:3231 info: 
**********************REQUEST_STARTED*********************
OPTIONS /api/post?page=1&limit=2 200 0.320 ms - 0
2022-05-23 13:32:32:3232 info: 
**********************REQUEST_STARTED*********************
GET /api/post?page=1&limit=2 400 30006.245 ms - 597
2022-05-23 13:32:32:3232 info: 
**********************REQUEST_STARTED*********************
GET /api/post?page=1&limit=2 400 30006.591 ms - 597
2022-05-23 13:32:35:3235 info: 
**********************REQUEST_STARTED*********************
GET /api/post?page=[object%20Object]&limit=2 - - ms - -
2022-05-23 13:32:35:3235 info: 
**********************REQUEST_STARTED*********************
GET /api/post?page=1&limit=2 - - ms - -
2022-05-23 13:32:35:3235 info: 
**********************REQUEST_STARTED*********************
GET /api/post?page=1&limit=2 - - ms - -
2022-05-23 13:32:38:3238 info: 
**********************REQUEST_STARTED*********************
OPTIONS /api/post?page=1&limit=2 200 0.213 ms - 0
2022-05-23 13:32:38:3238 info: 
**********************REQUEST_STARTED*********************
OPTIONS /api/post?page=1&limit=2 200 0.331 ms - 0
2022-05-23 13:33:09:339 info: 
**********************REQUEST_STARTED*********************
GET /api/post?page=1&limit=2 400 30017.292 ms - 597
2022-05-23 13:33:29:3329 info: 
**********************REQUEST_STARTED*********************
GET /api/post?page=1&limit=2 400 30013.270 ms - 597
2022-05-23 13:35:45:3545 info: 
**********************REQUEST_STARTED*********************
OPTIONS /api/post?page=1&limit=2 200 2.840 ms - 0
2022-05-23 13:35:45:3545 info: 
**********************REQUEST_STARTED*********************
OPTIONS /api/post?page=1&limit=2 200 0.277 ms - 0
2022-05-23 13:35:46:3546 info: 
**********************REQUEST_STARTED*********************
GET /api/post?page=1&limit=2 200 1124.931 ms - 1572
2022-05-23 13:35:47:3547 info: 
**********************REQUEST_STARTED*********************
GET /api/post?page=1&limit=2 304 285.467 ms - -
2022-05-23 13:35:51:3551 info: 
**********************REQUEST_STARTED*********************
OPTIONS /api/admin/service/category 200 0.209 ms - 0
2022-05-23 13:35:51:3551 info: 
**********************REQUEST_STARTED*********************
OPTIONS /api/post/62878461e936e9ef7e52b0ab 200 0.360 ms - 0
2022-05-23 13:35:51:3551 info: 
**********************REQUEST_STARTED*********************
GET /api/post/62878461e936e9ef7e52b0ab 200 207.137 ms - 712
2022-05-23 13:35:51:3551 info: 
**********************REQUEST_STARTED*********************
GET /api/admin/service/category 200 335.967 ms - 2075
2022-05-23 13:35:56:3556 info: 
**********************REQUEST_STARTED*********************
OPTIONS /api/partner?page=1&limit=5 200 0.464 ms - 0
2022-05-23 13:35:56:3556 info: 
**********************REQUEST_STARTED*********************
OPTIONS /api/partner 200 0.280 ms - 0
2022-05-23 13:35:57:3557 info: 
**********************REQUEST_STARTED*********************
GET /api/partner?page=1&limit=5 304 931.449 ms - -
2022-05-23 13:35:57:3557 info: 
**********************REQUEST_STARTED*********************
GET /api/partner 304 931.060 ms - -
2022-05-23 13:35:59:3559 info: 
**********************REQUEST_STARTED*********************
OPTIONS /api/admin/service/category?limit=5&page=1 200 0.254 ms - 0
2022-05-23 13:35:59:3559 info: 
**********************REQUEST_STARTED*********************
GET /api/admin/service/category?limit=5&page=1 200 311.172 ms - 1327
2022-05-23 13:35:59:3559 info: 
**********************REQUEST_STARTED*********************
OPTIONS /api/admin/service/category 200 0.211 ms - 0
2022-05-23 13:36:00:360 info: 
**********************REQUEST_STARTED*********************
GET /api/admin/service/category 304 301.347 ms - -
2022-05-23 13:36:02:362 info: 
**********************REQUEST_STARTED*********************
OPTIONS /api/partner?page=1&limit=5 200 0.236 ms - 0
2022-05-23 13:36:02:362 info: 
**********************REQUEST_STARTED*********************
OPTIONS /api/partner 200 0.272 ms - 0
2022-05-23 13:36:03:363 info: 
**********************REQUEST_STARTED*********************
GET /api/partner 304 803.466 ms - -
2022-05-23 13:36:03:363 info: 
**********************REQUEST_STARTED*********************
GET /api/partner?page=1&limit=5 304 911.065 ms - -
2022-05-23 13:36:05:365 info: 
**********************REQUEST_STARTED*********************
OPTIONS /api/admin/service/category 200 0.177 ms - 0
2022-05-23 13:36:05:365 info: 
**********************REQUEST_STARTED*********************
OPTIONS /api/partner/628732b891fe7e4f2642ca9f 200 0.273 ms - 0
2022-05-23 13:36:06:366 info: 
**********************REQUEST_STARTED*********************
GET /api/admin/service/category 304 287.177 ms - -
2022-05-23 13:36:06:366 info: 
**********************REQUEST_STARTED*********************
GET /api/partner/628732b891fe7e4f2642ca9f 200 297.039 ms - 773
2022-05-23 13:37:53:3753 info: 
**********************REQUEST_STARTED*********************
OPTIONS /api/post?page=1&limit=2 200 0.291 ms - 0
2022-05-23 13:37:53:3753 info: 
**********************REQUEST_STARTED*********************
OPTIONS /api/post?page=1&limit=2 200 0.245 ms - 0
2022-05-23 13:37:53:3753 info: 
**********************REQUEST_STARTED*********************
GET /api/post?page=1&limit=2 304 303.628 ms - -
2022-05-23 13:37:53:3753 info: 
**********************REQUEST_STARTED*********************
GET /api/post?page=1&limit=2 304 296.736 ms - -
2022-05-23 13:38:37:3837 info: 
**********************REQUEST_STARTED*********************
OPTIONS /api/post?page=1&limit=2 200 0.288 ms - 0
2022-05-23 13:38:37:3837 info: 
**********************REQUEST_STARTED*********************
OPTIONS /api/post?page=1&limit=2 200 0.278 ms - 0
2022-05-23 13:38:38:3838 info: 
**********************REQUEST_STARTED*********************
GET /api/post?page=1&limit=2 304 303.218 ms - -
2022-05-23 13:38:38:3838 info: 
**********************REQUEST_STARTED*********************
GET /api/post?page=1&limit=2 304 269.823 ms - -
2022-05-23 13:38:47:3847 info: 
**********************REQUEST_STARTED*********************
OPTIONS /api/post?page=1&limit=2 200 0.260 ms - 0
2022-05-23 13:38:47:3847 info: 
**********************REQUEST_STARTED*********************
OPTIONS /api/post?page=1&limit=2 200 0.352 ms - 0
2022-05-23 13:38:47:3847 info: 
**********************REQUEST_STARTED*********************
GET /api/post?page=1&limit=2 304 305.578 ms - -
2022-05-23 13:38:48:3848 info: 
**********************REQUEST_STARTED*********************
GET /api/post?page=1&limit=2 304 316.024 ms - -
2022-05-23 13:39:27:3927 info: 
**********************REQUEST_STARTED*********************
OPTIONS /api/post?page=1&limit=2 200 0.299 ms - 0
2022-05-23 13:39:27:3927 info: 
**********************REQUEST_STARTED*********************
OPTIONS /api/post?page=1&limit=2 200 0.296 ms - 0
2022-05-23 13:39:27:3927 info: 
**********************REQUEST_STARTED*********************
GET /api/post?page=1&limit=2 304 274.015 ms - -
2022-05-23 13:39:27:3927 info: 
**********************REQUEST_STARTED*********************
GET /api/post?page=1&limit=2 304 280.549 ms - -
2022-05-23 13:39:59:3959 info: 
**********************REQUEST_STARTED*********************
OPTIONS /api/post?page=1&limit=2 200 0.232 ms - 0
2022-05-23 13:39:59:3959 info: 
**********************REQUEST_STARTED*********************
OPTIONS /api/post?page=1&limit=2 200 0.302 ms - 0
2022-05-23 13:39:59:3959 info: 
**********************REQUEST_STARTED*********************
GET /api/post?page=1&limit=2 304 282.907 ms - -
2022-05-23 13:40:00:400 info: 
**********************REQUEST_STARTED*********************
GET /api/post?page=1&limit=2 304 297.288 ms - -
2022-05-23 13:41:58:4158 info: 
**********************REQUEST_STARTED*********************
OPTIONS /api/post?page=1&limit=2 200 1.673 ms - 0
2022-05-23 13:41:58:4158 info: 
**********************REQUEST_STARTED*********************
OPTIONS /api/post?page=1&limit=2 200 0.239 ms - 0
2022-05-23 13:41:58:4158 info: 
**********************REQUEST_STARTED*********************
GET /api/post?page=1&limit=2 304 316.262 ms - -
2022-05-23 13:41:58:4158 info: 
**********************REQUEST_STARTED*********************
GET /api/post?page=1&limit=2 304 312.454 ms - -
2022-05-23 13:42:12:4212 info: 
**********************REQUEST_STARTED*********************
OPTIONS /api/post?page=1&limit=2 200 0.259 ms - 0
2022-05-23 13:42:12:4212 info: 
**********************REQUEST_STARTED*********************
OPTIONS /api/post?page=1&limit=2 200 0.306 ms - 0
2022-05-23 13:42:13:4213 info: 
**********************REQUEST_STARTED*********************
GET /api/post?page=1&limit=2 304 283.049 ms - -
2022-05-23 13:42:13:4213 info: 
**********************REQUEST_STARTED*********************
GET /api/post?page=1&limit=2 304 272.827 ms - -
2022-05-23 13:43:09:439 info: 
**********************REQUEST_STARTED*********************
OPTIONS /api/post?page=1&limit=2 200 1.129 ms - 0
2022-05-23 13:43:09:439 info: 
**********************REQUEST_STARTED*********************
OPTIONS /api/post?page=1&limit=2 200 0.271 ms - 0
2022-05-23 13:43:09:439 info: 
**********************REQUEST_STARTED*********************
GET /api/post?page=1&limit=2 304 285.232 ms - -
2022-05-23 13:43:10:4310 info: 
**********************REQUEST_STARTED*********************
GET /api/post?page=1&limit=2 304 294.450 ms - -
2022-05-23 13:43:56:4356 info: 
**********************REQUEST_STARTED*********************
OPTIONS /api/post?page=1&limit=2 200 0.326 ms - 0
2022-05-23 13:43:56:4356 info: 
**********************REQUEST_STARTED*********************
OPTIONS /api/post?page=1&limit=2 200 0.352 ms - 0
2022-05-23 13:43:56:4356 info: 
**********************REQUEST_STARTED*********************
GET /api/post?page=1&limit=2 304 290.627 ms - -
2022-05-23 13:43:56:4356 info: 
**********************REQUEST_STARTED*********************
GET /api/post?page=1&limit=2 304 279.717 ms - -
2022-05-23 13:46:28:4628 info: 
**********************REQUEST_STARTED*********************
OPTIONS /api/post?page=1&limit=2 200 0.169 ms - 0
2022-05-23 13:46:28:4628 info: 
**********************REQUEST_STARTED*********************
OPTIONS /api/post?page=1&limit=2 200 0.303 ms - 0
2022-05-23 13:46:28:4628 info: 
**********************REQUEST_STARTED*********************
GET /api/post?page=1&limit=2 304 294.976 ms - -
2022-05-23 13:46:29:4629 info: 
**********************REQUEST_STARTED*********************
GET /api/post?page=1&limit=2 304 294.284 ms - -
2022-05-23 13:46:48:4648 info: 
**********************REQUEST_STARTED*********************
OPTIONS /api/post?page=1&limit=2 200 0.272 ms - 0
2022-05-23 13:46:48:4648 info: 
**********************REQUEST_STARTED*********************
OPTIONS /api/post?page=1&limit=2 200 0.229 ms - 0
2022-05-23 13:46:48:4648 info: 
**********************REQUEST_STARTED*********************
GET /api/post?page=1&limit=2 304 332.944 ms - -
2022-05-23 13:46:48:4648 info: 
**********************REQUEST_STARTED*********************
GET /api/post?page=1&limit=2 304 302.868 ms - -
2022-05-23 13:46:55:4655 info: 
**********************REQUEST_STARTED*********************
OPTIONS /api/post?page=1&limit=2 200 0.262 ms - 0
2022-05-23 13:46:55:4655 info: 
**********************REQUEST_STARTED*********************
OPTIONS /api/post?page=1&limit=2 200 0.302 ms - 0
2022-05-23 13:46:56:4656 info: 
**********************REQUEST_STARTED*********************
GET /api/post?page=1&limit=2 304 277.415 ms - -
2022-05-23 13:46:56:4656 info: 
**********************REQUEST_STARTED*********************
GET /api/post?page=1&limit=2 304 297.003 ms - -
2022-05-23 13:48:27:4827 info: 
**********************REQUEST_STARTED*********************
OPTIONS /api/post?page=1&limit=2 200 1.728 ms - 0
2022-05-23 13:48:27:4827 info: 
**********************REQUEST_STARTED*********************
OPTIONS /api/post?page=1&limit=2 200 0.310 ms - 0
2022-05-23 13:48:27:4827 info: 
**********************REQUEST_STARTED*********************
GET /api/post?page=1&limit=2 304 290.232 ms - -
2022-05-23 13:48:28:4828 info: 
**********************REQUEST_STARTED*********************
GET /api/post?page=1&limit=2 304 273.114 ms - -
2022-05-23 13:48:34:4834 info: 
**********************REQUEST_STARTED*********************
OPTIONS /api/post?page=1&limit=2 200 0.380 ms - 0
2022-05-23 13:48:34:4834 info: 
**********************REQUEST_STARTED*********************
GET /api/post?page=1&limit=2 304 303.750 ms - -
2022-05-23 13:49:57:4957 info: 
**********************REQUEST_STARTED*********************
OPTIONS /api/post?page=1&limit=2 200 0.483 ms - 0
2022-05-23 13:49:57:4957 info: 
**********************REQUEST_STARTED*********************
OPTIONS /api/post?page=1&limit=2 200 0.462 ms - 0
2022-05-23 13:49:57:4957 info: 
**********************REQUEST_STARTED*********************
GET /api/post?page=1&limit=2 304 289.451 ms - -
2022-05-23 13:49:57:4957 info: 
**********************REQUEST_STARTED*********************
GET /api/post?page=1&limit=2 304 279.825 ms - -
2022-05-23 13:53:22:5322 info: 
**********************REQUEST_STARTED*********************
OPTIONS /api/post?page=1&limit=2 200 0.675 ms - 0
2022-05-23 13:53:22:5322 info: 
**********************REQUEST_STARTED*********************
OPTIONS /api/post?page=1&limit=2 200 0.201 ms - 0
2022-05-23 13:53:22:5322 info: 
**********************REQUEST_STARTED*********************
GET /api/post?page=1&limit=2 304 311.623 ms - -
2022-05-23 13:53:22:5322 info: 
**********************REQUEST_STARTED*********************
GET /api/post?page=1&limit=2 304 284.573 ms - -
2022-05-23 13:53:34:5334 info: 
**********************REQUEST_STARTED*********************
OPTIONS /api/post/62878461e936e9ef7e52b0ab 200 0.557 ms - 0
2022-05-23 13:53:34:5334 info: 
**********************REQUEST_STARTED*********************
PUT /api/post/62878461e936e9ef7e52b0ab 200 351.685 ms - 714
2022-05-23 13:53:48:5348 info: 
**********************REQUEST_STARTED*********************
OPTIONS /api/post?page=1&limit=2 200 0.197 ms - 0
2022-05-23 13:53:48:5348 info: 
**********************REQUEST_STARTED*********************
OPTIONS /api/post?page=1&limit=2 200 0.331 ms - 0
2022-05-23 13:53:49:5349 info: 
**********************REQUEST_STARTED*********************
GET /api/post?page=1&limit=2 200 322.695 ms - 1572
2022-05-23 13:53:49:5349 info: 
**********************REQUEST_STARTED*********************
GET /api/post?page=1&limit=2 304 278.638 ms - -
2022-05-23 13:53:57:5357 info: 
**********************REQUEST_STARTED*********************
OPTIONS /api/post/6287840efa25ce524a75bb91 200 0.264 ms - 0
2022-05-23 13:53:57:5357 info: 
**********************REQUEST_STARTED*********************
PUT /api/post/6287840efa25ce524a75bb91 200 212.401 ms - 715
2022-05-23 13:54:05:545 info: 
**********************REQUEST_STARTED*********************
OPTIONS /api/post?page=1&limit=2 200 0.197 ms - 0
2022-05-23 13:54:05:545 info: 
**********************REQUEST_STARTED*********************
OPTIONS /api/post?page=1&limit=2 200 0.279 ms - 0
2022-05-23 13:54:05:545 info: 
**********************REQUEST_STARTED*********************
GET /api/post?page=1&limit=2 200 296.285 ms - 1573
2022-05-23 13:54:05:545 info: 
**********************REQUEST_STARTED*********************
GET /api/post?page=1&limit=2 304 276.271 ms - -
2022-05-23 14:00:54:054 info: 
**********************REQUEST_STARTED*********************
OPTIONS /api/post?page=1&limit=2 200 0.179 ms - 0
2022-05-23 14:00:54:054 info: 
**********************REQUEST_STARTED*********************
OPTIONS /api/post?page=1&limit=2 200 0.247 ms - 0
2022-05-23 14:01:03:13 info: 
**********************REQUEST_STARTED*********************
GET /api/post?page=1&limit=2 304 9611.914 ms - -
2022-05-23 14:01:04:14 info: 
**********************REQUEST_STARTED*********************
GET /api/post?page=1&limit=2 304 243.884 ms - -
2022-05-23 14:01:04:14 info: 
**********************REQUEST_STARTED*********************
GET /api/post?page=1&limit=2 304 238.398 ms - -
2022-05-23 14:01:04:14 info: 
**********************REQUEST_STARTED*********************
GET /api/post?page=1&limit=2 304 213.361 ms - -
2022-05-23 14:01:10:110 info: 
**********************REQUEST_STARTED*********************
OPTIONS /api/post/62878461e936e9ef7e52b0ab 200 0.272 ms - 0
2022-05-23 14:01:10:110 info: 
**********************REQUEST_STARTED*********************
PUT /api/post/62878461e936e9ef7e52b0ab 200 170.718 ms - 714
2022-05-23 14:01:26:126 info: 
**********************REQUEST_STARTED*********************
OPTIONS /api/post?page=1&limit=2 200 0.922 ms - 0
2022-05-23 14:01:26:126 info: 
**********************REQUEST_STARTED*********************
OPTIONS /api/post?page=1&limit=2 200 0.315 ms - 0
2022-05-23 14:01:26:126 info: 
**********************REQUEST_STARTED*********************
GET /api/post?page=1&limit=2 200 242.986 ms - 1573
2022-05-23 14:01:26:126 info: 
**********************REQUEST_STARTED*********************
GET /api/post?page=1&limit=2 304 228.155 ms - -
2022-05-23 14:01:43:143 info: 
**********************REQUEST_STARTED*********************
OPTIONS /api/post?page=1&limit=2 200 0.252 ms - 0
2022-05-23 14:01:43:143 info: 
**********************REQUEST_STARTED*********************
OPTIONS /api/post?page=1&limit=2 200 0.314 ms - 0
2022-05-23 14:01:43:143 info: 
**********************REQUEST_STARTED*********************
GET /api/post?page=1&limit=2 304 221.855 ms - -
2022-05-23 14:01:43:143 info: 
**********************REQUEST_STARTED*********************
GET /api/post?page=1&limit=2 304 232.683 ms - -
2022-05-23 14:04:23:423 info: 
**********************REQUEST_STARTED*********************
OPTIONS /api/post?page=1&limit=2 200 0.780 ms - 0
2022-05-23 14:04:23:423 info: 
**********************REQUEST_STARTED*********************
OPTIONS /api/post?page=1&limit=2 200 0.537 ms - 0
2022-05-23 14:04:23:423 info: 
**********************REQUEST_STARTED*********************
GET /api/post?page=1&limit=2 304 248.009 ms - -
2022-05-23 14:04:23:423 info: 
**********************REQUEST_STARTED*********************
GET /api/post?page=1&limit=2 304 238.650 ms - -
2022-05-23 14:04:27:427 info: 
**********************REQUEST_STARTED*********************
OPTIONS /api/post/62878461e936e9ef7e52b0ab 200 0.246 ms - 0
2022-05-23 14:04:27:427 info: 
**********************REQUEST_STARTED*********************
PUT /api/post/62878461e936e9ef7e52b0ab 200 157.802 ms - 715
2022-05-23 14:04:32:432 info: 
**********************REQUEST_STARTED*********************
PUT /api/post/62878461e936e9ef7e52b0ab 200 180.321 ms - 714
2022-05-23 14:05:42:542 info: 
**********************REQUEST_STARTED*********************
OPTIONS /api/post?page=1&limit=2 200 0.301 ms - 0
2022-05-23 14:05:42:542 info: 
**********************REQUEST_STARTED*********************
OPTIONS /api/post?page=1&limit=2 200 0.220 ms - 0
2022-05-23 14:05:42:542 info: 
**********************REQUEST_STARTED*********************
GET /api/post?page=1&limit=2 200 234.875 ms - 1573
2022-05-23 14:05:42:542 info: 
**********************REQUEST_STARTED*********************
GET /api/post?page=1&limit=2 304 239.013 ms - -
2022-05-23 14:05:46:546 info: 
**********************REQUEST_STARTED*********************
OPTIONS /api/post/62878461e936e9ef7e52b0ab 200 0.259 ms - 0
2022-05-23 14:05:46:546 info: 
**********************REQUEST_STARTED*********************
PUT /api/post/62878461e936e9ef7e52b0ab 200 155.846 ms - 714
2022-05-23 14:06:55:655 info: 
**********************REQUEST_STARTED*********************
OPTIONS /api/post?page=1&limit=2 200 0.244 ms - 0
2022-05-23 14:06:55:655 info: 
**********************REQUEST_STARTED*********************
OPTIONS /api/post?page=1&limit=2 200 0.257 ms - 0
2022-05-23 14:06:56:656 info: 
**********************REQUEST_STARTED*********************
GET /api/post?page=1&limit=2 200 239.696 ms - 1573
2022-05-23 14:06:56:656 info: 
**********************REQUEST_STARTED*********************
GET /api/post?page=1&limit=2 304 242.424 ms - -
2022-05-23 14:07:07:77 info: 
**********************REQUEST_STARTED*********************
OPTIONS /api/post/62878461e936e9ef7e52b0ab 200 0.685 ms - 0
2022-05-23 14:07:07:77 info: 
**********************REQUEST_STARTED*********************
PUT /api/post/62878461e936e9ef7e52b0ab 200 173.211 ms - 714
2022-05-23 14:07:13:713 info: 
**********************REQUEST_STARTED*********************
OPTIONS /api/post/62878461e936e9ef7e52b0ab 200 0.319 ms - 0
2022-05-23 14:07:13:713 info: 
**********************REQUEST_STARTED*********************
PUT /api/post/62878461e936e9ef7e52b0ab 200 158.061 ms - 714
2022-05-23 14:07:24:724 info: 
**********************REQUEST_STARTED*********************
OPTIONS /api/post?page=1&limit=2 200 0.240 ms - 0
2022-05-23 14:07:24:724 info: 
**********************REQUEST_STARTED*********************
OPTIONS /api/post?page=1&limit=2 200 0.296 ms - 0
2022-05-23 14:07:24:724 info: 
**********************REQUEST_STARTED*********************
GET /api/post?page=1&limit=2 200 265.377 ms - 1573
2022-05-23 14:07:24:724 info: 
**********************REQUEST_STARTED*********************
GET /api/post?page=1&limit=2 304 219.886 ms - -
2022-05-23 15:51:58:5158 info: 
**********************REQUEST_STARTED*********************
GET /api/post/search 400 8.348 ms - 277
2022-05-23 15:52:51:5251 info: 
**********************REQUEST_STARTED*********************
GET /api/post/search/post 200 2114.560 ms - 2
2022-05-23 15:53:03:533 info: 
**********************REQUEST_STARTED*********************
GET /api/post/search/post?title=%27a 200 261.572 ms - 2
2022-05-23 15:53:05:535 info: 
**********************REQUEST_STARTED*********************
GET /api/post/search/post?title=a 200 267.837 ms - 2
2022-05-23 15:53:41:5341 info: 
**********************REQUEST_STARTED*********************
GET /api/post/search/post?title=a 200 1568.805 ms - 2
2022-05-23 15:53:53:5353 info: 
**********************REQUEST_STARTED*********************
GET /api/post/search/post?service=a 200 243.839 ms - 2
2022-05-23 15:54:11:5411 info: 
**********************REQUEST_STARTED*********************
GET /api/post/search/post?service=a 400 1829.080 ms - 45
2022-05-23 15:54:40:5440 info: 
**********************REQUEST_STARTED*********************
GET /api/post/search/post?service=a 200 762.208 ms - 2
2022-05-23 15:56:30:5630 info: 
**********************REQUEST_STARTED*********************
GET /api/post/search/post?service=a - - ms - -
2022-05-23 15:58:27:5827 info: 
**********************REQUEST_STARTED*********************
GET /api/post/search/post?service=a - - ms - -
2022-05-23 15:58:30:5830 info: 
**********************REQUEST_STARTED*********************
GET /api/post/search/post?service=a - - ms - -
2022-05-23 15:58:45:5845 info: 
**********************REQUEST_STARTED*********************
GET /api/post/search/post?service=a - - ms - -
2022-05-23 15:59:11:5911 info: 
**********************REQUEST_STARTED*********************
GET /api/post/search/post?service=a 200 235.802 ms - 2
2022-05-23 15:59:14:5914 info: 
**********************REQUEST_STARTED*********************
GET /api/post/search/post?service=a 200 223.374 ms - 2
2022-05-23 15:59:54:5954 info: 
**********************REQUEST_STARTED*********************
GET /api/post/search/post?service=a 200 217.750 ms - 2
2022-05-23 16:00:19:019 info: 
**********************REQUEST_STARTED*********************
GET /api/post/search/post?service=a 200 1014.115 ms - 2
2022-05-23 16:01:03:13 info: 
**********************REQUEST_STARTED*********************
GET /api/post/search/post?service=a 200 846.296 ms - 2
2022-05-23 16:03:33:333 info: 
**********************REQUEST_STARTED*********************
GET /api/post/search/post?service=a 200 1454.028 ms - 2
2022-05-23 16:05:38:538 info: 
**********************REQUEST_STARTED*********************
GET /api/post/search/post?service=a 200 1916.198 ms - 4865
2022-05-23 16:05:51:551 info: 
**********************REQUEST_STARTED*********************
GET /api/post/search/post?service=token 200 225.833 ms - 4468
2022-05-23 16:06:52:652 info: 
**********************REQUEST_STARTED*********************
GET /api/post/search/post?service=token 200 1795.024 ms - 9772
2022-05-23 16:06:56:656 info: 
**********************REQUEST_STARTED*********************
GET /api/post/search/post?service=tokendfsd 200 251.276 ms - 5306
2022-05-23 16:07:02:72 info: 
**********************REQUEST_STARTED*********************
GET /api/post/search/post?service=tokendfsddsfsdfsdf 200 250.275 ms - 5306
2022-05-23 16:12:13:1213 info: 
**********************REQUEST_STARTED*********************
GET /api/post/search/post?service=token&tag=cleaning 400 261.540 ms - 45
2022-05-23 16:12:41:1241 info: 
**********************REQUEST_STARTED*********************
GET /api/post/search/post?service=token&tag=cleaning 200 240.677 ms - 3182
2022-05-23 16:13:38:1338 info: 
**********************REQUEST_STARTED*********************
GET /api/post/search/post?service=token 200 265.568 ms - 15
2022-05-23 16:13:42:1342 info: 
**********************REQUEST_STARTED*********************
GET /api/post/search/post?service=token&tag=cleaning 200 234.088 ms - 3182
2022-05-23 16:13:46:1346 info: 
**********************REQUEST_STARTED*********************
GET /api/post/search/post?service=car&tag=cleaning 200 250.541 ms - 3182
2022-05-23 16:14:52:1452 info: 
**********************REQUEST_STARTED*********************
GET /api/post/search/post?service=car&tag=cleaning 200 2458.004 ms - 3184
2022-05-23 16:15:11:1511 info: 
**********************REQUEST_STARTED*********************
GET /api/post/search/post?service=car&tag=dusting 200 223.390 ms - 17
2022-05-23 16:15:14:1514 info: 
**********************REQUEST_STARTED*********************
GET /api/post/search/post?service=car&tag=cleaning 200 232.745 ms - 3184
2022-05-23 16:16:15:1615 info: 
**********************REQUEST_STARTED*********************
GET /api/post/search/posts?service=car&tag=cleaning 200 256.658 ms - 3184
2022-05-23 16:30:03:303 info: 
**********************REQUEST_STARTED*********************
GET /api/partner/search/partner?name=a 404 2.826 ms - 165
2022-05-23 16:30:45:3045 info: 
**********************REQUEST_STARTED*********************
GET /api/partner/search/partner?name=a 200 1740.494 ms - 1894
2022-05-23 16:30:53:3053 info: 
**********************REQUEST_STARTED*********************
GET /api/partner/search/partner?name=aa 400 152.707 ms - 47
2022-05-23 16:30:56:3056 info: 
**********************REQUEST_STARTED*********************
GET /api/partner/search/partner?name=a 200 142.502 ms - 1894
2022-05-23 16:31:01:311 info: 
**********************REQUEST_STARTED*********************
GET /api/partner/search/partner?name=aa 400 158.188 ms - 47
2022-05-23 16:31:57:3157 info: 
**********************REQUEST_STARTED*********************
GET /api/partner/search/partner?name=aa 200 1456.158 ms - 46
2022-05-23 16:34:09:349 info: 
**********************REQUEST_STARTED*********************
GET /api/partner/search/partner?name=aa 200 25057.465 ms - 46
2022-05-23 16:34:13:3413 info: 
**********************REQUEST_STARTED*********************
GET /api/partner/search/partner?name=a 200 192.937 ms - 1894
2022-05-23 16:34:22:3422 info: 
**********************REQUEST_STARTED*********************
GET /api/partner/search/partner?name=azad 200 210.037 ms - 46
2022-05-23 16:34:25:3425 info: 
**********************REQUEST_STARTED*********************
GET /api/partner/search/partner?name=a 200 192.278 ms - 1894
2022-05-23 16:35:06:356 info: 
**********************REQUEST_STARTED*********************
GET /api/partner/search/partner?name=a&service=clean 200 206.263 ms - 1894
2022-05-23 16:35:10:3510 info: 
**********************REQUEST_STARTED*********************
GET /api/partner/search/partner?name=&service=clean 200 196.226 ms - 1894
2022-05-23 16:44:12:4412 info: 
**********************REQUEST_STARTED*********************
GET /api/search 404 2.468 ms - 149
2022-05-23 16:45:04:454 info: 
**********************REQUEST_STARTED*********************
GET /api/search 404 2.414 ms - 149
2022-05-23 16:46:17:4617 info: 
**********************REQUEST_STARTED*********************
GET /api/search 404 2.341 ms - 149
2022-05-23 16:48:22:4822 info: 
**********************REQUEST_STARTED*********************
GET /api/search 404 2.486 ms - 149
2022-05-23 16:48:23:4823 info: 
**********************REQUEST_STARTED*********************
GET /api/search 404 0.647 ms - 149
2022-05-23 16:48:24:4824 info: 
**********************REQUEST_STARTED*********************
GET /api/search 404 0.252 ms - 149
2022-05-23 16:48:27:4827 info: 
**********************REQUEST_STARTED*********************
GET /api/search 404 0.355 ms - 149
2022-05-23 16:49:14:4914 info: 
**********************REQUEST_STARTED*********************
GET /api/search 404 0.272 ms - 149
2022-05-23 16:49:37:4937 info: 
**********************REQUEST_STARTED*********************
GET /api/search 404 2.625 ms - 149
2022-05-23 16:52:42:5242 info: 
**********************REQUEST_STARTED*********************
GET /api/search 404 2.523 ms - 149
2022-05-23 16:52:43:5243 info: 
**********************REQUEST_STARTED*********************
GET /api/search 404 0.573 ms - 149
2022-05-23 16:52:44:5244 info: 
**********************REQUEST_STARTED*********************
GET /api/search 404 0.324 ms - 149
2022-05-23 16:53:09:539 info: 
**********************REQUEST_STARTED*********************
GET /api/search 404 0.605 ms - 149
2022-05-23 16:53:30:5330 info: 
**********************REQUEST_STARTED*********************
GET /api/search/api 404 2.548 ms - 153
2022-05-23 16:53:45:5345 info: 
**********************REQUEST_STARTED*********************
GET /api/search/api 404 0.743 ms - 153
2022-05-23 16:54:12:5412 info: 
**********************REQUEST_STARTED*********************
GET /api/search/api 200 3.210 ms - 6
2022-05-23 16:54:14:5414 info: 
**********************REQUEST_STARTED*********************
GET /api/search 404 1.359 ms - 149
2022-05-23 17:00:54:054 info: 
**********************REQUEST_STARTED*********************
GET /api/search 200 3042.572 ms - 67
2022-05-23 17:01:14:114 info: 
**********************REQUEST_STARTED*********************
GET /api/search?name=a 200 412.438 ms - 1915
2022-05-23 17:02:09:29 info: 
**********************REQUEST_STARTED*********************
GET /api/search?name= 200 420.777 ms - 1915
2022-05-23 17:03:15:315 info: 
**********************REQUEST_STARTED*********************
GET /api/post/search/posts?service=car&tag=cleaning 200 241.389 ms - 3217
2022-05-23 17:03:16:316 info: 
**********************REQUEST_STARTED*********************
GET /api/post/search/posts?service=car&tag=cleaning 200 252.371 ms - 3217
2022-05-23 17:03:25:325 info: 
**********************REQUEST_STARTED*********************
GET /api/search?name= 200 402.000 ms - 1915
2022-05-23 17:03:42:342 info: 
**********************REQUEST_STARTED*********************
GET /api/search?name=a&service=a 200 416.625 ms - 6381
