2022-04-25 17:15:04:154 info: 
**********************REQUEST_STARTED*********************
OPTIONS /api/partner 200 2.844 ms - 0
2022-04-25 17:15:04:154 info: 
**********************REQUEST_STARTED*********************
OPTIONS /api/partner 200 0.423 ms - 0
2022-04-25 17:15:04:154 info: 
**********************REQUEST_STARTED*********************
GET /api/partner 200 221.529 ms - 22804
2022-04-25 17:15:04:154 info: 
**********************REQUEST_STARTED*********************
GET /api/partner 304 125.195 ms - -
2022-04-25 17:15:09:159 info: 
**********************REQUEST_STARTED*********************
OPTIONS /api/admin/service/category?limit=5&page=1 200 0.211 ms - 0
2022-04-25 17:15:10:1510 info: 
**********************REQUEST_STARTED*********************
GET /api/admin/service/category?limit=5&page=1 200 122.600 ms - 1332
2022-04-25 17:15:10:1510 info: 
**********************REQUEST_STARTED*********************
OPTIONS /api/admin/service/category 200 0.141 ms - 0
2022-04-25 17:15:10:1510 info: 
**********************REQUEST_STARTED*********************
GET /api/admin/service/category 200 124.445 ms - 2323
2022-04-25 17:15:12:1512 info: 
**********************REQUEST_STARTED*********************
GET /api/admin/service/category?limit=5&page=1 304 119.281 ms - -
2022-04-25 17:15:12:1512 info: 
**********************REQUEST_STARTED*********************
GET /api/admin/service/category 304 129.560 ms - -
2022-04-25 17:15:33:1533 info: 
**********************REQUEST_STARTED*********************
OPTIONS /api/partner 200 0.153 ms - 0
2022-04-25 17:15:33:1533 info: 
**********************REQUEST_STARTED*********************
POST /api/partner 200 285.974 ms - 557
2022-04-25 17:15:34:1534 info: 
**********************REQUEST_STARTED*********************
GET /api/partner 200 185.365 ms - 23708
2022-04-25 17:15:34:1534 info: 
**********************REQUEST_STARTED*********************
GET /api/partner 304 131.641 ms - -
2022-04-25 17:25:28:2528 info: 
**********************REQUEST_STARTED*********************
OPTIONS /api/admin/service/category?limit=5&page=1 200 1.573 ms - 0
2022-04-25 17:25:28:2528 info: 
**********************REQUEST_STARTED*********************
GET /api/admin/service/category?limit=5&page=1 304 158.107 ms - -
2022-04-25 17:25:28:2528 info: 
**********************REQUEST_STARTED*********************
OPTIONS /api/admin/service/category 200 0.258 ms - 0
2022-04-25 17:25:28:2528 info: 
**********************REQUEST_STARTED*********************
GET /api/admin/service/category 304 143.979 ms - -
2022-04-25 17:25:48:2548 info: 
**********************REQUEST_STARTED*********************
OPTIONS /api/partner 200 0.149 ms - 0
2022-04-25 17:25:49:2549 info: 
**********************REQUEST_STARTED*********************
POST /api/partner 200 278.282 ms - 558
2022-04-25 17:25:49:2549 info: 
**********************REQUEST_STARTED*********************
GET /api/partner 200 215.192 ms - 24637
2022-04-25 17:25:49:2549 info: 
**********************REQUEST_STARTED*********************
GET /api/partner 304 154.647 ms - -
2022-04-25 17:26:46:2646 info: 
**********************REQUEST_STARTED*********************
OPTIONS /api/admin/service/category?limit=5&page=1 200 0.214 ms - 0
2022-04-25 17:26:46:2646 info: 
**********************REQUEST_STARTED*********************
GET /api/admin/service/category?limit=5&page=1 304 141.954 ms - -
2022-04-25 17:26:46:2646 info: 
**********************REQUEST_STARTED*********************
OPTIONS /api/admin/service/category 200 0.158 ms - 0
2022-04-25 17:26:46:2646 info: 
**********************REQUEST_STARTED*********************
GET /api/admin/service/category 304 141.141 ms - -
2022-04-25 17:27:10:2710 info: 
**********************REQUEST_STARTED*********************
OPTIONS /api/partner 200 0.139 ms - 0
2022-04-25 17:27:10:2710 info: 
**********************REQUEST_STARTED*********************
POST /api/partner 200 215.040 ms - 567
2022-04-25 17:27:10:2710 info: 
**********************REQUEST_STARTED*********************
GET /api/partner 200 194.366 ms - 19953
2022-04-25 17:27:11:2711 info: 
**********************REQUEST_STARTED*********************
GET /api/partner 304 160.614 ms - -
2022-04-25 17:28:06:286 info: 
**********************REQUEST_STARTED*********************
OPTIONS /api/admin/service/category?limit=5&page=1 200 0.136 ms - 0
2022-04-25 17:28:06:286 info: 
**********************REQUEST_STARTED*********************
GET /api/admin/service/category?limit=5&page=1 304 145.892 ms - -
2022-04-25 17:28:06:286 info: 
**********************REQUEST_STARTED*********************
OPTIONS /api/admin/service/category 200 0.181 ms - 0
2022-04-25 17:28:06:286 info: 
**********************REQUEST_STARTED*********************
GET /api/admin/service/category 304 138.266 ms - -
2022-04-25 17:28:33:2833 info: 
**********************REQUEST_STARTED*********************
OPTIONS /api/partner 200 0.247 ms - 0
2022-04-25 17:28:33:2833 info: 
**********************REQUEST_STARTED*********************
POST /api/partner 200 214.934 ms - 553
2022-04-25 17:28:33:2833 info: 
**********************REQUEST_STARTED*********************
GET /api/partner 200 203.838 ms - 20869
2022-04-25 17:28:34:2834 info: 
**********************REQUEST_STARTED*********************
GET /api/partner 304 166.248 ms - -
2022-04-25 17:32:15:3215 info: 
**********************REQUEST_STARTED*********************
OPTIONS /api/admin/service/category?limit=5&page=1 200 2.226 ms - 0
2022-04-25 17:32:15:3215 info: 
**********************REQUEST_STARTED*********************
GET /api/admin/service/category?limit=5&page=1 - - ms - -
2022-04-25 17:32:16:3216 info: 
**********************REQUEST_STARTED*********************
GET /api/admin/service/category?limit=5&page=1 200 107.114 ms - 1332
2022-04-25 17:32:16:3216 info: 
**********************REQUEST_STARTED*********************
OPTIONS /api/admin/service/category 200 0.496 ms - 0
2022-04-25 17:32:17:3217 info: 
**********************REQUEST_STARTED*********************
GET /api/admin/service/category 304 102.219 ms - -
2022-04-25 17:33:08:338 info: 
**********************REQUEST_STARTED*********************
OPTIONS /api/partner 200 0.128 ms - 0
2022-04-25 17:33:08:338 info: 
**********************REQUEST_STARTED*********************
POST /api/partner 200 238.034 ms - 550
2022-04-25 17:33:09:339 info: 
**********************REQUEST_STARTED*********************
GET /api/partner 200 141.253 ms - 21760
2022-04-25 17:33:09:339 info: 
**********************REQUEST_STARTED*********************
GET /api/partner 304 120.175 ms - -
2022-04-25 17:39:46:3946 info: 
**********************REQUEST_STARTED*********************
OPTIONS /api/admin/service/category?limit=5&page=1 200 4.003 ms - 0
2022-04-25 17:39:47:3947 info: 
**********************REQUEST_STARTED*********************
GET /api/admin/service/category?limit=5&page=1 304 165.112 ms - -
2022-04-25 17:39:47:3947 info: 
**********************REQUEST_STARTED*********************
OPTIONS /api/admin/service/category 200 0.455 ms - 0
2022-04-25 17:39:47:3947 info: 
**********************REQUEST_STARTED*********************
GET /api/admin/service/category 304 106.051 ms - -
2022-04-25 17:40:11:4011 info: 
**********************REQUEST_STARTED*********************
OPTIONS /api/partner 200 0.509 ms - 0
2022-04-25 17:40:12:4012 info: 
**********************REQUEST_STARTED*********************
POST /api/partner 200 356.061 ms - 583
2022-04-25 17:40:12:4012 info: 
**********************REQUEST_STARTED*********************
GET /api/partner 200 136.860 ms - 19238
2022-04-25 17:40:12:4012 info: 
**********************REQUEST_STARTED*********************
GET /api/partner 304 120.604 ms - -
2022-04-25 17:40:30:4030 info: 
**********************REQUEST_STARTED*********************
OPTIONS /api/admin/service/category?limit=5&page=1 200 0.373 ms - 0
2022-04-25 17:40:30:4030 info: 
**********************REQUEST_STARTED*********************
GET /api/admin/service/category?limit=5&page=1 304 109.256 ms - -
2022-04-25 17:40:30:4030 info: 
**********************REQUEST_STARTED*********************
OPTIONS /api/admin/service/category 200 0.237 ms - 0
2022-04-25 17:40:30:4030 info: 
**********************REQUEST_STARTED*********************
GET /api/admin/service/category 304 102.058 ms - -
2022-04-25 17:40:49:4049 info: 
**********************REQUEST_STARTED*********************
OPTIONS /api/partner 200 0.301 ms - 0
2022-04-25 17:40:49:4049 info: 
**********************REQUEST_STARTED*********************
POST /api/partner 200 261.498 ms - 574
2022-04-25 17:40:49:4049 info: 
**********************REQUEST_STARTED*********************
GET /api/partner 200 144.561 ms - 20141
2022-04-25 17:40:49:4049 info: 
**********************REQUEST_STARTED*********************
GET /api/partner 304 134.321 ms - -
2022-04-25 17:42:20:4220 info: 
**********************REQUEST_STARTED*********************
OPTIONS /api/admin/service/category?limit=5&page=1 200 4.196 ms - 0
2022-04-25 17:42:20:4220 info: 
**********************REQUEST_STARTED*********************
GET /api/admin/service/category?limit=5&page=1 304 159.087 ms - -
2022-04-25 17:42:20:4220 info: 
**********************REQUEST_STARTED*********************
OPTIONS /api/admin/service/category 200 0.375 ms - 0
2022-04-25 17:42:20:4220 info: 
**********************REQUEST_STARTED*********************
GET /api/admin/service/category 304 127.884 ms - -
2022-04-25 17:42:38:4238 info: 
**********************REQUEST_STARTED*********************
OPTIONS /api/partner 200 0.326 ms - 0
2022-04-25 17:42:38:4238 info: 
**********************REQUEST_STARTED*********************
POST /api/partner 200 410.506 ms - 580
2022-04-25 17:42:38:4238 info: 
**********************REQUEST_STARTED*********************
GET /api/partner 200 175.137 ms - 19235
2022-04-25 17:42:39:4239 info: 
**********************REQUEST_STARTED*********************
GET /api/partner 304 158.329 ms - -
2022-04-25 17:47:15:4715 info: 
**********************REQUEST_STARTED*********************
OPTIONS /api/admin/service/category?limit=5&page=1 200 0.325 ms - 0
2022-04-25 17:47:15:4715 info: 
**********************REQUEST_STARTED*********************
GET /api/admin/service/category?limit=5&page=1 304 116.918 ms - -
2022-04-25 17:47:15:4715 info: 
**********************REQUEST_STARTED*********************
OPTIONS /api/admin/service/category 200 0.281 ms - 0
2022-04-25 17:47:15:4715 info: 
**********************REQUEST_STARTED*********************
GET /api/admin/service/category 304 117.829 ms - -
2022-04-25 17:47:38:4738 info: 
**********************REQUEST_STARTED*********************
OPTIONS /api/partner 200 0.437 ms - 0
2022-04-25 17:47:38:4738 info: 
**********************REQUEST_STARTED*********************
POST /api/partner 200 291.281 ms - 552
2022-04-25 17:47:39:4739 info: 
**********************REQUEST_STARTED*********************
GET /api/partner 200 134.612 ms - 15541
2022-04-25 17:47:39:4739 info: 
**********************REQUEST_STARTED*********************
GET /api/partner 304 139.049 ms - -
2022-04-25 17:48:25:4825 info: 
**********************REQUEST_STARTED*********************
OPTIONS /api/partner 200 0.499 ms - 0
2022-04-25 17:48:25:4825 info: 
**********************REQUEST_STARTED*********************
OPTIONS /api/partner 200 0.250 ms - 0
2022-04-25 17:48:25:4825 info: 
**********************REQUEST_STARTED*********************
GET /api/partner 200 82.797 ms - 37
2022-04-25 17:48:25:4825 info: 
**********************REQUEST_STARTED*********************
GET /api/partner 304 77.391 ms - -
2022-04-25 17:48:27:4827 info: 
**********************REQUEST_STARTED*********************
OPTIONS /api/admin/service/category?limit=5&page=1 200 0.320 ms - 0
2022-04-25 17:48:27:4827 info: 
**********************REQUEST_STARTED*********************
GET /api/admin/service/category?limit=5&page=1 304 117.582 ms - -
2022-04-25 17:48:27:4827 info: 
**********************REQUEST_STARTED*********************
OPTIONS /api/admin/service/category 200 0.193 ms - 0
2022-04-25 17:48:27:4827 info: 
**********************REQUEST_STARTED*********************
GET /api/admin/service/category 304 122.294 ms - -
2022-04-25 17:48:54:4854 info: 
**********************REQUEST_STARTED*********************
OPTIONS /api/partner 200 0.270 ms - 0
2022-04-25 17:48:54:4854 info: 
**********************REQUEST_STARTED*********************
POST /api/partner 200 322.109 ms - 577
2022-04-25 17:48:54:4854 info: 
**********************REQUEST_STARTED*********************
GET /api/partner 200 121.233 ms - 954
2022-04-25 17:48:54:4854 info: 
**********************REQUEST_STARTED*********************
GET /api/partner 304 114.310 ms - -
2022-04-25 17:49:01:491 info: 
**********************REQUEST_STARTED*********************
OPTIONS /api/partner 200 0.551 ms - 0
2022-04-25 17:49:01:491 info: 
**********************REQUEST_STARTED*********************
OPTIONS /api/partner 200 0.364 ms - 0
2022-04-25 17:49:01:491 info: 
**********************REQUEST_STARTED*********************
GET /api/partner 304 120.077 ms - -
2022-04-25 17:49:01:491 info: 
**********************REQUEST_STARTED*********************
GET /api/partner 304 116.136 ms - -
2022-04-25 17:49:18:4918 info: 
**********************REQUEST_STARTED*********************
OPTIONS /api/admin/service/category?limit=5&page=1 200 0.313 ms - 0
2022-04-25 17:49:18:4918 info: 
**********************REQUEST_STARTED*********************
GET /api/admin/service/category?limit=5&page=1 304 117.545 ms - -
2022-04-25 17:49:18:4918 info: 
**********************REQUEST_STARTED*********************
OPTIONS /api/admin/service/category 200 0.324 ms - 0
2022-04-25 17:49:18:4918 info: 
**********************REQUEST_STARTED*********************
GET /api/admin/service/category 304 128.408 ms - -
2022-04-25 17:49:39:4939 info: 
**********************REQUEST_STARTED*********************
OPTIONS /api/partner 200 0.293 ms - 0
2022-04-25 17:49:39:4939 info: 
**********************REQUEST_STARTED*********************
POST /api/partner 200 274.533 ms - 581
2022-04-25 17:49:39:4939 info: 
**********************REQUEST_STARTED*********************
GET /api/partner 200 118.060 ms - 1887
2022-04-25 17:49:39:4939 info: 
**********************REQUEST_STARTED*********************
GET /api/partner 304 118.165 ms - -
2022-04-25 17:50:17:5017 info: 
**********************REQUEST_STARTED*********************
OPTIONS /api/partner 200 0.283 ms - 0
2022-04-25 17:50:18:5018 info: 
**********************REQUEST_STARTED*********************
GET /api/partner 304 125.608 ms - -
2022-04-25 17:50:18:5018 info: 
**********************REQUEST_STARTED*********************
GET /api/partner 304 116.550 ms - -
2022-04-25 17:50:23:5023 info: 
**********************REQUEST_STARTED*********************
OPTIONS /api/partner 200 0.376 ms - 0
2022-04-25 17:50:23:5023 info: 
**********************REQUEST_STARTED*********************
OPTIONS /api/partner 200 0.325 ms - 0
2022-04-25 17:50:23:5023 info: 
**********************REQUEST_STARTED*********************
GET /api/partner 304 116.407 ms - -
2022-04-25 17:50:24:5024 info: 
**********************REQUEST_STARTED*********************
GET /api/partner 304 123.885 ms - -
2022-04-25 17:51:08:518 info: 
**********************REQUEST_STARTED*********************
OPTIONS /api/partner 200 0.272 ms - 0
2022-04-25 17:51:08:518 info: 
**********************REQUEST_STARTED*********************
OPTIONS /api/partner 200 0.369 ms - 0
2022-04-25 17:51:08:518 info: 
**********************REQUEST_STARTED*********************
GET /api/partner 304 125.022 ms - -
2022-04-25 17:51:08:518 info: 
**********************REQUEST_STARTED*********************
GET /api/partner 304 142.885 ms - -
2022-04-25 17:51:38:5138 info: 
**********************REQUEST_STARTED*********************
OPTIONS /api/partner 200 0.252 ms - 0
2022-04-25 17:51:39:5139 info: 
**********************REQUEST_STARTED*********************
GET /api/partner 304 137.875 ms - -
2022-04-25 17:51:40:5140 info: 
**********************REQUEST_STARTED*********************
OPTIONS /api/partner/626691db1518dbd78dfdb376 200 0.231 ms - 0
2022-04-25 17:51:40:5140 info: 
**********************REQUEST_STARTED*********************
GET /api/partner/626691db1518dbd78dfdb376 200 86.177 ms - 736
2022-04-25 17:51:42:5142 info: 
**********************REQUEST_STARTED*********************
OPTIONS /api/partner/approve/626691db1518dbd78dfdb376 200 0.314 ms - 0
2022-04-25 17:51:42:5142 info: 
**********************REQUEST_STARTED*********************
PUT /api/partner/approve/626691db1518dbd78dfdb376 200 134.986 ms - 753
2022-04-25 17:51:43:5143 info: 
**********************REQUEST_STARTED*********************
GET /api/partner 200 119.790 ms - 1886
2022-04-25 17:51:44:5144 info: 
**********************REQUEST_STARTED*********************
OPTIONS /api/partner 200 0.257 ms - 0
2022-04-25 17:51:44:5144 info: 
**********************REQUEST_STARTED*********************
OPTIONS /api/partner 200 0.337 ms - 0
2022-04-25 17:51:44:5144 info: 
**********************REQUEST_STARTED*********************
GET /api/partner 304 114.032 ms - -
2022-04-25 17:51:44:5144 info: 
**********************REQUEST_STARTED*********************
GET /api/partner 304 126.921 ms - -
2022-04-25 17:58:24:5824 info: 
**********************REQUEST_STARTED*********************
OPTIONS /api/admin/service/category?limit=5&page=1 200 0.505 ms - 0
2022-04-25 17:58:24:5824 info: 
**********************REQUEST_STARTED*********************
GET /api/admin/service/category?limit=5&page=1 304 115.326 ms - -
2022-04-25 17:58:24:5824 info: 
**********************REQUEST_STARTED*********************
OPTIONS /api/admin/service/category 200 0.188 ms - 0
2022-04-25 17:58:24:5824 info: 
**********************REQUEST_STARTED*********************
GET /api/admin/service/category 304 110.802 ms - -
2022-04-25 17:58:54:5854 info: 
**********************REQUEST_STARTED*********************
OPTIONS /api/partner 200 0.107 ms - 0
2022-04-25 17:58:54:5854 info: 
**********************REQUEST_STARTED*********************
POST /api/partner 200 255.794 ms - 543
2022-04-25 17:58:55:5855 info: 
**********************REQUEST_STARTED*********************
GET /api/partner 200 120.078 ms - 920
2022-04-25 17:58:55:5855 info: 
**********************REQUEST_STARTED*********************
GET /api/partner 304 111.504 ms - -
2022-04-25 18:01:58:158 info: 
**********************REQUEST_STARTED*********************
OPTIONS /api/partner 200 1.203 ms - 0
2022-04-25 18:01:59:159 info: 
**********************REQUEST_STARTED*********************
GET /api/partner 200 93.616 ms - 37
2022-04-25 18:02:00:20 info: 
**********************REQUEST_STARTED*********************
GET /api/partner 304 76.147 ms - -
2022-04-25 18:02:00:20 info: 
**********************REQUEST_STARTED*********************
GET /api/partner 304 75.026 ms - -
2022-04-25 18:02:01:21 info: 
**********************REQUEST_STARTED*********************
OPTIONS /api/admin/service/category?limit=5&page=1 200 0.212 ms - 0
2022-04-25 18:02:01:21 info: 
**********************REQUEST_STARTED*********************
GET /api/admin/service/category?limit=5&page=1 304 109.294 ms - -
2022-04-25 18:02:01:21 info: 
**********************REQUEST_STARTED*********************
OPTIONS /api/admin/service/category 200 0.117 ms - 0
2022-04-25 18:02:02:22 info: 
**********************REQUEST_STARTED*********************
GET /api/admin/service/category 304 108.193 ms - -
2022-04-25 18:02:34:234 info: 
**********************REQUEST_STARTED*********************
OPTIONS /api/partner 200 0.194 ms - 0
2022-04-25 18:02:34:234 info: 
**********************REQUEST_STARTED*********************
POST /api/partner 200 237.101 ms - 572
2022-04-25 18:02:34:234 info: 
**********************REQUEST_STARTED*********************
GET /api/partner 200 112.925 ms - 960
2022-04-25 18:02:34:234 info: 
**********************REQUEST_STARTED*********************
GET /api/partner 304 109.293 ms - -
2022-04-25 18:02:39:239 info: 
**********************REQUEST_STARTED*********************
OPTIONS /api/admin/service/category?limit=5&page=1 200 0.135 ms - 0
2022-04-25 18:02:39:239 info: 
**********************REQUEST_STARTED*********************
GET /api/admin/service/category?limit=5&page=1 304 109.053 ms - -
2022-04-25 18:02:39:239 info: 
**********************REQUEST_STARTED*********************
OPTIONS /api/admin/service/category 200 0.261 ms - 0
2022-04-25 18:02:39:239 info: 
**********************REQUEST_STARTED*********************
GET /api/admin/service/category 304 106.565 ms - -
2022-04-25 18:03:15:315 info: 
**********************REQUEST_STARTED*********************
OPTIONS /api/partner 200 0.114 ms - 0
2022-04-25 18:03:15:315 info: 
**********************REQUEST_STARTED*********************
POST /api/partner 400 177.303 ms - 123
2022-04-25 18:03:23:323 info: 
**********************REQUEST_STARTED*********************
OPTIONS /api/partner 200 0.120 ms - 0
2022-04-25 18:03:23:323 info: 
**********************REQUEST_STARTED*********************
POST /api/partner 200 202.919 ms - 575
2022-04-25 18:03:23:323 info: 
**********************REQUEST_STARTED*********************
GET /api/partner 200 109.590 ms - 1864
2022-04-25 18:03:24:324 info: 
**********************REQUEST_STARTED*********************
GET /api/partner 304 113.632 ms - -
2022-04-25 18:03:25:325 info: 
**********************REQUEST_STARTED*********************
GET /api/partner 304 110.043 ms - -
2022-04-25 18:03:27:327 info: 
**********************REQUEST_STARTED*********************
OPTIONS /api/partner/626694e261f6756021b9f73d 200 0.149 ms - 0
2022-04-25 18:03:27:327 info: 
**********************REQUEST_STARTED*********************
GET /api/partner/626694e261f6756021b9f73d 200 76.168 ms - 727
2022-04-25 18:03:29:329 info: 
**********************REQUEST_STARTED*********************
OPTIONS /api/partner/approve/626694e261f6756021b9f73d 200 0.146 ms - 0
2022-04-25 18:03:29:329 info: 
**********************REQUEST_STARTED*********************
PUT /api/partner/approve/626694e261f6756021b9f73d 200 79.096 ms - 744
2022-04-25 18:03:29:329 info: 
**********************REQUEST_STARTED*********************
OPTIONS /api/partner 200 0.194 ms - 0
2022-04-25 18:03:29:329 info: 
**********************REQUEST_STARTED*********************
GET /api/partner 200 105.865 ms - 1863
2022-04-25 18:03:31:331 info: 
**********************REQUEST_STARTED*********************
GET /api/partner 304 111.999 ms - -
2022-04-25 18:03:31:331 info: 
**********************REQUEST_STARTED*********************
GET /api/partner 304 115.270 ms - -
2022-04-25 18:04:00:40 info: 
**********************REQUEST_STARTED*********************
OPTIONS /api/admin/service/category 200 0.212 ms - 0
2022-04-25 18:04:00:40 info: 
**********************REQUEST_STARTED*********************
OPTIONS /api/admin/service/category 200 0.238 ms - 0
2022-04-25 18:04:00:40 info: 
**********************REQUEST_STARTED*********************
GET /api/admin/service/category 304 109.222 ms - -
2022-04-25 18:04:00:40 info: 
**********************REQUEST_STARTED*********************
GET /api/admin/service/category 304 106.345 ms - -
2022-04-25 18:04:07:47 info: 
**********************REQUEST_STARTED*********************
OPTIONS /api/admin 200 0.204 ms - 0
2022-04-25 18:04:07:47 info: 
**********************REQUEST_STARTED*********************
OPTIONS /api/admin 200 0.302 ms - 0
2022-04-25 18:04:07:47 info: 
**********************REQUEST_STARTED*********************
GET /api/admin 304 81.330 ms - -
2022-04-25 18:04:07:47 info: 
**********************REQUEST_STARTED*********************
GET /api/admin 304 79.287 ms - -
2022-04-25 18:13:08:138 info: 
**********************REQUEST_STARTED*********************
OPTIONS /api/partner 200 5.742 ms - 0
2022-04-25 18:13:08:138 info: 
**********************REQUEST_STARTED*********************
OPTIONS /api/partner 200 0.107 ms - 0
2022-04-25 18:13:08:138 info: 
**********************REQUEST_STARTED*********************
GET /api/partner 304 235.580 ms - -
2022-04-25 18:13:08:138 info: 
**********************REQUEST_STARTED*********************
GET /api/partner 304 109.916 ms - -
2022-04-25 18:13:10:1310 info: 
**********************REQUEST_STARTED*********************
OPTIONS /api/admin/service/category?limit=5&page=1 200 0.140 ms - 0
2022-04-25 18:13:10:1310 info: 
**********************REQUEST_STARTED*********************
GET /api/admin/service/category?limit=5&page=1 304 197.467 ms - -
2022-04-25 18:13:10:1310 info: 
**********************REQUEST_STARTED*********************
OPTIONS /api/admin/service/category 200 0.111 ms - 0
2022-04-25 18:13:10:1310 info: 
**********************REQUEST_STARTED*********************
GET /api/admin/service/category 304 129.419 ms - -
2022-04-25 18:13:40:1340 info: 
**********************REQUEST_STARTED*********************
OPTIONS /api/admin/service/category?limit=5&page=1 200 0.160 ms - 0
2022-04-25 18:13:40:1340 info: 
**********************REQUEST_STARTED*********************
GET /api/admin/service/category?limit=5&page=1 304 112.855 ms - -
2022-04-25 18:13:40:1340 info: 
**********************REQUEST_STARTED*********************
OPTIONS /api/admin/service/category 200 0.160 ms - 0
2022-04-25 18:13:40:1340 info: 
**********************REQUEST_STARTED*********************
GET /api/admin/service/category 304 120.708 ms - -
2022-04-25 18:14:15:1415 info: 
**********************REQUEST_STARTED*********************
OPTIONS /api/admin/service/category?limit=5&page=1 200 0.143 ms - 0
2022-04-25 18:14:15:1415 info: 
**********************REQUEST_STARTED*********************
GET /api/admin/service/category?limit=5&page=1 304 110.338 ms - -
2022-04-25 18:14:15:1415 info: 
**********************REQUEST_STARTED*********************
OPTIONS /api/admin/service/category 200 0.265 ms - 0
2022-04-25 18:14:15:1415 info: 
**********************REQUEST_STARTED*********************
GET /api/admin/service/category 304 109.800 ms - -
2022-04-25 18:14:32:1432 info: 
**********************REQUEST_STARTED*********************
OPTIONS /api/admin/service/category?limit=5&page=1 200 0.172 ms - 0
2022-04-25 18:14:32:1432 info: 
**********************REQUEST_STARTED*********************
GET /api/admin/service/category?limit=5&page=1 304 110.980 ms - -
2022-04-25 18:14:32:1432 info: 
**********************REQUEST_STARTED*********************
OPTIONS /api/admin/service/category 200 0.399 ms - 0
2022-04-25 18:14:32:1432 info: 
**********************REQUEST_STARTED*********************
GET /api/admin/service/category 304 107.786 ms - -
2022-04-25 18:15:19:1519 info: 
**********************REQUEST_STARTED*********************
OPTIONS /api/partner 200 0.132 ms - 0
2022-04-25 18:15:19:1519 info: 
**********************REQUEST_STARTED*********************
OPTIONS /api/partner 200 0.184 ms - 0
2022-04-25 18:15:19:1519 info: 
**********************REQUEST_STARTED*********************
GET /api/partner 304 112.269 ms - -
2022-04-25 18:15:19:1519 info: 
**********************REQUEST_STARTED*********************
GET /api/partner 304 110.241 ms - -
2022-04-25 18:16:48:1648 info: 
**********************REQUEST_STARTED*********************
OPTIONS /api/admin/service/category?limit=5&page=1 200 0.150 ms - 0
2022-04-25 18:16:48:1648 info: 
**********************REQUEST_STARTED*********************
GET /api/admin/service/category?limit=5&page=1 304 94.029 ms - -
2022-04-25 18:16:48:1648 info: 
**********************REQUEST_STARTED*********************
OPTIONS /api/admin/service/category 200 0.207 ms - 0
2022-04-25 18:16:48:1648 info: 
**********************REQUEST_STARTED*********************
GET /api/admin/service/category 304 93.457 ms - -
2022-04-25 18:18:30:1830 info: 
**********************REQUEST_STARTED*********************
OPTIONS /api/admin/service/category?limit=5&page=1 200 0.236 ms - 0
2022-04-25 18:18:30:1830 info: 
**********************REQUEST_STARTED*********************
GET /api/admin/service/category?limit=5&page=1 304 97.145 ms - -
2022-04-25 18:18:30:1830 info: 
**********************REQUEST_STARTED*********************
OPTIONS /api/admin/service/category 200 0.229 ms - 0
2022-04-25 18:18:30:1830 info: 
**********************REQUEST_STARTED*********************
GET /api/admin/service/category 304 93.178 ms - -
2022-04-25 18:21:03:213 info: 
**********************REQUEST_STARTED*********************
OPTIONS /api/admin/service/category?limit=5&page=1 200 0.205 ms - 0
2022-04-25 18:21:03:213 info: 
**********************REQUEST_STARTED*********************
GET /api/admin/service/category?limit=5&page=1 304 88.685 ms - -
2022-04-25 18:21:03:213 info: 
**********************REQUEST_STARTED*********************
OPTIONS /api/admin/service/category 200 0.276 ms - 0
2022-04-25 18:21:03:213 info: 
**********************REQUEST_STARTED*********************
GET /api/admin/service/category 304 96.961 ms - -
2022-04-25 18:21:34:2134 info: 
**********************REQUEST_STARTED*********************
OPTIONS /api/admin/service/category?limit=5&page=1 200 0.211 ms - 0
2022-04-25 18:21:34:2134 info: 
**********************REQUEST_STARTED*********************
GET /api/admin/service/category?limit=5&page=1 304 94.727 ms - -
2022-04-25 18:21:34:2134 info: 
**********************REQUEST_STARTED*********************
OPTIONS /api/admin/service/category 200 0.210 ms - 0
2022-04-25 18:21:34:2134 info: 
**********************REQUEST_STARTED*********************
GET /api/admin/service/category 304 90.948 ms - -
2022-04-25 18:23:20:2320 info: 
**********************REQUEST_STARTED*********************
OPTIONS /api/admin/service/category?limit=5&page=1 200 0.133 ms - 0
2022-04-25 18:23:20:2320 info: 
**********************REQUEST_STARTED*********************
GET /api/admin/service/category?limit=5&page=1 304 111.825 ms - -
2022-04-25 18:23:21:2321 info: 
**********************REQUEST_STARTED*********************
OPTIONS /api/admin/service/category 200 0.280 ms - 0
2022-04-25 18:23:21:2321 info: 
**********************REQUEST_STARTED*********************
GET /api/admin/service/category 304 128.348 ms - -
2022-04-25 18:25:00:250 info: 
**********************REQUEST_STARTED*********************
OPTIONS /api/admin/service/category?limit=5&page=1 200 0.244 ms - 0
2022-04-25 18:25:00:250 info: 
**********************REQUEST_STARTED*********************
GET /api/admin/service/category?limit=5&page=1 304 93.575 ms - -
2022-04-25 18:25:00:250 info: 
**********************REQUEST_STARTED*********************
OPTIONS /api/admin/service/category 200 0.237 ms - 0
2022-04-25 18:25:00:250 info: 
**********************REQUEST_STARTED*********************
GET /api/admin/service/category 304 87.488 ms - -
2022-04-25 18:25:15:2515 info: 
**********************REQUEST_STARTED*********************
OPTIONS /api/admin/service/category?limit=5&page=1 200 0.216 ms - 0
2022-04-25 18:25:15:2515 info: 
**********************REQUEST_STARTED*********************
GET /api/admin/service/category?limit=5&page=1 304 95.515 ms - -
2022-04-25 18:25:15:2515 info: 
**********************REQUEST_STARTED*********************
OPTIONS /api/admin/service/category 200 0.117 ms - 0
2022-04-25 18:25:15:2515 info: 
**********************REQUEST_STARTED*********************
GET /api/admin/service/category 304 90.492 ms - -
2022-04-25 18:26:49:2649 info: 
**********************REQUEST_STARTED*********************
OPTIONS /api/admin/service/category?limit=5&page=1 200 0.142 ms - 0
2022-04-25 18:26:49:2649 info: 
**********************REQUEST_STARTED*********************
GET /api/admin/service/category?limit=5&page=1 304 90.563 ms - -
2022-04-25 18:26:49:2649 info: 
**********************REQUEST_STARTED*********************
OPTIONS /api/admin/service/category 200 0.148 ms - 0
2022-04-25 18:26:49:2649 info: 
**********************REQUEST_STARTED*********************
GET /api/admin/service/category 304 92.855 ms - -
2022-04-25 18:28:00:280 info: 
**********************REQUEST_STARTED*********************
OPTIONS /api/admin/service/category?limit=5&page=1 200 0.210 ms - 0
2022-04-25 18:28:00:280 info: 
**********************REQUEST_STARTED*********************
GET /api/admin/service/category?limit=5&page=1 304 103.688 ms - -
2022-04-25 18:28:01:281 info: 
**********************REQUEST_STARTED*********************
OPTIONS /api/admin/service/category 200 0.248 ms - 0
2022-04-25 18:28:01:281 info: 
**********************REQUEST_STARTED*********************
GET /api/admin/service/category 304 94.517 ms - -
2022-04-25 18:28:47:2847 info: 
**********************REQUEST_STARTED*********************
OPTIONS /api/admin/service/category?limit=5&page=1 200 0.199 ms - 0
2022-04-25 18:28:48:2848 info: 
**********************REQUEST_STARTED*********************
GET /api/admin/service/category?limit=5&page=1 304 94.232 ms - -
2022-04-25 18:28:48:2848 info: 
**********************REQUEST_STARTED*********************
OPTIONS /api/admin/service/category 200 0.195 ms - 0
2022-04-25 18:28:48:2848 info: 
**********************REQUEST_STARTED*********************
GET /api/admin/service/category 304 93.035 ms - -
2022-04-25 18:31:38:3138 info: 
**********************REQUEST_STARTED*********************
OPTIONS /api/admin/service/category?limit=5&page=1 200 0.193 ms - 0
2022-04-25 18:31:38:3138 info: 
**********************REQUEST_STARTED*********************
GET /api/admin/service/category?limit=5&page=1 304 103.742 ms - -
2022-04-25 18:31:38:3138 info: 
**********************REQUEST_STARTED*********************
OPTIONS /api/admin/service/category 200 0.110 ms - 0
2022-04-25 18:31:38:3138 info: 
**********************REQUEST_STARTED*********************
GET /api/admin/service/category 304 95.131 ms - -
2022-04-25 18:32:20:3220 info: 
**********************REQUEST_STARTED*********************
OPTIONS /api/partner 200 0.099 ms - 0
2022-04-25 18:32:20:3220 info: 
**********************REQUEST_STARTED*********************
POST /api/partner 400 200.399 ms - 123
2022-04-25 18:32:50:3250 info: 
**********************REQUEST_STARTED*********************
OPTIONS /api/partner 200 0.163 ms - 0
2022-04-25 18:32:50:3250 info: 
**********************REQUEST_STARTED*********************
POST /api/partner 400 144.742 ms - 123
2022-04-25 18:33:24:3324 info: 
**********************REQUEST_STARTED*********************
OPTIONS /api/admin/service/category?limit=5&page=1 200 0.142 ms - 0
2022-04-25 18:33:24:3324 info: 
**********************REQUEST_STARTED*********************
GET /api/admin/service/category?limit=5&page=1 304 103.040 ms - -
2022-04-25 18:33:24:3324 info: 
**********************REQUEST_STARTED*********************
OPTIONS /api/admin/service/category 200 0.211 ms - 0
2022-04-25 18:33:24:3324 info: 
**********************REQUEST_STARTED*********************
GET /api/admin/service/category 304 91.851 ms - -
2022-04-25 18:33:52:3352 info: 
**********************REQUEST_STARTED*********************
OPTIONS /api/partner 200 0.102 ms - 0
2022-04-25 18:33:53:3353 info: 
**********************REQUEST_STARTED*********************
POST /api/partner 200 231.345 ms - 579
2022-04-25 18:33:53:3353 info: 
**********************REQUEST_STARTED*********************
GET /api/partner 200 105.730 ms - 2819
2022-04-25 18:33:53:3353 info: 
**********************REQUEST_STARTED*********************
GET /api/partner 304 104.694 ms - -
2022-04-25 18:34:00:340 info: 
**********************REQUEST_STARTED*********************
OPTIONS /api/admin/service/category?limit=5&page=1 200 0.142 ms - 0
2022-04-25 18:34:00:340 info: 
**********************REQUEST_STARTED*********************
GET /api/admin/service/category?limit=5&page=1 304 101.216 ms - -
2022-04-25 18:34:00:340 info: 
**********************REQUEST_STARTED*********************
OPTIONS /api/admin/service/category 200 0.105 ms - 0
2022-04-25 18:34:00:340 info: 
**********************REQUEST_STARTED*********************
GET /api/admin/service/category 304 93.534 ms - -
2022-04-25 18:34:37:3437 info: 
**********************REQUEST_STARTED*********************
OPTIONS /api/partner 200 0.176 ms - 0
2022-04-25 18:34:37:3437 info: 
**********************REQUEST_STARTED*********************
POST /api/partner 400 150.786 ms - 124
2022-04-25 18:34:57:3457 info: 
**********************REQUEST_STARTED*********************
OPTIONS /api/partner 200 0.105 ms - 0
2022-04-25 18:34:57:3457 info: 
**********************REQUEST_STARTED*********************
POST /api/partner 400 142.288 ms - 124
2022-04-25 18:36:36:3636 info: 
**********************REQUEST_STARTED*********************
OPTIONS /api/partner 200 0.121 ms - 0
2022-04-25 18:36:36:3636 info: 
**********************REQUEST_STARTED*********************
POST /api/partner 400 147.989 ms - 124
2022-04-25 18:39:34:3934 info: 
**********************REQUEST_STARTED*********************
OPTIONS /api/partner 200 0.172 ms - 0
2022-04-25 18:39:34:3934 info: 
**********************REQUEST_STARTED*********************
POST /api/partner 400 155.970 ms - 124
2022-04-25 18:39:39:3939 info: 
**********************REQUEST_STARTED*********************
OPTIONS /api/partner 200 0.121 ms - 0
2022-04-25 18:39:40:3940 info: 
**********************REQUEST_STARTED*********************
POST /api/partner 400 148.983 ms - 124
2022-04-25 18:39:40:3940 info: 
**********************REQUEST_STARTED*********************
POST /api/partner 400 138.802 ms - 124
2022-04-25 18:39:41:3941 info: 
**********************REQUEST_STARTED*********************
POST /api/partner 400 158.566 ms - 124
2022-04-25 18:46:16:4616 info: 
**********************REQUEST_STARTED*********************
OPTIONS /api/partner 200 1.505 ms - 0
2022-04-25 18:46:16:4616 info: 
**********************REQUEST_STARTED*********************
GET /api/partner 304 139.190 ms - -
2022-04-25 18:47:50:4750 info: 
**********************REQUEST_STARTED*********************
OPTIONS /api/partner 200 0.207 ms - 0
2022-04-25 18:47:51:4751 info: 
**********************REQUEST_STARTED*********************
GET /api/partner 304 103.262 ms - -
2022-04-25 18:49:51:4951 info: 
**********************REQUEST_STARTED*********************
OPTIONS /api/partner/62669c3861f6756021b9f7e6 200 0.573 ms - 0
2022-04-25 18:49:51:4951 info: 
**********************REQUEST_STARTED*********************
GET /api/partner/62669c3861f6756021b9f7e6 200 69.278 ms - 734
2022-04-25 18:50:49:5049 info: 
**********************REQUEST_STARTED*********************
OPTIONS /api/partner 200 0.204 ms - 0
2022-04-25 18:50:49:5049 info: 
**********************REQUEST_STARTED*********************
OPTIONS /api/partner 200 0.254 ms - 0
2022-04-25 18:50:49:5049 info: 
**********************REQUEST_STARTED*********************
GET /api/partner 304 89.166 ms - -
2022-04-25 18:50:49:5049 info: 
**********************REQUEST_STARTED*********************
GET /api/partner 304 88.153 ms - -
2022-04-25 18:50:50:5050 info: 
**********************REQUEST_STARTED*********************
OPTIONS /api/admin/service/category?limit=5&page=1 200 0.152 ms - 0
2022-04-25 18:50:50:5050 info: 
**********************REQUEST_STARTED*********************
GET /api/admin/service/category?limit=5&page=1 304 99.123 ms - -
2022-04-25 18:50:50:5050 info: 
**********************REQUEST_STARTED*********************
OPTIONS /api/admin/service/category 200 0.134 ms - 0
2022-04-25 18:50:51:5051 info: 
**********************REQUEST_STARTED*********************
GET /api/admin/service/category 304 94.634 ms - -
2022-04-25 18:50:58:5058 info: 
**********************REQUEST_STARTED*********************
OPTIONS /api/partner 200 0.170 ms - 0
2022-04-25 18:50:58:5058 info: 
**********************REQUEST_STARTED*********************
GET /api/partner 304 92.402 ms - -
2022-04-25 18:51:00:510 info: 
**********************REQUEST_STARTED*********************
OPTIONS /api/partner/62669c3861f6756021b9f7e6 200 0.204 ms - 0
2022-04-25 18:51:00:510 info: 
**********************REQUEST_STARTED*********************
GET /api/partner/62669c3861f6756021b9f7e6 304 61.195 ms - -
2022-04-25 18:53:25:5325 info: 
**********************REQUEST_STARTED*********************
OPTIONS /api/partner 200 0.236 ms - 0
2022-04-25 18:53:26:5326 info: 
**********************REQUEST_STARTED*********************
GET /api/partner 200 89.999 ms - 2819
2022-04-25 18:53:49:5349 info: 
**********************REQUEST_STARTED*********************
OPTIONS /api/admin/login 200 0.121 ms - 0
2022-04-25 18:53:49:5349 info: 
**********************REQUEST_STARTED*********************
POST /api/admin/login 200 194.625 ms - 218
2022-04-25 18:55:18:5518 info: 
**********************REQUEST_STARTED*********************
OPTIONS /api/admin 200 0.227 ms - 0
2022-04-25 18:55:18:5518 info: 
**********************REQUEST_STARTED*********************
OPTIONS /api/admin 200 0.118 ms - 0
2022-04-25 18:55:18:5518 info: 
**********************REQUEST_STARTED*********************
GET /api/admin 200 68.204 ms - 3742
2022-04-25 18:55:18:5518 info: 
**********************REQUEST_STARTED*********************
GET /api/admin 304 60.112 ms - -
2022-04-25 18:55:19:5519 info: 
**********************REQUEST_STARTED*********************
OPTIONS /api/partner 200 0.178 ms - 0
2022-04-25 18:55:19:5519 info: 
**********************REQUEST_STARTED*********************
GET /api/partner 200 97.007 ms - 2819
2022-04-25 19:00:21:021 info: 
**********************REQUEST_STARTED*********************
OPTIONS /api/partner 200 1.428 ms - 0
2022-04-25 19:00:21:021 info: 
**********************REQUEST_STARTED*********************
GET /api/partner 304 106.185 ms - -
2022-04-25 19:00:35:035 info: 
**********************REQUEST_STARTED*********************
OPTIONS /api/admin 200 0.116 ms - 0
2022-04-25 19:00:35:035 info: 
**********************REQUEST_STARTED*********************
OPTIONS /api/admin 200 0.215 ms - 0
2022-04-25 19:00:35:035 info: 
**********************REQUEST_STARTED*********************
GET /api/admin 304 64.642 ms - -
2022-04-25 19:00:35:035 info: 
**********************REQUEST_STARTED*********************
GET /api/admin 304 70.018 ms - -
2022-04-25 19:00:40:040 info: 
**********************REQUEST_STARTED*********************
GET /api/admin 304 61.462 ms - -
2022-04-25 19:00:41:041 info: 
**********************REQUEST_STARTED*********************
OPTIONS /api/admin 200 0.114 ms - 0
2022-04-25 19:00:41:041 info: 
**********************REQUEST_STARTED*********************
GET /api/admin 304 66.505 ms - -
2022-04-25 19:00:41:041 info: 
**********************REQUEST_STARTED*********************
GET /api/admin 304 67.543 ms - -
2022-04-25 19:00:41:041 info: 
**********************REQUEST_STARTED*********************
GET /api/admin 304 62.211 ms - -
2022-04-25 19:01:26:126 info: 
**********************REQUEST_STARTED*********************
OPTIONS /api/partner 200 1.581 ms - 0
2022-04-25 19:01:26:126 info: 
**********************REQUEST_STARTED*********************
OPTIONS /api/partner 200 0.175 ms - 0
2022-04-25 19:01:27:127 info: 
**********************REQUEST_STARTED*********************
GET /api/partner 200 96.957 ms - 2819
2022-04-25 19:01:27:127 info: 
**********************REQUEST_STARTED*********************
GET /api/partner 304 92.215 ms - -
2022-04-25 19:01:27:127 info: 
**********************REQUEST_STARTED*********************
OPTIONS /api/admin/service/category 200 0.182 ms - 0
2022-04-25 19:01:27:127 info: 
**********************REQUEST_STARTED*********************
OPTIONS /api/admin/service/category 200 0.108 ms - 0
2022-04-25 19:01:27:127 info: 
**********************REQUEST_STARTED*********************
GET /api/admin/service/category 200 117.804 ms - 2323
2022-04-25 19:01:27:127 info: 
**********************REQUEST_STARTED*********************
GET /api/admin/service/category 304 93.530 ms - -
2022-04-25 19:01:31:131 info: 
**********************REQUEST_STARTED*********************
OPTIONS /api/subscription 200 0.215 ms - 0
2022-04-25 19:01:32:132 info: 
**********************REQUEST_STARTED*********************
GET /api/subscription 200 1163.828 ms - 2817
2022-04-25 19:01:33:133 info: 
**********************REQUEST_STARTED*********************
OPTIONS /api/partner/ 200 0.125 ms - 0
2022-04-25 19:01:33:133 info: 
**********************REQUEST_STARTED*********************
GET /api/partner/ 200 95.576 ms - 2819
2022-04-25 19:02:22:222 info: 
**********************REQUEST_STARTED*********************
OPTIONS /api/admin 200 0.161 ms - 0
2022-04-25 19:02:22:222 info: 
**********************REQUEST_STARTED*********************
OPTIONS /api/admin 200 0.137 ms - 0
2022-04-25 19:02:22:222 info: 
**********************REQUEST_STARTED*********************
GET /api/admin 200 61.399 ms - 3742
2022-04-25 19:02:22:222 info: 
**********************REQUEST_STARTED*********************
GET /api/admin 304 75.486 ms - -
2022-04-25 19:02:23:223 info: 
**********************REQUEST_STARTED*********************
OPTIONS /api/partner 200 0.121 ms - 0
2022-04-25 19:02:23:223 info: 
**********************REQUEST_STARTED*********************
GET /api/partner 200 99.671 ms - 2819
2022-04-25 19:02:23:223 info: 
**********************REQUEST_STARTED*********************
GET /api/partner 304 98.670 ms - -
2022-04-25 19:02:23:223 info: 
**********************REQUEST_STARTED*********************
GET /api/partner 304 90.889 ms - -
2022-04-25 19:04:41:441 info: 
**********************REQUEST_STARTED*********************
OPTIONS /api/admin 200 1.929 ms - 0
2022-04-25 19:04:41:441 info: 
**********************REQUEST_STARTED*********************
OPTIONS /api/admin 200 0.118 ms - 0
2022-04-25 19:04:41:441 info: 
**********************REQUEST_STARTED*********************
GET /api/admin 304 78.380 ms - -
2022-04-25 19:04:41:441 info: 
**********************REQUEST_STARTED*********************
GET /api/admin 304 65.551 ms - -
2022-04-25 19:04:48:448 info: 
**********************REQUEST_STARTED*********************
OPTIONS /api/admin 200 0.684 ms - 0
2022-04-25 19:04:48:448 info: 
**********************REQUEST_STARTED*********************
OPTIONS /api/admin 200 0.232 ms - 0
2022-04-25 19:04:48:448 info: 
**********************REQUEST_STARTED*********************
GET /api/admin 304 82.130 ms - -
2022-04-25 19:04:48:448 info: 
**********************REQUEST_STARTED*********************
GET /api/admin 304 67.915 ms - -
2022-04-25 19:04:49:449 info: 
**********************REQUEST_STARTED*********************
OPTIONS /api/admin 200 0.219 ms - 0
2022-04-25 19:04:49:449 info: 
**********************REQUEST_STARTED*********************
OPTIONS /api/admin 200 0.158 ms - 0
2022-04-25 19:04:49:449 info: 
**********************REQUEST_STARTED*********************
GET /api/admin 304 64.484 ms - -
2022-04-25 19:04:49:449 info: 
**********************REQUEST_STARTED*********************
GET /api/admin 304 74.752 ms - -
2022-04-25 19:08:29:829 info: 
**********************REQUEST_STARTED*********************
OPTIONS /api/admin 200 0.178 ms - 0
2022-04-25 19:08:29:829 info: 
**********************REQUEST_STARTED*********************
OPTIONS /api/admin 200 0.151 ms - 0
2022-04-25 19:08:29:829 info: 
**********************REQUEST_STARTED*********************
GET /api/admin 200 69.552 ms - 3742
2022-04-25 19:08:29:829 info: 
**********************REQUEST_STARTED*********************
OPTIONS /api/admin 200 0.196 ms - 0
2022-04-25 19:08:29:829 info: 
**********************REQUEST_STARTED*********************
OPTIONS /api/admin 200 0.257 ms - 0
2022-04-25 19:08:29:829 info: 
**********************REQUEST_STARTED*********************
GET /api/admin 304 64.740 ms - -
2022-04-25 19:08:29:829 info: 
**********************REQUEST_STARTED*********************
GET /api/admin 304 83.666 ms - -
2022-04-25 19:08:29:829 info: 
**********************REQUEST_STARTED*********************
GET /api/admin 304 81.484 ms - -
2022-04-25 19:09:00:90 info: 
**********************REQUEST_STARTED*********************
OPTIONS /api/admin 200 0.171 ms - 0
2022-04-25 19:09:00:90 info: 
**********************REQUEST_STARTED*********************
OPTIONS /api/admin 200 0.165 ms - 0
2022-04-25 19:09:00:90 info: 
**********************REQUEST_STARTED*********************
GET /api/admin 304 77.804 ms - -
2022-04-25 19:09:00:90 info: 
**********************REQUEST_STARTED*********************
GET /api/admin 304 94.541 ms - -
2022-04-25 19:09:01:91 info: 
**********************REQUEST_STARTED*********************
OPTIONS /api/admin 200 0.294 ms - 0
2022-04-25 19:09:01:91 info: 
**********************REQUEST_STARTED*********************
OPTIONS /api/admin 200 0.222 ms - 0
2022-04-25 19:09:01:91 info: 
**********************REQUEST_STARTED*********************
GET /api/admin 304 80.649 ms - -
2022-04-25 19:09:01:91 info: 
**********************REQUEST_STARTED*********************
GET /api/admin 304 78.217 ms - -
2022-04-25 19:09:06:96 info: 
**********************REQUEST_STARTED*********************
OPTIONS /api/partner 200 0.144 ms - 0
2022-04-25 19:09:06:96 info: 
**********************REQUEST_STARTED*********************
GET /api/partner 200 137.831 ms - 2819
2022-04-25 19:09:07:97 info: 
**********************REQUEST_STARTED*********************
GET /api/partner 304 117.233 ms - -
2022-04-25 19:09:08:98 info: 
**********************REQUEST_STARTED*********************
GET /api/partner 304 114.588 ms - -
2022-04-25 19:09:08:98 info: 
**********************REQUEST_STARTED*********************
OPTIONS /api/admin/service/category 200 0.143 ms - 0
2022-04-25 19:09:08:98 info: 
**********************REQUEST_STARTED*********************
OPTIONS /api/admin/service/category 200 0.249 ms - 0
2022-04-25 19:09:08:98 info: 
**********************REQUEST_STARTED*********************
GET /api/admin/service/category 200 112.733 ms - 2323
2022-04-25 19:09:08:98 info: 
**********************REQUEST_STARTED*********************
GET /api/admin/service/category 304 124.377 ms - -
2022-04-25 19:09:09:99 info: 
**********************REQUEST_STARTED*********************
OPTIONS /api/admin 200 0.220 ms - 0
2022-04-25 19:09:09:99 info: 
**********************REQUEST_STARTED*********************
OPTIONS /api/admin 200 0.250 ms - 0
2022-04-25 19:09:09:99 info: 
**********************REQUEST_STARTED*********************
GET /api/admin 304 79.028 ms - -
2022-04-25 19:09:09:99 info: 
**********************REQUEST_STARTED*********************
GET /api/admin 304 93.626 ms - -
2022-04-25 19:11:53:1153 info: 
**********************REQUEST_STARTED*********************
OPTIONS /api/admin 200 1.680 ms - 0
2022-04-25 19:11:53:1153 info: 
**********************REQUEST_STARTED*********************
OPTIONS /api/admin 200 0.196 ms - 0
2022-04-25 19:11:53:1153 info: 
**********************REQUEST_STARTED*********************
GET /api/admin 200 111.257 ms - 3742
2022-04-25 19:11:53:1153 info: 
**********************REQUEST_STARTED*********************
GET /api/admin 304 78.308 ms - -
2022-04-25 19:12:12:1212 info: 
**********************REQUEST_STARTED*********************
OPTIONS /api/admin 200 0.264 ms - 0
2022-04-25 19:12:12:1212 info: 
**********************REQUEST_STARTED*********************
OPTIONS /api/admin 200 0.207 ms - 0
2022-04-25 19:12:12:1212 info: 
**********************REQUEST_STARTED*********************
GET /api/admin 304 81.242 ms - -
2022-04-25 19:12:12:1212 info: 
**********************REQUEST_STARTED*********************
GET /api/admin 304 115.980 ms - -
2022-04-25 19:12:12:1212 info: 
**********************REQUEST_STARTED*********************
GET /api/admin 304 82.681 ms - -
2022-04-25 19:12:15:1215 info: 
**********************REQUEST_STARTED*********************
OPTIONS /api/admin 200 0.148 ms - 0
2022-04-25 19:12:15:1215 info: 
**********************REQUEST_STARTED*********************
OPTIONS /api/admin 200 0.170 ms - 0
2022-04-25 19:12:15:1215 info: 
**********************REQUEST_STARTED*********************
GET /api/admin 304 84.862 ms - -
2022-04-25 19:12:15:1215 info: 
**********************REQUEST_STARTED*********************
GET /api/admin 304 85.653 ms - -
2022-04-25 19:12:15:1215 info: 
**********************REQUEST_STARTED*********************
GET /api/admin 304 90.415 ms - -
2022-04-25 19:12:16:1216 info: 
**********************REQUEST_STARTED*********************
GET /api/admin 304 83.747 ms - -
2022-04-25 19:12:16:1216 info: 
**********************REQUEST_STARTED*********************
GET /api/admin 304 83.596 ms - -
2022-04-25 19:12:16:1216 info: 
**********************REQUEST_STARTED*********************
GET /api/admin 304 77.185 ms - -
2022-04-25 19:12:17:1217 info: 
**********************REQUEST_STARTED*********************
GET /api/admin 304 114.209 ms - -
2022-04-25 19:12:17:1217 info: 
**********************REQUEST_STARTED*********************
OPTIONS /api/admin 200 0.155 ms - 0
2022-04-25 19:12:17:1217 info: 
**********************REQUEST_STARTED*********************
GET /api/admin 304 92.252 ms - -
2022-04-25 19:12:30:1230 info: 
**********************REQUEST_STARTED*********************
OPTIONS /api/admin 200 0.202 ms - 0
2022-04-25 19:12:30:1230 info: 
**********************REQUEST_STARTED*********************
GET /api/admin 304 81.190 ms - -
2022-04-25 19:12:30:1230 info: 
**********************REQUEST_STARTED*********************
GET /api/admin 304 74.862 ms - -
2022-04-25 19:12:30:1230 info: 
**********************REQUEST_STARTED*********************
GET /api/admin 304 74.726 ms - -
2022-04-25 19:12:31:1231 info: 
**********************REQUEST_STARTED*********************
GET /api/admin 304 82.314 ms - -
2022-04-25 19:12:31:1231 info: 
**********************REQUEST_STARTED*********************
GET /api/admin 304 85.220 ms - -
2022-04-25 19:12:31:1231 info: 
**********************REQUEST_STARTED*********************
GET /api/admin 304 86.368 ms - -
2022-04-25 19:12:33:1233 info: 
**********************REQUEST_STARTED*********************
GET /api/admin 304 76.173 ms - -
2022-04-25 19:12:33:1233 info: 
**********************REQUEST_STARTED*********************
GET /api/admin 304 74.257 ms - -
2022-04-25 19:12:33:1233 info: 
**********************REQUEST_STARTED*********************
GET /api/admin 304 76.237 ms - -
2022-04-25 19:12:35:1235 info: 
**********************REQUEST_STARTED*********************
OPTIONS /api/partner 200 0.179 ms - 0
2022-04-25 19:12:35:1235 info: 
**********************REQUEST_STARTED*********************
GET /api/partner 200 116.674 ms - 2819
2022-04-25 19:12:36:1236 info: 
**********************REQUEST_STARTED*********************
GET /api/partner 304 117.019 ms - -
2022-04-25 19:12:37:1237 info: 
**********************REQUEST_STARTED*********************
GET /api/partner 304 120.642 ms - -
2022-04-25 19:12:39:1239 info: 
**********************REQUEST_STARTED*********************
OPTIONS /api/admin 200 0.117 ms - 0
2022-04-25 19:12:39:1239 info: 
**********************REQUEST_STARTED*********************
OPTIONS /api/admin 200 0.138 ms - 0
2022-04-25 19:12:39:1239 info: 
**********************REQUEST_STARTED*********************
GET /api/admin 304 75.392 ms - -
2022-04-25 19:12:39:1239 info: 
**********************REQUEST_STARTED*********************
GET /api/admin 304 78.828 ms - -
2022-04-25 19:12:43:1243 info: 
**********************REQUEST_STARTED*********************
GET /api/admin 304 78.117 ms - -
2022-04-25 19:12:44:1244 info: 
**********************REQUEST_STARTED*********************
GET /api/admin 304 79.193 ms - -
2022-04-25 19:12:44:1244 info: 
**********************REQUEST_STARTED*********************
GET /api/admin 304 76.430 ms - -
2022-04-25 19:12:45:1245 info: 
**********************REQUEST_STARTED*********************
OPTIONS /api/admin 200 0.195 ms - 0
2022-04-25 19:12:45:1245 info: 
**********************REQUEST_STARTED*********************
GET /api/admin 304 74.851 ms - -
2022-04-25 19:12:45:1245 info: 
**********************REQUEST_STARTED*********************
GET /api/admin 304 77.043 ms - -
2022-04-25 19:12:46:1246 info: 
**********************REQUEST_STARTED*********************
GET /api/admin 304 82.802 ms - -
2022-04-25 19:12:49:1249 info: 
**********************REQUEST_STARTED*********************
OPTIONS /api/admin/service/category 200 0.177 ms - 0
2022-04-25 19:12:49:1249 info: 
**********************REQUEST_STARTED*********************
OPTIONS /api/admin/service/category 200 0.183 ms - 0
2022-04-25 19:12:49:1249 info: 
**********************REQUEST_STARTED*********************
GET /api/admin/service/category 200 111.696 ms - 2323
2022-04-25 19:12:49:1249 info: 
**********************REQUEST_STARTED*********************
GET /api/admin/service/category 304 121.493 ms - -
2022-04-25 19:12:50:1250 info: 
**********************REQUEST_STARTED*********************
OPTIONS /api/partner 200 0.381 ms - 0
2022-04-25 19:12:50:1250 info: 
**********************REQUEST_STARTED*********************
OPTIONS /api/partner 200 0.097 ms - 0
2022-04-25 19:12:50:1250 info: 
**********************REQUEST_STARTED*********************
GET /api/partner 304 111.081 ms - -
2022-04-25 19:12:51:1251 info: 
**********************REQUEST_STARTED*********************
GET /api/partner 304 107.791 ms - -
2022-04-25 19:12:52:1252 info: 
**********************REQUEST_STARTED*********************
GET /api/partner 304 129.753 ms - -
2022-04-25 19:12:53:1253 info: 
**********************REQUEST_STARTED*********************
OPTIONS /api/admin 200 0.122 ms - 0
2022-04-25 19:12:53:1253 info: 
**********************REQUEST_STARTED*********************
OPTIONS /api/admin 200 0.203 ms - 0
2022-04-25 19:12:53:1253 info: 
**********************REQUEST_STARTED*********************
GET /api/admin 304 77.759 ms - -
2022-04-25 19:12:53:1253 info: 
**********************REQUEST_STARTED*********************
GET /api/admin 304 78.880 ms - -
2022-04-25 19:12:55:1255 info: 
**********************REQUEST_STARTED*********************
OPTIONS /api/admin/service/category 200 0.269 ms - 0
2022-04-25 19:12:55:1255 info: 
**********************REQUEST_STARTED*********************
OPTIONS /api/admin/service/category 200 0.222 ms - 0
2022-04-25 19:12:55:1255 info: 
**********************REQUEST_STARTED*********************
GET /api/admin/service/category 304 108.018 ms - -
2022-04-25 19:12:55:1255 info: 
**********************REQUEST_STARTED*********************
GET /api/admin/service/category 304 108.979 ms - -
2022-04-25 19:12:57:1257 info: 
**********************REQUEST_STARTED*********************
GET /api/admin/service/category 304 110.217 ms - -
2022-04-25 19:12:57:1257 info: 
**********************REQUEST_STARTED*********************
GET /api/admin/service/category 304 114.060 ms - -
2022-04-25 19:12:58:1258 info: 
**********************REQUEST_STARTED*********************
GET /api/admin/service/category 304 108.889 ms - -
2022-04-25 19:13:00:130 info: 
**********************REQUEST_STARTED*********************
OPTIONS /api/admin 200 0.144 ms - 0
2022-04-25 19:13:00:130 info: 
**********************REQUEST_STARTED*********************
OPTIONS /api/admin 200 0.274 ms - 0
2022-04-25 19:13:00:130 info: 
**********************REQUEST_STARTED*********************
GET /api/admin 304 73.793 ms - -
2022-04-25 19:13:00:130 info: 
**********************REQUEST_STARTED*********************
GET /api/admin 304 77.523 ms - -
2022-04-25 19:13:01:131 info: 
**********************REQUEST_STARTED*********************
GET /api/admin 304 76.286 ms - -
2022-04-25 19:13:04:134 info: 
**********************REQUEST_STARTED*********************
OPTIONS /api/admin/service/category 200 0.175 ms - 0
2022-04-25 19:13:04:134 info: 
**********************REQUEST_STARTED*********************
OPTIONS /api/admin/service/category 200 0.179 ms - 0
2022-04-25 19:13:04:134 info: 
**********************REQUEST_STARTED*********************
GET /api/admin/service/category 304 113.700 ms - -
2022-04-25 19:13:04:134 info: 
**********************REQUEST_STARTED*********************
GET /api/admin/service/category 304 118.287 ms - -
2022-04-25 19:13:07:137 info: 
**********************REQUEST_STARTED*********************
GET /api/admin/service/category 304 110.809 ms - -
2022-04-25 19:13:07:137 info: 
**********************REQUEST_STARTED*********************
GET /api/admin/service/category 304 112.738 ms - -
2022-04-25 19:13:07:137 info: 
**********************REQUEST_STARTED*********************
GET /api/admin/service/category 304 112.689 ms - -
2022-04-25 19:13:08:138 info: 
**********************REQUEST_STARTED*********************
GET /api/admin/service/category 304 111.304 ms - -
2022-04-25 19:13:09:139 info: 
**********************REQUEST_STARTED*********************
OPTIONS /api/admin 200 0.125 ms - 0
2022-04-25 19:13:09:139 info: 
**********************REQUEST_STARTED*********************
OPTIONS /api/admin 200 0.113 ms - 0
2022-04-25 19:13:09:139 info: 
**********************REQUEST_STARTED*********************
GET /api/admin 304 78.646 ms - -
2022-04-25 19:13:09:139 info: 
**********************REQUEST_STARTED*********************
GET /api/admin 304 75.143 ms - -
2022-04-25 19:13:09:139 info: 
**********************REQUEST_STARTED*********************
GET /api/admin 304 75.345 ms - -
2022-04-25 19:13:11:1311 info: 
**********************REQUEST_STARTED*********************
OPTIONS /api/admin/service/category 200 0.116 ms - 0
2022-04-25 19:13:11:1311 info: 
**********************REQUEST_STARTED*********************
OPTIONS /api/admin/service/category 200 0.166 ms - 0
2022-04-25 19:13:11:1311 info: 
**********************REQUEST_STARTED*********************
GET /api/admin/service/category 304 111.723 ms - -
2022-04-25 19:13:11:1311 info: 
**********************REQUEST_STARTED*********************
GET /api/admin/service/category 304 115.473 ms - -
2022-04-25 19:13:13:1313 info: 
**********************REQUEST_STARTED*********************
GET /api/admin 304 75.943 ms - -
2022-04-25 19:13:13:1313 info: 
**********************REQUEST_STARTED*********************
GET /api/admin 304 75.648 ms - -
2022-04-25 19:14:09:149 info: 
**********************REQUEST_STARTED*********************
OPTIONS /api/admin 200 0.194 ms - 0
2022-04-25 19:14:09:149 info: 
**********************REQUEST_STARTED*********************
GET /api/admin 304 78.127 ms - -
2022-04-25 19:14:09:149 info: 
**********************REQUEST_STARTED*********************
GET /api/admin 304 75.568 ms - -
2022-04-25 19:14:10:1410 info: 
**********************REQUEST_STARTED*********************
GET /api/admin 304 82.146 ms - -
2022-04-25 19:14:12:1412 info: 
**********************REQUEST_STARTED*********************
OPTIONS /api/partner 200 0.109 ms - 0
2022-04-25 19:14:12:1412 info: 
**********************REQUEST_STARTED*********************
OPTIONS /api/partner 200 0.138 ms - 0
2022-04-25 19:14:12:1412 info: 
**********************REQUEST_STARTED*********************
GET /api/partner 304 120.757 ms - -
2022-04-25 19:14:12:1412 info: 
**********************REQUEST_STARTED*********************
GET /api/partner 304 109.001 ms - -
2022-04-25 19:14:12:1412 info: 
**********************REQUEST_STARTED*********************
GET /api/partner 304 108.069 ms - -
2022-04-25 19:14:13:1413 info: 
**********************REQUEST_STARTED*********************
GET /api/admin 304 77.134 ms - -
2022-04-25 19:14:13:1413 info: 
**********************REQUEST_STARTED*********************
GET /api/admin 304 74.877 ms - -
2022-04-25 19:14:14:1414 info: 
**********************REQUEST_STARTED*********************
GET /api/partner 304 110.368 ms - -
2022-04-25 19:14:14:1414 info: 
**********************REQUEST_STARTED*********************
GET /api/partner 304 109.905 ms - -
2022-04-25 19:14:29:1429 info: 
**********************REQUEST_STARTED*********************
OPTIONS /api/partner 200 0.302 ms - 0
2022-04-25 19:14:29:1429 info: 
**********************REQUEST_STARTED*********************
OPTIONS /api/partner 200 0.272 ms - 0
2022-04-25 19:14:30:1430 info: 
**********************REQUEST_STARTED*********************
GET /api/partner 304 120.517 ms - -
2022-04-25 19:14:30:1430 info: 
**********************REQUEST_STARTED*********************
GET /api/partner 304 115.002 ms - -
2022-04-25 19:14:30:1430 info: 
**********************REQUEST_STARTED*********************
OPTIONS /api/admin 200 0.150 ms - 0
2022-04-25 19:14:30:1430 info: 
**********************REQUEST_STARTED*********************
OPTIONS /api/admin 200 0.141 ms - 0
2022-04-25 19:14:30:1430 info: 
**********************REQUEST_STARTED*********************
GET /api/admin 304 76.686 ms - -
2022-04-25 19:14:30:1430 info: 
**********************REQUEST_STARTED*********************
GET /api/admin 304 80.548 ms - -
2022-04-25 19:14:31:1431 info: 
**********************REQUEST_STARTED*********************
OPTIONS /api/admin 200 0.206 ms - 0
2022-04-25 19:14:31:1431 info: 
**********************REQUEST_STARTED*********************
OPTIONS /api/admin 200 0.181 ms - 0
2022-04-25 19:14:31:1431 info: 
**********************REQUEST_STARTED*********************
GET /api/admin 304 78.943 ms - -
2022-04-25 19:14:31:1431 info: 
**********************REQUEST_STARTED*********************
GET /api/admin 304 84.699 ms - -
2022-04-25 19:14:32:1432 info: 
**********************REQUEST_STARTED*********************
GET /api/admin 304 78.167 ms - -
2022-04-25 19:14:32:1432 info: 
**********************REQUEST_STARTED*********************
GET /api/admin 304 77.389 ms - -
2022-04-25 19:14:32:1432 info: 
**********************REQUEST_STARTED*********************
GET /api/admin 304 77.534 ms - -
2022-04-25 19:14:32:1432 info: 
**********************REQUEST_STARTED*********************
GET /api/admin 304 75.187 ms - -
2022-04-25 19:14:32:1432 info: 
**********************REQUEST_STARTED*********************
GET /api/admin 304 78.063 ms - -
2022-04-25 19:14:32:1432 info: 
**********************REQUEST_STARTED*********************
GET /api/admin 304 81.261 ms - -
2022-04-25 19:14:34:1434 info: 
**********************REQUEST_STARTED*********************
GET /api/partner 304 113.030 ms - -
2022-04-25 19:14:35:1435 info: 
**********************REQUEST_STARTED*********************
OPTIONS /api/partner 200 0.138 ms - 0
2022-04-25 19:14:35:1435 info: 
**********************REQUEST_STARTED*********************
OPTIONS /api/partner 200 0.221 ms - 0
2022-04-25 19:14:35:1435 info: 
**********************REQUEST_STARTED*********************
GET /api/partner 304 114.559 ms - -
2022-04-25 19:14:35:1435 info: 
**********************REQUEST_STARTED*********************
GET /api/partner 304 120.591 ms - -
2022-04-25 19:15:49:1549 info: 
**********************REQUEST_STARTED*********************
OPTIONS /api/partner 200 0.232 ms - 0
2022-04-25 19:15:50:1550 info: 
**********************REQUEST_STARTED*********************
GET /api/partner 304 104.892 ms - -
2022-04-25 19:15:51:1551 info: 
**********************REQUEST_STARTED*********************
GET /api/partner 304 120.128 ms - -
2022-04-25 19:15:51:1551 info: 
**********************REQUEST_STARTED*********************
GET /api/partner 304 112.920 ms - -
2022-04-25 19:15:56:1556 info: 
**********************REQUEST_STARTED*********************
OPTIONS /api/partner 200 0.115 ms - 0
2022-04-25 19:15:56:1556 info: 
**********************REQUEST_STARTED*********************
GET /api/partner 304 109.466 ms - -
2022-04-25 19:15:58:1558 info: 
**********************REQUEST_STARTED*********************
OPTIONS /api/admin 200 0.223 ms - 0
2022-04-25 19:15:58:1558 info: 
**********************REQUEST_STARTED*********************
OPTIONS /api/admin 200 0.158 ms - 0
2022-04-25 19:15:58:1558 info: 
**********************REQUEST_STARTED*********************
GET /api/admin 304 74.082 ms - -
2022-04-25 19:15:58:1558 info: 
**********************REQUEST_STARTED*********************
GET /api/admin 304 75.954 ms - -
2022-04-25 19:16:03:163 info: 
**********************REQUEST_STARTED*********************
OPTIONS /api/admin 200 0.177 ms - 0
2022-04-25 19:16:03:163 info: 
**********************REQUEST_STARTED*********************
GET /api/admin 304 78.733 ms - -
2022-04-25 19:16:03:163 info: 
**********************REQUEST_STARTED*********************
GET /api/admin 304 79.088 ms - -
2022-04-25 19:16:06:166 info: 
**********************REQUEST_STARTED*********************
GET /api/admin 304 74.119 ms - -
2022-04-25 19:16:06:166 info: 
**********************REQUEST_STARTED*********************
GET /api/admin 304 73.119 ms - -
2022-04-25 19:16:06:166 info: 
**********************REQUEST_STARTED*********************
GET /api/admin 304 86.155 ms - -
2022-04-25 19:16:06:166 info: 
**********************REQUEST_STARTED*********************
GET /api/admin 304 72.826 ms - -
2022-04-25 19:16:07:167 info: 
**********************REQUEST_STARTED*********************
GET /api/admin 304 78.467 ms - -
2022-04-25 19:16:07:167 info: 
**********************REQUEST_STARTED*********************
GET /api/admin 304 79.308 ms - -
2022-04-25 19:16:07:167 info: 
**********************REQUEST_STARTED*********************
GET /api/admin 304 81.212 ms - -
2022-04-25 19:16:07:167 info: 
**********************REQUEST_STARTED*********************
GET /api/admin 304 73.264 ms - -
2022-04-25 19:16:08:168 info: 
**********************REQUEST_STARTED*********************
OPTIONS /api/admin 200 0.120 ms - 0
2022-04-25 19:16:08:168 info: 
**********************REQUEST_STARTED*********************
GET /api/admin 304 76.474 ms - -
2022-04-25 19:16:08:168 info: 
**********************REQUEST_STARTED*********************
GET /api/admin 304 76.299 ms - -
2022-04-25 19:16:08:168 info: 
**********************REQUEST_STARTED*********************
GET /api/admin 304 77.062 ms - -
2022-04-25 19:16:08:168 info: 
**********************REQUEST_STARTED*********************
GET /api/admin 304 74.737 ms - -
2022-04-25 19:16:08:168 info: 
**********************REQUEST_STARTED*********************
GET /api/admin 304 72.192 ms - -
2022-04-25 19:16:09:169 info: 
**********************REQUEST_STARTED*********************
GET /api/admin 304 73.491 ms - -
2022-04-25 19:16:09:169 info: 
**********************REQUEST_STARTED*********************
GET /api/admin 304 74.935 ms - -
2022-04-25 19:16:09:169 info: 
**********************REQUEST_STARTED*********************
GET /api/admin 304 74.342 ms - -
2022-04-25 19:16:10:1610 info: 
**********************REQUEST_STARTED*********************
OPTIONS /api/partner 200 0.127 ms - 0
2022-04-25 19:16:10:1610 info: 
**********************REQUEST_STARTED*********************
GET /api/partner 304 108.705 ms - -
2022-04-25 19:16:12:1612 info: 
**********************REQUEST_STARTED*********************
GET /api/partner 304 110.992 ms - -
2022-04-25 19:16:12:1612 info: 
**********************REQUEST_STARTED*********************
GET /api/partner 304 107.320 ms - -
2022-04-25 19:16:38:1638 info: 
**********************REQUEST_STARTED*********************
OPTIONS /api/partner 200 0.350 ms - 0
2022-04-25 19:16:38:1638 info: 
**********************REQUEST_STARTED*********************
OPTIONS /api/partner 200 0.221 ms - 0
2022-04-25 19:16:38:1638 info: 
**********************REQUEST_STARTED*********************
OPTIONS /api/admin 200 0.217 ms - 0
2022-04-25 19:16:38:1638 info: 
**********************REQUEST_STARTED*********************
OPTIONS /api/admin 200 0.175 ms - 0
2022-04-25 19:16:38:1638 info: 
**********************REQUEST_STARTED*********************
GET /api/partner 304 115.515 ms - -
2022-04-25 19:16:38:1638 info: 
**********************REQUEST_STARTED*********************
GET /api/admin 304 65.635 ms - -
2022-04-25 19:16:38:1638 info: 
**********************REQUEST_STARTED*********************
GET /api/admin 304 61.666 ms - -
2022-04-25 19:16:38:1638 info: 
**********************REQUEST_STARTED*********************
GET /api/partner 304 112.397 ms - -
2022-04-25 19:16:38:1638 info: 
**********************REQUEST_STARTED*********************
GET /api/partner 304 112.282 ms - -
2022-04-25 19:16:40:1640 info: 
**********************REQUEST_STARTED*********************
OPTIONS /api/admin 200 0.118 ms - 0
2022-04-25 19:16:40:1640 info: 
**********************REQUEST_STARTED*********************
OPTIONS /api/admin 200 0.110 ms - 0
2022-04-25 19:16:40:1640 info: 
**********************REQUEST_STARTED*********************
GET /api/admin 304 75.010 ms - -
2022-04-25 19:16:40:1640 info: 
**********************REQUEST_STARTED*********************
GET /api/admin 304 79.013 ms - -
2022-04-25 19:16:42:1642 info: 
**********************REQUEST_STARTED*********************
GET /api/admin 304 77.421 ms - -
2022-04-25 19:16:42:1642 info: 
**********************REQUEST_STARTED*********************
GET /api/admin 304 73.195 ms - -
2022-04-25 19:16:44:1644 info: 
**********************REQUEST_STARTED*********************
OPTIONS /api/partner 200 0.120 ms - 0
2022-04-25 19:16:44:1644 info: 
**********************REQUEST_STARTED*********************
OPTIONS /api/partner 200 0.168 ms - 0
2022-04-25 19:16:44:1644 info: 
**********************REQUEST_STARTED*********************
GET /api/partner 304 114.846 ms - -
2022-04-25 19:16:44:1644 info: 
**********************REQUEST_STARTED*********************
GET /api/partner 304 112.403 ms - -
2022-04-25 19:16:44:1644 info: 
**********************REQUEST_STARTED*********************
GET /api/partner 304 114.067 ms - -
2022-04-25 19:16:46:1646 info: 
**********************REQUEST_STARTED*********************
OPTIONS /api/admin 200 0.177 ms - 0
2022-04-25 19:16:46:1646 info: 
**********************REQUEST_STARTED*********************
OPTIONS /api/admin 200 0.239 ms - 0
2022-04-25 19:16:46:1646 info: 
**********************REQUEST_STARTED*********************
GET /api/admin 304 76.504 ms - -
2022-04-25 19:16:46:1646 info: 
**********************REQUEST_STARTED*********************
GET /api/admin 304 76.904 ms - -
2022-04-25 19:16:47:1647 info: 
**********************REQUEST_STARTED*********************
GET /api/partner 304 107.920 ms - -
2022-04-25 19:16:48:1648 info: 
**********************REQUEST_STARTED*********************
GET /api/partner 304 110.845 ms - -
2022-04-25 19:16:49:1649 info: 
**********************REQUEST_STARTED*********************
OPTIONS /api/partner 200 0.149 ms - 0
2022-04-25 19:16:49:1649 info: 
**********************REQUEST_STARTED*********************
GET /api/partner 304 112.110 ms - -
2022-04-25 19:16:49:1649 info: 
**********************REQUEST_STARTED*********************
GET /api/partner 304 110.989 ms - -
2022-04-25 19:16:51:1651 info: 
**********************REQUEST_STARTED*********************
OPTIONS /api/admin 200 0.118 ms - 0
2022-04-25 19:16:51:1651 info: 
**********************REQUEST_STARTED*********************
OPTIONS /api/admin 200 0.165 ms - 0
2022-04-25 19:16:51:1651 info: 
**********************REQUEST_STARTED*********************
GET /api/admin 304 79.264 ms - -
2022-04-25 19:16:51:1651 info: 
**********************REQUEST_STARTED*********************
GET /api/admin 304 78.486 ms - -
2022-04-25 19:16:51:1651 info: 
**********************REQUEST_STARTED*********************
GET /api/admin 304 72.697 ms - -
2022-04-25 19:17:01:171 info: 
**********************REQUEST_STARTED*********************
OPTIONS /api/admin 200 0.130 ms - 0
2022-04-25 19:17:01:171 info: 
**********************REQUEST_STARTED*********************
GET /api/admin 304 77.068 ms - -
2022-04-25 19:17:02:172 info: 
**********************REQUEST_STARTED*********************
GET /api/admin 304 181.751 ms - -
2022-04-25 19:17:02:172 info: 
**********************REQUEST_STARTED*********************
GET /api/admin 304 103.044 ms - -
2022-04-25 19:17:02:172 info: 
**********************REQUEST_STARTED*********************
GET /api/admin 304 91.027 ms - -
2022-04-25 19:17:03:173 info: 
**********************REQUEST_STARTED*********************
OPTIONS /api/partner 200 0.152 ms - 0
2022-04-25 19:17:03:173 info: 
**********************REQUEST_STARTED*********************
OPTIONS /api/partner 200 0.120 ms - 0
2022-04-25 19:17:03:173 info: 
**********************REQUEST_STARTED*********************
GET /api/partner 304 112.445 ms - -
2022-04-25 19:17:03:173 info: 
**********************REQUEST_STARTED*********************
GET /api/partner 304 111.719 ms - -
2022-04-25 19:17:03:173 info: 
**********************REQUEST_STARTED*********************
GET /api/partner 304 110.238 ms - -
2022-04-25 19:17:09:179 info: 
**********************REQUEST_STARTED*********************
OPTIONS /api/admin/service/category 200 0.131 ms - 0
2022-04-25 19:17:09:179 info: 
**********************REQUEST_STARTED*********************
OPTIONS /api/admin/service/category 200 0.177 ms - 0
2022-04-25 19:17:09:179 info: 
**********************REQUEST_STARTED*********************
GET /api/admin/service/category 304 111.951 ms - -
2022-04-25 19:17:09:179 info: 
**********************REQUEST_STARTED*********************
GET /api/admin/service/category 304 113.481 ms - -
2022-04-25 19:17:10:1710 info: 
**********************REQUEST_STARTED*********************
OPTIONS /api/admin 200 0.409 ms - 0
2022-04-25 19:17:10:1710 info: 
**********************REQUEST_STARTED*********************
OPTIONS /api/admin 200 0.183 ms - 0
2022-04-25 19:17:11:1711 info: 
**********************REQUEST_STARTED*********************
GET /api/admin 304 77.766 ms - -
2022-04-25 19:17:11:1711 info: 
**********************REQUEST_STARTED*********************
GET /api/admin 304 76.203 ms - -
2022-04-25 19:17:12:1712 info: 
**********************REQUEST_STARTED*********************
OPTIONS /api/partner 200 0.124 ms - 0
2022-04-25 19:17:13:1713 info: 
**********************REQUEST_STARTED*********************
GET /api/partner 200 110.302 ms - 2819
2022-04-25 19:17:14:1714 info: 
**********************REQUEST_STARTED*********************
GET /api/partner 304 111.295 ms - -
2022-04-25 19:17:14:1714 info: 
**********************REQUEST_STARTED*********************
GET /api/partner 304 111.180 ms - -
2022-04-25 19:20:57:2057 info: 
**********************REQUEST_STARTED*********************
OPTIONS /api/partner 200 3.652 ms - 0
2022-04-25 19:20:57:2057 info: 
**********************REQUEST_STARTED*********************
GET /api/partner 304 147.666 ms - -
2022-04-26 10:41:53:4153 info: 
**********************REQUEST_STARTED*********************
OPTIONS /api/partner 200 12.921 ms - 0
2022-04-26 10:41:54:4154 info: 
**********************REQUEST_STARTED*********************
GET /api/partner 304 617.667 ms - -
2022-04-26 10:42:02:422 info: 
**********************REQUEST_STARTED*********************
OPTIONS /api/partner 200 0.344 ms - 0
2022-04-26 10:42:02:422 info: 
**********************REQUEST_STARTED*********************
GET /api/partner 400 36.963 ms - 48
2022-04-26 10:42:08:428 info: 
**********************REQUEST_STARTED*********************
OPTIONS /api/admin/login 200 0.238 ms - 0
2022-04-26 10:42:09:429 info: 
**********************REQUEST_STARTED*********************
POST /api/admin/login 200 262.635 ms - 218
2022-04-26 10:42:12:4212 info: 
**********************REQUEST_STARTED*********************
OPTIONS /api/admin 200 0.232 ms - 0
2022-04-26 10:42:12:4212 info: 
**********************REQUEST_STARTED*********************
OPTIONS /api/admin 200 0.167 ms - 0
2022-04-26 10:42:12:4212 info: 
**********************REQUEST_STARTED*********************
GET /api/admin 200 97.580 ms - 3742
2022-04-26 10:42:12:4212 info: 
**********************REQUEST_STARTED*********************
GET /api/admin 304 71.473 ms - -
2022-04-26 10:42:14:4214 info: 
**********************REQUEST_STARTED*********************
GET /api/admin 304 95.619 ms - -
2022-04-26 10:42:14:4214 info: 
**********************REQUEST_STARTED*********************
GET /api/admin 304 79.878 ms - -
2022-04-26 10:42:14:4214 info: 
**********************REQUEST_STARTED*********************
GET /api/admin 304 69.004 ms - -
2022-04-26 10:42:16:4216 info: 
**********************REQUEST_STARTED*********************
OPTIONS /api/partner 200 0.241 ms - 0
2022-04-26 10:42:16:4216 info: 
**********************REQUEST_STARTED*********************
OPTIONS /api/partner 200 0.219 ms - 0
2022-04-26 10:42:16:4216 info: 
**********************REQUEST_STARTED*********************
GET /api/partner 200 107.403 ms - 2819
2022-04-26 10:42:16:4216 info: 
**********************REQUEST_STARTED*********************
GET /api/partner 304 102.845 ms - -
2022-04-26 10:42:18:4218 info: 
**********************REQUEST_STARTED*********************
OPTIONS /api/admin 200 0.243 ms - 0
2022-04-26 10:42:18:4218 info: 
**********************REQUEST_STARTED*********************
OPTIONS /api/admin 200 0.154 ms - 0
2022-04-26 10:42:18:4218 info: 
**********************REQUEST_STARTED*********************
GET /api/admin 304 102.639 ms - -
2022-04-26 10:42:18:4218 info: 
**********************REQUEST_STARTED*********************
GET /api/admin 304 72.101 ms - -
2022-04-26 10:43:13:4313 info: 
**********************REQUEST_STARTED*********************
OPTIONS /api/partner 200 0.224 ms - 0
2022-04-26 10:43:13:4313 info: 
**********************REQUEST_STARTED*********************
OPTIONS /api/partner 200 0.604 ms - 0
2022-04-26 10:43:13:4313 info: 
**********************REQUEST_STARTED*********************
GET /api/partner 304 130.607 ms - -
2022-04-26 10:43:13:4313 info: 
**********************REQUEST_STARTED*********************
GET /api/partner 304 100.676 ms - -
2022-04-26 10:43:14:4314 info: 
**********************REQUEST_STARTED*********************
OPTIONS /api/admin 200 0.877 ms - 0
2022-04-26 10:43:14:4314 info: 
**********************REQUEST_STARTED*********************
OPTIONS /api/admin 200 0.260 ms - 0
2022-04-26 10:43:14:4314 info: 
**********************REQUEST_STARTED*********************
GET /api/admin 304 77.399 ms - -
2022-04-26 10:43:15:4315 info: 
**********************REQUEST_STARTED*********************
GET /api/admin 304 70.465 ms - -
2022-04-26 10:43:22:4322 info: 
**********************REQUEST_STARTED*********************
OPTIONS /api/admin 200 0.267 ms - 0
2022-04-26 10:43:22:4322 info: 
**********************REQUEST_STARTED*********************
OPTIONS /api/admin 200 0.233 ms - 0
2022-04-26 10:43:22:4322 info: 
**********************REQUEST_STARTED*********************
GET /api/admin 304 72.264 ms - -
2022-04-26 10:43:22:4322 info: 
**********************REQUEST_STARTED*********************
GET /api/admin 304 68.217 ms - -
2022-04-26 10:43:22:4322 info: 
**********************REQUEST_STARTED*********************
GET /api/admin 304 69.503 ms - -
2022-04-26 10:43:26:4326 info: 
**********************REQUEST_STARTED*********************
OPTIONS /api/partner 200 0.189 ms - 0
2022-04-26 10:43:26:4326 info: 
**********************REQUEST_STARTED*********************
OPTIONS /api/partner 200 0.245 ms - 0
2022-04-26 10:43:26:4326 info: 
**********************REQUEST_STARTED*********************
GET /api/partner 304 101.914 ms - -
2022-04-26 10:43:26:4326 info: 
**********************REQUEST_STARTED*********************
GET /api/partner 304 103.193 ms - -
2022-04-26 10:43:27:4327 info: 
**********************REQUEST_STARTED*********************
GET /api/partner 304 102.082 ms - -
2022-04-26 10:43:27:4327 info: 
**********************REQUEST_STARTED*********************
GET /api/partner 304 101.410 ms - -
2022-04-26 10:43:27:4327 info: 
**********************REQUEST_STARTED*********************
GET /api/partner 304 100.283 ms - -
2022-04-26 10:43:27:4327 info: 
**********************REQUEST_STARTED*********************
GET /api/partner 304 117.680 ms - -
2022-04-26 10:43:29:4329 info: 
**********************REQUEST_STARTED*********************
OPTIONS /api/admin 200 0.166 ms - 0
2022-04-26 10:43:29:4329 info: 
**********************REQUEST_STARTED*********************
OPTIONS /api/admin 200 0.276 ms - 0
2022-04-26 10:43:29:4329 info: 
**********************REQUEST_STARTED*********************
GET /api/admin 304 89.200 ms - -
2022-04-26 10:43:29:4329 info: 
**********************REQUEST_STARTED*********************
GET /api/admin 304 73.104 ms - -
2022-04-26 10:43:29:4329 info: 
**********************REQUEST_STARTED*********************
GET /api/admin 304 133.544 ms - -
2022-04-26 10:43:59:4359 info: 
**********************REQUEST_STARTED*********************
OPTIONS /api/admin 200 5.298 ms - 0
2022-04-26 10:43:59:4359 info: 
**********************REQUEST_STARTED*********************
OPTIONS /api/admin 200 0.321 ms - 0
2022-04-26 10:44:00:440 info: 
**********************REQUEST_STARTED*********************
GET /api/admin 304 114.083 ms - -
2022-04-26 10:44:00:440 info: 
**********************REQUEST_STARTED*********************
GET /api/admin 304 102.063 ms - -
2022-04-26 10:44:12:4412 info: 
**********************REQUEST_STARTED*********************
OPTIONS /api/admin/service/category 200 0.154 ms - 0
2022-04-26 10:44:12:4412 info: 
**********************REQUEST_STARTED*********************
OPTIONS /api/admin/service/category 200 0.222 ms - 0
2022-04-26 10:44:13:4413 info: 
**********************REQUEST_STARTED*********************
GET /api/admin/service/category 200 127.598 ms - 2323
2022-04-26 10:44:13:4413 info: 
**********************REQUEST_STARTED*********************
GET /api/admin/service/category 304 101.717 ms - -
2022-04-26 10:44:49:4449 info: 
**********************REQUEST_STARTED*********************
OPTIONS /api/admin/service/category 200 0.175 ms - 0
2022-04-26 10:44:49:4449 info: 
**********************REQUEST_STARTED*********************
OPTIONS /api/admin/service/category 200 0.192 ms - 0
2022-04-26 10:44:50:4450 info: 
**********************REQUEST_STARTED*********************
GET /api/admin/service/category 304 102.369 ms - -
2022-04-26 10:44:50:4450 info: 
**********************REQUEST_STARTED*********************
GET /api/admin/service/category 304 108.552 ms - -
2022-04-26 10:45:24:4524 info: 
**********************REQUEST_STARTED*********************
OPTIONS /api/admin/service/category 200 3.531 ms - 0
2022-04-26 10:45:24:4524 info: 
**********************REQUEST_STARTED*********************
OPTIONS /api/admin/service/category 200 4.881 ms - 0
2022-04-26 10:45:24:4524 info: 
**********************REQUEST_STARTED*********************
GET /api/admin/service/category 304 156.614 ms - -
2022-04-26 10:45:24:4524 info: 
**********************REQUEST_STARTED*********************
GET /api/admin/service/category 304 98.326 ms - -
2022-04-26 10:45:41:4541 info: 
**********************REQUEST_STARTED*********************
OPTIONS /api/admin/login 200 0.228 ms - 0
2022-04-26 10:45:42:4542 info: 
**********************REQUEST_STARTED*********************
POST /api/admin/login 200 219.821 ms - 218
2022-04-26 10:45:44:4544 info: 
**********************REQUEST_STARTED*********************
OPTIONS /api/admin 200 0.172 ms - 0
2022-04-26 10:45:44:4544 info: 
**********************REQUEST_STARTED*********************
OPTIONS /api/admin 200 0.237 ms - 0
2022-04-26 10:45:44:4544 info: 
**********************REQUEST_STARTED*********************
GET /api/admin 200 71.477 ms - 3742
2022-04-26 10:45:44:4544 info: 
**********************REQUEST_STARTED*********************
GET /api/admin 304 72.978 ms - -
2022-04-26 10:45:45:4545 info: 
**********************REQUEST_STARTED*********************
OPTIONS /api/partner 200 0.538 ms - 0
2022-04-26 10:45:45:4545 info: 
**********************REQUEST_STARTED*********************
OPTIONS /api/partner 200 0.290 ms - 0
2022-04-26 10:45:46:4546 info: 
**********************REQUEST_STARTED*********************
GET /api/partner 200 107.411 ms - 2819
2022-04-26 10:45:46:4546 info: 
**********************REQUEST_STARTED*********************
GET /api/partner 304 101.460 ms - -
2022-04-26 10:45:48:4548 info: 
**********************REQUEST_STARTED*********************
GET /api/admin 304 83.305 ms - -
2022-04-26 10:45:48:4548 info: 
**********************REQUEST_STARTED*********************
GET /api/admin 304 71.578 ms - -
2022-04-26 10:45:52:4552 info: 
**********************REQUEST_STARTED*********************
OPTIONS /api/admin/service/category 200 0.374 ms - 0
2022-04-26 10:45:52:4552 info: 
**********************REQUEST_STARTED*********************
OPTIONS /api/admin/service/category 200 0.280 ms - 0
2022-04-26 10:45:52:4552 info: 
**********************REQUEST_STARTED*********************
GET /api/admin/service/category 200 98.812 ms - 2323
2022-04-26 10:45:52:4552 info: 
**********************REQUEST_STARTED*********************
GET /api/admin/service/category 304 103.542 ms - -
2022-04-26 10:45:54:4554 info: 
**********************REQUEST_STARTED*********************
GET /api/admin/service/category 304 116.187 ms - -
2022-04-26 10:45:54:4554 info: 
**********************REQUEST_STARTED*********************
GET /api/admin/service/category 304 103.294 ms - -
2022-04-26 10:45:54:4554 info: 
**********************REQUEST_STARTED*********************
GET /api/admin/service/category 304 98.069 ms - -
2022-04-26 10:45:56:4556 info: 
**********************REQUEST_STARTED*********************
OPTIONS /api/admin 200 0.160 ms - 0
2022-04-26 10:45:56:4556 info: 
**********************REQUEST_STARTED*********************
OPTIONS /api/admin 200 0.150 ms - 0
2022-04-26 10:45:56:4556 info: 
**********************REQUEST_STARTED*********************
GET /api/admin 304 73.163 ms - -
2022-04-26 10:45:56:4556 info: 
**********************REQUEST_STARTED*********************
GET /api/admin 304 69.997 ms - -
2022-04-26 10:45:56:4556 info: 
**********************REQUEST_STARTED*********************
GET /api/admin 304 75.343 ms - -
2022-04-26 10:45:58:4558 info: 
**********************REQUEST_STARTED*********************
OPTIONS /api/partner 200 0.180 ms - 0
2022-04-26 10:45:58:4558 info: 
**********************REQUEST_STARTED*********************
OPTIONS /api/partner 200 0.149 ms - 0
2022-04-26 10:45:58:4558 info: 
**********************REQUEST_STARTED*********************
GET /api/partner 304 107.916 ms - -
2022-04-26 10:45:58:4558 info: 
**********************REQUEST_STARTED*********************
GET /api/partner 304 100.340 ms - -
2022-04-26 10:45:59:4559 info: 
**********************REQUEST_STARTED*********************
GET /api/partner 304 108.607 ms - -
2022-04-26 10:46:01:461 info: 
**********************REQUEST_STARTED*********************
OPTIONS /api/admin/service/category 200 0.167 ms - 0
2022-04-26 10:46:01:461 info: 
**********************REQUEST_STARTED*********************
OPTIONS /api/admin/service/category 200 0.355 ms - 0
2022-04-26 10:46:01:461 info: 
**********************REQUEST_STARTED*********************
GET /api/admin/service/category 304 117.039 ms - -
2022-04-26 10:46:01:461 info: 
**********************REQUEST_STARTED*********************
GET /api/admin/service/category 304 105.013 ms - -
2022-04-26 10:46:03:463 info: 
**********************REQUEST_STARTED*********************
OPTIONS /api/partner/ 200 0.343 ms - 0
2022-04-26 10:46:04:464 info: 
**********************REQUEST_STARTED*********************
GET /api/partner/ 200 140.958 ms - 2819
2022-04-26 10:46:12:4612 info: 
**********************REQUEST_STARTED*********************
OPTIONS /api/admin 200 0.231 ms - 0
2022-04-26 10:46:12:4612 info: 
**********************REQUEST_STARTED*********************
OPTIONS /api/admin 200 0.282 ms - 0
2022-04-26 10:46:12:4612 info: 
**********************REQUEST_STARTED*********************
GET /api/admin 304 73.226 ms - -
2022-04-26 10:46:12:4612 info: 
**********************REQUEST_STARTED*********************
GET /api/admin 304 74.561 ms - -
2022-04-26 10:46:13:4613 info: 
**********************REQUEST_STARTED*********************
OPTIONS /api/partner 200 0.164 ms - 0
2022-04-26 10:46:13:4613 info: 
**********************REQUEST_STARTED*********************
GET /api/partner 304 138.177 ms - -
2022-04-26 10:47:34:4734 info: 
**********************REQUEST_STARTED*********************
OPTIONS /api/admin 200 0.532 ms - 0
2022-04-26 10:47:34:4734 info: 
**********************REQUEST_STARTED*********************
OPTIONS /api/admin 200 0.399 ms - 0
2022-04-26 10:47:34:4734 info: 
**********************REQUEST_STARTED*********************
GET /api/admin 304 78.340 ms - -
2022-04-26 10:47:34:4734 info: 
**********************REQUEST_STARTED*********************
GET /api/admin 304 74.651 ms - -
2022-04-26 10:47:40:4740 info: 
**********************REQUEST_STARTED*********************
OPTIONS /api/admin 200 0.190 ms - 0
2022-04-26 10:47:40:4740 info: 
**********************REQUEST_STARTED*********************
OPTIONS /api/admin 200 0.417 ms - 0
2022-04-26 10:47:40:4740 info: 
**********************REQUEST_STARTED*********************
GET /api/admin 304 84.161 ms - -
2022-04-26 10:47:40:4740 info: 
**********************REQUEST_STARTED*********************
GET /api/admin 304 75.924 ms - -
2022-04-26 10:47:40:4740 info: 
**********************REQUEST_STARTED*********************
GET /api/admin 304 70.387 ms - -
2022-04-26 10:47:41:4741 info: 
**********************REQUEST_STARTED*********************
OPTIONS /api/partner 200 0.310 ms - 0
2022-04-26 10:47:41:4741 info: 
**********************REQUEST_STARTED*********************
GET /api/partner 304 111.362 ms - -
2022-04-26 10:47:42:4742 info: 
**********************REQUEST_STARTED*********************
GET /api/partner 304 107.327 ms - -
2022-04-26 10:47:42:4742 info: 
**********************REQUEST_STARTED*********************
GET /api/partner 304 102.616 ms - -
2022-04-26 10:47:44:4744 info: 
**********************REQUEST_STARTED*********************
GET /api/partner 304 99.866 ms - -
2022-04-26 10:47:49:4749 info: 
**********************REQUEST_STARTED*********************
OPTIONS /api/admin/service/category 200 0.268 ms - 0
2022-04-26 10:47:49:4749 info: 
**********************REQUEST_STARTED*********************
OPTIONS /api/admin/service/category 200 0.346 ms - 0
2022-04-26 10:47:49:4749 info: 
**********************REQUEST_STARTED*********************
GET /api/admin/service/category 304 114.417 ms - -
2022-04-26 10:47:49:4749 info: 
**********************REQUEST_STARTED*********************
GET /api/admin/service/category 304 97.438 ms - -
2022-04-26 10:47:51:4751 info: 
**********************REQUEST_STARTED*********************
OPTIONS /api/admin 200 0.413 ms - 0
2022-04-26 10:47:51:4751 info: 
**********************REQUEST_STARTED*********************
OPTIONS /api/admin 200 0.289 ms - 0
2022-04-26 10:47:51:4751 info: 
**********************REQUEST_STARTED*********************
GET /api/admin 304 75.173 ms - -
2022-04-26 10:47:51:4751 info: 
**********************REQUEST_STARTED*********************
GET /api/admin 304 74.101 ms - -
2022-04-26 10:47:54:4754 info: 
**********************REQUEST_STARTED*********************
OPTIONS /api/partner 200 0.350 ms - 0
2022-04-26 10:47:54:4754 info: 
**********************REQUEST_STARTED*********************
GET /api/partner 304 96.574 ms - -
2022-04-26 10:47:56:4756 info: 
**********************REQUEST_STARTED*********************
OPTIONS /api/subscription 200 0.194 ms - 0
2022-04-26 10:47:57:4757 info: 
**********************REQUEST_STARTED*********************
GET /api/subscription 200 898.331 ms - 2817
2022-04-26 10:47:58:4758 info: 
**********************REQUEST_STARTED*********************
OPTIONS /api/admin/service/category 200 0.702 ms - 0
2022-04-26 10:47:58:4758 info: 
**********************REQUEST_STARTED*********************
OPTIONS /api/admin/service/category 200 0.389 ms - 0
2022-04-26 10:47:58:4758 info: 
**********************REQUEST_STARTED*********************
GET /api/admin/service/category 304 99.722 ms - -
2022-04-26 10:47:58:4758 info: 
**********************REQUEST_STARTED*********************
GET /api/admin/service/category 304 102.879 ms - -
2022-04-26 10:48:00:480 info: 
**********************REQUEST_STARTED*********************
OPTIONS /api/partner/ 200 0.330 ms - 0
2022-04-26 10:48:00:480 info: 
**********************REQUEST_STARTED*********************
GET /api/partner/ 200 131.865 ms - 2819
2022-04-26 10:48:02:482 info: 
**********************REQUEST_STARTED*********************
OPTIONS /api/subscription 200 0.266 ms - 0
2022-04-26 10:48:03:483 info: 
**********************REQUEST_STARTED*********************
GET /api/subscription 304 531.332 ms - -
2022-04-26 10:48:13:4813 info: 
**********************REQUEST_STARTED*********************
OPTIONS /api/subscription/6ea82e81-77a7-4e35-984b-7c23e6d94abd/price_1KoR1ySIB5kR6HedQaQ8FPiG 200 0.226 ms - 0
2022-04-26 10:48:14:4814 info: 
**********************REQUEST_STARTED*********************
GET /api/subscription/6ea82e81-77a7-4e35-984b-7c23e6d94abd/price_1KoR1ySIB5kR6HedQaQ8FPiG 200 495.739 ms - 976
2022-04-26 10:48:15:4815 info: 
**********************REQUEST_STARTED*********************
OPTIONS /api/admin 200 0.255 ms - 0
2022-04-26 10:48:15:4815 info: 
**********************REQUEST_STARTED*********************
OPTIONS /api/admin 200 0.344 ms - 0
2022-04-26 10:48:15:4815 info: 
**********************REQUEST_STARTED*********************
GET /api/admin 304 69.690 ms - -
2022-04-26 10:48:15:4815 info: 
**********************REQUEST_STARTED*********************
GET /api/admin 304 71.378 ms - -
2022-04-26 10:48:22:4822 info: 
**********************REQUEST_STARTED*********************
OPTIONS /api/partner 200 0.272 ms - 0
2022-04-26 10:48:22:4822 info: 
**********************REQUEST_STARTED*********************
OPTIONS /api/partner 200 0.258 ms - 0
2022-04-26 10:48:22:4822 info: 
**********************REQUEST_STARTED*********************
GET /api/partner 304 102.042 ms - -
2022-04-26 10:48:22:4822 info: 
**********************REQUEST_STARTED*********************
GET /api/partner 304 99.725 ms - -
2022-04-26 10:48:25:4825 info: 
**********************REQUEST_STARTED*********************
OPTIONS /api/admin/service/category 200 0.203 ms - 0
2022-04-26 10:48:25:4825 info: 
**********************REQUEST_STARTED*********************
OPTIONS /api/partner/626694e261f6756021b9f73d 200 0.275 ms - 0
2022-04-26 10:48:25:4825 info: 
**********************REQUEST_STARTED*********************
GET /api/admin/service/category 304 340.456 ms - -
2022-04-26 10:48:25:4825 info: 
**********************REQUEST_STARTED*********************
GET /api/partner/626694e261f6756021b9f73d 200 343.469 ms - 726
2022-04-26 10:48:50:4850 info: 
**********************REQUEST_STARTED*********************
OPTIONS /api/partner/update/626694e261f6756021b9f73d 200 0.225 ms - 0
2022-04-26 10:48:50:4850 info: 
**********************REQUEST_STARTED*********************
PUT /api/partner/update/626694e261f6756021b9f73d 200 145.678 ms - 743
2022-04-26 10:48:50:4850 info: 
**********************REQUEST_STARTED*********************
OPTIONS /api/partner 200 0.191 ms - 0
2022-04-26 10:48:50:4850 info: 
**********************REQUEST_STARTED*********************
OPTIONS /api/partner 200 0.461 ms - 0
2022-04-26 10:48:50:4850 info: 
**********************REQUEST_STARTED*********************
GET /api/partner 200 103.526 ms - 2819
2022-04-26 10:48:50:4850 info: 
**********************REQUEST_STARTED*********************
GET /api/partner 304 101.606 ms - -
