2022-04-11 10:59:11:5911 info: 
**********************REQUEST_STARTED*********************
OPTIONS /api/admin/login 204 2.109 ms - 0
2022-04-11 10:59:11:5911 info: 
**********************REQUEST_STARTED*********************
POST /api/admin/login 200 238.459 ms - 218
2022-04-11 11:00:10:010 info: 
**********************REQUEST_STARTED*********************
OPTIONS /api/admin/login 204 0.361 ms - 0
2022-04-11 11:00:10:010 info: 
**********************REQUEST_STARTED*********************
POST /api/admin/login 200 178.725 ms - 218
2022-04-11 11:01:16:116 info: 
**********************REQUEST_STARTED*********************
OPTIONS /api/admin/login 204 0.268 ms - 0
2022-04-11 11:01:16:116 info: 
**********************REQUEST_STARTED*********************
POST /api/admin/login 200 175.142 ms - 218
2022-04-11 11:26:06:266 info: 
**********************REQUEST_STARTED*********************
OPTIONS /api/admin/login 204 0.524 ms - 0
2022-04-11 11:26:06:266 info: 
**********************REQUEST_STARTED*********************
POST /api/admin/login 200 203.960 ms - 218
2022-04-11 11:26:28:2628 info: 
**********************REQUEST_STARTED*********************
OPTIONS /api/admin/login 204 0.262 ms - 0
2022-04-11 11:26:28:2628 info: 
**********************REQUEST_STARTED*********************
POST /api/admin/login 200 177.480 ms - 218
2022-04-11 11:26:28:2628 info: 
**********************REQUEST_STARTED*********************
OPTIONS /api/admin/login 204 0.175 ms - 0
2022-04-11 11:26:28:2628 info: 
**********************REQUEST_STARTED*********************
POST /api/admin/login 200 179.890 ms - 218
2022-04-11 11:26:28:2628 info: 
**********************REQUEST_STARTED*********************
OPTIONS /api/admin/login 204 0.240 ms - 0
2022-04-11 11:26:29:2629 info: 
**********************REQUEST_STARTED*********************
POST /api/admin/login 200 173.144 ms - 218
2022-04-11 11:26:29:2629 info: 
**********************REQUEST_STARTED*********************
OPTIONS /api/admin/login 204 0.172 ms - 0
2022-04-11 11:26:29:2629 info: 
**********************REQUEST_STARTED*********************
POST /api/admin/login 200 174.670 ms - 218
2022-04-11 11:26:29:2629 info: 
**********************REQUEST_STARTED*********************
OPTIONS /api/admin/login 204 0.170 ms - 0
2022-04-11 11:26:29:2629 info: 
**********************REQUEST_STARTED*********************
POST /api/admin/login 200 169.176 ms - 218
2022-04-11 11:26:39:2639 info: 
**********************REQUEST_STARTED*********************
OPTIONS /api/admin/login 204 0.148 ms - 0
2022-04-11 11:26:40:2640 info: 
**********************REQUEST_STARTED*********************
POST /api/admin/login 200 178.695 ms - 218
2022-04-11 11:30:58:3058 info: 
**********************REQUEST_STARTED*********************
OPTIONS /api/admin/login 204 0.153 ms - 0
2022-04-11 11:30:58:3058 info: 
**********************REQUEST_STARTED*********************
POST /api/admin/login 200 168.858 ms - 218
2022-04-11 11:30:58:3058 info: 
**********************REQUEST_STARTED*********************
OPTIONS /api/admin/login 204 0.102 ms - 0
2022-04-11 11:30:58:3058 info: 
**********************REQUEST_STARTED*********************
OPTIONS /api/admin/login 204 0.092 ms - 0
2022-04-11 11:30:58:3058 info: 
**********************REQUEST_STARTED*********************
POST /api/admin/login 200 154.138 ms - 218
2022-04-11 11:30:58:3058 info: 
**********************REQUEST_STARTED*********************
POST /api/admin/login 200 149.845 ms - 218
2022-04-11 11:30:58:3058 info: 
**********************REQUEST_STARTED*********************
OPTIONS /api/admin/login 204 0.082 ms - 0
2022-04-11 11:30:58:3058 info: 
**********************REQUEST_STARTED*********************
POST /api/admin/login 200 150.086 ms - 218
2022-04-11 11:30:58:3058 info: 
**********************REQUEST_STARTED*********************
OPTIONS /api/admin/login 204 0.107 ms - 0
2022-04-11 11:30:58:3058 info: 
**********************REQUEST_STARTED*********************
OPTIONS /api/admin/login 204 0.099 ms - 0
2022-04-11 11:30:58:3058 info: 
**********************REQUEST_STARTED*********************
POST /api/admin/login 200 153.538 ms - 218
2022-04-11 11:30:59:3059 info: 
**********************REQUEST_STARTED*********************
OPTIONS /api/admin/login 204 0.084 ms - 0
2022-04-11 11:30:59:3059 info: 
**********************REQUEST_STARTED*********************
POST /api/admin/login 200 159.550 ms - 218
2022-04-11 11:30:59:3059 info: 
**********************REQUEST_STARTED*********************
OPTIONS /api/admin/login 204 0.090 ms - 0
2022-04-11 11:30:59:3059 info: 
**********************REQUEST_STARTED*********************
POST /api/admin/login 200 154.600 ms - 218
2022-04-11 11:30:59:3059 info: 
**********************REQUEST_STARTED*********************
OPTIONS /api/admin/login 204 0.097 ms - 0
2022-04-11 11:30:59:3059 info: 
**********************REQUEST_STARTED*********************
POST /api/admin/login 200 148.857 ms - 218
2022-04-11 11:30:59:3059 info: 
**********************REQUEST_STARTED*********************
OPTIONS /api/admin/login 204 0.094 ms - 0
2022-04-11 11:30:59:3059 info: 
**********************REQUEST_STARTED*********************
POST /api/admin/login 200 153.423 ms - 218
2022-04-11 11:30:59:3059 info: 
**********************REQUEST_STARTED*********************
OPTIONS /api/admin/login 204 0.093 ms - 0
2022-04-11 11:30:59:3059 info: 
**********************REQUEST_STARTED*********************
POST /api/admin/login 200 151.309 ms - 218
2022-04-11 11:30:59:3059 info: 
**********************REQUEST_STARTED*********************
POST /api/admin/login 200 152.531 ms - 218
2022-04-11 11:39:02:392 info: 
**********************REQUEST_STARTED*********************
OPTIONS /api/admin/login 204 0.353 ms - 0
2022-04-11 11:39:02:392 info: 
**********************REQUEST_STARTED*********************
POST /api/admin/login 200 183.639 ms - 218
2022-04-11 11:39:03:393 info: 
**********************REQUEST_STARTED*********************
OPTIONS /api/admin/login 204 0.156 ms - 0
2022-04-11 11:39:03:393 info: 
**********************REQUEST_STARTED*********************
POST /api/admin/login 200 173.109 ms - 218
2022-04-11 11:39:03:393 info: 
**********************REQUEST_STARTED*********************
OPTIONS /api/admin/login 204 0.158 ms - 0
2022-04-11 11:39:03:393 info: 
**********************REQUEST_STARTED*********************
POST /api/admin/login 200 184.132 ms - 218
2022-04-11 11:39:04:394 info: 
**********************REQUEST_STARTED*********************
OPTIONS /api/admin/login 204 0.154 ms - 0
2022-04-11 11:39:04:394 info: 
**********************REQUEST_STARTED*********************
POST /api/admin/login 200 183.537 ms - 218
2022-04-11 11:39:08:398 info: 
**********************REQUEST_STARTED*********************
GET /api/admin/login 400 1.040 ms - 48
2022-04-11 11:39:08:398 info: 
**********************REQUEST_STARTED*********************
GET /favicon.ico 404 1.685 ms - 150
2022-04-11 19:22:25:2225 info: 
**********************REQUEST_STARTED*********************
OPTIONS /api/admin/login 204 1.869 ms - 0
2022-04-11 19:22:25:2225 info: 
**********************REQUEST_STARTED*********************
POST /api/admin/login 200 214.339 ms - 218
