2022-05-02 13:36:35:3635 info: 
**********************REQUEST_STARTED*********************
OPTIONS /api/admin/resetPassword 200 1.220 ms - 0
2022-05-02 13:36:35:3635 info: 
**********************REQUEST_STARTED*********************
POST /api/admin/resetPassword 400 7.331 ms - 48
2022-05-02 13:38:19:3819 info: 
**********************REQUEST_STARTED*********************
OPTIONS /api/admin/resetPassword 200 0.468 ms - 0
2022-05-02 13:38:19:3819 info: 
**********************REQUEST_STARTED*********************
POST /api/admin/resetPassword 400 2.163 ms - 48
2022-05-02 13:38:38:3838 info: 
**********************REQUEST_STARTED*********************
OPTIONS /api/admin/resetPassword 200 0.164 ms - 0
2022-05-02 13:38:38:3838 info: 
**********************REQUEST_STARTED*********************
POST /api/admin/resetPassword 400 32.625 ms - 48
2022-05-02 13:38:59:3859 info: 
**********************REQUEST_STARTED*********************
OPTIONS /api/admin/resetPassword 200 0.141 ms - 0
2022-05-02 13:38:59:3859 info: 
**********************REQUEST_STARTED*********************
POST /api/admin/resetPassword 400 1.836 ms - 48
2022-05-02 13:40:11:4011 info: 
**********************REQUEST_STARTED*********************
OPTIONS /api/admin/resetPassword 200 0.175 ms - 0
2022-05-02 13:40:11:4011 info: 
**********************REQUEST_STARTED*********************
POST /api/admin/resetPassword 400 1.073 ms - 48
2022-05-02 13:40:28:4028 info: 
**********************REQUEST_STARTED*********************
OPTIONS /api/admin/resetPassword 200 0.148 ms - 0
2022-05-02 13:40:28:4028 info: 
**********************REQUEST_STARTED*********************
POST /api/admin/resetPassword 400 1.840 ms - 48
2022-05-02 13:41:03:413 info: 
**********************REQUEST_STARTED*********************
OPTIONS /api/admin/resetpassword 200 1.147 ms - 0
2022-05-02 13:41:03:413 info: 
**********************REQUEST_STARTED*********************
POST /api/admin/resetpassword 400 19.646 ms - 48
2022-05-02 13:41:31:4131 info: 
**********************REQUEST_STARTED*********************
OPTIONS /api/admin/resetpassword 200 1.150 ms - 0
2022-05-02 13:43:21:4321 info: 
**********************REQUEST_STARTED*********************
OPTIONS /api/admin/resetpassword 200 1.800 ms - 0
2022-05-02 13:43:23:4323 info: 
**********************REQUEST_STARTED*********************
POST /api/admin/resetpassword 400 2147.726 ms - 31
2022-05-02 13:44:06:446 info: 
**********************REQUEST_STARTED*********************
OPTIONS /api/admin/resetpassword 200 0.343 ms - 0
2022-05-02 13:44:06:446 info: 
**********************REQUEST_STARTED*********************
POST /api/admin/resetpassword 400 39.359 ms - 31
2022-05-02 13:44:17:4417 info: 
**********************REQUEST_STARTED*********************
OPTIONS /api/admin/resetpassword 200 0.150 ms - 0
2022-05-02 13:44:17:4417 info: 
**********************REQUEST_STARTED*********************
POST /api/admin/resetpassword 400 102.481 ms - 31
2022-05-02 13:44:40:4440 info: 
**********************REQUEST_STARTED*********************
OPTIONS /api/admin/resetpassword 200 0.187 ms - 0
2022-05-02 13:44:40:4440 info: 
**********************REQUEST_STARTED*********************
POST /api/admin/resetpassword 400 59.597 ms - 31
2022-05-02 13:45:12:4512 info: 
**********************REQUEST_STARTED*********************
OPTIONS /api/admin/resetpassword 200 0.167 ms - 0
2022-05-02 13:45:12:4512 info: 
**********************REQUEST_STARTED*********************
POST /api/admin/resetpassword 400 56.181 ms - 31
2022-05-02 13:45:20:4520 info: 
**********************REQUEST_STARTED*********************
OPTIONS /api/admin/resetpassword 200 0.118 ms - 0
2022-05-02 13:45:27:4527 info: 
**********************REQUEST_STARTED*********************
OPTIONS /api/admin/resetpassword 200 0.123 ms - 0
2022-05-02 13:45:57:4557 info: 
**********************REQUEST_STARTED*********************
OPTIONS /api/admin/resetpassword 200 1.095 ms - 0
2022-05-02 13:46:18:4618 info: 
**********************REQUEST_STARTED*********************
OPTIONS /api/admin/resetpassword 200 1.268 ms - 0
2022-05-02 15:44:49:4449 info: 
**********************REQUEST_STARTED*********************
OPTIONS /api/admin/login 200 13.201 ms - 0
2022-05-02 15:44:50:4450 info: 
**********************REQUEST_STARTED*********************
POST /api/admin/login 400 187.725 ms - 32
2022-05-02 15:54:44:5444 info: 
**********************REQUEST_STARTED*********************
OPTIONS /api/admin/resetpassword 200 2.271 ms - 0
2022-05-02 15:54:44:5444 info: 
**********************REQUEST_STARTED*********************
POST /api/admin/resetpassword 400 74.517 ms - 31
2022-05-02 15:55:34:5534 info: 
**********************REQUEST_STARTED*********************
OPTIONS /api/admin/resetpassword 200 0.416 ms - 0
2022-05-02 16:29:27:2927 info: 
**********************REQUEST_STARTED*********************
OPTIONS /api/admin/resetpasswordlink 200 3.716 ms - 0
2022-05-02 19:04:33:433 info: 
**********************REQUEST_STARTED*********************
OPTIONS /api/admin/resetpassword 200 2.245 ms - 0
2022-05-02 19:05:18:518 info: 
**********************REQUEST_STARTED*********************
OPTIONS /api/admin/resetpassword 200 3.587 ms - 0
2022-05-02 19:05:45:545 info: 
**********************REQUEST_STARTED*********************
OPTIONS /api/admin/resetpassword 200 3.220 ms - 0
2022-05-02 19:11:12:1112 info: 
**********************REQUEST_STARTED*********************
OPTIONS /api/admin/resetpassword 200 2.370 ms - 0
2022-05-02 19:11:12:1112 info: 
**********************REQUEST_STARTED*********************
POST /api/admin/resetpassword 400 221.728 ms - 296
2022-05-02 19:13:56:1356 info: 
**********************REQUEST_STARTED*********************
OPTIONS /api/admin/resetpassword/624433b2b8a41d34a9f618f9 200 6.814 ms - 0
2022-05-02 19:13:56:1356 info: 
**********************REQUEST_STARTED*********************
POST /api/admin/resetpassword/624433b2b8a41d34a9f618f9 200 346.889 ms - 320
2022-05-02 19:14:19:1419 info: 
**********************REQUEST_STARTED*********************
OPTIONS /api/admin/login 200 0.434 ms - 0
2022-05-02 19:14:19:1419 info: 
**********************REQUEST_STARTED*********************
POST /api/admin/login 400 240.806 ms - 42
2022-05-02 19:14:38:1438 info: 
**********************REQUEST_STARTED*********************
OPTIONS /api/admin/login 200 0.248 ms - 0
2022-05-02 19:14:38:1438 info: 
**********************REQUEST_STARTED*********************
POST /api/admin/login 200 198.287 ms - 218
2022-05-02 19:15:22:1522 info: 
**********************REQUEST_STARTED*********************
OPTIONS /api/admin/resetpassword/624433b2b8a41d34a9f618f9 200 3.178 ms - 0
2022-05-02 19:15:23:1523 info: 
**********************REQUEST_STARTED*********************
POST /api/admin/resetpassword/624433b2b8a41d34a9f618f9 200 1226.056 ms - 320
2022-05-02 19:15:52:1552 info: 
**********************REQUEST_STARTED*********************
OPTIONS /api/admin/login 200 0.482 ms - 0
2022-05-02 19:15:52:1552 info: 
**********************REQUEST_STARTED*********************
POST /api/admin/login 400 221.469 ms - 42
2022-05-02 19:15:56:1556 info: 
**********************REQUEST_STARTED*********************
POST /api/admin/login 400 200.662 ms - 42
2022-05-02 19:15:58:1558 info: 
**********************REQUEST_STARTED*********************
OPTIONS /api/admin/login 200 0.194 ms - 0
2022-05-02 19:15:59:1559 info: 
**********************REQUEST_STARTED*********************
POST /api/admin/login 400 178.482 ms - 42
2022-05-02 19:16:02:162 info: 
**********************REQUEST_STARTED*********************
POST /api/admin/login 200 195.793 ms - 218
2022-05-02 19:18:13:1813 info: 
**********************REQUEST_STARTED*********************
OPTIONS /api/admin/resetpassword 200 0.303 ms - 0
2022-05-02 19:18:13:1813 info: 
**********************REQUEST_STARTED*********************
POST /api/admin/resetpassword 404 5.417 ms - 163
2022-05-02 19:19:30:1930 info: 
**********************REQUEST_STARTED*********************
OPTIONS /api/admin/resetpassword 200 0.397 ms - 0
2022-05-02 19:19:30:1930 info: 
**********************REQUEST_STARTED*********************
POST /api/admin/resetpassword 404 1.876 ms - 163
2022-05-02 19:20:33:2033 info: 
**********************REQUEST_STARTED*********************
OPTIONS /api/admin/resetpassword 200 0.345 ms - 0
2022-05-02 19:20:33:2033 info: 
**********************REQUEST_STARTED*********************
POST /api/admin/resetpassword 404 1.431 ms - 163
2022-05-02 19:20:51:2051 info: 
**********************REQUEST_STARTED*********************
OPTIONS /api/admin/resetpasswordlink 200 0.210 ms - 0
2022-05-02 19:20:51:2051 info: 
**********************REQUEST_STARTED*********************
POST /api/admin/resetpasswordlink 400 102.527 ms - 31
2022-05-02 19:20:59:2059 info: 
**********************REQUEST_STARTED*********************
OPTIONS /api/admin/resetpasswordlink 200 0.329 ms - 0
2022-05-02 19:22:52:2252 info: 
**********************REQUEST_STARTED*********************
OPTIONS /api/admin/resetpassword/624433b2b8a41d34a9f618f9 200 0.198 ms - 0
2022-05-02 19:22:53:2253 info: 
**********************REQUEST_STARTED*********************
POST /api/admin/resetpassword/624433b2b8a41d34a9f618f9 200 217.625 ms - 320
2022-05-02 19:23:12:2312 info: 
**********************REQUEST_STARTED*********************
OPTIONS /api/admin/login 200 0.200 ms - 0
2022-05-02 19:23:12:2312 info: 
**********************REQUEST_STARTED*********************
POST /api/admin/login 400 195.229 ms - 42
2022-05-02 19:23:17:2317 info: 
**********************REQUEST_STARTED*********************
POST /api/admin/login 200 189.306 ms - 218
2022-05-02 19:23:56:2356 info: 
**********************REQUEST_STARTED*********************
OPTIONS /api/admin/login 200 0.264 ms - 0
2022-05-02 19:23:56:2356 info: 
**********************REQUEST_STARTED*********************
POST /api/admin/login 200 181.783 ms - 218
2022-05-02 19:27:26:2726 info: 
**********************REQUEST_STARTED*********************
POST /api/admin/resetpasswordlink - - ms - -
2022-05-02 21:47:19:4719 info: 
**********************REQUEST_STARTED*********************
OPTIONS /api/admin/login 200 1.100 ms - 0
2022-05-02 21:47:20:4720 info: 
**********************REQUEST_STARTED*********************
POST /api/admin/login 400 633.795 ms - 42
2022-05-02 21:47:25:4725 info: 
**********************REQUEST_STARTED*********************
OPTIONS /api/admin/login 200 0.284 ms - 0
2022-05-02 21:47:25:4725 info: 
**********************REQUEST_STARTED*********************
POST /api/admin/login 200 189.304 ms - 218
