2022-05-16 13:29:16:2916 info: 
**********************REQUEST_STARTED*********************
GET / 200 8.961 ms - 48
2022-05-16 13:29:17:2917 info: 
**********************REQUEST_STARTED*********************
GET /favicon.ico 404 3.965 ms - 150
2022-05-16 13:29:28:2928 info: 
**********************REQUEST_STARTED*********************
GET /api/user/ 200 356.893 ms - 27542
2022-05-16 13:29:44:2944 info: 
**********************REQUEST_STARTED*********************
GET /api/user/ 200 278.657 ms - 27542
2022-05-16 13:30:35:3035 info: 
**********************REQUEST_STARTED*********************
GET /api/user 200 257.909 ms - 27542
2022-05-16 13:30:54:3054 info: 
**********************REQUEST_STARTED*********************
GET /api/splash 400 43.721 ms - 1157
2022-05-16 13:31:10:3110 info: 
**********************REQUEST_STARTED*********************
GET /api/splash 400 3.611 ms - 1157
2022-05-16 13:31:22:3122 info: 
**********************REQUEST_STARTED*********************
GET /api/splash 200 47.262 ms - 5
2022-05-16 14:49:58:4958 info: 
**********************REQUEST_STARTED*********************
POST /api/splash 404 124.711 ms - 150
2022-05-16 14:50:25:5025 info: 
**********************REQUEST_STARTED*********************
POST /api/splash 400 104.394 ms - 370
2022-05-16 14:51:52:5152 info: 
**********************REQUEST_STARTED*********************
POST /api/splash 200 156.477 ms - 301
2022-05-16 14:56:51:5651 info: 
**********************REQUEST_STARTED*********************
PUT /api/splash 400 90.878 ms - 737
2022-05-16 14:58:01:581 info: 
**********************REQUEST_STARTED*********************
PUT /api/splash/628217b07e84dc21b1db83c5 400 78.333 ms - 303
2022-05-16 14:58:56:5856 info: 
**********************REQUEST_STARTED*********************
PUT /api/splash/628217b07e84dc21b1db83c5 400 103.320 ms - 303
2022-05-16 14:59:42:5942 info: 
**********************REQUEST_STARTED*********************
PUT /api/splash/628217b07e84dc21b1db83c5 200 122.756 ms - 301
2022-05-16 15:00:21:021 info: 
**********************REQUEST_STARTED*********************
POST /api/splash 200 87.735 ms - 303
2022-05-16 15:01:03:13 info: 
**********************REQUEST_STARTED*********************
PUT /api/splash/628217b07e84dc21b1db83c5 400 1.906 ms - 48
2022-05-16 15:01:09:19 info: 
**********************REQUEST_STARTED*********************
PUT /api/splash/628217b07e84dc21b1db83c5 200 86.135 ms - 308
2022-05-16 15:09:54:954 info: 
**********************REQUEST_STARTED*********************
GET /api/splash 400 6.567 ms - 48
2022-05-16 15:09:56:956 info: 
**********************REQUEST_STARTED*********************
GET /api/splash 400 3.504 ms - 48
2022-05-16 15:10:06:106 info: 
**********************REQUEST_STARTED*********************
GET /api/splash 404 61.668 ms - 149
2022-05-16 15:10:38:1038 info: 
**********************REQUEST_STARTED*********************
GET /api/splash 200 111.524 ms - 596
2022-05-16 15:10:45:1045 info: 
**********************REQUEST_STARTED*********************
GET /api/splash 200 81.885 ms - 596
2022-05-16 15:12:36:1236 info: 
**********************REQUEST_STARTED*********************
GET /api/splash 400 9.313 ms - 48
2022-05-16 15:12:43:1243 info: 
**********************REQUEST_STARTED*********************
GET /api/splash 200 90.034 ms - 596
2022-05-16 15:13:05:135 info: 
**********************REQUEST_STARTED*********************
DELETE /api/splash/628219ad3b6cf04dfc37e721 200 102.316 ms - 317
2022-05-16 15:13:17:1317 info: 
**********************REQUEST_STARTED*********************
POST /api/splash 200 114.436 ms - 304
2022-05-16 15:14:39:1439 info: 
**********************REQUEST_STARTED*********************
POST /api/splash 400 158.056 ms - 130
2022-05-16 15:15:01:151 info: 
**********************REQUEST_STARTED*********************
POST /api/splash 400 52.978 ms - 377
2022-05-16 15:15:10:1510 info: 
**********************REQUEST_STARTED*********************
POST /api/splash 400 74.805 ms - 130
2022-05-16 15:21:04:214 info: 
**********************REQUEST_STARTED*********************
POST /api/splash 400 479.570 ms - 130
2022-05-16 15:22:58:2258 info: 
**********************REQUEST_STARTED*********************
POST /api/splash 400 155.876 ms - 130
2022-05-16 15:23:59:2359 info: 
**********************REQUEST_STARTED*********************
POST /api/splash 400 202.337 ms - 130
2022-05-16 15:25:55:2555 info: 
**********************REQUEST_STARTED*********************
POST /api/splash 400 1007.467 ms - 59
2022-05-16 15:27:30:2730 info: 
**********************REQUEST_STARTED*********************
POST /api/splash 400 151.396 ms - 59
2022-05-16 15:28:20:2820 info: 
**********************REQUEST_STARTED*********************
POST /api/splash 400 149.093 ms - 59
2022-05-16 15:33:40:3340 info: 
**********************REQUEST_STARTED*********************
POST /api/splash 200 135.336 ms - 342
2022-05-16 15:36:31:3631 info: 
**********************REQUEST_STARTED*********************
POST /api/splash 200 128.738 ms - 341
2022-05-16 15:36:46:3646 info: 
**********************REQUEST_STARTED*********************
POST /api/splash 400 82.063 ms - 59
2022-05-16 15:36:51:3651 info: 
**********************REQUEST_STARTED*********************
POST /api/splash 400 91.391 ms - 59
2022-05-16 15:38:23:3823 info: 
**********************REQUEST_STARTED*********************
GET /api/user/6268efa728c813508ff235aa%0A 400 50.927 ms - 48
2022-05-16 15:38:25:3825 info: 
**********************REQUEST_STARTED*********************
GET /api/user/6268efa728c813508ff235aa 400 2.730 ms - 48
2022-05-16 15:38:30:3830 info: 
**********************REQUEST_STARTED*********************
GET /api/user/6268efa728c813508ff235aa 200 128.809 ms - 433
2022-05-16 15:38:41:3841 info: 
**********************REQUEST_STARTED*********************
GET /api/user/ 200 327.797 ms - 27542
2022-05-16 15:43:03:433 info: 
**********************REQUEST_STARTED*********************
PUT /api/user/6268efa728c813508ff235aa 200 332.155 ms - 459
2022-05-16 15:44:28:4428 info: 
**********************REQUEST_STARTED*********************
DELETE /api/user/626f70741ba8fcf714bfa2ce 400 2.243 ms - 48
2022-05-16 15:44:35:4435 info: 
**********************REQUEST_STARTED*********************
DELETE /api/user/626f70741ba8fcf714bfa2ce 200 105.053 ms - 467
2022-05-16 15:52:07:527 info: 
**********************REQUEST_STARTED*********************
GET /api/splash 200 47.958 ms - 364
2022-05-16 16:09:16:916 info: 
**********************REQUEST_STARTED*********************
OPTIONS /api/splash?page=1&limit=6 200 46.204 ms - 0
2022-05-16 16:09:16:916 info: 
**********************REQUEST_STARTED*********************
OPTIONS /api/splash?page=1&limit=6 200 0.310 ms - 0
2022-05-16 16:09:32:932 info: 
**********************REQUEST_STARTED*********************
GET /api/splash?page=1&limit=6 - - ms - -
2022-05-16 16:09:33:933 info: 
**********************REQUEST_STARTED*********************
OPTIONS /api/splash?page=1&limit=6 200 0.159 ms - 0
2022-05-16 16:09:33:933 info: 
**********************REQUEST_STARTED*********************
OPTIONS /api/splash?page=1&limit=6 200 0.170 ms - 0
2022-05-16 16:09:33:933 info: 
**********************REQUEST_STARTED*********************
OPTIONS /api/splash?page=1&limit=6 200 0.173 ms - 0
2022-05-16 16:09:52:952 info: 
**********************REQUEST_STARTED*********************
OPTIONS /api/admin/login 200 0.128 ms - 0
2022-05-16 16:09:52:952 info: 
**********************REQUEST_STARTED*********************
POST /api/admin/login 200 276.968 ms - 218
2022-05-16 16:09:55:955 info: 
**********************REQUEST_STARTED*********************
OPTIONS /api/splash?page=1&limit=6 200 0.129 ms - 0
2022-05-16 16:09:55:955 info: 
**********************REQUEST_STARTED*********************
OPTIONS /api/splash?page=1&limit=6 200 0.181 ms - 0
2022-05-16 16:09:55:955 info: 
**********************REQUEST_STARTED*********************
GET /api/splash?page=1&limit=6 200 93.228 ms - 364
2022-05-16 16:09:56:956 info: 
**********************REQUEST_STARTED*********************
GET /api/splash?page=1&limit=6 304 91.695 ms - -
2022-05-16 16:11:09:119 info: 
**********************REQUEST_STARTED*********************
OPTIONS /api/splash/all?page=1&limit=6 200 19.029 ms - 0
2022-05-16 16:11:09:119 info: 
**********************REQUEST_STARTED*********************
OPTIONS /api/splash/all?page=1&limit=6 200 0.320 ms - 0
2022-05-16 16:11:11:1111 info: 
**********************REQUEST_STARTED*********************
OPTIONS /api/splash/all?page=1&limit=6 200 0.163 ms - 0
2022-05-16 16:11:11:1111 info: 
**********************REQUEST_STARTED*********************
OPTIONS /api/splash/all?page=1&limit=6 200 0.450 ms - 0
2022-05-16 16:11:11:1111 info: 
**********************REQUEST_STARTED*********************
GET /api/splash/all?page=1&limit=6 200 209.403 ms - 984
2022-05-16 16:11:13:1113 info: 
**********************REQUEST_STARTED*********************
GET /api/splash/all?page=1&limit=6 304 142.426 ms - -
2022-05-16 16:18:07:187 info: 
**********************REQUEST_STARTED*********************
GET /api/splash?page=1&limit=6 - - ms - -
2022-05-16 16:18:07:187 info: 
**********************REQUEST_STARTED*********************
GET /api/splash/all?page=1&limit=6 - - ms - -
2022-05-16 16:18:07:187 info: 
**********************REQUEST_STARTED*********************
GET /api/splash?page=1&limit=6 - - ms - -
2022-05-16 16:18:07:187 info: 
**********************REQUEST_STARTED*********************
GET /api/splash/all?page=1&limit=6 - - ms - -
2022-05-16 16:18:07:187 info: 
**********************REQUEST_STARTED*********************
GET /api/splash?page=1&limit=6 - - ms - -
2022-05-16 16:18:14:1814 info: 
**********************REQUEST_STARTED*********************
OPTIONS /api/splash/all?page=1&limit=6 200 4.877 ms - 0
2022-05-16 16:19:11:1911 info: 
**********************REQUEST_STARTED*********************
OPTIONS /api/splash/all?page=1&limit=6 200 0.112 ms - 0
2022-05-16 16:19:24:1924 info: 
**********************REQUEST_STARTED*********************
OPTIONS /api/splash/all?page=1&limit=6 200 0.201 ms - 0
2022-05-16 16:19:57:1957 info: 
**********************REQUEST_STARTED*********************
GET /api/splash/all?page=1&limit=6 - - ms - -
2022-05-16 16:20:00:200 info: 
**********************REQUEST_STARTED*********************
OPTIONS /api/splash/all?page=1&limit=6 200 0.526 ms - 0
2022-05-16 16:20:14:2014 info: 
**********************REQUEST_STARTED*********************
OPTIONS /api/admin/login 200 5.622 ms - 0
2022-05-16 16:20:14:2014 info: 
**********************REQUEST_STARTED*********************
POST /api/admin/login 200 182.083 ms - 218
2022-05-16 16:20:19:2019 info: 
**********************REQUEST_STARTED*********************
OPTIONS /api/splash/all?page=1&limit=6 200 0.104 ms - 0
2022-05-16 16:20:20:2020 info: 
**********************REQUEST_STARTED*********************
GET /api/splash/all?page=1&limit=6 400 2.679 ms - 48
2022-05-16 16:20:37:2037 info: 
**********************REQUEST_STARTED*********************
OPTIONS /api/admin/service/category?page=1&limit=5 200 0.117 ms - 0
2022-05-16 16:20:37:2037 info: 
**********************REQUEST_STARTED*********************
OPTIONS /api/admin/service/category?page=1&limit=5 200 0.171 ms - 0
2022-05-16 16:20:37:2037 info: 
**********************REQUEST_STARTED*********************
GET /api/admin/service/category?page=1&limit=5 200 169.686 ms - 1327
2022-05-16 16:20:39:2039 info: 
**********************REQUEST_STARTED*********************
GET /api/splash/all?page=1&limit=6 200 79.947 ms - 984
2022-05-16 16:20:39:2039 info: 
**********************REQUEST_STARTED*********************
GET /api/admin/service/category?page=1&limit=5 304 115.470 ms - -
2022-05-16 16:20:42:2042 info: 
**********************REQUEST_STARTED*********************
OPTIONS /api/splash/all?page=1&limit=6 200 0.250 ms - 0
2022-05-16 16:21:02:212 info: 
**********************REQUEST_STARTED*********************
GET /api/splash/all?page=1&limit=6 200 79.182 ms - 984
2022-05-16 16:21:45:2145 info: 
**********************REQUEST_STARTED*********************
OPTIONS /api/splash/all?page=1&limit=6 200 16.174 ms - 0
2022-05-16 16:21:50:2150 info: 
**********************REQUEST_STARTED*********************
OPTIONS /api/splash/all?page=1&limit=6 200 0.135 ms - 0
2022-05-16 16:22:08:228 info: 
**********************REQUEST_STARTED*********************
OPTIONS /api/splash/all?page=1&limit=6 200 0.187 ms - 0
2022-05-16 16:22:08:228 info: 
**********************REQUEST_STARTED*********************
GET /api/splash/all?page=1&limit=6 400 5.172 ms - 48
2022-05-16 16:22:10:2210 info: 
**********************REQUEST_STARTED*********************
GET /api/splash/all?page=1&limit=6 200 127.581 ms - 984
2022-05-16 16:22:14:2214 info: 
**********************REQUEST_STARTED*********************
OPTIONS /api/admin/login 200 0.096 ms - 0
2022-05-16 16:22:14:2214 info: 
**********************REQUEST_STARTED*********************
POST /api/admin/login 200 113.578 ms - 218
2022-05-16 16:22:18:2218 info: 
**********************REQUEST_STARTED*********************
OPTIONS /api/splash/all?page=1&limit=6 200 0.308 ms - 0
2022-05-16 16:22:18:2218 info: 
**********************REQUEST_STARTED*********************
GET /api/splash/all?page=1&limit=6 200 82.356 ms - 984
2022-05-16 16:22:26:2226 info: 
**********************REQUEST_STARTED*********************
OPTIONS /api/splash/all?page=1&limit=6 200 0.109 ms - 0
2022-05-16 16:22:26:2226 info: 
**********************REQUEST_STARTED*********************
GET /api/splash/all?page=1&limit=6 304 82.203 ms - -
2022-05-16 16:23:15:2315 info: 
**********************REQUEST_STARTED*********************
OPTIONS /api/splash/all?page=1&limit=6 200 0.141 ms - 0
2022-05-16 16:23:15:2315 info: 
**********************REQUEST_STARTED*********************
GET /api/splash/all?page=1&limit=6 304 83.737 ms - -
2022-05-16 16:23:16:2316 info: 
**********************REQUEST_STARTED*********************
OPTIONS /api/splash/all?page=1&limit=6 200 0.122 ms - 0
2022-05-16 16:23:22:2322 info: 
**********************REQUEST_STARTED*********************
OPTIONS /api/splash/all?page=1&limit=6 200 0.114 ms - 0
2022-05-16 16:23:39:2339 info: 
**********************REQUEST_STARTED*********************
OPTIONS /api/splash/all?page=1&limit=6 200 0.183 ms - 0
2022-05-16 16:23:39:2339 info: 
**********************REQUEST_STARTED*********************
GET /api/splash/all?page=1&limit=6 304 82.097 ms - -
2022-05-16 16:23:40:2340 info: 
**********************REQUEST_STARTED*********************
OPTIONS /api/splash/all?page=1&limit=6 200 0.108 ms - 0
2022-05-16 16:23:42:2342 info: 
**********************REQUEST_STARTED*********************
GET /api/splash/all?page=1&limit=6 200 74.138 ms - 984
2022-05-16 16:23:47:2347 info: 
**********************REQUEST_STARTED*********************
OPTIONS /api/splash/all?page=1&limit=6 200 0.180 ms - 0
2022-05-16 16:24:07:247 info: 
**********************REQUEST_STARTED*********************
GET /api/splash/all?page=1&limit=6 200 117.956 ms - 984
2022-05-16 16:26:27:2627 info: 
**********************REQUEST_STARTED*********************
OPTIONS /api/splash/all?page=1&limit=6 200 0.195 ms - 0
2022-05-16 16:26:27:2627 info: 
**********************REQUEST_STARTED*********************
GET /api/splash/all?page=1&limit=6 304 78.215 ms - -
2022-05-16 16:26:27:2627 info: 
**********************REQUEST_STARTED*********************
OPTIONS /api/splash/all?page=1&limit=6 200 0.214 ms - 0
2022-05-16 16:26:35:2635 info: 
**********************REQUEST_STARTED*********************
OPTIONS /api/splash/all?page=1&limit=6 200 0.221 ms - 0
2022-05-16 16:26:47:2647 info: 
**********************REQUEST_STARTED*********************
OPTIONS /api/splash/all?page=1&limit=6 200 0.166 ms - 0
2022-05-16 16:26:47:2647 info: 
**********************REQUEST_STARTED*********************
GET /api/splash/all?page=1&limit=6 304 87.708 ms - -
2022-05-16 16:26:48:2648 info: 
**********************REQUEST_STARTED*********************
OPTIONS /api/splash/all?page=1&limit=6 200 0.265 ms - 0
2022-05-16 16:26:55:2655 info: 
**********************REQUEST_STARTED*********************
GET /api/splash/all?page=1&limit=6 200 78.126 ms - 984
2022-05-16 16:26:57:2657 info: 
**********************REQUEST_STARTED*********************
OPTIONS /api/splash/all?page=1&limit=6 200 0.200 ms - 0
2022-05-16 16:27:13:2713 info: 
**********************REQUEST_STARTED*********************
OPTIONS /api/splash/all?page=1&limit=6 200 0.978 ms - 0
2022-05-16 16:27:13:2713 info: 
**********************REQUEST_STARTED*********************
GET /api/splash/all?page=1&limit=6 304 88.536 ms - -
2022-05-16 16:28:11:2811 info: 
**********************REQUEST_STARTED*********************
OPTIONS /api/splash/all?page=1&limit=6 200 2.239 ms - 0
2022-05-16 16:28:11:2811 info: 
**********************REQUEST_STARTED*********************
GET /api/splash/all?page=1&limit=6 304 97.332 ms - -
2022-05-16 16:28:29:2829 info: 
**********************REQUEST_STARTED*********************
OPTIONS /api/splash/all?page=1&limit=6 200 0.237 ms - 0
2022-05-16 16:28:29:2829 info: 
**********************REQUEST_STARTED*********************
GET /api/splash/all?page=1&limit=6 304 88.924 ms - -
2022-05-16 16:28:36:2836 info: 
**********************REQUEST_STARTED*********************
OPTIONS /api/splash/all?page=1&limit=6 200 0.140 ms - 0
2022-05-16 16:28:36:2836 info: 
**********************REQUEST_STARTED*********************
GET /api/splash/all?page=1&limit=6 304 88.687 ms - -
2022-05-16 16:28:54:2854 info: 
**********************REQUEST_STARTED*********************
OPTIONS /api/splash/all?page=1&limit=6 200 0.139 ms - 0
2022-05-16 16:28:54:2854 info: 
**********************REQUEST_STARTED*********************
GET /api/splash/all?page=1&limit=6 304 86.800 ms - -
2022-05-16 16:28:54:2854 info: 
**********************REQUEST_STARTED*********************
GET /api/splash/all?page=1&limit=6 - - ms - -
2022-05-16 16:28:54:2854 info: 
**********************REQUEST_STARTED*********************
OPTIONS /api/splash/all?page=1&limit=6 200 0.118 ms - 0
2022-05-16 16:28:54:2854 info: 
**********************REQUEST_STARTED*********************
GET /api/splash/all?page=1&limit=6 - - ms - -
2022-05-16 16:28:54:2854 info: 
**********************REQUEST_STARTED*********************
GET /api/splash/all?page=1&limit=6 - - ms - -
2022-05-16 16:28:54:2854 info: 
**********************REQUEST_STARTED*********************
GET /api/splash/all?page=1&limit=6 - - ms - -
2022-05-16 16:28:54:2854 info: 
**********************REQUEST_STARTED*********************
GET /api/splash/all?page=1&limit=6 - - ms - -
2022-05-16 16:28:54:2854 info: 
**********************REQUEST_STARTED*********************
GET /api/splash/all?page=1&limit=6 - - ms - -
2022-05-16 16:28:54:2854 info: 
**********************REQUEST_STARTED*********************
OPTIONS /api/splash/all?page=1&limit=6 200 0.919 ms - 0
2022-05-16 16:28:54:2854 info: 
**********************REQUEST_STARTED*********************
OPTIONS /api/splash/all?page=1&limit=6 200 0.284 ms - 0
2022-05-16 16:28:54:2854 info: 
**********************REQUEST_STARTED*********************
OPTIONS /api/splash/all?page=1&limit=6 200 0.142 ms - 0
2022-05-16 16:28:54:2854 info: 
**********************REQUEST_STARTED*********************
OPTIONS /api/splash/all?page=1&limit=6 200 0.277 ms - 0
2022-05-16 16:28:54:2854 info: 
**********************REQUEST_STARTED*********************
OPTIONS /api/splash/all?page=1&limit=6 200 0.242 ms - 0
2022-05-16 16:28:54:2854 info: 
**********************REQUEST_STARTED*********************
OPTIONS /api/splash/all?page=1&limit=6 200 0.162 ms - 0
2022-05-16 16:28:54:2854 info: 
**********************REQUEST_STARTED*********************
OPTIONS /api/splash/all?page=1&limit=6 200 0.253 ms - 0
2022-05-16 16:28:54:2854 info: 
**********************REQUEST_STARTED*********************
GET /api/splash/all?page=1&limit=6 200 80.916 ms - 984
2022-05-16 16:28:54:2854 info: 
**********************REQUEST_STARTED*********************
GET /api/splash/all?page=1&limit=6 200 76.542 ms - 984
2022-05-16 16:28:57:2857 info: 
**********************REQUEST_STARTED*********************
GET /api/splash/all?page=1&limit=6 304 66.530 ms - -
2022-05-16 16:28:59:2859 info: 
**********************REQUEST_STARTED*********************
GET /api/splash/all?page=1&limit=6 304 67.553 ms - -
2022-05-16 16:29:01:291 info: 
**********************REQUEST_STARTED*********************
GET /api/splash/all?page=1&limit=6 304 72.603 ms - -
2022-05-16 16:29:03:293 info: 
**********************REQUEST_STARTED*********************
OPTIONS /api/splash/all?page=1&limit=6 200 0.190 ms - 0
2022-05-16 16:29:03:293 info: 
**********************REQUEST_STARTED*********************
GET /api/splash/all?page=1&limit=6 304 65.009 ms - -
2022-05-16 16:29:21:2921 info: 
**********************REQUEST_STARTED*********************
OPTIONS /api/splash/all?page=1&limit=6 200 0.380 ms - 0
2022-05-16 16:29:21:2921 info: 
**********************REQUEST_STARTED*********************
GET /api/splash/all?page=1&limit=6 304 78.630 ms - -
2022-05-16 16:29:30:2930 info: 
**********************REQUEST_STARTED*********************
OPTIONS /api/splash/all?page=1&limit=6 200 0.279 ms - 0
2022-05-16 16:29:30:2930 info: 
**********************REQUEST_STARTED*********************
GET /api/splash/all?page=1&limit=6 304 66.083 ms - -
2022-05-16 16:29:30:2930 info: 
**********************REQUEST_STARTED*********************
OPTIONS /api/splash/all?page=1&limit=6 200 0.183 ms - 0
2022-05-16 16:29:30:2930 info: 
**********************REQUEST_STARTED*********************
GET /api/splash/all?page=1&limit=6 304 68.531 ms - -
2022-05-16 16:29:38:2938 info: 
**********************REQUEST_STARTED*********************
OPTIONS /api/splash/all?page=1&limit=6 200 0.127 ms - 0
2022-05-16 16:29:38:2938 info: 
**********************REQUEST_STARTED*********************
GET /api/splash/all?page=1&limit=6 304 76.300 ms - -
2022-05-16 16:30:09:309 info: 
**********************REQUEST_STARTED*********************
OPTIONS /api/splash/all?page=1&limit=6 200 0.369 ms - 0
2022-05-16 16:30:09:309 info: 
**********************REQUEST_STARTED*********************
GET /api/splash/all?page=1&limit=6 304 66.019 ms - -
2022-05-16 16:30:18:3018 info: 
**********************REQUEST_STARTED*********************
OPTIONS /api/splash/all?page=1&limit=6 200 0.107 ms - 0
2022-05-16 16:30:18:3018 info: 
**********************REQUEST_STARTED*********************
GET /api/splash/all?page=1&limit=6 304 70.554 ms - -
2022-05-16 16:30:27:3027 info: 
**********************REQUEST_STARTED*********************
OPTIONS /api/splash/all?page=1&limit=6 200 0.245 ms - 0
2022-05-16 16:30:27:3027 info: 
**********************REQUEST_STARTED*********************
GET /api/splash/all?page=1&limit=6 304 73.413 ms - -
2022-05-16 16:30:35:3035 info: 
**********************REQUEST_STARTED*********************
OPTIONS /api/splash/all?page=1&limit=6 200 0.158 ms - 0
2022-05-16 16:30:35:3035 info: 
**********************REQUEST_STARTED*********************
GET /api/splash/all?page=1&limit=6 304 71.506 ms - -
2022-05-16 16:30:45:3045 info: 
**********************REQUEST_STARTED*********************
OPTIONS /api/splash/all?page=1&limit=6 200 0.289 ms - 0
2022-05-16 16:30:45:3045 info: 
**********************REQUEST_STARTED*********************
GET /api/splash/all?page=1&limit=6 304 84.075 ms - -
2022-05-16 16:30:53:3053 info: 
**********************REQUEST_STARTED*********************
OPTIONS /api/splash/all?page=1&limit=6 200 0.254 ms - 0
2022-05-16 16:30:53:3053 info: 
**********************REQUEST_STARTED*********************
GET /api/splash/all?page=1&limit=6 304 68.330 ms - -
2022-05-16 16:31:01:311 info: 
**********************REQUEST_STARTED*********************
OPTIONS /api/splash/all?page=1&limit=6 200 0.205 ms - 0
2022-05-16 16:31:01:311 info: 
**********************REQUEST_STARTED*********************
GET /api/splash/all?page=1&limit=6 304 67.377 ms - -
2022-05-16 16:31:10:3110 info: 
**********************REQUEST_STARTED*********************
OPTIONS /api/splash/all?page=1&limit=6 200 0.162 ms - 0
2022-05-16 16:31:10:3110 info: 
**********************REQUEST_STARTED*********************
GET /api/splash/all?page=1&limit=6 304 76.126 ms - -
2022-05-16 16:31:15:3115 info: 
**********************REQUEST_STARTED*********************
OPTIONS /api/splash/all?page=1&limit=6 200 0.292 ms - 0
2022-05-16 16:31:15:3115 info: 
**********************REQUEST_STARTED*********************
GET /api/splash/all?page=1&limit=6 304 76.624 ms - -
2022-05-16 16:31:24:3124 info: 
**********************REQUEST_STARTED*********************
OPTIONS /api/splash/all?page=1&limit=6 200 0.106 ms - 0
2022-05-16 16:31:24:3124 info: 
**********************REQUEST_STARTED*********************
GET /api/splash/all?page=1&limit=6 304 63.942 ms - -
2022-05-16 16:31:52:3152 info: 
**********************REQUEST_STARTED*********************
OPTIONS /api/splash/all?page=1&limit=6 200 0.135 ms - 0
2022-05-16 16:31:52:3152 info: 
**********************REQUEST_STARTED*********************
GET /api/splash/all?page=1&limit=6 304 100.058 ms - -
2022-05-16 16:31:54:3154 info: 
**********************REQUEST_STARTED*********************
GET /api/splash/all?page=1&limit=6 304 66.156 ms - -
2022-05-16 16:32:00:320 info: 
**********************REQUEST_STARTED*********************
OPTIONS /api/splash/all?page=1&limit=6 200 0.624 ms - 0
2022-05-16 16:32:00:320 info: 
**********************REQUEST_STARTED*********************
GET /api/splash/all?page=1&limit=6 304 102.230 ms - -
2022-05-16 16:32:04:324 info: 
**********************REQUEST_STARTED*********************
GET /api/splash/all?page=1&limit=6 304 68.965 ms - -
2022-05-16 16:32:59:3259 info: 
**********************REQUEST_STARTED*********************
OPTIONS /api/splash/all?page=1&limit=6 200 0.134 ms - 0
2022-05-16 16:33:00:330 info: 
**********************REQUEST_STARTED*********************
GET /api/splash/all?page=1&limit=6 304 84.142 ms - -
2022-05-16 16:33:08:338 info: 
**********************REQUEST_STARTED*********************
OPTIONS /api/splash/all?page=1&limit=6 200 0.193 ms - 0
2022-05-16 16:33:08:338 info: 
**********************REQUEST_STARTED*********************
GET /api/splash/all?page=1&limit=6 304 72.550 ms - -
2022-05-16 16:33:09:339 info: 
**********************REQUEST_STARTED*********************
OPTIONS /api/splash/all?page=1&limit=6 200 0.216 ms - 0
2022-05-16 16:33:09:339 info: 
**********************REQUEST_STARTED*********************
GET /api/splash/all?page=1&limit=6 304 75.804 ms - -
2022-05-16 16:33:17:3317 info: 
**********************REQUEST_STARTED*********************
OPTIONS /api/splash/all?page=1&limit=6 200 0.125 ms - 0
2022-05-16 16:33:17:3317 info: 
**********************REQUEST_STARTED*********************
GET /api/splash/all?page=1&limit=6 304 65.084 ms - -
2022-05-16 16:33:18:3318 info: 
**********************REQUEST_STARTED*********************
OPTIONS /api/splash/all?page=1&limit=6 200 0.207 ms - 0
2022-05-16 16:33:18:3318 info: 
**********************REQUEST_STARTED*********************
GET /api/splash/all?page=1&limit=6 304 74.425 ms - -
2022-05-16 16:33:22:3322 info: 
**********************REQUEST_STARTED*********************
GET /api/splash/all?page=1&limit=6 304 65.609 ms - -
2022-05-16 16:33:30:3330 info: 
**********************REQUEST_STARTED*********************
OPTIONS /api/splash/all?page=1&limit=6 200 0.218 ms - 0
2022-05-16 16:33:31:3331 info: 
**********************REQUEST_STARTED*********************
GET /api/splash/all?page=1&limit=6 304 66.175 ms - -
2022-05-16 16:33:35:3335 info: 
**********************REQUEST_STARTED*********************
GET /api/splash/all?page=1&limit=6 304 72.975 ms - -
2022-05-16 16:33:39:3339 info: 
**********************REQUEST_STARTED*********************
OPTIONS /api/splash/all?page=1&limit=6 200 0.226 ms - 0
2022-05-16 16:33:39:3339 info: 
**********************REQUEST_STARTED*********************
GET /api/splash/all?page=1&limit=6 304 65.708 ms - -
2022-05-16 16:33:41:3341 info: 
**********************REQUEST_STARTED*********************
OPTIONS /api/splash/all?page=1&limit=6 200 0.147 ms - 0
2022-05-16 16:33:41:3341 info: 
**********************REQUEST_STARTED*********************
GET /api/splash/all?page=1&limit=6 304 73.137 ms - -
2022-05-16 16:33:44:3344 info: 
**********************REQUEST_STARTED*********************
GET /api/splash/all?page=1&limit=6 304 67.565 ms - -
2022-05-16 16:33:48:3348 info: 
**********************REQUEST_STARTED*********************
OPTIONS /api/splash/all?page=1&limit=6 200 0.564 ms - 0
2022-05-16 16:33:48:3348 info: 
**********************REQUEST_STARTED*********************
GET /api/splash/all?page=1&limit=6 304 66.455 ms - -
2022-05-16 16:33:53:3353 info: 
**********************REQUEST_STARTED*********************
OPTIONS /api/splash/all?page=1&limit=6 200 0.188 ms - 0
2022-05-16 16:33:53:3353 info: 
**********************REQUEST_STARTED*********************
GET /api/splash/all?page=1&limit=6 304 83.284 ms - -
2022-05-16 16:34:02:342 info: 
**********************REQUEST_STARTED*********************
OPTIONS /api/splash/all?page=1&limit=6 200 0.153 ms - 0
2022-05-16 16:34:02:342 info: 
**********************REQUEST_STARTED*********************
GET /api/splash/all?page=1&limit=6 304 69.858 ms - -
2022-05-16 16:36:03:363 info: 
**********************REQUEST_STARTED*********************
OPTIONS /api/splash/all?page=1&limit=6 200 0.164 ms - 0
2022-05-16 16:36:03:363 info: 
**********************REQUEST_STARTED*********************
GET /api/splash/all?page=1&limit=6 304 68.913 ms - -
2022-05-16 16:36:09:369 info: 
**********************REQUEST_STARTED*********************
OPTIONS /api/splash/all?page=1&limit=6 200 0.123 ms - 0
2022-05-16 16:36:09:369 info: 
**********************REQUEST_STARTED*********************
GET /api/splash/all?page=1&limit=6 304 64.464 ms - -
2022-05-16 16:36:42:3642 info: 
**********************REQUEST_STARTED*********************
OPTIONS /api/splash/all?page=1&limit=6 200 0.184 ms - 0
2022-05-16 16:36:42:3642 info: 
**********************REQUEST_STARTED*********************
GET /api/splash/all?page=1&limit=6 304 84.619 ms - -
2022-05-16 16:36:59:3659 info: 
**********************REQUEST_STARTED*********************
OPTIONS /api/splash/all?page=1&limit=6 200 0.165 ms - 0
2022-05-16 16:36:59:3659 info: 
**********************REQUEST_STARTED*********************
GET /api/splash/all?page=1&limit=6 304 67.053 ms - -
2022-05-16 16:37:08:378 info: 
**********************REQUEST_STARTED*********************
OPTIONS /api/splash/all?page=1&limit=6 200 0.126 ms - 0
2022-05-16 16:37:08:378 info: 
**********************REQUEST_STARTED*********************
GET /api/splash/all?page=1&limit=6 304 67.814 ms - -
2022-05-16 16:49:33:4933 info: 
**********************REQUEST_STARTED*********************
OPTIONS /api/post?page=1&limit=2 200 3.632 ms - 0
2022-05-16 16:49:33:4933 info: 
**********************REQUEST_STARTED*********************
OPTIONS /api/post?page=1&limit=2 200 0.176 ms - 0
2022-05-16 16:49:33:4933 info: 
**********************REQUEST_STARTED*********************
GET /api/post?page=1&limit=2 200 453.636 ms - 832
2022-05-16 16:49:35:4935 info: 
**********************REQUEST_STARTED*********************
GET /api/post?page=1&limit=2 304 101.537 ms - -
2022-05-16 16:49:40:4940 info: 
**********************REQUEST_STARTED*********************
OPTIONS /api/admin/service/category 200 0.110 ms - 0
2022-05-16 16:49:40:4940 info: 
**********************REQUEST_STARTED*********************
GET /api/admin/service/category 200 117.771 ms - 2075
2022-05-16 16:49:43:4943 info: 
**********************REQUEST_STARTED*********************
OPTIONS /api/post?page=1&limit=2 200 0.159 ms - 0
2022-05-16 16:49:43:4943 info: 
**********************REQUEST_STARTED*********************
OPTIONS /api/post?page=1&limit=2 200 0.240 ms - 0
2022-05-16 16:49:43:4943 info: 
**********************REQUEST_STARTED*********************
GET /api/post?page=1&limit=2 304 91.431 ms - -
2022-05-16 16:49:45:4945 info: 
**********************REQUEST_STARTED*********************
GET /api/post?page=1&limit=2 304 87.795 ms - -
2022-05-16 16:50:36:5036 info: 
**********************REQUEST_STARTED*********************
OPTIONS /api/splash/all?page=1&limit=6 200 0.169 ms - 0
2022-05-16 16:50:36:5036 info: 
**********************REQUEST_STARTED*********************
GET /api/splash/all?page=1&limit=6 304 79.496 ms - -
2022-05-16 16:58:13:5813 info: 
**********************REQUEST_STARTED*********************
OPTIONS /api/admin/service/category?page=1&limit=5 200 8.019 ms - 0
2022-05-16 16:58:14:5814 info: 
**********************REQUEST_STARTED*********************
OPTIONS /api/admin/service/category?page=1&limit=5 200 0.202 ms - 0
2022-05-16 16:58:14:5814 info: 
**********************REQUEST_STARTED*********************
GET /api/admin/service/category?page=1&limit=5 200 282.269 ms - 1327
2022-05-16 16:58:16:5816 info: 
**********************REQUEST_STARTED*********************
GET /api/admin/service/category?page=1&limit=5 304 99.034 ms - -
2022-05-16 16:58:24:5824 info: 
**********************REQUEST_STARTED*********************
OPTIONS /api/splash/all?page=1&limit=6 200 0.334 ms - 0
2022-05-16 16:58:24:5824 info: 
**********************REQUEST_STARTED*********************
GET /api/splash/all?page=1&limit=6 200 111.790 ms - 984
2022-05-16 16:58:37:5837 info: 
**********************REQUEST_STARTED*********************
OPTIONS /api/admin/service/category?page=1&limit=5 200 0.259 ms - 0
2022-05-16 16:58:37:5837 info: 
**********************REQUEST_STARTED*********************
OPTIONS /api/admin/service/category?page=1&limit=5 200 0.319 ms - 0
2022-05-16 16:58:37:5837 info: 
**********************REQUEST_STARTED*********************
GET /api/admin/service/category?page=1&limit=5 304 113.849 ms - -
2022-05-16 16:58:39:5839 info: 
**********************REQUEST_STARTED*********************
GET /api/admin/service/category?page=1&limit=5 304 103.228 ms - -
2022-05-16 16:59:55:5955 info: 
**********************REQUEST_STARTED*********************
OPTIONS /api/splash/all?page=1&limit=6 200 0.407 ms - 0
2022-05-16 16:59:55:5955 info: 
**********************REQUEST_STARTED*********************
GET /api/splash/all?page=1&limit=6 200 79.929 ms - 984
2022-05-16 17:03:21:321 info: 
**********************REQUEST_STARTED*********************
OPTIONS /api/splash/all?page=1&limit=6 200 0.361 ms - 0
2022-05-16 17:03:21:321 info: 
**********************REQUEST_STARTED*********************
GET /api/splash/all?page=1&limit=6 304 76.353 ms - -
2022-05-16 17:04:56:456 info: 
**********************REQUEST_STARTED*********************
OPTIONS /api/admin/service/category/62822227a99bb6b5265eade5 200 0.282 ms - 0
2022-05-16 17:04:56:456 info: 
**********************REQUEST_STARTED*********************
GET /api/admin/service/category/62822227a99bb6b5265eade5 200 95.209 ms - 39
2022-05-16 17:05:04:54 info: 
**********************REQUEST_STARTED*********************
OPTIONS /api/admin/splash/62822227a99bb6b5265eade5 200 0.715 ms - 0
2022-05-16 17:05:04:54 info: 
**********************REQUEST_STARTED*********************
GET /api/admin/splash/62822227a99bb6b5265eade5 404 24.264 ms - 180
2022-05-16 17:08:37:837 info: 
**********************REQUEST_STARTED*********************
OPTIONS /api/admin/splash/62822227a99bb6b5265eade5 200 4.536 ms - 0
2022-05-16 17:08:37:837 info: 
**********************REQUEST_STARTED*********************
GET /api/admin/splash/62822227a99bb6b5265eade5 404 7.125 ms - 180
2022-05-16 17:09:19:919 info: 
**********************REQUEST_STARTED*********************
OPTIONS /api/admin/splash/62822227a99bb6b5265eade5 200 0.667 ms - 0
2022-05-16 17:09:19:919 info: 
**********************REQUEST_STARTED*********************
GET /api/admin/splash/62822227a99bb6b5265eade5 404 3.627 ms - 180
2022-05-16 17:12:23:1223 info: 
**********************REQUEST_STARTED*********************
GET /api/admin/628217b07e84dc21b1db83c5%0A 404 12.420 ms - 176
2022-05-16 17:12:35:1235 info: 
**********************REQUEST_STARTED*********************
GET /api/splash/628217b07e84dc21b1db83c5%0A 400 348.650 ms - 347
2022-05-16 17:12:43:1243 info: 
**********************REQUEST_STARTED*********************
GET /api/splash/628217b07e84dc21b1db83c5 200 85.307 ms - 364
2022-05-16 17:13:39:1339 info: 
**********************REQUEST_STARTED*********************
OPTIONS /api/splash/splash/62822227a99bb6b5265eade5 200 29.635 ms - 0
2022-05-16 17:13:39:1339 info: 
**********************REQUEST_STARTED*********************
GET /api/splash/splash/62822227a99bb6b5265eade5 404 22.138 ms - 181
2022-05-16 17:14:09:149 info: 
**********************REQUEST_STARTED*********************
OPTIONS /api/splash/62822227a99bb6b5265eade5 200 0.656 ms - 0
2022-05-16 17:14:09:149 info: 
**********************REQUEST_STARTED*********************
GET /api/splash/62822227a99bb6b5265eade5 200 139.290 ms - 353
2022-05-16 17:15:16:1516 info: 
**********************REQUEST_STARTED*********************
OPTIONS /api/splash/62822227a99bb6b5265eade5 200 21.747 ms - 0
2022-05-16 17:15:16:1516 info: 
**********************REQUEST_STARTED*********************
GET /api/splash/62822227a99bb6b5265eade5 400 301.074 ms - 45
2022-05-16 17:15:27:1527 info: 
**********************REQUEST_STARTED*********************
GET /api/splash/62822227a99bb6b5265eade5 400 13.975 ms - 48
2022-05-16 17:15:28:1528 info: 
**********************REQUEST_STARTED*********************
GET /favicon.ico 404 14.172 ms - 150
2022-05-16 17:15:30:1530 info: 
**********************REQUEST_STARTED*********************
OPTIONS /api/splash/62822227a99bb6b5265eade5 200 0.428 ms - 0
2022-05-16 17:15:30:1530 info: 
**********************REQUEST_STARTED*********************
GET /api/splash/62822227a99bb6b5265eade5 400 113.518 ms - 45
2022-05-16 17:16:07:167 info: 
**********************REQUEST_STARTED*********************
OPTIONS /api/splash/62822227a99bb6b5265eade5 200 3.592 ms - 0
2022-05-16 17:16:07:167 info: 
**********************REQUEST_STARTED*********************
GET /api/splash/62822227a99bb6b5265eade5 200 128.047 ms - 350
2022-05-16 17:16:43:1643 info: 
**********************REQUEST_STARTED*********************
OPTIONS /api/splash/62822227a99bb6b5265eade5 200 5.110 ms - 0
2022-05-16 17:16:44:1644 info: 
**********************REQUEST_STARTED*********************
GET /api/splash/62822227a99bb6b5265eade5 200 1431.789 ms - 348
2022-05-16 17:17:50:1750 info: 
**********************REQUEST_STARTED*********************
OPTIONS /api/user?page=1&limit=6 200 0.513 ms - 0
2022-05-16 17:17:50:1750 info: 
**********************REQUEST_STARTED*********************
OPTIONS /api/user?page=1&limit=6 200 0.233 ms - 0
2022-05-16 17:17:50:1750 info: 
**********************REQUEST_STARTED*********************
GET /api/user?page=1&limit=6 200 252.429 ms - 13685
2022-05-16 17:17:52:1752 info: 
**********************REQUEST_STARTED*********************
GET /api/user?page=1&limit=6 304 222.415 ms - -
2022-05-16 17:19:19:1919 info: 
**********************REQUEST_STARTED*********************
OPTIONS /api/partner/requests?page=1&limit=5 200 0.390 ms - 0
2022-05-16 17:19:20:1920 info: 
**********************REQUEST_STARTED*********************
OPTIONS /api/partner/requests 200 0.360 ms - 0
2022-05-16 17:19:20:1920 info: 
**********************REQUEST_STARTED*********************
GET /api/partner/requests?page=1&limit=5 200 253.934 ms - 6729
2022-05-16 17:19:20:1920 info: 
**********************REQUEST_STARTED*********************
GET /api/partner/requests 200 255.026 ms - 6718
2022-05-16 17:19:22:1922 info: 
**********************REQUEST_STARTED*********************
OPTIONS /api/admin?limit=6&page=1 200 0.222 ms - 0
2022-05-16 17:19:22:1922 info: 
**********************REQUEST_STARTED*********************
OPTIONS /api/admin?limit=6&page=1 200 0.499 ms - 0
2022-05-16 17:19:23:1923 info: 
**********************REQUEST_STARTED*********************
GET /api/admin?limit=6&page=1 200 170.734 ms - 7210
2022-05-16 17:19:25:1925 info: 
**********************REQUEST_STARTED*********************
GET /api/admin?limit=6&page=1 304 160.339 ms - -
2022-05-16 17:19:33:1933 info: 
**********************REQUEST_STARTED*********************
OPTIONS /api/post?page=1&limit=2 200 0.336 ms - 0
2022-05-16 17:19:33:1933 info: 
**********************REQUEST_STARTED*********************
OPTIONS /api/post?page=1&limit=2 200 0.453 ms - 0
2022-05-16 17:19:33:1933 info: 
**********************REQUEST_STARTED*********************
GET /api/post?page=1&limit=2 200 143.530 ms - 832
2022-05-16 17:19:35:1935 info: 
**********************REQUEST_STARTED*********************
GET /api/post?page=1&limit=2 304 117.528 ms - -
2022-05-16 17:19:38:1938 info: 
**********************REQUEST_STARTED*********************
OPTIONS /api/admin/service/category 200 0.250 ms - 0
2022-05-16 17:19:39:1939 info: 
**********************REQUEST_STARTED*********************
GET /api/admin/service/category 200 126.697 ms - 2075
2022-05-16 17:23:45:2345 info: 
**********************REQUEST_STARTED*********************
OPTIONS /api/splash/all?page=1&limit=6 200 19.991 ms - 0
2022-05-16 17:23:45:2345 info: 
**********************REQUEST_STARTED*********************
GET /api/splash/all?page=1&limit=6 200 253.446 ms - 984
2022-05-16 17:23:54:2354 info: 
**********************REQUEST_STARTED*********************
OPTIONS /api/splash/all?page=1&limit=6 200 0.509 ms - 0
2022-05-16 17:23:54:2354 info: 
**********************REQUEST_STARTED*********************
GET /api/splash/all?page=1&limit=6 304 103.322 ms - -
2022-05-16 17:23:59:2359 info: 
**********************REQUEST_STARTED*********************
OPTIONS /api/splash/62822227a99bb6b5265eade5 200 0.660 ms - 0
2022-05-16 17:23:59:2359 info: 
**********************REQUEST_STARTED*********************
GET /api/splash/62822227a99bb6b5265eade5 200 92.029 ms - 348
2022-05-16 17:26:01:261 info: 
**********************REQUEST_STARTED*********************
OPTIONS /api/splash/62822227a99bb6b5265eade5 200 0.221 ms - 0
2022-05-16 17:26:01:261 info: 
**********************REQUEST_STARTED*********************
GET /api/splash/62822227a99bb6b5265eade5 304 83.357 ms - -
2022-05-16 17:26:21:2621 info: 
**********************REQUEST_STARTED*********************
OPTIONS /api/splash/62822227a99bb6b5265eade5 200 0.267 ms - 0
2022-05-16 17:26:22:2622 info: 
**********************REQUEST_STARTED*********************
GET /api/splash/62822227a99bb6b5265eade5 304 84.991 ms - -
2022-05-16 17:27:09:279 info: 
**********************REQUEST_STARTED*********************
OPTIONS /api/splash/62822227a99bb6b5265eade5 200 2.335 ms - 0
2022-05-16 17:27:10:2710 info: 
**********************REQUEST_STARTED*********************
GET /api/splash/62822227a99bb6b5265eade5 304 142.655 ms - -
2022-05-16 17:27:50:2750 info: 
**********************REQUEST_STARTED*********************
OPTIONS /api/splash/all?page=1&limit=6 200 2.317 ms - 0
2022-05-16 17:27:50:2750 info: 
**********************REQUEST_STARTED*********************
GET /api/splash/all?page=1&limit=6 304 178.437 ms - -
2022-05-16 17:27:56:2756 info: 
**********************REQUEST_STARTED*********************
OPTIONS /api/splash/62822227a99bb6b5265eade5 200 0.200 ms - 0
2022-05-16 17:27:56:2756 info: 
**********************REQUEST_STARTED*********************
GET /api/splash/62822227a99bb6b5265eade5 304 95.046 ms - -
2022-05-16 17:28:08:288 info: 
**********************REQUEST_STARTED*********************
OPTIONS /api/splash/62822227a99bb6b5265eade5 200 0.388 ms - 0
2022-05-16 17:28:08:288 info: 
**********************REQUEST_STARTED*********************
GET /api/splash/62822227a99bb6b5265eade5 304 187.710 ms - -
2022-05-16 17:28:31:2831 info: 
**********************REQUEST_STARTED*********************
OPTIONS /api/splash/62822227a99bb6b5265eade5 200 1.897 ms - 0
2022-05-16 17:28:32:2832 info: 
**********************REQUEST_STARTED*********************
GET /api/splash/62822227a99bb6b5265eade5 304 124.570 ms - -
2022-05-16 17:28:49:2849 info: 
**********************REQUEST_STARTED*********************
OPTIONS /api/splash/62822227a99bb6b5265eade5 200 11.054 ms - 0
2022-05-16 17:28:49:2849 info: 
**********************REQUEST_STARTED*********************
GET /api/splash/62822227a99bb6b5265eade5 304 303.987 ms - -
2022-05-16 17:31:00:310 info: 
**********************REQUEST_STARTED*********************
OPTIONS /api/splash/62822227a99bb6b5265eade5 200 0.814 ms - 0
2022-05-16 17:31:00:310 info: 
**********************REQUEST_STARTED*********************
GET /api/splash/62822227a99bb6b5265eade5 304 109.440 ms - -
2022-05-16 17:35:11:3511 info: 
**********************REQUEST_STARTED*********************
OPTIONS /api/splash/62822227a99bb6b5265eade5 200 8.339 ms - 0
2022-05-16 17:35:12:3512 info: 
**********************REQUEST_STARTED*********************
PUT /api/splash/62822227a99bb6b5265eade5 200 397.892 ms - 341
2022-05-16 17:35:13:3513 info: 
**********************REQUEST_STARTED*********************
OPTIONS /api/splash/all?page=1&limit=6 200 0.185 ms - 0
2022-05-16 17:35:13:3513 info: 
**********************REQUEST_STARTED*********************
GET /api/splash/all?page=1&limit=6 200 110.363 ms - 983
2022-05-16 17:36:30:3630 info: 
**********************REQUEST_STARTED*********************
OPTIONS /api/splash/all?page=1&limit=6 200 7.095 ms - 0
2022-05-16 17:36:30:3630 info: 
**********************REQUEST_STARTED*********************
GET /api/splash/all?page=1&limit=6 304 191.029 ms - -
2022-05-16 17:36:32:3632 info: 
**********************REQUEST_STARTED*********************
OPTIONS /api/splash/all?page=1&limit=6 200 0.969 ms - 0
2022-05-16 17:36:33:3633 info: 
**********************REQUEST_STARTED*********************
GET /api/splash/all?page=1&limit=6 200 273.526 ms - 983
2022-05-16 17:36:39:3639 info: 
**********************REQUEST_STARTED*********************
OPTIONS /api/splash/all?page=1&limit=6 200 0.212 ms - 0
2022-05-16 17:36:39:3639 info: 
**********************REQUEST_STARTED*********************
OPTIONS /api/splash/all?page=1&limit=6 200 0.187 ms - 0
2022-05-16 17:36:39:3639 info: 
**********************REQUEST_STARTED*********************
GET /api/splash/all?page=1&limit=6 304 87.202 ms - -
2022-05-16 17:36:39:3639 info: 
**********************REQUEST_STARTED*********************
GET /api/splash/all?page=1&limit=6 304 88.802 ms - -
2022-05-16 17:36:59:3659 info: 
**********************REQUEST_STARTED*********************
OPTIONS /api/splash/all?page=1&limit=6 200 11.306 ms - 0
2022-05-16 17:37:00:370 info: 
**********************REQUEST_STARTED*********************
GET /api/splash/all?page=1&limit=6 304 205.552 ms - -
2022-05-16 17:37:01:371 info: 
**********************REQUEST_STARTED*********************
OPTIONS /api/splash/all?page=1&limit=6 200 0.286 ms - 0
2022-05-16 17:37:01:371 info: 
**********************REQUEST_STARTED*********************
GET /api/splash/all?page=1&limit=6 304 125.213 ms - -
2022-05-16 17:37:06:376 info: 
**********************REQUEST_STARTED*********************
OPTIONS /api/splash/62822227a99bb6b5265eade5 200 0.265 ms - 0
2022-05-16 17:37:06:376 info: 
**********************REQUEST_STARTED*********************
GET /api/splash/62822227a99bb6b5265eade5 200 109.374 ms - 347
2022-05-16 17:37:10:3710 info: 
**********************REQUEST_STARTED*********************
OPTIONS /api/splash/62822227a99bb6b5265eade5 200 0.280 ms - 0
2022-05-16 17:37:10:3710 info: 
**********************REQUEST_STARTED*********************
PUT /api/splash/62822227a99bb6b5265eade5 200 117.254 ms - 340
2022-05-16 17:37:12:3712 info: 
**********************REQUEST_STARTED*********************
OPTIONS /api/splash/all?page=1&limit=6 200 0.233 ms - 0
2022-05-16 17:37:12:3712 info: 
**********************REQUEST_STARTED*********************
GET /api/splash/all?page=1&limit=6 200 84.525 ms - 984
2022-05-16 17:37:19:3719 info: 
**********************REQUEST_STARTED*********************
OPTIONS /api/splash/62822227a99bb6b5265eade5 200 0.319 ms - 0
2022-05-16 17:37:19:3719 info: 
**********************REQUEST_STARTED*********************
GET /api/splash/62822227a99bb6b5265eade5 200 86.305 ms - 348
2022-05-16 17:37:22:3722 info: 
**********************REQUEST_STARTED*********************
OPTIONS /api/splash/62822227a99bb6b5265eade5 200 0.396 ms - 0
2022-05-16 17:37:22:3722 info: 
**********************REQUEST_STARTED*********************
PUT /api/splash/62822227a99bb6b5265eade5 200 133.449 ms - 341
2022-05-16 17:37:24:3724 info: 
**********************REQUEST_STARTED*********************
OPTIONS /api/splash/all?page=1&limit=6 200 0.264 ms - 0
2022-05-16 17:37:24:3724 info: 
**********************REQUEST_STARTED*********************
GET /api/splash/all?page=1&limit=6 200 123.325 ms - 984
2022-05-16 17:37:52:3752 info: 
**********************REQUEST_STARTED*********************
OPTIONS /api/splash/all?page=1&limit=6 200 0.316 ms - 0
2022-05-16 17:37:52:3752 info: 
**********************REQUEST_STARTED*********************
GET /api/splash/all?page=1&limit=6 304 83.825 ms - -
2022-05-16 17:38:03:383 info: 
**********************REQUEST_STARTED*********************
OPTIONS /api/splash/all?page=1&limit=6 200 0.221 ms - 0
2022-05-16 17:38:03:383 info: 
**********************REQUEST_STARTED*********************
GET /api/splash/all?page=1&limit=6 200 112.032 ms - 984
2022-05-16 17:38:04:384 info: 
**********************REQUEST_STARTED*********************
OPTIONS /api/splash/all?page=1&limit=6 200 0.242 ms - 0
2022-05-16 17:38:04:384 info: 
**********************REQUEST_STARTED*********************
GET /api/splash/all?page=1&limit=6 304 206.082 ms - -
2022-05-16 17:38:42:3842 info: 
**********************REQUEST_STARTED*********************
OPTIONS /api/splash/all?page=1&limit=6 200 0.250 ms - 0
2022-05-16 17:38:42:3842 info: 
**********************REQUEST_STARTED*********************
GET /api/splash/all?page=1&limit=6 304 129.013 ms - -
2022-05-16 17:38:50:3850 info: 
**********************REQUEST_STARTED*********************
OPTIONS /api/splash/628217b07e84dc21b1db83c5 200 0.304 ms - 0
2022-05-16 17:38:50:3850 info: 
**********************REQUEST_STARTED*********************
GET /api/splash/628217b07e84dc21b1db83c5 200 91.993 ms - 354
2022-05-16 17:38:52:3852 info: 
**********************REQUEST_STARTED*********************
OPTIONS /api/splash/all?page=1&limit=6 200 0.202 ms - 0
2022-05-16 17:38:52:3852 info: 
**********************REQUEST_STARTED*********************
GET /api/splash/all?page=1&limit=6 304 90.203 ms - -
2022-05-16 17:41:27:4127 info: 
**********************REQUEST_STARTED*********************
OPTIONS /api/splash 200 2.840 ms - 0
2022-05-16 17:42:15:4215 info: 
**********************REQUEST_STARTED*********************
OPTIONS /api/splash/all?page=1&limit=6 200 1.472 ms - 0
2022-05-16 17:42:15:4215 info: 
**********************REQUEST_STARTED*********************
GET /api/splash/all?page=1&limit=6 304 114.932 ms - -
2022-05-16 17:43:39:4339 info: 
**********************REQUEST_STARTED*********************
OPTIONS /api/splash/all?page=1&limit=6 200 7.889 ms - 0
2022-05-16 17:43:39:4339 info: 
**********************REQUEST_STARTED*********************
GET /api/splash/all?page=1&limit=6 304 206.038 ms - -
2022-05-16 17:43:39:4339 info: 
**********************REQUEST_STARTED*********************
OPTIONS /api/splash/all?page=1&limit=6 200 0.183 ms - 0
2022-05-16 17:43:39:4339 info: 
**********************REQUEST_STARTED*********************
GET /api/splash/all?page=1&limit=6 304 82.183 ms - -
2022-05-16 17:55:44:5544 info: 
**********************REQUEST_STARTED*********************
POST /api/splash - - ms - -
2022-05-16 18:02:37:237 info: 
**********************REQUEST_STARTED*********************
GET /api/splash 400 33.525 ms - 48
2022-05-16 18:05:34:534 info: 
**********************REQUEST_STARTED*********************
GET /api/splash 200 68.225 ms - 364
2022-05-16 18:12:50:1250 info: 
**********************REQUEST_STARTED*********************
GET /api/splash 401 5.481 ms - 32
2022-05-16 18:13:34:1334 info: 
**********************REQUEST_STARTED*********************
GET /api/splash 200 68.418 ms - 364
2022-05-16 18:13:40:1340 info: 
**********************REQUEST_STARTED*********************
GET /api/splash 401 1.134 ms - 32
2022-05-16 18:13:44:1344 info: 
**********************REQUEST_STARTED*********************
GET /api/splash 200 46.161 ms - 364
2022-05-16 18:14:38:1438 info: 
**********************REQUEST_STARTED*********************
GET /api/splash 200 73.961 ms - 364
2022-05-16 18:14:49:1449 info: 
**********************REQUEST_STARTED*********************
GET /api/splash/all 200 37.166 ms - 364
2022-05-16 18:14:51:1451 info: 
**********************REQUEST_STARTED*********************
GET /api/splash/all 200 42.354 ms - 364
2022-05-16 18:29:12:2912 info: 
**********************REQUEST_STARTED*********************
GET /api/splash/all 200 133.543 ms - 364
2022-05-16 18:29:48:2948 info: 
**********************REQUEST_STARTED*********************
GET /api/splash/all 200 67.165 ms - 984
2022-05-16 23:51:56:5156 info: 
**********************REQUEST_STARTED*********************
OPTIONS /api/splash/62822227a99bb6b5265eade5 200 15.375 ms - 0
2022-05-16 23:51:57:5157 info: 
**********************REQUEST_STARTED*********************
GET /api/splash/62822227a99bb6b5265eade5 200 496.973 ms - 348
2022-05-16 23:54:08:548 info: 
**********************REQUEST_STARTED*********************
OPTIONS /api/splash/62822227a99bb6b5265eade5 200 4.411 ms - 0
2022-05-16 23:54:08:548 info: 
**********************REQUEST_STARTED*********************
GET /api/splash/62822227a99bb6b5265eade5 200 81.422 ms - 348
2022-05-16 23:55:52:5552 info: 
**********************REQUEST_STARTED*********************
OPTIONS /api/splash/62822227a99bb6b5265eade5 200 0.390 ms - 0
2022-05-16 23:55:52:5552 info: 
**********************REQUEST_STARTED*********************
GET /api/splash/62822227a99bb6b5265eade5 304 60.080 ms - -
2022-05-16 23:56:09:569 info: 
**********************REQUEST_STARTED*********************
OPTIONS /api/splash/62822227a99bb6b5265eade5 200 0.146 ms - 0
2022-05-16 23:56:09:569 info: 
**********************REQUEST_STARTED*********************
GET /api/splash/62822227a99bb6b5265eade5 304 57.602 ms - -
2022-05-16 23:56:16:5616 info: 
**********************REQUEST_STARTED*********************
OPTIONS /api/splash/62822227a99bb6b5265eade5 200 0.270 ms - 0
2022-05-16 23:56:16:5616 info: 
**********************REQUEST_STARTED*********************
GET /api/splash/62822227a99bb6b5265eade5 304 65.025 ms - -
2022-05-16 23:56:37:5637 info: 
**********************REQUEST_STARTED*********************
OPTIONS /api/splash/62822227a99bb6b5265eade5 200 0.241 ms - 0
2022-05-16 23:56:37:5637 info: 
**********************REQUEST_STARTED*********************
GET /api/splash/62822227a99bb6b5265eade5 304 60.995 ms - -
2022-05-16 23:56:56:5656 info: 
**********************REQUEST_STARTED*********************
OPTIONS /api/splash/62822227a99bb6b5265eade5 200 0.191 ms - 0
2022-05-16 23:56:56:5656 info: 
**********************REQUEST_STARTED*********************
GET /api/splash/62822227a99bb6b5265eade5 304 61.305 ms - -
2022-05-16 23:57:51:5751 info: 
**********************REQUEST_STARTED*********************
OPTIONS /api/splash/62822227a99bb6b5265eade5 200 0.502 ms - 0
2022-05-16 23:57:51:5751 info: 
**********************REQUEST_STARTED*********************
GET /api/splash/62822227a99bb6b5265eade5 304 62.207 ms - -
2022-05-16 23:58:31:5831 info: 
**********************REQUEST_STARTED*********************
OPTIONS /api/splash/62822227a99bb6b5265eade5 200 0.187 ms - 0
2022-05-16 23:58:31:5831 info: 
**********************REQUEST_STARTED*********************
GET /api/splash/62822227a99bb6b5265eade5 304 60.599 ms - -
2022-05-16 23:58:40:5840 info: 
**********************REQUEST_STARTED*********************
OPTIONS /api/splash/62822227a99bb6b5265eade5 200 0.302 ms - 0
2022-05-16 23:58:40:5840 info: 
**********************REQUEST_STARTED*********************
GET /api/splash/62822227a99bb6b5265eade5 304 214.026 ms - -
2022-05-16 23:58:56:5856 info: 
**********************REQUEST_STARTED*********************
OPTIONS /api/splash/62822227a99bb6b5265eade5 200 0.146 ms - 0
2022-05-16 23:58:56:5856 info: 
**********************REQUEST_STARTED*********************
GET /api/splash/62822227a99bb6b5265eade5 304 62.039 ms - -
2022-05-16 23:59:01:591 info: 
**********************REQUEST_STARTED*********************
OPTIONS /api/splash/all?page=1&limit=6 200 0.553 ms - 0
2022-05-16 23:59:01:591 info: 
**********************REQUEST_STARTED*********************
GET /api/splash/all?page=1&limit=6 401 1.264 ms - 32
2022-05-16 23:59:18:5918 info: 
**********************REQUEST_STARTED*********************
OPTIONS /api/splash/all?page=1&limit=6 200 0.173 ms - 0
2022-05-16 23:59:18:5918 info: 
**********************REQUEST_STARTED*********************
GET /api/splash/all?page=1&limit=6 401 0.756 ms - 32
