2022-04-09 11:10:11:1011 info: 
**********************REQUEST_STARTED*********************
GET /api/subscription 200 837.235 ms - 1008
2022-04-09 11:14:14:1414 info: 
**********************REQUEST_STARTED*********************
POST /api/subscription/customer 200 628.788 ms - 577
2022-04-09 11:18:28:1828 info: 
**********************REQUEST_STARTED*********************
POST /api/subscription/card 201 2837.665 ms - 1429
2022-04-09 12:39:13:3913 info: 
**********************REQUEST_STARTED*********************
GET /api/subscription/customer 400 5.660 ms - 48
2022-04-09 12:39:33:3933 info: 
**********************REQUEST_STARTED*********************
GET /api/subscription/customer - - ms - -
2022-04-09 12:40:52:4052 info: 
**********************REQUEST_STARTED*********************
GET /api/subscription/customer/cards 400 60.664 ms - 34
2022-04-09 12:41:21:4121 info: 
**********************REQUEST_STARTED*********************
GET /api/subscription/customer/cards? 400 58.895 ms - 34
2022-04-09 12:41:28:4128 info: 
**********************REQUEST_STARTED*********************
GET /api/subscription/customer/cards? 200 591.945 ms - 811
2022-04-09 12:48:33:4833 info: 
**********************REQUEST_STARTED*********************
GET /api/subscription/customer/cards? 200 496.545 ms - 141
2022-04-09 12:48:36:4836 info: 
**********************REQUEST_STARTED*********************
GET /api/subscription/customer/cards 200 268.610 ms - 141
2022-04-09 12:48:44:4844 info: 
**********************REQUEST_STARTED*********************
POST /api/subscription/card 201 1812.760 ms - 1429
2022-04-09 12:48:46:4846 info: 
**********************REQUEST_STARTED*********************
GET /api/subscription/customer/cards 200 247.388 ms - 811
2022-04-09 12:55:46:5546 info: 
**********************REQUEST_STARTED*********************
GET /api/subscription/customer/cards 200 608.738 ms - 811
2022-04-09 12:56:08:568 info: 
**********************REQUEST_STARTED*********************
POST /api/subscription/card 400 2169.048 ms - 2027
2022-04-09 12:58:56:5856 info: 
**********************REQUEST_STARTED*********************
POST /api/subscription/card 201 2044.608 ms - 1429
2022-04-09 13:05:52:552 info: 
**********************REQUEST_STARTED*********************
POST /api/subscription/card 400 3057.532 ms - 2073
2022-04-09 13:09:36:936 info: 
**********************REQUEST_STARTED*********************
GET /api/subscription 200 872.095 ms - 1008
2022-04-09 13:09:49:949 info: 
**********************REQUEST_STARTED*********************
POST /api/subscription/customer 200 409.393 ms - 577
2022-04-09 13:10:15:1015 info: 
**********************REQUEST_STARTED*********************
POST /api/subscription/card 201 2111.321 ms - 2002
2022-04-09 13:11:25:1125 info: 
**********************REQUEST_STARTED*********************
POST /api/subscription/purchase 200 1716.676 ms - 2800
2022-04-09 13:21:34:2134 info: 
**********************REQUEST_STARTED*********************
POST /api/subscription/customer 200 646.971 ms - 577
2022-04-09 13:21:51:2151 info: 
**********************REQUEST_STARTED*********************
POST /api/subscription/card 201 2206.162 ms - 2002
2022-04-09 13:22:18:2218 info: 
**********************REQUEST_STARTED*********************
POST /api/subscription/purchase 400 1900.856 ms - 1862
2022-04-09 13:23:56:2356 info: 
**********************REQUEST_STARTED*********************
POST /api/subscription/purchase 400 2300.469 ms - 2073
2022-04-09 13:24:17:2417 info: 
**********************REQUEST_STARTED*********************
POST /api/subscription/purchase 400 2241.104 ms - 2073
2022-04-09 13:25:31:2531 info: 
**********************REQUEST_STARTED*********************
POST /api/subscription/purchase 400 2308.641 ms - 2073
2022-04-09 13:25:57:2557 info: 
**********************REQUEST_STARTED*********************
POST /api/subscription/purchase 400 2627.675 ms - 2073
2022-04-09 17:58:44:5844 info: 
**********************REQUEST_STARTED*********************
GET / 304 6.146 ms - -
2022-04-09 17:58:44:5844 info: 
**********************REQUEST_STARTED*********************
GET /favicon.ico 404 1.753 ms - 150
2022-04-09 17:59:32:5932 info: 
**********************REQUEST_STARTED*********************
GET / 304 1.045 ms - -
2022-04-09 18:03:04:34 info: 
**********************REQUEST_STARTED*********************
OPTIONS /api/admin/login 204 2.354 ms - 0
2022-04-09 18:03:04:34 info: 
**********************REQUEST_STARTED*********************
POST /api/admin/login 200 215.871 ms - 218
2022-04-09 18:05:03:53 info: 
**********************REQUEST_STARTED*********************
OPTIONS /api/admin/login 204 2.224 ms - 0
2022-04-09 18:05:04:54 info: 
**********************REQUEST_STARTED*********************
POST /api/admin/login 200 222.779 ms - 218
2022-04-09 18:07:23:723 info: 
**********************REQUEST_STARTED*********************
OPTIONS /api/admin/login 204 0.612 ms - 0
2022-04-09 18:07:23:723 info: 
**********************REQUEST_STARTED*********************
POST /api/admin/login 200 175.867 ms - 218
2022-04-09 18:08:02:82 info: 
**********************REQUEST_STARTED*********************
OPTIONS /api/admin/login 204 0.381 ms - 0
2022-04-09 18:08:02:82 info: 
**********************REQUEST_STARTED*********************
POST /api/admin/login 200 175.393 ms - 218
2022-04-09 18:09:09:99 info: 
**********************REQUEST_STARTED*********************
OPTIONS /api/admin/login 204 0.479 ms - 0
2022-04-09 18:09:09:99 info: 
**********************REQUEST_STARTED*********************
POST /api/admin/login 200 178.651 ms - 218
2022-04-09 18:14:17:1417 info: 
**********************REQUEST_STARTED*********************
OPTIONS /api/admin/login 204 0.739 ms - 0
2022-04-09 18:14:17:1417 info: 
**********************REQUEST_STARTED*********************
POST /api/admin/login 200 185.157 ms - 218
2022-04-09 18:15:04:154 info: 
**********************REQUEST_STARTED*********************
OPTIONS /api/admin/login 204 0.161 ms - 0
2022-04-09 18:15:05:155 info: 
**********************REQUEST_STARTED*********************
POST /api/admin/login 200 174.793 ms - 218
2022-04-09 18:17:16:1716 info: 
**********************REQUEST_STARTED*********************
OPTIONS /api/admin/login 204 0.469 ms - 0
2022-04-09 18:17:16:1716 info: 
**********************REQUEST_STARTED*********************
POST /api/admin/login 400 167.897 ms - 42
2022-04-09 18:17:20:1720 info: 
**********************REQUEST_STARTED*********************
OPTIONS /api/admin/login 204 0.188 ms - 0
2022-04-09 18:17:20:1720 info: 
**********************REQUEST_STARTED*********************
POST /api/admin/login 200 172.650 ms - 218
2022-04-09 18:18:24:1824 info: 
**********************REQUEST_STARTED*********************
OPTIONS /api/admin/login 204 0.376 ms - 0
2022-04-09 18:18:24:1824 info: 
**********************REQUEST_STARTED*********************
POST /api/admin/login 400 174.105 ms - 42
2022-04-09 18:18:27:1827 info: 
**********************REQUEST_STARTED*********************
OPTIONS /api/admin/login 204 0.171 ms - 0
2022-04-09 18:18:27:1827 info: 
**********************REQUEST_STARTED*********************
POST /api/admin/login 200 171.620 ms - 218
2022-04-09 18:19:25:1925 info: 
**********************REQUEST_STARTED*********************
OPTIONS /api/admin/login 204 0.247 ms - 0
2022-04-09 18:19:25:1925 info: 
**********************REQUEST_STARTED*********************
POST /api/admin/login 200 167.711 ms - 218
2022-04-09 18:21:18:2118 info: 
**********************REQUEST_STARTED*********************
OPTIONS /api/admin/login 204 0.364 ms - 0
2022-04-09 18:21:19:2119 info: 
**********************REQUEST_STARTED*********************
POST /api/admin/login 200 175.237 ms - 218
2022-04-09 18:21:27:2127 info: 
**********************REQUEST_STARTED*********************
OPTIONS /api/admin/login 204 0.231 ms - 0
2022-04-09 18:21:27:2127 info: 
**********************REQUEST_STARTED*********************
POST /api/admin/login 200 171.910 ms - 218
2022-04-09 18:23:40:2340 info: 
**********************REQUEST_STARTED*********************
OPTIONS /api/admin/login 204 0.794 ms - 0
2022-04-09 18:23:40:2340 info: 
**********************REQUEST_STARTED*********************
POST /api/admin/login 200 175.883 ms - 218
2022-04-09 18:24:25:2425 info: 
**********************REQUEST_STARTED*********************
OPTIONS /api/admin/login 204 0.528 ms - 0
2022-04-09 18:24:25:2425 info: 
**********************REQUEST_STARTED*********************
POST /api/admin/login 200 171.188 ms - 218
2022-04-09 18:26:27:2627 info: 
**********************REQUEST_STARTED*********************
OPTIONS /api/admin/login 204 0.306 ms - 0
2022-04-09 18:26:28:2628 info: 
**********************REQUEST_STARTED*********************
POST /api/admin/login 200 184.783 ms - 218
