2022-04-16 09:59:58:5958 info: 
**********************REQUEST_STARTED*********************
OPTIONS /api/admin/service 204 3.449 ms - 0
2022-04-16 10:00:00:00 info: 
**********************REQUEST_STARTED*********************
GET /api/admin/service 304 2614.618 ms - -
2022-04-16 10:00:53:053 info: 
**********************REQUEST_STARTED*********************
OPTIONS /api/admin/service 204 3.250 ms - 0
2022-04-16 10:00:54:054 info: 
**********************REQUEST_STARTED*********************
GET /api/admin/service 304 307.602 ms - -
2022-04-16 10:06:43:643 info: 
**********************REQUEST_STARTED*********************
OPTIONS /api/admin/service 204 2.675 ms - 0
2022-04-16 10:06:43:643 info: 
**********************REQUEST_STARTED*********************
GET /api/admin/service 200 217.979 ms - 390
2022-04-16 15:41:27:4127 info: 
**********************REQUEST_STARTED*********************
OPTIONS /api/admin/service 204 2.854 ms - 0
2022-04-16 15:41:36:4136 info: 
**********************REQUEST_STARTED*********************
GET /api/admin/service 304 8897.190 ms - -
2022-04-16 15:41:50:4150 info: 
**********************REQUEST_STARTED*********************
OPTIONS /api/admin/service 204 0.332 ms - 0
2022-04-16 15:41:50:4150 info: 
**********************REQUEST_STARTED*********************
GET /api/admin/service 304 313.663 ms - -
2022-04-16 15:42:34:4234 info: 
**********************REQUEST_STARTED*********************
OPTIONS /api/admin/service 204 0.320 ms - 0
2022-04-16 15:42:35:4235 info: 
**********************REQUEST_STARTED*********************
GET /api/admin/service 304 323.928 ms - -
2022-04-16 15:43:36:4336 info: 
**********************REQUEST_STARTED*********************
OPTIONS /api/admin/service 204 2.973 ms - 0
2022-04-16 15:43:37:4337 info: 
**********************REQUEST_STARTED*********************
GET /api/admin/service 200 356.388 ms - 1070
2022-04-16 15:44:18:4418 info: 
**********************REQUEST_STARTED*********************
OPTIONS /api/admin/service 204 0.802 ms - 0
2022-04-16 15:44:19:4419 info: 
**********************REQUEST_STARTED*********************
GET /api/admin/service 304 352.134 ms - -
2022-04-16 15:45:02:452 info: 
**********************REQUEST_STARTED*********************
OPTIONS /api/admin/service 204 0.212 ms - 0
2022-04-16 15:45:02:452 info: 
**********************REQUEST_STARTED*********************
GET /api/admin/service 304 340.072 ms - -
2022-04-16 15:45:21:4521 info: 
**********************REQUEST_STARTED*********************
OPTIONS /api/admin/service 204 0.288 ms - 0
2022-04-16 15:45:21:4521 info: 
**********************REQUEST_STARTED*********************
GET /api/admin/service 304 316.962 ms - -
2022-04-16 15:45:39:4539 info: 
**********************REQUEST_STARTED*********************
OPTIONS /api/admin/service 204 0.246 ms - 0
2022-04-16 15:45:40:4540 info: 
**********************REQUEST_STARTED*********************
GET /api/admin/service 304 337.988 ms - -
2022-04-16 15:45:53:4553 info: 
**********************REQUEST_STARTED*********************
OPTIONS /api/admin/service 204 0.203 ms - 0
2022-04-16 15:45:53:4553 info: 
**********************REQUEST_STARTED*********************
GET /api/admin/service 304 335.264 ms - -
2022-04-16 15:46:45:4645 info: 
**********************REQUEST_STARTED*********************
OPTIONS /api/admin/service 204 0.366 ms - 0
2022-04-16 15:46:45:4645 info: 
**********************REQUEST_STARTED*********************
GET /api/admin/service 304 313.011 ms - -
2022-04-16 15:51:10:5110 info: 
**********************REQUEST_STARTED*********************
OPTIONS /api/admin/service 204 0.257 ms - 0
2022-04-16 15:53:20:5320 info: 
**********************REQUEST_STARTED*********************
OPTIONS /api/admin/service 204 0.338 ms - 0
2022-04-16 15:53:42:5342 info: 
**********************REQUEST_STARTED*********************
GET /api/admin/service 200 2266.479 ms - 1070
2022-04-16 16:02:47:247 info: 
**********************REQUEST_STARTED*********************
OPTIONS /api/admin/service 204 0.203 ms - 0
2022-04-16 16:03:08:38 info: 
**********************REQUEST_STARTED*********************
GET /api/admin/service 200 385.595 ms - 1070
2022-04-16 16:08:26:826 info: 
**********************REQUEST_STARTED*********************
OPTIONS /api/admin/service 204 0.286 ms - 0
2022-04-16 16:08:47:847 info: 
**********************REQUEST_STARTED*********************
GET /api/admin/service 200 473.314 ms - 1070
2022-04-16 16:08:57:857 info: 
**********************REQUEST_STARTED*********************
OPTIONS /api/admin/service 204 11.155 ms - 0
2022-04-16 16:09:18:918 info: 
**********************REQUEST_STARTED*********************
GET /api/admin/service 200 371.460 ms - 1070
2022-04-16 16:10:18:1018 info: 
**********************REQUEST_STARTED*********************
OPTIONS /api/admin/service 204 0.296 ms - 0
2022-04-16 16:10:38:1038 info: 
**********************REQUEST_STARTED*********************
GET /api/admin/service 200 363.490 ms - 1070
2022-04-16 16:12:34:1234 info: 
**********************REQUEST_STARTED*********************
OPTIONS /api/admin/service 204 0.295 ms - 0
2022-04-16 16:12:38:1238 info: 
**********************REQUEST_STARTED*********************
OPTIONS /api/admin/service/category?limit=5&page=1 204 1.148 ms - 0
2022-04-16 16:12:38:1238 info: 
**********************REQUEST_STARTED*********************
OPTIONS /api/partner/?limit=5&page=1 204 0.333 ms - 0
2022-04-16 16:12:39:1239 info: 
**********************REQUEST_STARTED*********************
GET /api/partner/?limit=5&page=1 200 237.783 ms - 3478
2022-04-16 16:12:39:1239 info: 
**********************REQUEST_STARTED*********************
GET /api/admin/service/category?limit=5&page=1 304 357.792 ms - -
2022-04-16 16:12:41:1241 info: 
**********************REQUEST_STARTED*********************
OPTIONS /api/admin/service 204 0.346 ms - 0
2022-04-16 16:12:52:1252 info: 
**********************REQUEST_STARTED*********************
GET /api/admin/service - - ms - -
2022-04-16 16:12:55:1255 info: 
**********************REQUEST_STARTED*********************
OPTIONS /api/admin/service 204 0.263 ms - 0
2022-04-16 16:12:55:1255 info: 
**********************REQUEST_STARTED*********************
GET /api/admin/service 200 295.603 ms - 1070
2022-04-16 16:13:22:1322 info: 
**********************REQUEST_STARTED*********************
OPTIONS /api/admin/service 204 0.429 ms - 0
2022-04-16 16:13:23:1323 info: 
**********************REQUEST_STARTED*********************
GET /api/admin/service 304 294.285 ms - -
2022-04-16 16:13:26:1326 info: 
**********************REQUEST_STARTED*********************
OPTIONS /api/admin/service/category?limit=5&page=1 204 0.192 ms - 0
2022-04-16 16:13:26:1326 info: 
**********************REQUEST_STARTED*********************
OPTIONS /api/partner/?limit=5&page=1 204 0.324 ms - 0
2022-04-16 16:13:26:1326 info: 
**********************REQUEST_STARTED*********************
GET /api/partner/?limit=5&page=1 304 202.722 ms - -
2022-04-16 16:13:26:1326 info: 
**********************REQUEST_STARTED*********************
GET /api/admin/service/category?limit=5&page=1 304 306.065 ms - -
2022-04-16 16:13:28:1328 info: 
**********************REQUEST_STARTED*********************
OPTIONS /api/admin/service 204 0.301 ms - 0
2022-04-16 16:13:29:1329 info: 
**********************REQUEST_STARTED*********************
GET /api/admin/service 304 282.303 ms - -
2022-04-16 16:19:24:1924 info: 
**********************REQUEST_STARTED*********************
OPTIONS /api/admin/service 204 0.482 ms - 0
2022-04-16 16:19:24:1924 info: 
**********************REQUEST_STARTED*********************
GET /api/admin/service 304 303.916 ms - -
2022-04-16 16:24:26:2426 info: 
**********************REQUEST_STARTED*********************
OPTIONS /api/admin/service 204 1.455 ms - 0
2022-04-16 16:24:26:2426 info: 
**********************REQUEST_STARTED*********************
GET /api/admin/service 304 366.200 ms - -
2022-04-16 16:25:03:253 info: 
**********************REQUEST_STARTED*********************
OPTIONS /api/admin/service 204 0.238 ms - 0
2022-04-16 16:25:04:254 info: 
**********************REQUEST_STARTED*********************
GET /api/admin/service 304 484.196 ms - -
2022-04-16 16:25:23:2523 info: 
**********************REQUEST_STARTED*********************
OPTIONS /api/admin/service/category?limit=5&page=1 204 0.381 ms - 0
2022-04-16 16:25:23:2523 info: 
**********************REQUEST_STARTED*********************
OPTIONS /api/partner/?limit=5&page=1 204 0.788 ms - 0
2022-04-16 16:25:23:2523 info: 
**********************REQUEST_STARTED*********************
GET /api/partner/?limit=5&page=1 304 178.501 ms - -
2022-04-16 16:25:23:2523 info: 
**********************REQUEST_STARTED*********************
GET /api/admin/service/category?limit=5&page=1 304 293.566 ms - -
2022-04-16 16:25:52:2552 info: 
**********************REQUEST_STARTED*********************
OPTIONS /api/admin/service/category?limit=5&page=1 204 0.203 ms - 0
2022-04-16 16:25:52:2552 info: 
**********************REQUEST_STARTED*********************
OPTIONS /api/partner/?limit=5&page=1 204 0.173 ms - 0
2022-04-16 16:25:53:2553 info: 
**********************REQUEST_STARTED*********************
GET /api/partner/?limit=5&page=1 304 272.252 ms - -
2022-04-16 16:25:53:2553 info: 
**********************REQUEST_STARTED*********************
GET /api/admin/service/category?limit=5&page=1 304 367.190 ms - -
2022-04-16 16:29:01:291 info: 
**********************REQUEST_STARTED*********************
OPTIONS /api/admin/service/category?limit=5&page=1 204 0.183 ms - 0
2022-04-16 16:29:01:291 info: 
**********************REQUEST_STARTED*********************
OPTIONS /api/partner/?limit=5&page=1 204 0.297 ms - 0
2022-04-16 16:29:01:291 info: 
**********************REQUEST_STARTED*********************
GET /api/partner/?limit=5&page=1 304 224.598 ms - -
2022-04-16 16:29:01:291 info: 
**********************REQUEST_STARTED*********************
GET /api/admin/service/category?limit=5&page=1 304 326.929 ms - -
2022-04-16 16:29:44:2944 info: 
**********************REQUEST_STARTED*********************
OPTIONS /api/admin/service 204 0.252 ms - 0
2022-04-16 16:29:45:2945 info: 
**********************REQUEST_STARTED*********************
POST /api/admin/service 400 304.582 ms - 39
2022-04-16 16:30:03:303 info: 
**********************REQUEST_STARTED*********************
OPTIONS /api/admin/service 204 0.187 ms - 0
2022-04-16 16:30:03:303 info: 
**********************REQUEST_STARTED*********************
POST /api/admin/service 400 102.208 ms - 39
2022-04-16 16:30:11:3011 info: 
**********************REQUEST_STARTED*********************
OPTIONS /api/admin/service 204 20.866 ms - 0
2022-04-16 16:30:11:3011 info: 
**********************REQUEST_STARTED*********************
POST /api/admin/service 200 351.113 ms - 411
2022-04-16 16:30:12:3012 info: 
**********************REQUEST_STARTED*********************
GET /api/admin/service 200 314.931 ms - 2090
2022-04-16 16:31:23:3123 info: 
**********************REQUEST_STARTED*********************
OPTIONS /api/admin/service 204 0.206 ms - 0
2022-04-16 16:31:23:3123 info: 
**********************REQUEST_STARTED*********************
GET /api/admin/service 304 326.332 ms - -
2022-04-16 16:36:24:3624 info: 
**********************REQUEST_STARTED*********************
OPTIONS /api/admin/service 204 0.209 ms - 0
2022-04-16 16:36:24:3624 info: 
**********************REQUEST_STARTED*********************
GET /api/admin/service 304 301.111 ms - -
2022-04-16 16:36:31:3631 info: 
**********************REQUEST_STARTED*********************
OPTIONS //service/62581f27a6be76c0f5e7cfab 204 0.263 ms - 0
2022-04-16 16:36:31:3631 info: 
**********************REQUEST_STARTED*********************
DELETE //service/62581f27a6be76c0f5e7cfab 404 14.674 ms - 175
2022-04-16 16:37:06:376 info: 
**********************REQUEST_STARTED*********************
OPTIONS /api/admin/service 204 0.185 ms - 0
2022-04-16 16:37:07:377 info: 
**********************REQUEST_STARTED*********************
GET /api/admin/service 304 306.095 ms - -
2022-04-16 16:37:09:379 info: 
**********************REQUEST_STARTED*********************
OPTIONS /service/62581f27a6be76c0f5e7cfab 204 12.526 ms - 0
2022-04-16 16:37:09:379 info: 
**********************REQUEST_STARTED*********************
DELETE /service/62581f27a6be76c0f5e7cfab 404 1.004 ms - 174
2022-04-16 16:37:39:3739 info: 
**********************REQUEST_STARTED*********************
OPTIONS /service/62581f27a6be76c0f5e7cfab 204 0.181 ms - 0
2022-04-16 16:37:39:3739 info: 
**********************REQUEST_STARTED*********************
DELETE /service/62581f27a6be76c0f5e7cfab 404 0.683 ms - 174
2022-04-16 16:40:41:4041 info: 
**********************REQUEST_STARTED*********************
OPTIONS /service/62581f27a6be76c0f5e7cfab 204 3.280 ms - 0
2022-04-16 16:40:41:4041 info: 
**********************REQUEST_STARTED*********************
DELETE /service/62581f27a6be76c0f5e7cfab 404 3.391 ms - 174
2022-04-16 16:41:19:4119 info: 
**********************REQUEST_STARTED*********************
OPTIONS /service/62581f27a6be76c0f5e7cfab 204 3.495 ms - 0
2022-04-16 16:41:19:4119 info: 
**********************REQUEST_STARTED*********************
DELETE /service/62581f27a6be76c0f5e7cfab 404 2.518 ms - 174
2022-04-16 16:42:04:424 info: 
**********************REQUEST_STARTED*********************
OPTIONS /service/62581f27a6be76c0f5e7cfab 204 0.631 ms - 0
2022-04-16 16:42:04:424 info: 
**********************REQUEST_STARTED*********************
DELETE /service/62581f27a6be76c0f5e7cfab 404 1.133 ms - 174
2022-04-16 16:42:44:4244 info: 
**********************REQUEST_STARTED*********************
OPTIONS /service/62581f27a6be76c0f5e7cfab 204 4.283 ms - 0
2022-04-16 16:42:44:4244 info: 
**********************REQUEST_STARTED*********************
DELETE /service/62581f27a6be76c0f5e7cfab 404 2.781 ms - 174
2022-04-16 16:43:25:4325 info: 
**********************REQUEST_STARTED*********************
OPTIONS /api/admin/service 204 0.461 ms - 0
2022-04-16 16:43:26:4326 info: 
**********************REQUEST_STARTED*********************
GET /api/admin/service 304 321.893 ms - -
2022-04-16 16:43:47:4347 info: 
**********************REQUEST_STARTED*********************
OPTIONS /api/admin/service 204 0.221 ms - 0
2022-04-16 16:43:48:4348 info: 
**********************REQUEST_STARTED*********************
GET /api/admin/service 304 271.920 ms - -
2022-04-16 16:43:53:4353 info: 
**********************REQUEST_STARTED*********************
OPTIONS /service/62581f27a6be76c0f5e7cfab 204 0.232 ms - 0
2022-04-16 16:43:53:4353 info: 
**********************REQUEST_STARTED*********************
DELETE /service/62581f27a6be76c0f5e7cfab 404 1.724 ms - 174
2022-04-16 16:44:11:4411 info: 
**********************REQUEST_STARTED*********************
OPTIONS /api/admin/service 204 0.266 ms - 0
2022-04-16 16:44:12:4412 info: 
**********************REQUEST_STARTED*********************
GET /api/admin/service 304 291.296 ms - -
2022-04-16 16:44:47:4447 info: 
**********************REQUEST_STARTED*********************
OPTIONS /api/admin/service 204 0.349 ms - 0
2022-04-16 16:44:47:4447 info: 
**********************REQUEST_STARTED*********************
GET /api/admin/service 304 275.222 ms - -
2022-04-16 16:44:50:4450 info: 
**********************REQUEST_STARTED*********************
OPTIONS /api/admin/service/62581f27a6be76c0f5e7cfab 204 0.201 ms - 0
2022-04-16 16:44:50:4450 info: 
**********************REQUEST_STARTED*********************
DELETE /api/admin/service/62581f27a6be76c0f5e7cfab 400 117.849 ms - 32
2022-04-16 16:46:49:4649 info: 
**********************REQUEST_STARTED*********************
OPTIONS /api/admin/service 204 3.624 ms - 0
2022-04-16 16:46:50:4650 info: 
**********************REQUEST_STARTED*********************
GET /api/admin/service 304 383.546 ms - -
2022-04-16 16:46:51:4651 info: 
**********************REQUEST_STARTED*********************
OPTIONS /api/admin/service/62581f27a6be76c0f5e7cfab 204 0.675 ms - 0
2022-04-16 16:48:01:481 info: 
**********************REQUEST_STARTED*********************
OPTIONS /api/admin/service 204 2.957 ms - 0
2022-04-16 16:48:01:481 info: 
**********************REQUEST_STARTED*********************
GET /api/admin/service 200 579.162 ms - 1059
2022-04-16 16:48:04:484 info: 
**********************REQUEST_STARTED*********************
OPTIONS /api/admin/service/category?limit=5&page=1 204 0.343 ms - 0
2022-04-16 16:48:04:484 info: 
**********************REQUEST_STARTED*********************
OPTIONS /api/partner/?limit=5&page=1 204 0.340 ms - 0
2022-04-16 16:48:04:484 info: 
**********************REQUEST_STARTED*********************
GET /api/partner/?limit=5&page=1 304 258.267 ms - -
2022-04-16 16:48:04:484 info: 
**********************REQUEST_STARTED*********************
GET /api/admin/service/category?limit=5&page=1 304 476.992 ms - -
2022-04-16 16:48:15:4815 info: 
**********************REQUEST_STARTED*********************
OPTIONS /api/admin/service 204 0.213 ms - 0
2022-04-16 16:48:15:4815 info: 
**********************REQUEST_STARTED*********************
POST /api/admin/service 400 171.444 ms - 39
2022-04-16 16:48:24:4824 info: 
**********************REQUEST_STARTED*********************
OPTIONS /api/admin/service 204 0.452 ms - 0
2022-04-16 16:48:25:4825 info: 
**********************REQUEST_STARTED*********************
POST /api/admin/service 200 284.279 ms - 382
2022-04-16 16:48:25:4825 info: 
**********************REQUEST_STARTED*********************
GET /api/admin/service 200 336.567 ms - 2050
2022-04-16 16:48:29:4829 info: 
**********************REQUEST_STARTED*********************
OPTIONS /api/admin/service/625aa6005866b0270a82f5c7 204 0.381 ms - 0
2022-04-16 16:48:29:4829 info: 
**********************REQUEST_STARTED*********************
DELETE /api/admin/service/625aa6005866b0270a82f5c7 200 239.486 ms - 350
2022-04-16 16:48:29:4829 info: 
**********************REQUEST_STARTED*********************
OPTIONS /api/admin/service 204 0.294 ms - 0
2022-04-16 16:48:30:4830 info: 
**********************REQUEST_STARTED*********************
GET /api/admin/service 200 371.688 ms - 1059
2022-04-16 16:50:51:5051 info: 
**********************REQUEST_STARTED*********************
OPTIONS /api/admin/service 204 0.220 ms - 0
2022-04-16 16:50:51:5051 info: 
**********************REQUEST_STARTED*********************
GET /api/admin/service 304 335.966 ms - -
2022-04-16 16:50:57:5057 info: 
**********************REQUEST_STARTED*********************
OPTIONS /api/admin/service 204 0.214 ms - 0
2022-04-16 16:50:58:5058 info: 
**********************REQUEST_STARTED*********************
GET /api/admin/service 304 332.958 ms - -
2022-04-16 16:51:05:515 info: 
**********************REQUEST_STARTED*********************
OPTIONS /api/admin/service 204 0.204 ms - 0
2022-04-16 16:51:05:515 info: 
**********************REQUEST_STARTED*********************
GET /api/admin/service 304 311.443 ms - -
2022-04-16 16:51:09:519 info: 
**********************REQUEST_STARTED*********************
GET /api/admin/service 304 351.690 ms - -
2022-04-16 16:52:36:5236 info: 
**********************REQUEST_STARTED*********************
OPTIONS /api/admin/service/category?limit=5&page=1 204 0.305 ms - 0
2022-04-16 16:52:36:5236 info: 
**********************REQUEST_STARTED*********************
OPTIONS /api/partner/?limit=5&page=1 204 0.404 ms - 0
2022-04-16 16:52:36:5236 info: 
**********************REQUEST_STARTED*********************
GET /api/partner/?limit=5&page=1 304 185.438 ms - -
2022-04-16 16:52:36:5236 info: 
**********************REQUEST_STARTED*********************
GET /api/admin/service/category?limit=5&page=1 304 316.039 ms - -
2022-04-16 17:07:46:746 info: 
**********************REQUEST_STARTED*********************
OPTIONS /api/admin/service/category?limit=5&page=1 204 3.550 ms - 0
2022-04-16 17:07:46:746 info: 
**********************REQUEST_STARTED*********************
OPTIONS /api/partner/?limit=5&page=1 204 0.213 ms - 0
2022-04-16 17:07:46:746 info: 
**********************REQUEST_STARTED*********************
GET /api/partner/?limit=5&page=1 304 194.023 ms - -
2022-04-16 17:07:46:746 info: 
**********************REQUEST_STARTED*********************
GET /api/admin/service/category?limit=5&page=1 304 335.858 ms - -
2022-04-16 17:07:56:756 info: 
**********************REQUEST_STARTED*********************
OPTIONS /api/admin/service/category?limit=5&page=1 204 0.199 ms - 0
2022-04-16 17:07:56:756 info: 
**********************REQUEST_STARTED*********************
OPTIONS /api/partner/?limit=5&page=1 204 0.350 ms - 0
2022-04-16 17:07:56:756 info: 
**********************REQUEST_STARTED*********************
GET /api/partner/?limit=5&page=1 304 170.993 ms - -
2022-04-16 17:07:56:756 info: 
**********************REQUEST_STARTED*********************
GET /api/admin/service/category?limit=5&page=1 304 258.906 ms - -
2022-04-16 17:08:04:84 info: 
**********************REQUEST_STARTED*********************
OPTIONS /api/admin/service/category?limit=5&page=1 204 0.355 ms - 0
2022-04-16 17:08:04:84 info: 
**********************REQUEST_STARTED*********************
OPTIONS /api/partner/?limit=5&page=1 204 0.285 ms - 0
2022-04-16 17:08:05:85 info: 
**********************REQUEST_STARTED*********************
GET /api/partner/?limit=5&page=1 304 187.651 ms - -
2022-04-16 17:08:05:85 info: 
**********************REQUEST_STARTED*********************
GET /api/admin/service/category?limit=5&page=1 304 287.055 ms - -
2022-04-16 17:09:07:97 info: 
**********************REQUEST_STARTED*********************
OPTIONS /api/admin/service/category?limit=5&page=1 204 1.280 ms - 0
2022-04-16 17:09:07:97 info: 
**********************REQUEST_STARTED*********************
OPTIONS /api/partner/?limit=5&page=1 204 0.273 ms - 0
2022-04-16 17:09:07:97 info: 
**********************REQUEST_STARTED*********************
GET /api/partner/?limit=5&page=1 304 234.775 ms - -
2022-04-16 17:09:08:98 info: 
**********************REQUEST_STARTED*********************
GET /api/admin/service/category?limit=5&page=1 304 385.715 ms - -
2022-04-16 17:15:08:158 info: 
**********************REQUEST_STARTED*********************
OPTIONS /api/admin/service/category?limit=5&page=1 204 3.141 ms - 0
2022-04-16 17:15:09:159 info: 
**********************REQUEST_STARTED*********************
GET /api/admin/service/category?limit=5&page=1 304 340.060 ms - -
2022-04-16 17:15:09:159 info: 
**********************REQUEST_STARTED*********************
OPTIONS /api/partner/?limit=5&page=1 204 0.400 ms - 0
2022-04-16 17:15:09:159 info: 
**********************REQUEST_STARTED*********************
GET /api/partner/?limit=5&page=1 304 214.750 ms - -
2022-04-16 17:15:09:159 info: 
**********************REQUEST_STARTED*********************
GET /api/service/625aa1bb42c3c2845afbae7c 404 3.722 ms - 175
2022-04-16 17:15:32:1532 info: 
**********************REQUEST_STARTED*********************
OPTIONS /api/admin/service/category?limit=5&page=1 204 0.267 ms - 0
2022-04-16 17:15:33:1533 info: 
**********************REQUEST_STARTED*********************
GET /api/admin/service/category?limit=5&page=1 304 279.322 ms - -
2022-04-16 17:15:33:1533 info: 
**********************REQUEST_STARTED*********************
OPTIONS /api/partner/?limit=5&page=1 204 0.209 ms - 0
2022-04-16 17:15:33:1533 info: 
**********************REQUEST_STARTED*********************
GET /api/partner/?limit=5&page=1 304 185.722 ms - -
2022-04-16 17:15:33:1533 info: 
**********************REQUEST_STARTED*********************
OPTIONS /api/service/625aa1bb42c3c2845afbae7c 204 0.268 ms - 0
2022-04-16 17:15:33:1533 info: 
**********************REQUEST_STARTED*********************
GET /api/service/625aa1bb42c3c2845afbae7c 404 0.756 ms - 175
2022-04-16 17:17:13:1713 info: 
**********************REQUEST_STARTED*********************
OPTIONS /api/admin/service/category?limit=5&page=1 204 2.333 ms - 0
2022-04-16 17:17:14:1714 info: 
**********************REQUEST_STARTED*********************
GET /api/admin/service/category?limit=5&page=1 304 288.468 ms - -
2022-04-16 17:17:14:1714 info: 
**********************REQUEST_STARTED*********************
OPTIONS /api/partner/?limit=5&page=1 204 0.453 ms - 0
2022-04-16 17:17:14:1714 info: 
**********************REQUEST_STARTED*********************
GET /api/partner/?limit=5&page=1 304 210.504 ms - -
2022-04-16 17:17:14:1714 info: 
**********************REQUEST_STARTED*********************
OPTIONS /api/service/625aa1bb42c3c2845afbae7c 204 0.485 ms - 0
2022-04-16 17:17:14:1714 info: 
**********************REQUEST_STARTED*********************
GET /api/service/625aa1bb42c3c2845afbae7c 404 2.054 ms - 175
2022-04-16 17:18:16:1816 info: 
**********************REQUEST_STARTED*********************
OPTIONS /api/admin/service/category?limit=5&page=1 204 0.275 ms - 0
2022-04-16 17:18:17:1817 info: 
**********************REQUEST_STARTED*********************
GET /api/admin/service/category?limit=5&page=1 304 289.244 ms - -
2022-04-16 17:18:17:1817 info: 
**********************REQUEST_STARTED*********************
OPTIONS /api/partner/?limit=5&page=1 204 0.421 ms - 0
2022-04-16 17:18:17:1817 info: 
**********************REQUEST_STARTED*********************
GET /api/partner/?limit=5&page=1 304 224.377 ms - -
2022-04-16 17:18:17:1817 info: 
**********************REQUEST_STARTED*********************
OPTIONS /api/admin/service/625aa1bb42c3c2845afbae7c 204 0.237 ms - 0
2022-04-16 17:18:17:1817 info: 
**********************REQUEST_STARTED*********************
GET /api/admin/service/625aa1bb42c3c2845afbae7c 200 184.680 ms - 384
2022-04-16 17:19:56:1956 info: 
**********************REQUEST_STARTED*********************
OPTIONS /api/admin/service/category?limit=5&page=1 204 0.152 ms - 0
2022-04-16 17:19:56:1956 info: 
**********************REQUEST_STARTED*********************
GET /api/admin/service/category?limit=5&page=1 304 286.689 ms - -
2022-04-16 17:19:56:1956 info: 
**********************REQUEST_STARTED*********************
OPTIONS /api/partner/?limit=5&page=1 204 0.158 ms - 0
2022-04-16 17:19:57:1957 info: 
**********************REQUEST_STARTED*********************
GET /api/partner/?limit=5&page=1 304 188.364 ms - -
2022-04-16 17:19:57:1957 info: 
**********************REQUEST_STARTED*********************
OPTIONS /api/admin/service/625aa1bb42c3c2845afbae7c 204 0.151 ms - 0
2022-04-16 17:19:57:1957 info: 
**********************REQUEST_STARTED*********************
GET /api/admin/service/625aa1bb42c3c2845afbae7c 304 205.750 ms - -
2022-04-16 17:22:46:2246 info: 
**********************REQUEST_STARTED*********************
OPTIONS /api/admin/service/category?limit=5&page=1 204 2.627 ms - 0
2022-04-16 17:22:46:2246 info: 
**********************REQUEST_STARTED*********************
GET /api/admin/service/category?limit=5&page=1 304 312.516 ms - -
2022-04-16 17:22:46:2246 info: 
**********************REQUEST_STARTED*********************
OPTIONS /api/partner/?limit=5&page=1 204 0.373 ms - 0
2022-04-16 17:22:47:2247 info: 
**********************REQUEST_STARTED*********************
GET /api/partner/?limit=5&page=1 304 182.924 ms - -
2022-04-16 17:22:47:2247 info: 
**********************REQUEST_STARTED*********************
OPTIONS /api/admin/service/625aa1bb42c3c2845afbae7c 204 0.185 ms - 0
2022-04-16 17:22:47:2247 info: 
**********************REQUEST_STARTED*********************
GET /api/admin/service/625aa1bb42c3c2845afbae7c 200 296.603 ms - 1058
2022-04-16 17:23:30:2330 info: 
**********************REQUEST_STARTED*********************
OPTIONS /api/admin/service/category?limit=5&page=1 204 0.261 ms - 0
2022-04-16 17:23:30:2330 info: 
**********************REQUEST_STARTED*********************
GET /api/admin/service/category?limit=5&page=1 304 283.891 ms - -
2022-04-16 17:23:30:2330 info: 
**********************REQUEST_STARTED*********************
OPTIONS /api/partner/?limit=5&page=1 204 0.211 ms - 0
2022-04-16 17:23:30:2330 info: 
**********************REQUEST_STARTED*********************
GET /api/partner/?limit=5&page=1 304 192.823 ms - -
2022-04-16 17:23:30:2330 info: 
**********************REQUEST_STARTED*********************
OPTIONS /api/admin/service/625aa1bb42c3c2845afbae7c 204 0.463 ms - 0
2022-04-16 17:23:31:2331 info: 
**********************REQUEST_STARTED*********************
GET /api/admin/service/625aa1bb42c3c2845afbae7c 304 262.786 ms - -
2022-04-16 17:23:38:2338 info: 
**********************REQUEST_STARTED*********************
OPTIONS /api/admin/service 204 0.318 ms - 0
2022-04-16 17:23:38:2338 info: 
**********************REQUEST_STARTED*********************
GET /api/admin/service 304 309.121 ms - -
2022-04-16 17:23:43:2343 info: 
**********************REQUEST_STARTED*********************
OPTIONS /api/admin/service/category?limit=5&page=1 204 0.195 ms - 0
2022-04-16 17:23:43:2343 info: 
**********************REQUEST_STARTED*********************
GET /api/admin/service/category?limit=5&page=1 304 252.813 ms - -
2022-04-16 17:23:43:2343 info: 
**********************REQUEST_STARTED*********************
OPTIONS /api/partner/?limit=5&page=1 204 0.216 ms - 0
2022-04-16 17:23:43:2343 info: 
**********************REQUEST_STARTED*********************
GET /api/partner/?limit=5&page=1 304 206.137 ms - -
2022-04-16 17:23:43:2343 info: 
**********************REQUEST_STARTED*********************
OPTIONS /api/admin/service/625aa1bb42c3c2845afbae7c 204 0.227 ms - 0
2022-04-16 17:23:43:2343 info: 
**********************REQUEST_STARTED*********************
GET /api/admin/service/625aa1bb42c3c2845afbae7c 304 281.079 ms - -
2022-04-16 17:23:53:2353 info: 
**********************REQUEST_STARTED*********************
OPTIONS /api/admin/service 204 0.220 ms - 0
2022-04-16 17:23:54:2354 info: 
**********************REQUEST_STARTED*********************
GET /api/admin/service 304 350.875 ms - -
2022-04-16 17:23:58:2358 info: 
**********************REQUEST_STARTED*********************
OPTIONS /api/admin/service/category?limit=5&page=1 204 0.272 ms - 0
2022-04-16 17:23:59:2359 info: 
**********************REQUEST_STARTED*********************
GET /api/admin/service/category?limit=5&page=1 304 359.037 ms - -
2022-04-16 17:23:59:2359 info: 
**********************REQUEST_STARTED*********************
OPTIONS /api/partner/?limit=5&page=1 204 0.286 ms - 0
2022-04-16 17:23:59:2359 info: 
**********************REQUEST_STARTED*********************
GET /api/partner/?limit=5&page=1 304 231.660 ms - -
2022-04-16 17:23:59:2359 info: 
**********************REQUEST_STARTED*********************
OPTIONS /api/admin/service/625aa1bb42c3c2845afbae7c 204 0.319 ms - 0
2022-04-16 17:23:59:2359 info: 
**********************REQUEST_STARTED*********************
GET /api/admin/service/625aa1bb42c3c2845afbae7c 304 362.226 ms - -
2022-04-16 17:24:28:2428 info: 
**********************REQUEST_STARTED*********************
OPTIONS /api/admin/service/category?limit=5&page=1 204 0.157 ms - 0
2022-04-16 17:24:28:2428 info: 
**********************REQUEST_STARTED*********************
GET /api/admin/service/category?limit=5&page=1 304 280.053 ms - -
2022-04-16 17:24:28:2428 info: 
**********************REQUEST_STARTED*********************
OPTIONS /api/partner/?limit=5&page=1 204 0.166 ms - 0
2022-04-16 17:24:28:2428 info: 
**********************REQUEST_STARTED*********************
GET /api/partner/?limit=5&page=1 304 171.791 ms - -
2022-04-16 17:24:28:2428 info: 
**********************REQUEST_STARTED*********************
OPTIONS /api/admin/service/625aa1bb42c3c2845afbae7c 204 0.227 ms - 0
2022-04-16 17:24:29:2429 info: 
**********************REQUEST_STARTED*********************
GET /api/admin/service/625aa1bb42c3c2845afbae7c 304 274.804 ms - -
2022-04-16 17:24:42:2442 info: 
**********************REQUEST_STARTED*********************
OPTIONS /api/admin/service/category?limit=5&page=1 204 0.139 ms - 0
2022-04-16 17:24:42:2442 info: 
**********************REQUEST_STARTED*********************
GET /api/admin/service/category?limit=5&page=1 304 309.988 ms - -
2022-04-16 17:24:42:2442 info: 
**********************REQUEST_STARTED*********************
OPTIONS /api/partner/?limit=5&page=1 204 0.248 ms - 0
2022-04-16 17:24:43:2443 info: 
**********************REQUEST_STARTED*********************
GET /api/partner/?limit=5&page=1 304 160.118 ms - -
2022-04-16 17:24:43:2443 info: 
**********************REQUEST_STARTED*********************
OPTIONS /api/admin/service/625aa1bb42c3c2845afbae7c 204 0.218 ms - 0
2022-04-16 17:24:43:2443 info: 
**********************REQUEST_STARTED*********************
GET /api/admin/service/625aa1bb42c3c2845afbae7c 304 263.831 ms - -
2022-04-16 17:25:16:2516 info: 
**********************REQUEST_STARTED*********************
OPTIONS /api/admin/service/category?limit=5&page=1 204 0.162 ms - 0
2022-04-16 17:25:16:2516 info: 
**********************REQUEST_STARTED*********************
GET /api/admin/service/category?limit=5&page=1 304 283.202 ms - -
2022-04-16 17:25:16:2516 info: 
**********************REQUEST_STARTED*********************
OPTIONS /api/partner/?limit=5&page=1 204 0.227 ms - 0
2022-04-16 17:25:16:2516 info: 
**********************REQUEST_STARTED*********************
GET /api/partner/?limit=5&page=1 304 181.441 ms - -
2022-04-16 17:25:17:2517 info: 
**********************REQUEST_STARTED*********************
OPTIONS /api/admin/service/625aa1bb42c3c2845afbae7c 204 0.228 ms - 0
2022-04-16 17:25:17:2517 info: 
**********************REQUEST_STARTED*********************
GET /api/admin/service/625aa1bb42c3c2845afbae7c 304 263.318 ms - -
2022-04-16 17:25:48:2548 info: 
**********************REQUEST_STARTED*********************
OPTIONS /api/admin/service/category?limit=5&page=1 204 0.196 ms - 0
2022-04-16 17:25:48:2548 info: 
**********************REQUEST_STARTED*********************
GET /api/admin/service/category?limit=5&page=1 304 305.018 ms - -
2022-04-16 17:25:49:2549 info: 
**********************REQUEST_STARTED*********************
OPTIONS /api/partner/?limit=5&page=1 204 0.098 ms - 0
2022-04-16 17:25:49:2549 info: 
**********************REQUEST_STARTED*********************
GET /api/partner/?limit=5&page=1 304 184.582 ms - -
2022-04-16 17:25:49:2549 info: 
**********************REQUEST_STARTED*********************
OPTIONS /api/admin/service/625aa1bb42c3c2845afbae7c 204 0.182 ms - 0
2022-04-16 17:25:49:2549 info: 
**********************REQUEST_STARTED*********************
GET /api/admin/service/625aa1bb42c3c2845afbae7c 304 265.553 ms - -
2022-04-16 18:33:03:333 info: 
**********************REQUEST_STARTED*********************
OPTIONS /api/admin/service/category?limit=5&page=1 204 0.163 ms - 0
2022-04-16 18:33:48:3348 info: 
**********************REQUEST_STARTED*********************
GET /api/admin/service/category?limit=5&page=1 - - ms - -
2022-04-16 18:33:50:3350 info: 
**********************REQUEST_STARTED*********************
OPTIONS /api/admin/service/category?limit=5&page=1 204 0.155 ms - 0
2022-04-16 18:34:01:341 info: 
**********************REQUEST_STARTED*********************
GET /api/admin/service/category?limit=5&page=1 - - ms - -
2022-04-16 18:34:03:343 info: 
**********************REQUEST_STARTED*********************
OPTIONS /api/admin/service 204 0.121 ms - 0
2022-04-16 18:34:05:345 info: 
**********************REQUEST_STARTED*********************
GET /api/admin/service - - ms - -
2022-04-16 18:34:30:3430 info: 
**********************REQUEST_STARTED*********************
OPTIONS /api/admin/service 204 0.127 ms - 0
2022-04-16 18:34:34:3434 info: 
**********************REQUEST_STARTED*********************
GET /api/admin/service - - ms - -
2022-04-16 18:34:36:3436 info: 
**********************REQUEST_STARTED*********************
OPTIONS /api/admin/service 204 0.099 ms - 0
2022-04-16 18:36:09:369 info: 
**********************REQUEST_STARTED*********************
GET /api/admin/service - - ms - -
2022-04-16 18:36:10:3610 info: 
**********************REQUEST_STARTED*********************
OPTIONS /api/admin/service 204 0.229 ms - 0
2022-04-16 18:38:22:3822 info: 
**********************REQUEST_STARTED*********************
GET /api/admin/service - - ms - -
2022-04-16 18:38:24:3824 info: 
**********************REQUEST_STARTED*********************
OPTIONS /api/admin/service 204 0.112 ms - 0
2022-04-16 18:38:34:3834 info: 
**********************REQUEST_STARTED*********************
GET /api/admin/service 200 9956.841 ms - 1059
2022-04-16 18:38:39:3839 info: 
**********************REQUEST_STARTED*********************
OPTIONS /api/admin/service/category?limit=5&page=1 204 0.088 ms - 0
2022-04-16 18:38:39:3839 info: 
**********************REQUEST_STARTED*********************
GET /api/admin/service/category?limit=5&page=1 200 270.995 ms - 545
2022-04-16 18:38:39:3839 info: 
**********************REQUEST_STARTED*********************
OPTIONS /api/partner/?limit=5&page=1 204 0.130 ms - 0
2022-04-16 18:38:39:3839 info: 
**********************REQUEST_STARTED*********************
GET /api/partner/?limit=5&page=1 304 178.993 ms - -
2022-04-16 18:38:39:3839 info: 
**********************REQUEST_STARTED*********************
OPTIONS /api/admin/service/625aa1bb42c3c2845afbae7c 204 0.096 ms - 0
2022-04-16 18:38:40:3840 info: 
**********************REQUEST_STARTED*********************
GET /api/admin/service/625aa1bb42c3c2845afbae7c 304 273.784 ms - -
2022-04-16 18:39:07:397 info: 
**********************REQUEST_STARTED*********************
OPTIONS /api/admin/service/category?limit=5&page=1 204 0.154 ms - 0
2022-04-16 18:39:07:397 info: 
**********************REQUEST_STARTED*********************
GET /api/admin/service/category?limit=5&page=1 304 261.048 ms - -
2022-04-16 18:39:07:397 info: 
**********************REQUEST_STARTED*********************
OPTIONS /api/partner/?limit=5&page=1 204 0.136 ms - 0
2022-04-16 18:39:08:398 info: 
**********************REQUEST_STARTED*********************
GET /api/partner/?limit=5&page=1 304 177.576 ms - -
2022-04-16 18:39:08:398 info: 
**********************REQUEST_STARTED*********************
OPTIONS /api/admin/service/625aa1bb42c3c2845afbae7c 204 0.182 ms - 0
2022-04-16 18:39:08:398 info: 
**********************REQUEST_STARTED*********************
GET /api/admin/service/625aa1bb42c3c2845afbae7c 304 252.014 ms - -
2022-04-16 18:39:13:3913 info: 
**********************REQUEST_STARTED*********************
OPTIONS /api/admin/service/625aa1bb42c3c2845afbae7c 204 0.109 ms - 0
2022-04-16 18:39:13:3913 info: 
**********************REQUEST_STARTED*********************
PUT /api/admin/service/625aa1bb42c3c2845afbae7c 200 380.853 ms - 369
2022-04-16 18:39:13:3913 info: 
**********************REQUEST_STARTED*********************
OPTIONS /api/admin/service 204 0.120 ms - 0
2022-04-16 18:39:13:3913 info: 
**********************REQUEST_STARTED*********************
GET /api/admin/service 200 285.404 ms - 1017
2022-04-16 18:39:19:3919 info: 
**********************REQUEST_STARTED*********************
OPTIONS /api/admin/service 204 0.079 ms - 0
2022-04-16 18:39:19:3919 info: 
**********************REQUEST_STARTED*********************
GET /api/admin/service 304 300.343 ms - -
2022-04-16 18:39:35:3935 info: 
**********************REQUEST_STARTED*********************
OPTIONS /api/admin/service/category?limit=5&page=1 204 0.081 ms - 0
2022-04-16 18:39:36:3936 info: 
**********************REQUEST_STARTED*********************
GET /api/admin/service/category?limit=5&page=1 304 359.397 ms - -
2022-04-16 18:39:36:3936 info: 
**********************REQUEST_STARTED*********************
OPTIONS /api/partner/?limit=5&page=1 204 0.139 ms - 0
2022-04-16 18:39:36:3936 info: 
**********************REQUEST_STARTED*********************
GET /api/partner/?limit=5&page=1 304 183.845 ms - -
2022-04-16 18:39:36:3936 info: 
**********************REQUEST_STARTED*********************
OPTIONS /api/admin/service/625aa1bb42c3c2845afbae7c 204 0.086 ms - 0
2022-04-16 18:39:36:3936 info: 
**********************REQUEST_STARTED*********************
GET /api/admin/service/625aa1bb42c3c2845afbae7c 200 397.571 ms - 1016
2022-04-16 18:39:42:3942 info: 
**********************REQUEST_STARTED*********************
OPTIONS /api/admin/service 204 0.080 ms - 0
2022-04-16 18:39:42:3942 info: 
**********************REQUEST_STARTED*********************
GET /api/admin/service 304 245.224 ms - -
2022-04-16 18:39:48:3948 info: 
**********************REQUEST_STARTED*********************
OPTIONS /api/admin/service/category?limit=5&page=1 204 0.077 ms - 0
2022-04-16 18:39:48:3948 info: 
**********************REQUEST_STARTED*********************
GET /api/admin/service/category?limit=5&page=1 304 297.056 ms - -
2022-04-16 18:39:48:3948 info: 
**********************REQUEST_STARTED*********************
OPTIONS /api/partner/?limit=5&page=1 204 0.082 ms - 0
2022-04-16 18:39:48:3948 info: 
**********************REQUEST_STARTED*********************
GET /api/partner/?limit=5&page=1 304 192.599 ms - -
2022-04-16 18:39:48:3948 info: 
**********************REQUEST_STARTED*********************
OPTIONS /api/admin/service/625aa1bb42c3c2845afbae7c 204 0.095 ms - 0
2022-04-16 18:39:49:3949 info: 
**********************REQUEST_STARTED*********************
GET /api/admin/service/625aa1bb42c3c2845afbae7c 304 263.437 ms - -
2022-04-16 18:39:55:3955 info: 
**********************REQUEST_STARTED*********************
OPTIONS /api/admin/service/625aa1bb42c3c2845afbae7c 204 0.126 ms - 0
2022-04-16 18:39:55:3955 info: 
**********************REQUEST_STARTED*********************
PUT /api/admin/service/625aa1bb42c3c2845afbae7c 200 301.605 ms - 428
2022-04-16 18:39:55:3955 info: 
**********************REQUEST_STARTED*********************
OPTIONS /api/admin/service 204 0.134 ms - 0
2022-04-16 18:39:55:3955 info: 
**********************REQUEST_STARTED*********************
GET /api/admin/service 200 267.254 ms - 1076
2022-04-16 18:41:16:4116 info: 
**********************REQUEST_STARTED*********************
OPTIONS /api/admin/service/category?limit=5&page=1 204 0.224 ms - 0
2022-04-16 18:41:17:4117 info: 
**********************REQUEST_STARTED*********************
GET /api/admin/service/category?limit=5&page=1 304 1504.084 ms - -
2022-04-16 18:41:17:4117 info: 
**********************REQUEST_STARTED*********************
OPTIONS /api/partner/?limit=5&page=1 204 0.098 ms - 0
2022-04-16 18:41:18:4118 info: 
**********************REQUEST_STARTED*********************
GET /api/partner/?limit=5&page=1 304 407.257 ms - -
2022-04-16 18:41:18:4118 info: 
**********************REQUEST_STARTED*********************
OPTIONS /api/admin/service/625aa1bb42c3c2845afbae7c 204 0.125 ms - 0
2022-04-16 18:41:19:4119 info: 
**********************REQUEST_STARTED*********************
GET /api/admin/service/625aa1bb42c3c2845afbae7c 200 636.831 ms - 1075
2022-04-16 18:42:00:420 info: 
**********************REQUEST_STARTED*********************
OPTIONS /api/admin/service/category?limit=5&page=1 204 0.135 ms - 0
2022-04-16 18:42:01:421 info: 
**********************REQUEST_STARTED*********************
GET /api/admin/service/category?limit=5&page=1 304 389.856 ms - -
2022-04-16 18:42:01:421 info: 
**********************REQUEST_STARTED*********************
OPTIONS /api/partner/?limit=5&page=1 204 0.075 ms - 0
2022-04-16 18:42:01:421 info: 
**********************REQUEST_STARTED*********************
GET /api/partner/?limit=5&page=1 304 227.566 ms - -
2022-04-16 18:42:01:421 info: 
**********************REQUEST_STARTED*********************
OPTIONS /api/admin/service/625aa1bb42c3c2845afbae7c 204 0.079 ms - 0
2022-04-16 18:42:01:421 info: 
**********************REQUEST_STARTED*********************
GET /api/admin/service/625aa1bb42c3c2845afbae7c 304 417.762 ms - -
2022-04-16 18:42:26:4226 info: 
**********************REQUEST_STARTED*********************
OPTIONS /api/admin/service 204 0.148 ms - 0
2022-04-16 18:42:26:4226 info: 
**********************REQUEST_STARTED*********************
GET /api/admin/service 304 273.104 ms - -
2022-04-16 18:42:29:4229 info: 
**********************REQUEST_STARTED*********************
OPTIONS /api/admin/service/category?limit=5&page=1 204 0.077 ms - 0
2022-04-16 18:42:30:4230 info: 
**********************REQUEST_STARTED*********************
GET /api/admin/service/category?limit=5&page=1 304 271.162 ms - -
2022-04-16 18:42:30:4230 info: 
**********************REQUEST_STARTED*********************
OPTIONS /api/partner/?limit=5&page=1 204 0.076 ms - 0
2022-04-16 18:42:30:4230 info: 
**********************REQUEST_STARTED*********************
GET /api/partner/?limit=5&page=1 304 167.540 ms - -
2022-04-16 18:42:30:4230 info: 
**********************REQUEST_STARTED*********************
OPTIONS /api/admin/service/625aa1bb42c3c2845afbae7c 204 0.085 ms - 0
2022-04-16 18:42:30:4230 info: 
**********************REQUEST_STARTED*********************
GET /api/admin/service/625aa1bb42c3c2845afbae7c 304 317.369 ms - -
2022-04-16 18:42:35:4235 info: 
**********************REQUEST_STARTED*********************
OPTIONS /api/admin/service/625aa1bb42c3c2845afbae7c 204 0.091 ms - 0
2022-04-16 18:42:35:4235 info: 
**********************REQUEST_STARTED*********************
PUT /api/admin/service/625aa1bb42c3c2845afbae7c 200 286.034 ms - 424
2022-04-16 18:42:35:4235 info: 
**********************REQUEST_STARTED*********************
OPTIONS /api/admin/service 204 0.110 ms - 0
2022-04-16 18:42:35:4235 info: 
**********************REQUEST_STARTED*********************
GET /api/admin/service 200 266.788 ms - 1072
2022-04-16 18:42:39:4239 info: 
**********************REQUEST_STARTED*********************
OPTIONS /api/admin/service/category?limit=5&page=1 204 0.095 ms - 0
2022-04-16 18:42:39:4239 info: 
**********************REQUEST_STARTED*********************
GET /api/admin/service/category?limit=5&page=1 304 268.584 ms - -
2022-04-16 18:42:39:4239 info: 
**********************REQUEST_STARTED*********************
OPTIONS /api/partner/?limit=5&page=1 204 0.097 ms - 0
2022-04-16 18:42:39:4239 info: 
**********************REQUEST_STARTED*********************
GET /api/partner/?limit=5&page=1 304 188.450 ms - -
2022-04-16 18:42:40:4240 info: 
**********************REQUEST_STARTED*********************
GET /api/admin/service/625aa1bb42c3c2845afbae7c 200 280.754 ms - 1071
2022-04-16 18:42:59:4259 info: 
**********************REQUEST_STARTED*********************
OPTIONS /api/admin/service 204 0.089 ms - 0
2022-04-16 18:42:59:4259 info: 
**********************REQUEST_STARTED*********************
GET /api/admin/service 304 294.464 ms - -
2022-04-16 18:43:04:434 info: 
**********************REQUEST_STARTED*********************
OPTIONS /api/admin/service/category?limit=5&page=1 204 0.093 ms - 0
2022-04-16 18:43:04:434 info: 
**********************REQUEST_STARTED*********************
GET /api/admin/service/category?limit=5&page=1 304 315.440 ms - -
2022-04-16 18:43:04:434 info: 
**********************REQUEST_STARTED*********************
OPTIONS /api/partner/?limit=5&page=1 204 0.113 ms - 0
2022-04-16 18:43:04:434 info: 
**********************REQUEST_STARTED*********************
GET /api/partner/?limit=5&page=1 304 168.387 ms - -
2022-04-16 18:43:04:434 info: 
**********************REQUEST_STARTED*********************
OPTIONS /api/admin/service/625aa1bb42c3c2845afbae7c 204 0.082 ms - 0
2022-04-16 18:43:04:434 info: 
**********************REQUEST_STARTED*********************
GET /api/admin/service/625aa1bb42c3c2845afbae7c 304 273.066 ms - -
2022-04-16 18:43:10:4310 info: 
**********************REQUEST_STARTED*********************
OPTIONS /api/admin/service/625aa1bb42c3c2845afbae7c 204 0.084 ms - 0
2022-04-16 18:43:10:4310 info: 
**********************REQUEST_STARTED*********************
PUT /api/admin/service/625aa1bb42c3c2845afbae7c 200 497.659 ms - 424
2022-04-16 18:43:10:4310 info: 
**********************REQUEST_STARTED*********************
OPTIONS /api/admin/service 204 0.113 ms - 0
2022-04-16 18:43:11:4311 info: 
**********************REQUEST_STARTED*********************
GET /api/admin/service 200 356.486 ms - 1060
2022-04-16 18:43:22:4322 info: 
**********************REQUEST_STARTED*********************
OPTIONS /api/admin/service/category?limit=5&page=1 204 0.129 ms - 0
2022-04-16 18:43:23:4323 info: 
**********************REQUEST_STARTED*********************
GET /api/admin/service/category?limit=5&page=1 304 331.317 ms - -
2022-04-16 18:43:23:4323 info: 
**********************REQUEST_STARTED*********************
OPTIONS /api/partner/?limit=5&page=1 204 0.098 ms - 0
2022-04-16 18:43:23:4323 info: 
**********************REQUEST_STARTED*********************
GET /api/partner/?limit=5&page=1 304 183.767 ms - -
2022-04-16 18:43:23:4323 info: 
**********************REQUEST_STARTED*********************
OPTIONS /api/admin/service/625aa1bb42c3c2845afbae7c 204 0.104 ms - 0
2022-04-16 18:43:23:4323 info: 
**********************REQUEST_STARTED*********************
GET /api/admin/service/625aa1bb42c3c2845afbae7c 200 246.588 ms - 1059
2022-04-16 18:43:36:4336 info: 
**********************REQUEST_STARTED*********************
OPTIONS /api/admin/service/625aa1bb42c3c2845afbae7c 204 0.078 ms - 0
2022-04-16 18:43:36:4336 info: 
**********************REQUEST_STARTED*********************
PUT /api/admin/service/625aa1bb42c3c2845afbae7c 200 276.712 ms - 424
2022-04-16 18:43:36:4336 info: 
**********************REQUEST_STARTED*********************
OPTIONS /api/admin/service 204 0.108 ms - 0
2022-04-16 18:43:36:4336 info: 
**********************REQUEST_STARTED*********************
GET /api/admin/service 200 298.732 ms - 1066
2022-04-16 18:43:45:4345 info: 
**********************REQUEST_STARTED*********************
OPTIONS /api/admin/service/category?limit=5&page=1 204 0.084 ms - 0
2022-04-16 18:43:46:4346 info: 
**********************REQUEST_STARTED*********************
GET /api/admin/service/category?limit=5&page=1 304 274.844 ms - -
2022-04-16 18:43:46:4346 info: 
**********************REQUEST_STARTED*********************
OPTIONS /api/partner/?limit=5&page=1 204 0.125 ms - 0
2022-04-16 18:43:46:4346 info: 
**********************REQUEST_STARTED*********************
GET /api/partner/?limit=5&page=1 304 164.072 ms - -
2022-04-16 18:43:46:4346 info: 
**********************REQUEST_STARTED*********************
OPTIONS /api/admin/service/625aa1bb42c3c2845afbae7c 204 0.165 ms - 0
2022-04-16 18:43:46:4346 info: 
**********************REQUEST_STARTED*********************
GET /api/admin/service/625aa1bb42c3c2845afbae7c 200 263.649 ms - 1065
2022-04-16 18:43:52:4352 info: 
**********************REQUEST_STARTED*********************
OPTIONS /api/admin/service/625aa1bb42c3c2845afbae7c 204 0.086 ms - 0
2022-04-16 18:43:53:4353 info: 
**********************REQUEST_STARTED*********************
PUT /api/admin/service/625aa1bb42c3c2845afbae7c 200 246.671 ms - 424
2022-04-16 18:43:53:4353 info: 
**********************REQUEST_STARTED*********************
OPTIONS /api/admin/service 204 0.119 ms - 0
2022-04-16 18:43:53:4353 info: 
**********************REQUEST_STARTED*********************
GET /api/admin/service 200 264.031 ms - 1056
2022-04-16 18:43:58:4358 info: 
**********************REQUEST_STARTED*********************
OPTIONS /api/admin/service/category?limit=5&page=1 204 0.110 ms - 0
2022-04-16 18:43:58:4358 info: 
**********************REQUEST_STARTED*********************
GET /api/admin/service/category?limit=5&page=1 304 322.412 ms - -
2022-04-16 18:43:58:4358 info: 
**********************REQUEST_STARTED*********************
OPTIONS /api/partner/?limit=5&page=1 204 0.152 ms - 0
2022-04-16 18:43:58:4358 info: 
**********************REQUEST_STARTED*********************
GET /api/partner/?limit=5&page=1 304 180.666 ms - -
2022-04-16 18:43:58:4358 info: 
**********************REQUEST_STARTED*********************
OPTIONS /api/admin/service/625aa1bb42c3c2845afbae7c 204 0.097 ms - 0
2022-04-16 18:43:58:4358 info: 
**********************REQUEST_STARTED*********************
GET /api/admin/service/625aa1bb42c3c2845afbae7c 200 262.762 ms - 1055
2022-04-16 18:44:37:4437 info: 
**********************REQUEST_STARTED*********************
OPTIONS /api/admin/service/category?limit=5&page=1 204 0.127 ms - 0
2022-04-16 18:44:37:4437 info: 
**********************REQUEST_STARTED*********************
GET /api/admin/service/category?limit=5&page=1 304 279.167 ms - -
2022-04-16 18:44:37:4437 info: 
**********************REQUEST_STARTED*********************
OPTIONS /api/partner/?limit=5&page=1 204 0.099 ms - 0
2022-04-16 18:44:37:4437 info: 
**********************REQUEST_STARTED*********************
GET /api/partner/?limit=5&page=1 304 222.482 ms - -
2022-04-16 18:44:38:4438 info: 
**********************REQUEST_STARTED*********************
OPTIONS /api/admin/service/625aa1bb42c3c2845afbae7c 204 0.099 ms - 0
2022-04-16 18:44:38:4438 info: 
**********************REQUEST_STARTED*********************
GET /api/admin/service/625aa1bb42c3c2845afbae7c 304 272.317 ms - -
2022-04-16 18:45:40:4540 info: 
**********************REQUEST_STARTED*********************
OPTIONS /api/admin/service/category?limit=5&page=1 204 0.081 ms - 0
2022-04-16 18:45:41:4541 info: 
**********************REQUEST_STARTED*********************
GET /api/admin/service/category?limit=5&page=1 304 345.746 ms - -
2022-04-16 18:45:41:4541 info: 
**********************REQUEST_STARTED*********************
OPTIONS /api/partner/?limit=5&page=1 204 0.084 ms - 0
2022-04-16 18:45:41:4541 info: 
**********************REQUEST_STARTED*********************
GET /api/partner/?limit=5&page=1 304 408.438 ms - -
2022-04-16 18:45:41:4541 info: 
**********************REQUEST_STARTED*********************
OPTIONS /api/admin/service/625aa1bb42c3c2845afbae7c 204 0.179 ms - 0
2022-04-16 18:45:42:4542 info: 
**********************REQUEST_STARTED*********************
GET /api/admin/service/625aa1bb42c3c2845afbae7c 304 839.278 ms - -
2022-04-16 18:45:45:4545 info: 
**********************REQUEST_STARTED*********************
OPTIONS /api/admin/service 204 0.111 ms - 0
2022-04-16 18:45:45:4545 info: 
**********************REQUEST_STARTED*********************
GET /api/admin/service 304 417.004 ms - -
2022-04-16 18:45:49:4549 info: 
**********************REQUEST_STARTED*********************
OPTIONS /api/admin/service/category?limit=5&page=1 204 0.102 ms - 0
2022-04-16 18:45:49:4549 info: 
**********************REQUEST_STARTED*********************
GET /api/admin/service/category?limit=5&page=1 304 340.233 ms - -
2022-04-16 18:45:49:4549 info: 
**********************REQUEST_STARTED*********************
OPTIONS /api/partner/?limit=5&page=1 204 0.104 ms - 0
2022-04-16 18:45:50:4550 info: 
**********************REQUEST_STARTED*********************
GET /api/partner/?limit=5&page=1 304 325.316 ms - -
2022-04-16 18:45:50:4550 info: 
**********************REQUEST_STARTED*********************
OPTIONS /api/admin/service/625aa1bb42c3c2845afbae7c 204 0.085 ms - 0
2022-04-16 18:45:50:4550 info: 
**********************REQUEST_STARTED*********************
GET /api/admin/service/625aa1bb42c3c2845afbae7c 304 319.242 ms - -
2022-04-16 18:46:23:4623 info: 
**********************REQUEST_STARTED*********************
OPTIONS /api/admin/service/category?limit=5&page=1 204 0.072 ms - 0
2022-04-16 18:46:23:4623 info: 
**********************REQUEST_STARTED*********************
GET /api/admin/service/category?limit=5&page=1 304 272.046 ms - -
2022-04-16 18:46:23:4623 info: 
**********************REQUEST_STARTED*********************
OPTIONS /api/partner/?limit=5&page=1 204 0.080 ms - 0
2022-04-16 18:46:24:4624 info: 
**********************REQUEST_STARTED*********************
GET /api/partner/?limit=5&page=1 304 204.407 ms - -
2022-04-16 18:46:24:4624 info: 
**********************REQUEST_STARTED*********************
OPTIONS /api/admin/service/625aa1bb42c3c2845afbae7c 204 0.086 ms - 0
2022-04-16 18:46:24:4624 info: 
**********************REQUEST_STARTED*********************
GET /api/admin/service/625aa1bb42c3c2845afbae7c 304 274.458 ms - -
2022-04-16 18:46:30:4630 info: 
**********************REQUEST_STARTED*********************
OPTIONS /api/admin/service 204 0.099 ms - 0
2022-04-16 18:46:30:4630 info: 
**********************REQUEST_STARTED*********************
GET /api/admin/service 304 272.385 ms - -
2022-04-16 18:46:49:4649 info: 
**********************REQUEST_STARTED*********************
OPTIONS /api/admin/service/category?limit=5&page=1 204 0.082 ms - 0
2022-04-16 18:46:50:4650 info: 
**********************REQUEST_STARTED*********************
GET /api/admin/service/category?limit=5&page=1 304 277.141 ms - -
2022-04-16 18:46:50:4650 info: 
**********************REQUEST_STARTED*********************
OPTIONS /api/partner/?limit=5&page=1 204 0.116 ms - 0
2022-04-16 18:46:50:4650 info: 
**********************REQUEST_STARTED*********************
GET /api/partner/?limit=5&page=1 304 179.704 ms - -
2022-04-16 18:46:50:4650 info: 
**********************REQUEST_STARTED*********************
OPTIONS /api/admin/service/625aa1bb42c3c2845afbae7c 204 0.152 ms - 0
2022-04-16 18:46:50:4650 info: 
**********************REQUEST_STARTED*********************
GET /api/admin/service/625aa1bb42c3c2845afbae7c 304 295.222 ms - -
2022-04-16 18:47:00:470 info: 
**********************REQUEST_STARTED*********************
OPTIONS /api/admin/service/625aa1bb42c3c2845afbae7c 204 0.076 ms - 0
2022-04-16 18:47:00:470 info: 
**********************REQUEST_STARTED*********************
PUT /api/admin/service/625aa1bb42c3c2845afbae7c 200 269.383 ms - 424
2022-04-16 18:47:00:470 info: 
**********************REQUEST_STARTED*********************
OPTIONS /api/admin/service 204 0.199 ms - 0
2022-04-16 18:47:01:471 info: 
**********************REQUEST_STARTED*********************
GET /api/admin/service 200 272.294 ms - 1068
2022-04-16 18:47:28:4728 info: 
**********************REQUEST_STARTED*********************
OPTIONS /api/admin/service/category?limit=5&page=1 204 0.081 ms - 0
2022-04-16 18:47:29:4729 info: 
**********************REQUEST_STARTED*********************
GET /api/admin/service/category?limit=5&page=1 304 309.001 ms - -
2022-04-16 18:47:29:4729 info: 
**********************REQUEST_STARTED*********************
OPTIONS /api/partner/?limit=5&page=1 204 0.130 ms - 0
2022-04-16 18:47:29:4729 info: 
**********************REQUEST_STARTED*********************
GET /api/partner/?limit=5&page=1 304 246.242 ms - -
2022-04-16 18:47:29:4729 info: 
**********************REQUEST_STARTED*********************
OPTIONS /api/admin/service/625aa1bb42c3c2845afbae7c 204 0.151 ms - 0
2022-04-16 18:47:29:4729 info: 
**********************REQUEST_STARTED*********************
GET /api/admin/service/625aa1bb42c3c2845afbae7c 200 261.494 ms - 1067
2022-04-16 18:47:33:4733 info: 
**********************REQUEST_STARTED*********************
OPTIONS /api/admin/service/625aa1bb42c3c2845afbae7c 204 0.075 ms - 0
2022-04-16 18:47:33:4733 info: 
**********************REQUEST_STARTED*********************
PUT /api/admin/service/625aa1bb42c3c2845afbae7c 200 364.582 ms - 424
2022-04-16 18:47:33:4733 info: 
**********************REQUEST_STARTED*********************
OPTIONS /api/admin/service 204 0.098 ms - 0
2022-04-16 18:47:33:4733 info: 
**********************REQUEST_STARTED*********************
GET /api/admin/service 200 292.457 ms - 1068
2022-04-16 18:49:59:4959 info: 
**********************REQUEST_STARTED*********************
OPTIONS /api/admin/service 204 0.328 ms - 0
2022-04-16 18:49:59:4959 info: 
**********************REQUEST_STARTED*********************
GET /api/admin/service 304 313.573 ms - -
2022-04-16 18:53:36:5336 info: 
**********************REQUEST_STARTED*********************
OPTIONS /api/admin/service 204 0.092 ms - 0
2022-04-16 18:53:36:5336 info: 
**********************REQUEST_STARTED*********************
GET /api/admin/service 304 276.740 ms - -
2022-04-18 10:41:44:4144 info: 
**********************REQUEST_STARTED*********************
OPTIONS /api/admin/service 204 3.529 ms - 0
2022-04-18 10:41:44:4144 info: 
**********************REQUEST_STARTED*********************
GET /api/admin/service 304 704.797 ms - -
2022-04-18 10:50:58:5058 info: 
**********************REQUEST_STARTED*********************
OPTIONS /api/partner 204 1.651 ms - 0
2022-04-18 10:50:58:5058 info: 
**********************REQUEST_STARTED*********************
GET /api/partner 200 128.187 ms - 3478
2022-04-18 10:51:02:512 info: 
**********************REQUEST_STARTED*********************
OPTIONS /api/admin/service/category?limit=5&page=1 204 0.128 ms - 0
2022-04-18 10:51:02:512 info: 
**********************REQUEST_STARTED*********************
GET /api/admin/service/category?limit=5&page=1 304 319.691 ms - -
2022-04-18 10:51:04:514 info: 
**********************REQUEST_STARTED*********************
OPTIONS /api/partner 204 0.194 ms - 0
2022-04-18 10:51:04:514 info: 
**********************REQUEST_STARTED*********************
GET /api/partner 304 85.226 ms - -
2022-04-18 10:51:09:519 info: 
**********************REQUEST_STARTED*********************
OPTIONS /api/admin/service 204 0.156 ms - 0
2022-04-18 10:51:10:5110 info: 
**********************REQUEST_STARTED*********************
GET /api/admin/service 304 112.193 ms - -
2022-04-18 10:51:59:5159 info: 
**********************REQUEST_STARTED*********************
OPTIONS /api/admin/service 204 0.293 ms - 0
2022-04-18 10:51:59:5159 info: 
**********************REQUEST_STARTED*********************
GET /api/admin/service 304 105.795 ms - -
2022-04-18 10:54:02:542 info: 
**********************REQUEST_STARTED*********************
OPTIONS /api/admin/service 204 0.159 ms - 0
2022-04-18 10:54:02:542 info: 
**********************REQUEST_STARTED*********************
GET /api/admin/service 304 121.569 ms - -
2022-04-18 10:55:13:5513 info: 
**********************REQUEST_STARTED*********************
OPTIONS /api/admin/service/category 204 0.199 ms - 0
2022-04-18 10:55:13:5513 info: 
**********************REQUEST_STARTED*********************
GET /api/admin/service/category 200 192.498 ms - 546
2022-04-18 10:56:16:5616 info: 
**********************REQUEST_STARTED*********************
OPTIONS /api/admin/service/category 204 0.152 ms - 0
2022-04-18 10:56:16:5616 info: 
**********************REQUEST_STARTED*********************
GET /api/admin/service/category 304 125.628 ms - -
2022-04-18 10:56:29:5629 info: 
**********************REQUEST_STARTED*********************
OPTIONS /api/admin/service/category 204 0.369 ms - 0
2022-04-18 10:56:29:5629 info: 
**********************REQUEST_STARTED*********************
GET /api/admin/service/category 304 155.289 ms - -
2022-04-18 10:56:42:5642 info: 
**********************REQUEST_STARTED*********************
OPTIONS /api/admin/service/category 204 0.461 ms - 0
2022-04-18 10:56:43:5643 info: 
**********************REQUEST_STARTED*********************
GET /api/admin/service/category 304 150.802 ms - -
2022-04-18 10:57:02:572 info: 
**********************REQUEST_STARTED*********************
OPTIONS /api/admin/service/category 204 0.135 ms - 0
2022-04-18 10:57:02:572 info: 
**********************REQUEST_STARTED*********************
GET /api/admin/service/category 304 124.223 ms - -
2022-04-18 10:57:52:5752 info: 
**********************REQUEST_STARTED*********************
OPTIONS /api/admin/service/category 204 0.130 ms - 0
2022-04-18 10:57:52:5752 info: 
**********************REQUEST_STARTED*********************
GET /api/admin/service/category 304 137.885 ms - -
2022-04-18 10:58:52:5852 info: 
**********************REQUEST_STARTED*********************
OPTIONS /api/admin/service/category 204 0.174 ms - 0
2022-04-18 10:58:53:5853 info: 
**********************REQUEST_STARTED*********************
GET /api/admin/service/category 304 102.318 ms - -
2022-04-18 10:59:19:5919 info: 
**********************REQUEST_STARTED*********************
OPTIONS /api/admin/service/category 204 0.187 ms - 0
2022-04-18 10:59:19:5919 info: 
**********************REQUEST_STARTED*********************
GET /api/admin/service/category 304 93.658 ms - -
2022-04-18 11:01:17:117 info: 
**********************REQUEST_STARTED*********************
OPTIONS /api/admin/service/category 204 0.172 ms - 0
2022-04-18 11:01:17:117 info: 
**********************REQUEST_STARTED*********************
GET /api/admin/service/category 304 196.854 ms - -
2022-04-18 11:03:17:317 info: 
**********************REQUEST_STARTED*********************
OPTIONS /api/admin/service/category?limit=5&page=1 204 0.149 ms - 0
2022-04-18 11:03:18:318 info: 
**********************REQUEST_STARTED*********************
GET /api/admin/service/category?limit=5&page=1 304 131.570 ms - -
2022-04-18 11:03:18:318 info: 
**********************REQUEST_STARTED*********************
OPTIONS /api/partner/?limit=5&page=1 204 0.141 ms - 0
2022-04-18 11:03:18:318 info: 
**********************REQUEST_STARTED*********************
GET /api/partner/?limit=5&page=1 304 94.034 ms - -
2022-04-18 11:03:18:318 info: 
**********************REQUEST_STARTED*********************
OPTIONS /api/admin/service/62581b72a6be76c0f5e7cf29 204 0.161 ms - 0
2022-04-18 11:03:18:318 info: 
**********************REQUEST_STARTED*********************
GET /api/admin/service/62581b72a6be76c0f5e7cf29 200 95.875 ms - 43
2022-04-18 11:03:49:349 info: 
**********************REQUEST_STARTED*********************
OPTIONS /api/admin/service/category?limit=5&page=1 204 0.225 ms - 0
2022-04-18 11:03:50:350 info: 
**********************REQUEST_STARTED*********************
GET /api/admin/service/category?limit=5&page=1 304 107.619 ms - -
2022-04-18 11:03:50:350 info: 
**********************REQUEST_STARTED*********************
OPTIONS /api/partner/?limit=5&page=1 204 0.671 ms - 0
2022-04-18 11:03:50:350 info: 
**********************REQUEST_STARTED*********************
GET /api/partner/?limit=5&page=1 304 90.689 ms - -
2022-04-18 11:03:50:350 info: 
**********************REQUEST_STARTED*********************
OPTIONS /api/admin/service/62581b72a6be76c0f5e7cf29 204 0.126 ms - 0
2022-04-18 11:03:50:350 info: 
**********************REQUEST_STARTED*********************
GET /api/admin/service/62581b72a6be76c0f5e7cf29 304 107.584 ms - -
2022-04-18 11:05:54:554 info: 
**********************REQUEST_STARTED*********************
OPTIONS /api/admin/service/category?limit=5&page=1 204 0.211 ms - 0
2022-04-18 11:05:54:554 info: 
**********************REQUEST_STARTED*********************
GET /api/admin/service/category?limit=5&page=1 304 148.847 ms - -
2022-04-18 11:05:54:554 info: 
**********************REQUEST_STARTED*********************
OPTIONS /api/partner/?limit=5&page=1 204 0.130 ms - 0
2022-04-18 11:05:54:554 info: 
**********************REQUEST_STARTED*********************
GET /api/partner/?limit=5&page=1 304 85.623 ms - -
2022-04-18 11:05:54:554 info: 
**********************REQUEST_STARTED*********************
OPTIONS /api/admin/service/category/62581b72a6be76c0f5e7cf29 204 0.216 ms - 0
2022-04-18 11:05:55:555 info: 
**********************REQUEST_STARTED*********************
GET /api/admin/service/category/62581b72a6be76c0f5e7cf29 404 23.712 ms - 190
2022-04-18 11:06:16:616 info: 
**********************REQUEST_STARTED*********************
OPTIONS /api/admin/service/category?limit=5&page=1 204 0.116 ms - 0
2022-04-18 11:06:16:616 info: 
**********************REQUEST_STARTED*********************
GET /api/admin/service/category?limit=5&page=1 304 106.576 ms - -
2022-04-18 11:06:16:616 info: 
**********************REQUEST_STARTED*********************
OPTIONS /api/partner/?limit=5&page=1 204 0.131 ms - 0
2022-04-18 11:06:16:616 info: 
**********************REQUEST_STARTED*********************
GET /api/partner/?limit=5&page=1 304 81.669 ms - -
2022-04-18 11:06:16:616 info: 
**********************REQUEST_STARTED*********************
OPTIONS /api/admin/service/category/62581b72a6be76c0f5e7cf29 204 0.542 ms - 0
2022-04-18 11:06:16:616 info: 
**********************REQUEST_STARTED*********************
GET /api/admin/service/category/62581b72a6be76c0f5e7cf29 404 0.720 ms - 190
2022-04-18 11:07:09:79 info: 
**********************REQUEST_STARTED*********************
OPTIONS /api/admin/service/category/62581b72a6be76c0f5e7cf29 204 1.450 ms - 0
2022-04-18 11:07:09:79 info: 
**********************REQUEST_STARTED*********************
GET /api/admin/service/category/62581b72a6be76c0f5e7cf29 404 0.444 ms - 190
