2022-06-11 10:02:15:215 info: 
**********************REQUEST_STARTED*********************
POST /api/partner 400 668.488 ms - 140
2022-06-11 10:02:34:234 info: 
**********************REQUEST_STARTED*********************
POST /api/partner 200 816.774 ms - 950
2022-06-11 10:02:55:255 info: 
**********************REQUEST_STARTED*********************
POST /api/partner 409 398.708 ms - 42
2022-06-11 10:03:52:352 info: 
**********************REQUEST_STARTED*********************
POST /api/partner 400 529.906 ms - 140
2022-06-11 10:04:02:42 info: 
**********************REQUEST_STARTED*********************
POST /api/partner 200 952.360 ms - 949
2022-06-11 10:05:32:532 info: 
**********************REQUEST_STARTED*********************
POST /api/partner 409 333.022 ms - 42
2022-06-11 10:06:13:613 info: 
**********************REQUEST_STARTED*********************
POST /api/partner 409 473.665 ms - 42
2022-06-11 10:06:42:642 info: 
**********************REQUEST_STARTED*********************
POST /api/partner 409 402.941 ms - 42
2022-06-11 10:07:16:716 info: 
**********************REQUEST_STARTED*********************
POST /api/partner 409 433.950 ms - 42
2022-06-11 10:07:40:740 info: 
**********************REQUEST_STARTED*********************
POST /api/partner 409 480.882 ms - 42
2022-06-11 10:11:43:1143 info: 
**********************REQUEST_STARTED*********************
POST /api/partner 400 55.076 ms - 36
2022-06-11 10:12:05:125 info: 
**********************REQUEST_STARTED*********************
POST /api/partner 400 3.205 ms - 35
2022-06-11 10:12:14:1214 info: 
**********************REQUEST_STARTED*********************
POST /api/partner 409 520.602 ms - 42
2022-06-11 10:12:26:1226 info: 
**********************REQUEST_STARTED*********************
POST /api/partner 400 425.287 ms - 140
2022-06-11 10:12:35:1235 info: 
**********************REQUEST_STARTED*********************
POST /api/partner 200 677.456 ms - 939
2022-06-11 18:53:36:5336 info: 
**********************REQUEST_STARTED*********************
POST /api/user 409 1167.757 ms - 42
2022-06-11 18:56:03:563 info: 
**********************REQUEST_STARTED*********************
POST /api/user 409 1585.612 ms - 503
2022-06-11 18:58:41:5841 info: 
**********************REQUEST_STARTED*********************
POST /api/user 400 676.951 ms - 118
2022-06-11 19:00:12:012 info: 
**********************REQUEST_STARTED*********************
POST /api/user 400 693.665 ms - 118
2022-06-11 19:01:31:131 info: 
**********************REQUEST_STARTED*********************
POST /api/user 400 791.138 ms - 118
2022-06-11 19:01:57:157 info: 
**********************REQUEST_STARTED*********************
POST /api/user 200 957.365 ms - 547
2022-06-11 19:02:00:20 info: 
**********************REQUEST_STARTED*********************
POST /api/user 409 166.702 ms - 454
2022-06-11 19:28:06:286 info: 
**********************REQUEST_STARTED*********************
POST /api/partner 400 560.765 ms - 600
2022-06-11 19:30:27:3027 info: 
**********************REQUEST_STARTED*********************
POST /api/partner 400 497.987 ms - 423
2022-06-11 19:33:44:3344 info: 
**********************REQUEST_STARTED*********************
POST /api/partner 200 1751.236 ms - 909
2022-06-11 19:34:53:3453 info: 
**********************REQUEST_STARTED*********************
POST /api/partner 409 206.599 ms - 42
2022-06-11 22:09:01:91 info: 
**********************REQUEST_STARTED*********************
POST /api/partner 400 524.554 ms - 134
2022-06-11 22:09:47:947 info: 
**********************REQUEST_STARTED*********************
POST /api/partner 400 348.683 ms - 134
2022-06-11 22:10:22:1022 info: 
**********************REQUEST_STARTED*********************
POST /api/partner 400 825.019 ms - 134
2022-06-11 22:11:26:1126 info: 
**********************REQUEST_STARTED*********************
POST /api/partner 200 832.495 ms - 909
2022-06-11 22:11:46:1146 info: 
**********************REQUEST_STARTED*********************
POST /api/partner 409 170.720 ms - 42
2022-06-11 22:11:54:1154 info: 
**********************REQUEST_STARTED*********************
POST /api/partner 200 686.094 ms - 912
2022-06-11 22:12:24:1224 info: 
**********************REQUEST_STARTED*********************
POST /api/partner 200 526.906 ms - 944
2022-06-11 22:14:06:146 info: 
**********************REQUEST_STARTED*********************
POST /api/partner 200 746.192 ms - 944
2022-06-11 22:14:12:1412 info: 
**********************REQUEST_STARTED*********************
POST /api/partner 409 305.829 ms - 42
2022-06-11 22:14:18:1418 info: 
**********************REQUEST_STARTED*********************
POST /api/partner 200 574.220 ms - 942
2022-06-11 22:14:49:1449 info: 
**********************REQUEST_STARTED*********************
POST /api/partner 409 169.338 ms - 42
2022-06-11 22:14:55:1455 info: 
**********************REQUEST_STARTED*********************
POST /api/partner 200 522.621 ms - 944
2022-06-11 22:16:15:1615 info: 
**********************REQUEST_STARTED*********************
POST /api/partner 200 578.129 ms - 944
2022-06-11 22:16:21:1621 info: 
**********************REQUEST_STARTED*********************
POST /api/partner 400 364.404 ms - 145
2022-06-11 22:16:29:1629 info: 
**********************REQUEST_STARTED*********************
POST /api/partner 200 567.900 ms - 941
2022-06-11 22:19:37:1937 info: 
**********************REQUEST_STARTED*********************
POST /api/partner - - ms - -
2022-06-11 22:20:52:2052 info: 
**********************REQUEST_STARTED*********************
POST /api/partner 400 162.008 ms - 45
2022-06-11 22:20:56:2056 info: 
**********************REQUEST_STARTED*********************
POST /api/partner 400 220.550 ms - 45
2022-06-11 22:21:03:213 info: 
**********************REQUEST_STARTED*********************
POST /api/partner 400 5.018 ms - 1158
2022-06-11 22:21:07:217 info: 
**********************REQUEST_STARTED*********************
POST /api/partner 409 261.831 ms - 42
2022-06-11 22:21:13:2113 info: 
**********************REQUEST_STARTED*********************
POST /api/partner 200 698.358 ms - 912
2022-06-11 22:21:17:2117 info: 
**********************REQUEST_STARTED*********************
POST /api/partner 400 125.957 ms - 45
2022-06-11 22:22:04:224 info: 
**********************REQUEST_STARTED*********************
POST /api/partner 409 245.240 ms - 42
2022-06-11 22:22:49:2249 info: 
**********************REQUEST_STARTED*********************
POST /api/partner 409 196.879 ms - 42
2022-06-11 22:23:34:2334 info: 
**********************REQUEST_STARTED*********************
POST /api/partner 400 45.842 ms - 45
2022-06-11 22:24:29:2429 info: 
**********************REQUEST_STARTED*********************
POST /api/partner 400 37.201 ms - 45
2022-06-11 22:24:51:2451 info: 
**********************REQUEST_STARTED*********************
POST /api/partner 409 2522.910 ms - 42
2022-06-11 22:25:00:250 info: 
**********************REQUEST_STARTED*********************
POST /api/partner 400 578.135 ms - 134
<<<<<<< Updated upstream

=======
2022-06-11 22:27:32:2732 info: 
**********************REQUEST_STARTED*********************
POST /api/partner 200 968.324 ms - 926
2022-06-11 22:28:09:289 info: 
**********************REQUEST_STARTED*********************
POST /api/partner 409 245.127 ms - 42
2022-06-11 22:28:19:2819 info: 
**********************REQUEST_STARTED*********************
POST /api/partner 200 781.400 ms - 912
>>>>>>> Stashed changes
