2022-06-09 13:35:53:3553 info: 
**********************REQUEST_STARTED*********************
POST /api/checkuser 200 200.491 ms - 33
2022-06-09 13:36:40:3640 info: 
**********************REQUEST_STARTED*********************
POST /api/checkuser 409 172.556 ms - 959
2022-06-09 13:43:39:4339 info: 
**********************REQUEST_STARTED*********************
POST /api/checkuser 409 2516.459 ms - 98
2022-06-09 13:43:55:4355 info: 
**********************REQUEST_STARTED*********************
POST /api/checkuser 400 240.251 ms - 47
2022-06-09 13:44:29:4429 info: 
**********************REQUEST_STARTED*********************
POST /api/checkuser 400 2877.299 ms - 47
2022-06-09 13:49:08:498 info: 
**********************REQUEST_STARTED*********************
POST /api/checkuser 200 21119.103 ms - 55
2022-06-09 13:50:04:504 info: 
**********************REQUEST_STARTED*********************
POST /api/checkuser 200 294.872 ms - 55
2022-06-09 13:56:03:563 info: 
**********************REQUEST_STARTED*********************
POST /api/checkuser 400 24.560 ms - 29
2022-06-09 13:56:09:569 info: 
**********************REQUEST_STARTED*********************
POST /api/checkuser 200 338.295 ms - 55
2022-06-09 13:57:21:5721 info: 
**********************REQUEST_STARTED*********************
POST /api/checkuser 200 207.214 ms - 55
2022-06-09 13:57:26:5726 info: 
**********************REQUEST_STARTED*********************
POST /api/checkuser 200 151.136 ms - 55
2022-06-09 13:57:30:5730 info: 
**********************REQUEST_STARTED*********************
POST /api/checkuser 200 131.875 ms - 55
2022-06-09 13:57:36:5736 info: 
**********************REQUEST_STARTED*********************
POST /api/checkuser 200 293.662 ms - 55
2022-06-09 13:57:40:5740 info: 
**********************REQUEST_STARTED*********************
POST /api/checkuser 200 132.753 ms - 55
2022-06-09 13:59:17:5917 info: 
**********************REQUEST_STARTED*********************
POST /api/checkuser 400 30.717 ms - 29
2022-06-09 22:53:30:5330 info: 
**********************REQUEST_STARTED*********************
GET / 200 44.726 ms - 48
2022-06-09 22:53:30:5330 info: 
**********************REQUEST_STARTED*********************
GET /favicon.ico 404 4.191 ms - 150
2022-06-09 22:53:32:5332 info: 
**********************REQUEST_STARTED*********************
GET / 200 0.795 ms - 48
2022-06-09 22:54:06:546 info: 
**********************REQUEST_STARTED*********************
GET /api/splash 200 701.593 ms - 990
2022-06-09 22:59:08:598 info: 
**********************REQUEST_STARTED*********************
GET /api/splash 200 79.557 ms - 990
2022-06-09 23:07:19:719 info: 
**********************REQUEST_STARTED*********************
POST /api/user/login 400 217.412 ms - 45
2022-06-09 23:35:33:3533 info: 
**********************REQUEST_STARTED*********************
POST /api/user 409 181.385 ms - 42
2022-06-09 23:44:07:447 info: 
**********************REQUEST_STARTED*********************
POST /api/user 409 164.716 ms - 42
2022-06-09 23:44:22:4422 info: 
**********************REQUEST_STARTED*********************
POST /api/user 409 179.972 ms - 42
2022-06-09 23:58:37:5837 info: 
**********************REQUEST_STARTED*********************
POST /api/user 409 149.519 ms - 42
2022-06-10 00:00:12:012 info: 
**********************REQUEST_STARTED*********************
POST /api/user 409 148.234 ms - 42
2022-06-10 00:00:26:026 info: 
**********************REQUEST_STARTED*********************
POST /api/user 409 160.837 ms - 42
2022-06-10 00:03:39:339 info: 
**********************REQUEST_STARTED*********************
POST /api/user 409 183.148 ms - 42
2022-06-10 00:04:24:424 info: 
**********************REQUEST_STARTED*********************
POST /api/user 409 141.198 ms - 42
2022-06-10 00:05:49:549 info: 
**********************REQUEST_STARTED*********************
GET /api/splash 200 72.642 ms - 990
2022-06-10 00:06:41:641 info: 
**********************REQUEST_STARTED*********************
POST /api/user 409 146.321 ms - 42
2022-06-10 00:06:43:643 info: 
**********************REQUEST_STARTED*********************
POST /api/checkuser 409 204.672 ms - 81
2022-06-10 00:08:53:853 info: 
**********************REQUEST_STARTED*********************
POST /api/user 409 139.681 ms - 42
2022-06-10 00:08:58:858 info: 
**********************REQUEST_STARTED*********************
POST /api/checkuser 409 216.549 ms - 81
2022-06-10 00:14:38:1438 info: 
**********************REQUEST_STARTED*********************
POST /api/user 409 170.847 ms - 42
2022-06-10 00:14:48:1448 info: 
**********************REQUEST_STARTED*********************
POST /api/checkuser 409 147.625 ms - 81
2022-06-10 00:24:20:2420 info: 
**********************REQUEST_STARTED*********************
POST /api/user 409 153.787 ms - 42
2022-06-10 00:24:20:2420 info: 
**********************REQUEST_STARTED*********************
POST /api/checkuser 409 148.198 ms - 82
2022-06-10 00:24:21:2421 info: 
**********************REQUEST_STARTED*********************
POST /api/user/login 400 196.641 ms - 45
2022-06-10 00:24:36:2436 info: 
**********************REQUEST_STARTED*********************
POST /api/user 409 145.579 ms - 42
2022-06-10 00:24:36:2436 info: 
**********************REQUEST_STARTED*********************
POST /api/checkuser 409 142.697 ms - 82
2022-06-10 00:24:37:2437 info: 
**********************REQUEST_STARTED*********************
POST /api/user/login 400 149.844 ms - 45
2022-06-10 00:25:17:2517 info: 
**********************REQUEST_STARTED*********************
GET /api/splash 200 74.264 ms - 990
2022-06-10 00:25:48:2548 info: 
**********************REQUEST_STARTED*********************
POST /api/user 409 183.573 ms - 42
2022-06-10 00:25:48:2548 info: 
**********************REQUEST_STARTED*********************
POST /api/checkuser 409 155.623 ms - 82
2022-06-10 00:25:49:2549 info: 
**********************REQUEST_STARTED*********************
POST /api/user/login 400 143.244 ms - 45
2022-06-10 00:32:14:3214 info: 
**********************REQUEST_STARTED*********************
GET /api/splash 200 91.413 ms - 990
2022-06-10 00:33:02:332 info: 
**********************REQUEST_STARTED*********************
POST /api/user 409 152.647 ms - 42
2022-06-10 00:33:02:332 info: 
**********************REQUEST_STARTED*********************
POST /api/checkuser 409 148.546 ms - 82
2022-06-10 00:33:03:333 info: 
**********************REQUEST_STARTED*********************
POST /api/user/login 200 158.321 ms - 747
2022-06-10 00:33:18:3318 info: 
**********************REQUEST_STARTED*********************
POST /api/user 409 158.344 ms - 42
2022-06-10 00:33:18:3318 info: 
**********************REQUEST_STARTED*********************
POST /api/checkuser 409 172.681 ms - 82
2022-06-10 00:33:19:3319 info: 
**********************REQUEST_STARTED*********************
POST /api/user/login 200 137.652 ms - 747
2022-06-10 00:33:25:3325 info: 
**********************REQUEST_STARTED*********************
POST /api/user 409 138.290 ms - 42
2022-06-10 00:33:25:3325 info: 
**********************REQUEST_STARTED*********************
POST /api/checkuser 409 158.495 ms - 82
2022-06-10 00:33:26:3326 info: 
**********************REQUEST_STARTED*********************
POST /api/user/login 200 148.908 ms - 747
2022-06-10 01:00:39:039 info: 
**********************REQUEST_STARTED*********************
GET /api/splash 200 104.901 ms - 990
2022-06-10 01:02:38:238 info: 
**********************REQUEST_STARTED*********************
GET /api/splash 200 78.082 ms - 990
2022-06-10 01:14:28:1428 info: 
**********************REQUEST_STARTED*********************
GET /api/splash 200 95.511 ms - 990
2022-06-10 01:15:06:156 info: 
**********************REQUEST_STARTED*********************
POST /api/user 409 163.355 ms - 42
2022-06-10 01:15:07:157 info: 
**********************REQUEST_STARTED*********************
POST /api/checkuser 409 155.077 ms - 82
2022-06-10 01:15:07:157 info: 
**********************REQUEST_STARTED*********************
POST /api/user/login 200 131.496 ms - 747
2022-06-10 01:17:15:1715 info: 
**********************REQUEST_STARTED*********************
GET /api/splash 200 80.502 ms - 990
2022-06-10 01:17:49:1749 info: 
**********************REQUEST_STARTED*********************
GET /api/splash 200 78.870 ms - 990
2022-06-10 01:18:05:185 info: 
**********************REQUEST_STARTED*********************
GET /api/splash 200 81.568 ms - 990
2022-06-10 01:18:20:1820 info: 
**********************REQUEST_STARTED*********************
GET /api/splash 200 79.749 ms - 990
2022-06-10 01:18:35:1835 info: 
**********************REQUEST_STARTED*********************
GET /api/splash 200 70.117 ms - 990
2022-06-10 01:18:51:1851 info: 
**********************REQUEST_STARTED*********************
GET /api/splash 200 83.171 ms - 990
2022-06-10 01:19:09:199 info: 
**********************REQUEST_STARTED*********************
GET /api/splash 200 80.098 ms - 990
2022-06-10 01:19:24:1924 info: 
**********************REQUEST_STARTED*********************
GET /api/splash 200 78.006 ms - 990
2022-06-10 01:19:41:1941 info: 
**********************REQUEST_STARTED*********************
GET /api/splash 200 78.215 ms - 990
2022-06-10 01:20:13:2013 info: 
**********************REQUEST_STARTED*********************
GET /api/splash 200 317.951 ms - 990
2022-06-10 01:20:43:2043 info: 
**********************REQUEST_STARTED*********************
POST /api/user 409 144.292 ms - 42
2022-06-10 01:20:44:2044 info: 
**********************REQUEST_STARTED*********************
POST /api/checkuser 409 430.131 ms - 82
2022-06-10 01:20:45:2045 info: 
**********************REQUEST_STARTED*********************
POST /api/user/login 200 147.573 ms - 747
2022-06-10 01:23:00:230 info: 
**********************REQUEST_STARTED*********************
POST /api/user 409 143.802 ms - 42
2022-06-10 01:23:00:230 info: 
**********************REQUEST_STARTED*********************
POST /api/checkuser 409 140.101 ms - 82
2022-06-10 01:23:01:231 info: 
**********************REQUEST_STARTED*********************
POST /api/user/login 200 163.465 ms - 747
