2022-05-05 11:21:14:2114 info: 
**********************REQUEST_STARTED*********************
OPTIONS /api/post?page=1&limit=5 200 3.807 ms - 0
2022-05-05 11:21:14:2114 info: 
**********************REQUEST_STARTED*********************
OPTIONS /api/post 200 0.348 ms - 0
2022-05-05 11:21:14:2114 info: 
**********************REQUEST_STARTED*********************
GET /api/post?page=1&limit=5 304 155.402 ms - -
2022-05-05 11:21:15:2115 info: 
**********************REQUEST_STARTED*********************
GET /api/post 304 163.085 ms - -
2022-05-05 11:21:15:2115 info: 
**********************REQUEST_STARTED*********************
GET /api/post?page=1&limit=5 304 82.069 ms - -
2022-05-05 11:21:15:2115 info: 
**********************REQUEST_STARTED*********************
GET /api/post 304 79.153 ms - -
2022-05-05 11:21:21:2121 info: 
**********************REQUEST_STARTED*********************
OPTIONS /api/post/62727fc304f2a51a25889427 200 0.406 ms - 0
2022-05-05 11:21:21:2121 info: 
**********************REQUEST_STARTED*********************
DELETE /api/post/62727fc304f2a51a25889427 200 51.360 ms - 584
2022-05-05 11:21:21:2121 info: 
**********************REQUEST_STARTED*********************
OPTIONS /api/post?page=1&limit=5 200 0.151 ms - 0
2022-05-05 11:21:21:2121 info: 
**********************REQUEST_STARTED*********************
GET /api/post?page=1&limit=5 200 294.221 ms - 794
2022-05-05 11:21:58:2158 info: 
**********************REQUEST_STARTED*********************
POST /api/post 400 42.757 ms - 1158
2022-05-05 11:22:08:228 info: 
**********************REQUEST_STARTED*********************
POST /api/post 200 81.037 ms - 564
2022-05-05 11:22:37:2237 info: 
**********************REQUEST_STARTED*********************
POST /api/post 200 127.734 ms - 566
2022-05-05 11:22:42:2242 info: 
**********************REQUEST_STARTED*********************
OPTIONS /api/post?page=1&limit=5 200 0.162 ms - 0
2022-05-05 11:22:42:2242 info: 
**********************REQUEST_STARTED*********************
OPTIONS /api/post 200 0.320 ms - 0
2022-05-05 11:22:42:2242 info: 
**********************REQUEST_STARTED*********************
GET /api/post 200 223.214 ms - 2310
2022-05-05 11:22:42:2242 info: 
**********************REQUEST_STARTED*********************
GET /api/post?page=1&limit=5 200 231.933 ms - 2310
2022-05-05 11:23:22:2322 info: 
**********************REQUEST_STARTED*********************
OPTIONS /api/post?page=1&limit=5 200 0.440 ms - 0
2022-05-05 11:23:22:2322 info: 
**********************REQUEST_STARTED*********************
OPTIONS /api/post 200 0.267 ms - 0
2022-05-05 11:23:22:2322 info: 
**********************REQUEST_STARTED*********************
GET /api/post 304 162.085 ms - -
2022-05-05 11:23:22:2322 info: 
**********************REQUEST_STARTED*********************
GET /api/post?page=1&limit=5 304 169.654 ms - -
2022-05-05 11:23:23:2323 info: 
**********************REQUEST_STARTED*********************
GET /api/post 304 275.091 ms - -
2022-05-05 11:23:23:2323 info: 
**********************REQUEST_STARTED*********************
GET /api/post?page=1&limit=5 304 274.417 ms - -
2022-05-05 11:25:05:255 info: 
**********************REQUEST_STARTED*********************
OPTIONS /api/post?page=1&limit=5 200 0.247 ms - 0
2022-05-05 11:25:05:255 info: 
**********************REQUEST_STARTED*********************
OPTIONS /api/post 200 0.341 ms - 0
2022-05-05 11:25:05:255 info: 
**********************REQUEST_STARTED*********************
GET /api/post 304 201.178 ms - -
2022-05-05 11:25:05:255 info: 
**********************REQUEST_STARTED*********************
GET /api/post?page=1&limit=5 304 201.779 ms - -
2022-05-05 11:26:33:2633 info: 
**********************REQUEST_STARTED*********************
OPTIONS /api/post?page=1&limit=2 200 0.245 ms - 0
2022-05-05 11:26:33:2633 info: 
**********************REQUEST_STARTED*********************
OPTIONS /api/post 200 0.241 ms - 0
2022-05-05 11:26:33:2633 info: 
**********************REQUEST_STARTED*********************
GET /api/post?page=1&limit=2 200 160.843 ms - 1551
2022-05-05 11:26:33:2633 info: 
**********************REQUEST_STARTED*********************
GET /api/post 304 162.284 ms - -
2022-05-05 11:30:00:300 info: 
**********************REQUEST_STARTED*********************
OPTIONS /api/post?page=1&limit=2 200 2.269 ms - 0
2022-05-05 11:30:00:300 info: 
**********************REQUEST_STARTED*********************
OPTIONS /api/post 200 0.447 ms - 0
2022-05-05 11:30:03:303 info: 
**********************REQUEST_STARTED*********************
GET /api/post 200 2820.733 ms - 2365
2022-05-05 11:30:03:303 info: 
**********************REQUEST_STARTED*********************
GET /api/post?page=1&limit=2 200 2841.481 ms - 1606
2022-05-05 11:30:05:305 info: 
**********************REQUEST_STARTED*********************
OPTIONS /api/post?page=2&limit=2 200 0.106 ms - 0
2022-05-05 11:30:05:305 info: 
**********************REQUEST_STARTED*********************
GET /api/post?page=2&limit=2 200 227.837 ms - 849
2022-05-05 11:30:08:308 info: 
**********************REQUEST_STARTED*********************
OPTIONS /api/post?page=1&limit=2 200 0.115 ms - 0
2022-05-05 11:30:08:308 info: 
**********************REQUEST_STARTED*********************
GET /api/post?page=1&limit=2 304 185.806 ms - -
2022-05-05 11:30:10:3010 info: 
**********************REQUEST_STARTED*********************
GET /api/post?page=2&limit=2 304 242.809 ms - -
2022-05-05 11:31:04:314 info: 
**********************REQUEST_STARTED*********************
OPTIONS /api/post?page=1&limit=2 200 0.150 ms - 0
2022-05-05 11:31:04:314 info: 
**********************REQUEST_STARTED*********************
GET /api/post?page=1&limit=2 304 112.727 ms - -
2022-05-05 11:40:38:4038 info: 
**********************REQUEST_STARTED*********************
OPTIONS /api/post?page=1&limit=2 200 3.419 ms - 0
2022-05-05 11:40:38:4038 info: 
**********************REQUEST_STARTED*********************
OPTIONS /api/post 200 0.106 ms - 0
2022-05-05 11:40:39:4039 info: 
**********************REQUEST_STARTED*********************
GET /api/post?page=1&limit=2 304 362.981 ms - -
2022-05-05 11:40:39:4039 info: 
**********************REQUEST_STARTED*********************
GET /api/post 304 332.428 ms - -
2022-05-05 11:41:08:418 info: 
**********************REQUEST_STARTED*********************
OPTIONS /api/post?page=1&limit=2 200 0.204 ms - 0
2022-05-05 11:41:08:418 info: 
**********************REQUEST_STARTED*********************
OPTIONS /api/post 200 0.518 ms - 0
2022-05-05 11:41:08:418 info: 
**********************REQUEST_STARTED*********************
GET /api/post?page=1&limit=2 304 208.705 ms - -
2022-05-05 11:41:08:418 info: 
**********************REQUEST_STARTED*********************
GET /api/post 304 196.872 ms - -
2022-05-05 11:42:20:4220 info: 
**********************REQUEST_STARTED*********************
OPTIONS /api/post?page=1&limit=2 200 0.695 ms - 0
2022-05-05 11:42:20:4220 info: 
**********************REQUEST_STARTED*********************
OPTIONS /api/post 200 0.209 ms - 0
2022-05-05 11:42:20:4220 info: 
**********************REQUEST_STARTED*********************
GET /api/post?page=1&limit=2 304 188.057 ms - -
2022-05-05 11:42:20:4220 info: 
**********************REQUEST_STARTED*********************
GET /api/post 304 202.293 ms - -
2022-05-05 11:52:13:5213 info: 
**********************REQUEST_STARTED*********************
OPTIONS /api/post?page=1&limit=2 200 1.606 ms - 0
2022-05-05 11:52:13:5213 info: 
**********************REQUEST_STARTED*********************
OPTIONS /api/post 200 0.203 ms - 0
2022-05-05 11:52:13:5213 info: 
**********************REQUEST_STARTED*********************
GET /api/post 304 146.457 ms - -
2022-05-05 11:52:13:5213 info: 
**********************REQUEST_STARTED*********************
GET /api/post?page=1&limit=2 304 165.998 ms - -
2022-05-05 12:29:01:291 info: 
**********************REQUEST_STARTED*********************
OPTIONS /api/post 200 1.714 ms - 0
2022-05-05 12:29:01:291 info: 
**********************REQUEST_STARTED*********************
POST /api/post 200 227.538 ms - 232
2022-05-05 12:29:02:292 info: 
**********************REQUEST_STARTED*********************
OPTIONS /api/post?page=1&limit=2 200 0.570 ms - 0
2022-05-05 12:29:02:292 info: 
**********************REQUEST_STARTED*********************
GET /api/post?page=1&limit=2 200 102.116 ms - 1046
2022-05-05 12:29:02:292 info: 
**********************REQUEST_STARTED*********************
GET /api/post 200 117.817 ms - 2562
2022-05-05 12:29:05:295 info: 
**********************REQUEST_STARTED*********************
OPTIONS /api/post?page=2&limit=2 200 0.143 ms - 0
2022-05-05 12:29:05:295 info: 
**********************REQUEST_STARTED*********************
GET /api/post?page=2&limit=2 200 99.314 ms - 1606
2022-05-05 12:29:07:297 info: 
**********************REQUEST_STARTED*********************
OPTIONS /api/post?page=1&limit=2 200 0.109 ms - 0
2022-05-05 12:29:07:297 info: 
**********************REQUEST_STARTED*********************
GET /api/post?page=1&limit=2 304 95.474 ms - -
2022-05-05 12:32:35:3235 info: 
**********************REQUEST_STARTED*********************
GET /api/admin/service/category?limit=5&page=1 200 204.569 ms - 1327
2022-05-05 12:35:35:3535 info: 
**********************REQUEST_STARTED*********************
OPTIONS /api/admin/service/category 200 1.880 ms - 0
2022-05-05 12:35:35:3535 info: 
**********************REQUEST_STARTED*********************
GET /api/admin/service/category 200 119.816 ms - 2075
2022-05-05 12:35:44:3544 info: 
**********************REQUEST_STARTED*********************
OPTIONS /api/admin/service/category 200 0.240 ms - 0
2022-05-05 12:35:44:3544 info: 
**********************REQUEST_STARTED*********************
GET /api/admin/service/category 304 100.877 ms - -
2022-05-05 12:36:05:365 info: 
**********************REQUEST_STARTED*********************
OPTIONS /api/admin/service/category 200 0.124 ms - 0
2022-05-05 12:36:05:365 info: 
**********************REQUEST_STARTED*********************
GET /api/admin/service/category 304 101.972 ms - -
2022-05-05 12:36:30:3630 info: 
**********************REQUEST_STARTED*********************
OPTIONS /api/admin/service/categosry 200 0.179 ms - 0
2022-05-05 12:36:30:3630 info: 
**********************REQUEST_STARTED*********************
GET /api/admin/service/categosry 400 55.790 ms - 30
2022-05-05 12:36:37:3637 info: 
**********************REQUEST_STARTED*********************
OPTIONS /api/admin/service/category 200 0.119 ms - 0
2022-05-05 12:36:37:3637 info: 
**********************REQUEST_STARTED*********************
GET /api/admin/service/category 304 96.760 ms - -
2022-05-05 12:36:47:3647 info: 
**********************REQUEST_STARTED*********************
OPTIONS /api/partner?page=1&limit=5 200 0.191 ms - 0
2022-05-05 12:36:47:3647 info: 
**********************REQUEST_STARTED*********************
OPTIONS /api/partner 200 0.275 ms - 0
2022-05-05 12:36:48:3648 info: 
**********************REQUEST_STARTED*********************
GET /api/partner 200 183.295 ms - 4701
2022-05-05 12:36:48:3648 info: 
**********************REQUEST_STARTED*********************
GET /api/partner?page=1&limit=5 304 197.656 ms - -
2022-05-05 12:36:49:3649 info: 
**********************REQUEST_STARTED*********************
OPTIONS /api/admin/service/category?limit=5&page=1 200 0.171 ms - 0
2022-05-05 12:36:49:3649 info: 
**********************REQUEST_STARTED*********************
GET /api/admin/service/category?limit=5&page=1 200 97.380 ms - 1327
2022-05-05 12:36:49:3649 info: 
**********************REQUEST_STARTED*********************
OPTIONS /api/admin/service/category 200 0.188 ms - 0
2022-05-05 12:36:49:3649 info: 
**********************REQUEST_STARTED*********************
GET /api/admin/service/category 304 95.269 ms - -
2022-05-05 12:37:06:376 info: 
**********************REQUEST_STARTED*********************
OPTIONS /api/partner/requests?page=1&limit=5 200 0.127 ms - 0
2022-05-05 12:37:06:376 info: 
**********************REQUEST_STARTED*********************
OPTIONS /api/partner/requests 200 0.258 ms - 0
2022-05-05 12:37:06:376 info: 
**********************REQUEST_STARTED*********************
GET /api/partner/requests 200 160.354 ms - 8947
2022-05-05 12:37:06:376 info: 
**********************REQUEST_STARTED*********************
GET /api/partner/requests?page=1&limit=5 200 176.932 ms - 8958
2022-05-05 12:37:07:377 info: 
**********************REQUEST_STARTED*********************
OPTIONS /api/user?page=1&limit=6 200 0.120 ms - 0
2022-05-05 12:37:07:377 info: 
**********************REQUEST_STARTED*********************
OPTIONS /api/user?page=1&limit=6 200 0.243 ms - 0
2022-05-05 12:37:07:377 info: 
**********************REQUEST_STARTED*********************
GET /api/user?page=1&limit=6 200 209.398 ms - 14569
2022-05-05 12:37:07:377 info: 
**********************REQUEST_STARTED*********************
GET /api/user?page=1&limit=6 304 196.442 ms - -
2022-05-05 12:37:11:3711 info: 
**********************REQUEST_STARTED*********************
OPTIONS /api/user/user/referral?page=1&limit=5 200 0.196 ms - 0
2022-05-05 12:37:11:3711 info: 
**********************REQUEST_STARTED*********************
OPTIONS /api/user/user/referral?page=1&limit=5 200 0.243 ms - 0
2022-05-05 12:37:11:3711 info: 
**********************REQUEST_STARTED*********************
GET /api/user/user/referral?page=1&limit=5 200 124.960 ms - 3911
2022-05-05 12:37:11:3711 info: 
**********************REQUEST_STARTED*********************
GET /api/user/user/referral?page=1&limit=5 304 139.398 ms - -
2022-05-05 12:37:12:3712 info: 
**********************REQUEST_STARTED*********************
OPTIONS /api/admin/service/category?page=1&limit=5 200 0.237 ms - 0
2022-05-05 12:37:12:3712 info: 
**********************REQUEST_STARTED*********************
OPTIONS /api/admin/service/category?page=1&limit=5 200 0.291 ms - 0
2022-05-05 12:37:12:3712 info: 
**********************REQUEST_STARTED*********************
GET /api/admin/service/category?page=1&limit=5 304 94.476 ms - -
2022-05-05 12:37:12:3712 info: 
**********************REQUEST_STARTED*********************
GET /api/admin/service/category?page=1&limit=5 304 102.988 ms - -
2022-05-05 12:37:23:3723 info: 
**********************REQUEST_STARTED*********************
OPTIONS /api/user 200 0.157 ms - 0
2022-05-05 12:37:24:3724 info: 
**********************REQUEST_STARTED*********************
GET /api/user 200 246.549 ms - 27542
2022-05-05 12:38:29:3829 info: 
**********************REQUEST_STARTED*********************
OPTIONS /api/post?page=1&limit=2 200 0.286 ms - 0
2022-05-05 12:38:29:3829 info: 
**********************REQUEST_STARTED*********************
OPTIONS /api/post 200 0.470 ms - 0
2022-05-05 12:38:30:3830 info: 
**********************REQUEST_STARTED*********************
GET /api/post?page=1&limit=2 304 146.906 ms - -
2022-05-05 12:38:30:3830 info: 
**********************REQUEST_STARTED*********************
GET /api/post 304 144.930 ms - -
2022-05-05 12:38:31:3831 info: 
**********************REQUEST_STARTED*********************
OPTIONS /api/admin/service/category 200 0.186 ms - 0
2022-05-05 12:38:31:3831 info: 
**********************REQUEST_STARTED*********************
GET /api/admin/service/category 304 93.556 ms - -
2022-05-05 12:46:27:4627 info: 
**********************REQUEST_STARTED*********************
OPTIONS /api/admin/service/category 200 14.085 ms - 0
2022-05-05 12:46:27:4627 info: 
**********************REQUEST_STARTED*********************
GET /api/admin/service/category 304 214.157 ms - -
2022-05-05 12:46:57:4657 info: 
**********************REQUEST_STARTED*********************
OPTIONS /api/admin/service/category 200 0.404 ms - 0
2022-05-05 12:46:57:4657 info: 
**********************REQUEST_STARTED*********************
GET /api/admin/service/category 304 140.203 ms - -
2022-05-05 12:47:04:474 info: 
**********************REQUEST_STARTED*********************
OPTIONS /api/admin/service/category 200 0.126 ms - 0
2022-05-05 12:47:04:474 info: 
**********************REQUEST_STARTED*********************
GET /api/admin/service/category 304 124.105 ms - -
2022-05-05 12:47:38:4738 info: 
**********************REQUEST_STARTED*********************
OPTIONS /api/admin/service/category 200 0.106 ms - 0
2022-05-05 12:47:38:4738 info: 
**********************REQUEST_STARTED*********************
GET /api/admin/service/category 304 121.445 ms - -
2022-05-05 12:48:08:488 info: 
**********************REQUEST_STARTED*********************
OPTIONS /api/admin/service/category 200 0.164 ms - 0
2022-05-05 12:48:08:488 info: 
**********************REQUEST_STARTED*********************
GET /api/admin/service/category 304 121.278 ms - -
2022-05-05 12:48:11:4811 info: 
**********************REQUEST_STARTED*********************
GET /api/admin/service/category 304 147.584 ms - -
2022-05-05 12:48:50:4850 info: 
**********************REQUEST_STARTED*********************
OPTIONS /api/admin/service/category 200 0.246 ms - 0
2022-05-05 12:48:50:4850 info: 
**********************REQUEST_STARTED*********************
GET /api/admin/service/category 304 147.994 ms - -
2022-05-05 12:49:54:4954 info: 
**********************REQUEST_STARTED*********************
OPTIONS /api/admin/service/category 200 0.173 ms - 0
2022-05-05 12:49:54:4954 info: 
**********************REQUEST_STARTED*********************
GET /api/admin/service/category 304 176.339 ms - -
2022-05-05 12:50:09:509 info: 
**********************REQUEST_STARTED*********************
OPTIONS /api/post 200 0.186 ms - 0
2022-05-05 12:50:09:509 info: 
**********************REQUEST_STARTED*********************
POST /api/post 200 94.412 ms - 224
2022-05-05 12:50:10:5010 info: 
**********************REQUEST_STARTED*********************
OPTIONS /api/post?page=1&limit=2 200 0.230 ms - 0
2022-05-05 12:50:10:5010 info: 
**********************REQUEST_STARTED*********************
GET /api/post?page=1&limit=2 200 67.980 ms - 476
2022-05-05 12:50:10:5010 info: 
**********************REQUEST_STARTED*********************
GET /api/post 200 123.302 ms - 2751
2022-05-05 12:50:51:5051 info: 
**********************REQUEST_STARTED*********************
OPTIONS /api/post?page=2&limit=2 200 0.150 ms - 0
2022-05-05 12:50:51:5051 info: 
**********************REQUEST_STARTED*********************
GET /api/post?page=2&limit=2 200 116.188 ms - 1606
2022-05-05 12:51:11:5111 info: 
**********************REQUEST_STARTED*********************
OPTIONS /api/admin/service/category 200 0.201 ms - 0
2022-05-05 12:51:11:5111 info: 
**********************REQUEST_STARTED*********************
GET /api/admin/service/category 304 158.044 ms - -
2022-05-05 12:53:15:5315 info: 
**********************REQUEST_STARTED*********************
OPTIONS /api/post 200 0.204 ms - 0
2022-05-05 12:53:15:5315 info: 
**********************REQUEST_STARTED*********************
POST /api/post 200 50.403 ms - 295
2022-05-05 12:53:15:5315 info: 
**********************REQUEST_STARTED*********************
OPTIONS /api/post?page=1&limit=2 200 0.211 ms - 0
2022-05-05 12:53:16:5316 info: 
**********************REQUEST_STARTED*********************
GET /api/post 200 96.926 ms - 2469
2022-05-05 12:53:16:5316 info: 
**********************REQUEST_STARTED*********************
GET /api/post?page=1&limit=2 200 114.783 ms - 756
2022-05-05 12:57:01:571 info: 
**********************REQUEST_STARTED*********************
OPTIONS /api/admin/service/category 200 0.244 ms - 0
2022-05-05 12:57:01:571 info: 
**********************REQUEST_STARTED*********************
GET /api/admin/service/category 304 138.281 ms - -
2022-05-05 12:57:19:5719 info: 
**********************REQUEST_STARTED*********************
OPTIONS /api/admin/service/category 200 0.185 ms - 0
2022-05-05 12:57:19:5719 info: 
**********************REQUEST_STARTED*********************
GET /api/admin/service/category 304 146.994 ms - -
2022-05-05 12:57:25:5725 info: 
**********************REQUEST_STARTED*********************
OPTIONS /api/admin/service/category 200 0.206 ms - 0
2022-05-05 12:57:25:5725 info: 
**********************REQUEST_STARTED*********************
GET /api/admin/service/category 304 119.852 ms - -
2022-05-05 12:57:38:5738 info: 
**********************REQUEST_STARTED*********************
OPTIONS /api/admin/service/category 200 0.118 ms - 0
2022-05-05 12:57:38:5738 info: 
**********************REQUEST_STARTED*********************
GET /api/admin/service/category 304 119.491 ms - -
2022-05-05 12:58:03:583 info: 
**********************REQUEST_STARTED*********************
OPTIONS /api/post 200 0.171 ms - 0
2022-05-05 12:58:03:583 info: 
**********************REQUEST_STARTED*********************
POST /api/post 200 42.927 ms - 286
2022-05-05 12:58:35:5835 info: 
**********************REQUEST_STARTED*********************
OPTIONS /api/admin/service/category 200 0.178 ms - 0
2022-05-05 12:58:35:5835 info: 
**********************REQUEST_STARTED*********************
GET /api/admin/service/category 304 107.483 ms - -
2022-05-05 12:58:41:5841 info: 
**********************REQUEST_STARTED*********************
OPTIONS /api/post?page=1&limit=2 200 0.190 ms - 0
2022-05-05 12:58:41:5841 info: 
**********************REQUEST_STARTED*********************
OPTIONS /api/post 200 0.210 ms - 0
2022-05-05 12:58:41:5841 info: 
**********************REQUEST_STARTED*********************
GET /api/post?page=1&limit=2 200 94.996 ms - 1064
2022-05-05 12:58:41:5841 info: 
**********************REQUEST_STARTED*********************
GET /api/post 200 95.245 ms - 3339
2022-05-05 12:58:49:5849 info: 
**********************REQUEST_STARTED*********************
OPTIONS /api/admin/service/categdory 200 0.118 ms - 0
2022-05-05 12:58:49:5849 info: 
**********************REQUEST_STARTED*********************
GET /api/admin/service/categdory 400 47.580 ms - 30
2022-05-05 12:58:54:5854 info: 
**********************REQUEST_STARTED*********************
OPTIONS /api/post?page=1&limit=2 200 0.212 ms - 0
2022-05-05 12:58:54:5854 info: 
**********************REQUEST_STARTED*********************
OPTIONS /api/post 200 0.299 ms - 0
2022-05-05 12:58:54:5854 info: 
**********************REQUEST_STARTED*********************
GET /api/post?page=1&limit=2 304 90.608 ms - -
2022-05-05 12:58:54:5854 info: 
**********************REQUEST_STARTED*********************
GET /api/post 304 100.232 ms - -
2022-05-05 13:00:06:06 info: 
**********************REQUEST_STARTED*********************
OPTIONS /api/post?page=2&limit=2 200 0.161 ms - 0
2022-05-05 13:00:06:06 info: 
**********************REQUEST_STARTED*********************
GET /api/post?page=2&limit=2 304 102.704 ms - -
2022-05-05 13:00:07:07 info: 
**********************REQUEST_STARTED*********************
OPTIONS /api/post?page=3&limit=2 200 0.129 ms - 0
2022-05-05 13:00:08:08 info: 
**********************REQUEST_STARTED*********************
GET /api/post?page=3&limit=2 200 130.623 ms - 849
2022-05-05 13:00:09:09 info: 
**********************REQUEST_STARTED*********************
GET /api/post?page=2&limit=2 304 102.957 ms - -
2022-05-05 13:00:11:011 info: 
**********************REQUEST_STARTED*********************
OPTIONS /api/post?page=1&limit=2 200 0.117 ms - 0
2022-05-05 13:00:11:011 info: 
**********************REQUEST_STARTED*********************
GET /api/post?page=1&limit=2 304 127.222 ms - -
2022-05-05 13:00:17:017 info: 
**********************REQUEST_STARTED*********************
OPTIONS /api/post/62737c835b22d7a8fb94c95a 200 0.154 ms - 0
2022-05-05 13:00:17:017 info: 
**********************REQUEST_STARTED*********************
DELETE /api/post/62737c835b22d7a8fb94c95a 200 68.631 ms - 286
2022-05-05 13:00:17:017 info: 
**********************REQUEST_STARTED*********************
OPTIONS /api/post?page=1&limit=2 200 0.181 ms - 0
2022-05-05 13:00:17:017 info: 
**********************REQUEST_STARTED*********************
GET /api/post?page=1&limit=2 200 95.463 ms - 1326
2022-05-05 13:00:32:032 info: 
**********************REQUEST_STARTED*********************
OPTIONS /api/admin/service/category 200 0.191 ms - 0
2022-05-05 13:00:32:032 info: 
**********************REQUEST_STARTED*********************
GET /api/admin/service/category 304 201.863 ms - -
2022-05-05 13:00:35:035 info: 
**********************REQUEST_STARTED*********************
OPTIONS /api/post?page=1&limit=2 200 0.132 ms - 0
2022-05-05 13:00:35:035 info: 
**********************REQUEST_STARTED*********************
OPTIONS /api/post 200 0.134 ms - 0
2022-05-05 13:00:35:035 info: 
**********************REQUEST_STARTED*********************
GET /api/post 200 135.184 ms - 2842
2022-05-05 13:00:35:035 info: 
**********************REQUEST_STARTED*********************
GET /api/post?page=1&limit=2 304 143.246 ms - -
2022-05-05 13:00:48:048 info: 
**********************REQUEST_STARTED*********************
OPTIONS /api/admin/service/category 200 0.167 ms - 0
2022-05-05 13:00:48:048 info: 
**********************REQUEST_STARTED*********************
GET /api/admin/service/category 304 143.747 ms - -
2022-05-05 13:00:51:051 info: 
**********************REQUEST_STARTED*********************
OPTIONS /api/post?page=1&limit=2 200 0.169 ms - 0
2022-05-05 13:00:51:051 info: 
**********************REQUEST_STARTED*********************
OPTIONS /api/post 200 0.159 ms - 0
2022-05-05 13:00:51:051 info: 
**********************REQUEST_STARTED*********************
GET /api/post 304 99.954 ms - -
2022-05-05 13:00:51:051 info: 
**********************REQUEST_STARTED*********************
GET /api/post?page=1&limit=2 304 121.684 ms - -
2022-05-05 13:01:28:128 info: 
**********************REQUEST_STARTED*********************
OPTIONS /api/admin/service/category 200 0.187 ms - 0
2022-05-05 13:01:28:128 info: 
**********************REQUEST_STARTED*********************
GET /api/admin/service/category 304 111.036 ms - -
2022-05-05 13:01:31:131 info: 
**********************REQUEST_STARTED*********************
OPTIONS /api/post?page=1&limit=2 200 0.242 ms - 0
2022-05-05 13:01:31:131 info: 
**********************REQUEST_STARTED*********************
OPTIONS /api/post 200 0.221 ms - 0
2022-05-05 13:01:31:131 info: 
**********************REQUEST_STARTED*********************
GET /api/post?page=1&limit=2 304 99.274 ms - -
2022-05-05 13:01:31:131 info: 
**********************REQUEST_STARTED*********************
GET /api/post 304 102.882 ms - -
2022-05-05 13:01:33:133 info: 
**********************REQUEST_STARTED*********************
OPTIONS /api/admin/service/category 200 0.168 ms - 0
2022-05-05 13:01:33:133 info: 
**********************REQUEST_STARTED*********************
GET /api/admin/service/category 304 138.239 ms - -
2022-05-05 13:02:00:20 info: 
**********************REQUEST_STARTED*********************
OPTIONS /api/post 200 0.153 ms - 0
2022-05-05 13:02:00:20 info: 
**********************REQUEST_STARTED*********************
POST /api/post 200 82.825 ms - 285
2022-05-05 13:02:00:20 info: 
**********************REQUEST_STARTED*********************
OPTIONS /api/post?page=1&limit=2 200 0.154 ms - 0
2022-05-05 13:02:00:20 info: 
**********************REQUEST_STARTED*********************
GET /api/post 200 141.580 ms - 3338
2022-05-05 13:02:01:21 info: 
**********************REQUEST_STARTED*********************
GET /api/post?page=1&limit=2 200 141.674 ms - 1063
2022-05-05 13:07:11:711 info: 
**********************REQUEST_STARTED*********************
GET /api/post/62737b635b22d7a8fb94c946 404 3.731 ms - 172
2022-05-05 13:07:28:728 info: 
**********************REQUEST_STARTED*********************
GET /api/post/62737b635b22d7a8fb94c946 200 42.896 ms - 293
2022-05-05 13:07:58:758 info: 
**********************REQUEST_STARTED*********************
OPTIONS /api/post?page=1&limit=2 200 0.404 ms - 0
2022-05-05 13:07:58:758 info: 
**********************REQUEST_STARTED*********************
OPTIONS /api/post 200 0.259 ms - 0
2022-05-05 13:07:59:759 info: 
**********************REQUEST_STARTED*********************
GET /api/post 304 108.018 ms - -
2022-05-05 13:07:59:759 info: 
**********************REQUEST_STARTED*********************
GET /api/post?page=1&limit=2 304 113.119 ms - -
2022-05-05 13:09:06:96 info: 
**********************REQUEST_STARTED*********************
OPTIONS /api/post?page=1&limit=2 200 0.391 ms - 0
2022-05-05 13:09:06:96 info: 
**********************REQUEST_STARTED*********************
OPTIONS /api/post 200 0.145 ms - 0
2022-05-05 13:09:06:96 info: 
**********************REQUEST_STARTED*********************
GET /api/post 304 99.078 ms - -
2022-05-05 13:09:06:96 info: 
**********************REQUEST_STARTED*********************
GET /api/post?page=1&limit=2 304 109.710 ms - -
2022-05-05 13:09:32:932 info: 
**********************REQUEST_STARTED*********************
OPTIONS /api/admin/service/category 200 0.139 ms - 0
2022-05-05 13:09:32:932 info: 
**********************REQUEST_STARTED*********************
GET /api/admin/service/category 304 181.000 ms - -
2022-05-05 13:12:36:1236 info: 
**********************REQUEST_STARTED*********************
OPTIONS /api/admin/service/category 200 0.304 ms - 0
2022-05-05 13:12:36:1236 info: 
**********************REQUEST_STARTED*********************
OPTIONS /api/post/62737d705b22d7a8fb94c99a 200 0.216 ms - 0
2022-05-05 13:12:36:1236 info: 
**********************REQUEST_STARTED*********************
GET /api/post/62737d705b22d7a8fb94c99a 200 41.725 ms - 283
2022-05-05 13:12:36:1236 info: 
**********************REQUEST_STARTED*********************
GET /api/admin/service/category 304 115.015 ms - -
2022-05-05 13:12:49:1249 info: 
**********************REQUEST_STARTED*********************
OPTIONS /api/admin/service/category 200 0.146 ms - 0
2022-05-05 13:12:49:1249 info: 
**********************REQUEST_STARTED*********************
OPTIONS /api/post/62737d705b22d7a8fb94c99a 200 0.230 ms - 0
2022-05-05 13:12:49:1249 info: 
**********************REQUEST_STARTED*********************
GET /api/post/62737d705b22d7a8fb94c99a 304 42.073 ms - -
2022-05-05 13:12:49:1249 info: 
**********************REQUEST_STARTED*********************
GET /api/admin/service/category 304 123.424 ms - -
2022-05-05 13:13:09:139 info: 
**********************REQUEST_STARTED*********************
OPTIONS /api/admin/service/category 200 0.184 ms - 0
2022-05-05 13:13:09:139 info: 
**********************REQUEST_STARTED*********************
OPTIONS /api/post/62737d705b22d7a8fb94c99a 200 0.315 ms - 0
2022-05-05 13:13:09:139 info: 
**********************REQUEST_STARTED*********************
GET /api/post/62737d705b22d7a8fb94c99a 304 32.310 ms - -
2022-05-05 13:13:09:139 info: 
**********************REQUEST_STARTED*********************
GET /api/admin/service/category 304 114.608 ms - -
2022-05-05 13:13:50:1350 info: 
**********************REQUEST_STARTED*********************
OPTIONS /api/admin/service/category 200 0.307 ms - 0
2022-05-05 13:13:50:1350 info: 
**********************REQUEST_STARTED*********************
OPTIONS /api/post/62737d705b22d7a8fb94c99a 200 0.319 ms - 0
2022-05-05 13:13:50:1350 info: 
**********************REQUEST_STARTED*********************
GET /api/post/62737d705b22d7a8fb94c99a 304 43.722 ms - -
2022-05-05 13:13:50:1350 info: 
**********************REQUEST_STARTED*********************
GET /api/admin/service/category 304 120.447 ms - -
2022-05-05 13:14:03:143 info: 
**********************REQUEST_STARTED*********************
OPTIONS /api/admin/service/category 200 0.189 ms - 0
2022-05-05 13:14:03:143 info: 
**********************REQUEST_STARTED*********************
OPTIONS /api/post/62737d705b22d7a8fb94c99a 200 0.732 ms - 0
2022-05-05 13:14:03:143 info: 
**********************REQUEST_STARTED*********************
GET /api/post/62737d705b22d7a8fb94c99a 304 31.252 ms - -
2022-05-05 13:14:03:143 info: 
**********************REQUEST_STARTED*********************
GET /api/admin/service/category 304 133.037 ms - -
2022-05-05 13:17:20:1720 info: 
**********************REQUEST_STARTED*********************
OPTIONS /api/admin/service/category 200 0.674 ms - 0
2022-05-05 13:17:20:1720 info: 
**********************REQUEST_STARTED*********************
OPTIONS /api/post/62737d705b22d7a8fb94c99a 200 0.203 ms - 0
2022-05-05 13:17:20:1720 info: 
**********************REQUEST_STARTED*********************
GET /api/post/62737d705b22d7a8fb94c99a 304 59.723 ms - -
2022-05-05 13:17:20:1720 info: 
**********************REQUEST_STARTED*********************
GET /api/admin/service/category 304 153.209 ms - -
2022-05-05 13:17:42:1742 info: 
**********************REQUEST_STARTED*********************
OPTIONS /api/admin/service/category 200 0.165 ms - 0
2022-05-05 13:17:42:1742 info: 
**********************REQUEST_STARTED*********************
OPTIONS /api/post/62737d705b22d7a8fb94c99a 200 0.188 ms - 0
2022-05-05 13:17:42:1742 info: 
**********************REQUEST_STARTED*********************
GET /api/post/62737d705b22d7a8fb94c99a 304 46.665 ms - -
2022-05-05 13:17:42:1742 info: 
**********************REQUEST_STARTED*********************
GET /api/admin/service/category 304 171.019 ms - -
2022-05-05 13:18:12:1812 info: 
**********************REQUEST_STARTED*********************
OPTIONS /api/admin/service/category 200 0.120 ms - 0
2022-05-05 13:18:12:1812 info: 
**********************REQUEST_STARTED*********************
OPTIONS /api/post/62737d705b22d7a8fb94c99a 200 0.174 ms - 0
2022-05-05 13:18:12:1812 info: 
**********************REQUEST_STARTED*********************
GET /api/post/62737d705b22d7a8fb94c99a 304 28.888 ms - -
2022-05-05 13:18:12:1812 info: 
**********************REQUEST_STARTED*********************
GET /api/admin/service/category 304 126.200 ms - -
2022-05-05 13:18:16:1816 info: 
**********************REQUEST_STARTED*********************
GET /api/post/62737d705b22d7a8fb94c99a 304 34.567 ms - -
2022-05-05 13:18:17:1817 info: 
**********************REQUEST_STARTED*********************
GET /api/admin/service/category 304 158.503 ms - -
2022-05-05 13:18:28:1828 info: 
**********************REQUEST_STARTED*********************
OPTIONS /api/admin/service/category 200 0.185 ms - 0
2022-05-05 13:18:28:1828 info: 
**********************REQUEST_STARTED*********************
OPTIONS /api/post/62737d705b22d7a8fb94c99a 200 0.263 ms - 0
2022-05-05 13:18:28:1828 info: 
**********************REQUEST_STARTED*********************
GET /api/post/62737d705b22d7a8fb94c99a 304 63.895 ms - -
2022-05-05 13:18:28:1828 info: 
**********************REQUEST_STARTED*********************
GET /api/admin/service/category 304 171.584 ms - -
2022-05-05 13:18:33:1833 info: 
**********************REQUEST_STARTED*********************
GET /api/post/62737d705b22d7a8fb94c99a 304 42.628 ms - -
2022-05-05 13:18:33:1833 info: 
**********************REQUEST_STARTED*********************
GET /api/admin/service/category 304 120.369 ms - -
2022-05-05 13:18:50:1850 info: 
**********************REQUEST_STARTED*********************
OPTIONS /api/admin/service/category 200 0.139 ms - 0
2022-05-05 13:18:50:1850 info: 
**********************REQUEST_STARTED*********************
OPTIONS /api/post/62737d705b22d7a8fb94c99a 200 0.248 ms - 0
2022-05-05 13:18:50:1850 info: 
**********************REQUEST_STARTED*********************
GET /api/post/62737d705b22d7a8fb94c99a 304 30.579 ms - -
2022-05-05 13:18:50:1850 info: 
**********************REQUEST_STARTED*********************
GET /api/admin/service/category 304 115.794 ms - -
2022-05-05 13:18:58:1858 info: 
**********************REQUEST_STARTED*********************
OPTIONS /api/partner?page=1&limit=5 200 0.164 ms - 0
2022-05-05 13:18:58:1858 info: 
**********************REQUEST_STARTED*********************
OPTIONS /api/partner 200 0.194 ms - 0
2022-05-05 13:18:58:1858 info: 
**********************REQUEST_STARTED*********************
GET /api/partner 304 386.706 ms - -
2022-05-05 13:18:58:1858 info: 
**********************REQUEST_STARTED*********************
GET /api/partner?page=1&limit=5 304 399.400 ms - -
2022-05-05 13:19:01:191 info: 
**********************REQUEST_STARTED*********************
OPTIONS /api/admin/service/category 200 0.186 ms - 0
2022-05-05 13:19:01:191 info: 
**********************REQUEST_STARTED*********************
OPTIONS /api/partner/626bda081ba8fcf714bf981b 200 0.172 ms - 0
2022-05-05 13:19:02:192 info: 
**********************REQUEST_STARTED*********************
GET /api/partner/626bda081ba8fcf714bf981b 200 168.156 ms - 1233
2022-05-05 13:19:02:192 info: 
**********************REQUEST_STARTED*********************
GET /api/admin/service/category 304 221.560 ms - -
2022-05-05 13:19:12:1912 info: 
**********************REQUEST_STARTED*********************
OPTIONS /api/partner?page=1&limit=5 200 0.118 ms - 0
2022-05-05 13:19:12:1912 info: 
**********************REQUEST_STARTED*********************
OPTIONS /api/partner 200 0.179 ms - 0
2022-05-05 13:19:12:1912 info: 
**********************REQUEST_STARTED*********************
GET /api/partner 304 260.323 ms - -
2022-05-05 13:19:12:1912 info: 
**********************REQUEST_STARTED*********************
GET /api/partner?page=1&limit=5 304 269.111 ms - -
2022-05-05 13:19:14:1914 info: 
**********************REQUEST_STARTED*********************
OPTIONS /api/admin/service/category?limit=5&page=1 200 0.174 ms - 0
2022-05-05 13:19:14:1914 info: 
**********************REQUEST_STARTED*********************
GET /api/admin/service/category?limit=5&page=1 304 140.862 ms - -
2022-05-05 13:19:14:1914 info: 
**********************REQUEST_STARTED*********************
OPTIONS /api/admin/service/category 200 0.112 ms - 0
2022-05-05 13:19:14:1914 info: 
**********************REQUEST_STARTED*********************
GET /api/admin/service/category 304 121.774 ms - -
2022-05-05 13:19:57:1957 info: 
**********************REQUEST_STARTED*********************
OPTIONS /api/admin/service/category?limit=5&page=1 200 0.275 ms - 0
2022-05-05 13:19:57:1957 info: 
**********************REQUEST_STARTED*********************
GET /api/admin/service/category?limit=5&page=1 304 127.179 ms - -
2022-05-05 13:19:57:1957 info: 
**********************REQUEST_STARTED*********************
OPTIONS /api/admin/service/category 200 0.229 ms - 0
2022-05-05 13:19:57:1957 info: 
**********************REQUEST_STARTED*********************
GET /api/admin/service/category 304 125.601 ms - -
2022-05-05 13:20:08:208 info: 
**********************REQUEST_STARTED*********************
OPTIONS /api/post?page=1&limit=2 200 0.283 ms - 0
2022-05-05 13:20:08:208 info: 
**********************REQUEST_STARTED*********************
OPTIONS /api/post 200 0.187 ms - 0
2022-05-05 13:20:09:209 info: 
**********************REQUEST_STARTED*********************
GET /api/post 304 95.690 ms - -
2022-05-05 13:20:09:209 info: 
**********************REQUEST_STARTED*********************
GET /api/post?page=1&limit=2 304 102.690 ms - -
2022-05-05 13:20:13:2013 info: 
**********************REQUEST_STARTED*********************
OPTIONS /api/admin/service/category 200 0.202 ms - 0
2022-05-05 13:20:13:2013 info: 
**********************REQUEST_STARTED*********************
OPTIONS /api/post/62737d705b22d7a8fb94c99a 200 0.105 ms - 0
2022-05-05 13:20:13:2013 info: 
**********************REQUEST_STARTED*********************
GET /api/post/62737d705b22d7a8fb94c99a 304 42.701 ms - -
2022-05-05 13:20:13:2013 info: 
**********************REQUEST_STARTED*********************
GET /api/admin/service/category 304 112.357 ms - -
2022-05-05 13:20:31:2031 info: 
**********************REQUEST_STARTED*********************
OPTIONS /api/admin/service/category 200 0.162 ms - 0
2022-05-05 13:20:31:2031 info: 
**********************REQUEST_STARTED*********************
OPTIONS /api/post/62737d705b22d7a8fb94c99a 200 0.205 ms - 0
2022-05-05 13:20:31:2031 info: 
**********************REQUEST_STARTED*********************
GET /api/post/62737d705b22d7a8fb94c99a 304 32.003 ms - -
2022-05-05 13:20:32:2032 info: 
**********************REQUEST_STARTED*********************
GET /api/admin/service/category 304 119.465 ms - -
2022-05-05 13:20:45:2045 info: 
**********************REQUEST_STARTED*********************
OPTIONS /api/admin/service/category 200 0.158 ms - 0
2022-05-05 13:20:45:2045 info: 
**********************REQUEST_STARTED*********************
OPTIONS /api/post/62737d705b22d7a8fb94c99a 200 0.161 ms - 0
2022-05-05 13:20:45:2045 info: 
**********************REQUEST_STARTED*********************
GET /api/post/62737d705b22d7a8fb94c99a 304 33.591 ms - -
2022-05-05 13:20:45:2045 info: 
**********************REQUEST_STARTED*********************
GET /api/admin/service/category 304 127.101 ms - -
2022-05-05 13:21:48:2148 info: 
**********************REQUEST_STARTED*********************
OPTIONS /api/admin/service/category 200 0.178 ms - 0
2022-05-05 13:21:48:2148 info: 
**********************REQUEST_STARTED*********************
OPTIONS /api/post/62737d705b22d7a8fb94c99a 200 0.210 ms - 0
2022-05-05 13:21:48:2148 info: 
**********************REQUEST_STARTED*********************
GET /api/post/62737d705b22d7a8fb94c99a 304 33.424 ms - -
2022-05-05 13:21:48:2148 info: 
**********************REQUEST_STARTED*********************
GET /api/admin/service/category 304 142.355 ms - -
2022-05-05 13:23:44:2344 info: 
**********************REQUEST_STARTED*********************
OPTIONS /api/admin/service/category 200 0.140 ms - 0
2022-05-05 13:23:44:2344 info: 
**********************REQUEST_STARTED*********************
OPTIONS /api/post/62737d705b22d7a8fb94c99a 200 0.193 ms - 0
2022-05-05 13:23:44:2344 info: 
**********************REQUEST_STARTED*********************
GET /api/post/62737d705b22d7a8fb94c99a 304 31.394 ms - -
2022-05-05 13:23:44:2344 info: 
**********************REQUEST_STARTED*********************
GET /api/admin/service/category 304 110.611 ms - -
2022-05-05 13:24:05:245 info: 
**********************REQUEST_STARTED*********************
OPTIONS /api/admin/service/category 200 1.188 ms - 0
2022-05-05 13:24:05:245 info: 
**********************REQUEST_STARTED*********************
OPTIONS /api/post/62737d705b22d7a8fb94c99a 200 0.223 ms - 0
2022-05-05 13:24:07:247 info: 
**********************REQUEST_STARTED*********************
GET /api/post/62737d705b22d7a8fb94c99a 200 1124.388 ms - 529
2022-05-05 13:24:07:247 info: 
**********************REQUEST_STARTED*********************
GET /api/admin/service/category 304 1330.861 ms - -
2022-05-05 13:24:42:2442 info: 
**********************REQUEST_STARTED*********************
OPTIONS /api/admin/service/category 200 0.282 ms - 0
2022-05-05 13:24:42:2442 info: 
**********************REQUEST_STARTED*********************
OPTIONS /api/post/62737d705b22d7a8fb94c99a 200 0.175 ms - 0
2022-05-05 13:24:42:2442 info: 
**********************REQUEST_STARTED*********************
GET /api/post/62737d705b22d7a8fb94c99a 304 72.426 ms - -
2022-05-05 13:24:42:2442 info: 
**********************REQUEST_STARTED*********************
GET /api/admin/service/category 304 101.046 ms - -
2022-05-05 13:25:07:257 info: 
**********************REQUEST_STARTED*********************
OPTIONS /api/admin/service/category 200 0.148 ms - 0
2022-05-05 13:25:07:257 info: 
**********************REQUEST_STARTED*********************
OPTIONS /api/post/62737d705b22d7a8fb94c99a 200 0.118 ms - 0
2022-05-05 13:25:07:257 info: 
**********************REQUEST_STARTED*********************
GET /api/post/62737d705b22d7a8fb94c99a 304 96.186 ms - -
2022-05-05 13:25:07:257 info: 
**********************REQUEST_STARTED*********************
GET /api/admin/service/category 304 126.188 ms - -
2022-05-05 13:28:38:2838 info: 
**********************REQUEST_STARTED*********************
POST /api/post/62737b635b22d7a8fb94c946 404 26.250 ms - 173
2022-05-05 13:28:43:2843 info: 
**********************REQUEST_STARTED*********************
PUT /api/post/62737b635b22d7a8fb94c946 400 10.835 ms - 355
2022-05-05 13:30:57:3057 info: 
**********************REQUEST_STARTED*********************
PUT /api/post/62737b635b22d7a8fb94c946 200 152.500 ms - 292
2022-05-05 13:31:12:3112 info: 
**********************REQUEST_STARTED*********************
PUT /api/post/62737b635b22d7a8fb94c946 200 58.399 ms - 295
2022-05-05 13:32:02:322 info: 
**********************REQUEST_STARTED*********************
OPTIONS /api/post 200 0.486 ms - 0
2022-05-05 13:32:02:322 info: 
**********************REQUEST_STARTED*********************
POST /api/post 200 326.936 ms - 298
2022-05-05 13:32:03:323 info: 
**********************REQUEST_STARTED*********************
OPTIONS /api/post?page=1&limit=2 200 0.471 ms - 0
2022-05-05 13:32:03:323 info: 
**********************REQUEST_STARTED*********************
GET /api/post?page=1&limit=2 200 110.983 ms - 1095
2022-05-05 13:32:03:323 info: 
**********************REQUEST_STARTED*********************
GET /api/post 200 123.148 ms - 3088
2022-05-05 13:32:08:328 info: 
**********************REQUEST_STARTED*********************
OPTIONS /api/admin/service/category 200 1.535 ms - 0
2022-05-05 13:32:08:328 info: 
**********************REQUEST_STARTED*********************
OPTIONS /api/post/62737d705b22d7a8fb94c99a 200 0.222 ms - 0
2022-05-05 13:32:08:328 info: 
**********************REQUEST_STARTED*********************
GET /api/post/62737d705b22d7a8fb94c99a 304 64.881 ms - -
2022-05-05 13:32:09:329 info: 
**********************REQUEST_STARTED*********************
GET /api/admin/service/category 304 192.970 ms - -
2022-05-05 13:32:31:3231 info: 
**********************REQUEST_STARTED*********************
OPTIONS /api/admin/service/category 200 81.289 ms - 0
2022-05-05 13:32:31:3231 info: 
**********************REQUEST_STARTED*********************
OPTIONS /api/post/62737d705b22d7a8fb94c99a 200 0.299 ms - 0
2022-05-05 13:32:31:3231 info: 
**********************REQUEST_STARTED*********************
GET /api/post/62737d705b22d7a8fb94c99a 304 96.623 ms - -
2022-05-05 13:32:31:3231 info: 
**********************REQUEST_STARTED*********************
GET /api/admin/service/category 304 228.961 ms - -
2022-05-05 13:32:43:3243 info: 
**********************REQUEST_STARTED*********************
OPTIONS /api/post 200 0.173 ms - 0
2022-05-05 13:32:43:3243 info: 
**********************REQUEST_STARTED*********************
PUT /api/post 404 6.019 ms - 147
2022-05-05 13:33:10:3310 info: 
**********************REQUEST_STARTED*********************
OPTIONS /api/admin/service/category 200 0.186 ms - 0
2022-05-05 13:33:10:3310 info: 
**********************REQUEST_STARTED*********************
OPTIONS /api/post/62737d705b22d7a8fb94c99a 200 0.261 ms - 0
2022-05-05 13:33:10:3310 info: 
**********************REQUEST_STARTED*********************
GET /api/post/62737d705b22d7a8fb94c99a 304 58.330 ms - -
2022-05-05 13:33:10:3310 info: 
**********************REQUEST_STARTED*********************
GET /api/admin/service/category 304 114.293 ms - -
2022-05-05 13:33:18:3318 info: 
**********************REQUEST_STARTED*********************
OPTIONS /api/post/62737d705b22d7a8fb94c99a 200 0.178 ms - 0
2022-05-05 13:33:18:3318 info: 
**********************REQUEST_STARTED*********************
PUT /api/post/62737d705b22d7a8fb94c99a 200 46.714 ms - 298
2022-05-05 13:33:18:3318 info: 
**********************REQUEST_STARTED*********************
OPTIONS /api/post?page=1&limit=2 200 0.389 ms - 0
2022-05-05 13:33:18:3318 info: 
**********************REQUEST_STARTED*********************
OPTIONS /api/post 200 0.226 ms - 0
2022-05-05 13:33:18:3318 info: 
**********************REQUEST_STARTED*********************
GET /api/post 200 90.053 ms - 3101
2022-05-05 13:33:18:3318 info: 
**********************REQUEST_STARTED*********************
GET /api/post?page=1&limit=2 200 110.705 ms - 1108
2022-05-05 13:33:22:3322 info: 
**********************REQUEST_STARTED*********************
OPTIONS /api/admin/service/category 200 0.202 ms - 0
2022-05-05 13:33:22:3322 info: 
**********************REQUEST_STARTED*********************
GET /api/post/62737d705b22d7a8fb94c99a 200 75.599 ms - 542
2022-05-05 13:33:22:3322 info: 
**********************REQUEST_STARTED*********************
GET /api/admin/service/category 304 93.615 ms - -
2022-05-05 13:33:36:3336 info: 
**********************REQUEST_STARTED*********************
OPTIONS /api/post/62737d705b22d7a8fb94c99a 200 0.190 ms - 0
2022-05-05 13:33:37:3337 info: 
**********************REQUEST_STARTED*********************
PUT /api/post/62737d705b22d7a8fb94c99a 200 44.490 ms - 286
2022-05-05 13:33:37:3337 info: 
**********************REQUEST_STARTED*********************
OPTIONS /api/post?page=1&limit=2 200 0.221 ms - 0
2022-05-05 13:33:37:3337 info: 
**********************REQUEST_STARTED*********************
OPTIONS /api/post 200 0.141 ms - 0
2022-05-05 13:33:37:3337 info: 
**********************REQUEST_STARTED*********************
GET /api/post?page=1&limit=2 200 84.033 ms - 1067
2022-05-05 13:33:37:3337 info: 
**********************REQUEST_STARTED*********************
GET /api/post 200 114.391 ms - 3060
2022-05-05 13:33:42:3342 info: 
**********************REQUEST_STARTED*********************
OPTIONS /api/admin/service/category 200 0.123 ms - 0
2022-05-05 13:33:42:3342 info: 
**********************REQUEST_STARTED*********************
OPTIONS /api/post/62737d705b22d7a8fb94c99a 200 0.276 ms - 0
2022-05-05 13:33:43:3343 info: 
**********************REQUEST_STARTED*********************
GET /api/post/62737d705b22d7a8fb94c99a 200 58.287 ms - 501
2022-05-05 13:33:43:3343 info: 
**********************REQUEST_STARTED*********************
GET /api/admin/service/category 304 118.969 ms - -
2022-05-05 13:33:50:3350 info: 
**********************REQUEST_STARTED*********************
OPTIONS /api/post/62737d705b22d7a8fb94c99a 200 0.213 ms - 0
2022-05-05 13:33:50:3350 info: 
**********************REQUEST_STARTED*********************
PUT /api/post/62737d705b22d7a8fb94c99a 200 42.091 ms - 286
2022-05-05 13:33:50:3350 info: 
**********************REQUEST_STARTED*********************
OPTIONS /api/post?page=1&limit=2 200 0.215 ms - 0
2022-05-05 13:33:50:3350 info: 
**********************REQUEST_STARTED*********************
OPTIONS /api/post 200 0.154 ms - 0
2022-05-05 13:33:50:3350 info: 
**********************REQUEST_STARTED*********************
GET /api/post 200 100.684 ms - 3089
2022-05-05 13:33:50:3350 info: 
**********************REQUEST_STARTED*********************
GET /api/post?page=1&limit=2 200 114.753 ms - 1096
2022-05-05 13:34:28:3428 info: 
**********************REQUEST_STARTED*********************
OPTIONS /api/post 200 0.205 ms - 0
2022-05-05 13:34:29:3429 info: 
**********************REQUEST_STARTED*********************
GET /api/post 304 137.469 ms - -
2022-05-05 13:34:29:3429 info: 
**********************REQUEST_STARTED*********************
GET /api/post 304 113.507 ms - -
2022-05-05 13:34:29:3429 info: 
**********************REQUEST_STARTED*********************
GET /api/post 304 110.649 ms - -
2022-05-05 13:34:29:3429 info: 
**********************REQUEST_STARTED*********************
GET /api/post 304 108.235 ms - -
2022-05-05 13:34:29:3429 info: 
**********************REQUEST_STARTED*********************
GET /api/post 304 104.542 ms - -
2022-05-05 13:34:30:3430 info: 
**********************REQUEST_STARTED*********************
GET /api/post 304 102.030 ms - -
2022-05-05 13:34:30:3430 info: 
**********************REQUEST_STARTED*********************
GET /api/post 304 119.158 ms - -
2022-05-05 13:34:30:3430 info: 
**********************REQUEST_STARTED*********************
GET /api/post 304 132.916 ms - -
2022-05-05 13:35:08:358 info: 
**********************REQUEST_STARTED*********************
OPTIONS /api/post?page=1&limit=2 200 0.142 ms - 0
2022-05-05 13:35:08:358 info: 
**********************REQUEST_STARTED*********************
OPTIONS /api/post 200 0.247 ms - 0
2022-05-05 13:35:08:358 info: 
**********************REQUEST_STARTED*********************
GET /api/post 304 101.603 ms - -
2022-05-05 13:35:08:358 info: 
**********************REQUEST_STARTED*********************
GET /api/post?page=1&limit=2 304 115.661 ms - -
2022-05-05 13:35:49:3549 info: 
**********************REQUEST_STARTED*********************
OPTIONS /api/admin/service/category 200 0.113 ms - 0
2022-05-05 13:35:49:3549 info: 
**********************REQUEST_STARTED*********************
GET /api/admin/service/category 304 401.390 ms - -
2022-05-05 13:35:54:3554 info: 
**********************REQUEST_STARTED*********************
OPTIONS /api/post?page=1&limit=2 200 0.171 ms - 0
2022-05-05 13:35:54:3554 info: 
**********************REQUEST_STARTED*********************
OPTIONS /api/post 200 0.204 ms - 0
2022-05-05 13:35:54:3554 info: 
**********************REQUEST_STARTED*********************
GET /api/post 304 88.043 ms - -
2022-05-05 13:35:54:3554 info: 
**********************REQUEST_STARTED*********************
GET /api/post?page=1&limit=2 304 103.719 ms - -
2022-05-05 13:35:57:3557 info: 
**********************REQUEST_STARTED*********************
OPTIONS /api/admin/service/category 200 0.146 ms - 0
2022-05-05 13:35:57:3557 info: 
**********************REQUEST_STARTED*********************
OPTIONS /api/post/6273847ac64149cdc9dd2e90 200 0.272 ms - 0
2022-05-05 13:35:57:3557 info: 
**********************REQUEST_STARTED*********************
GET /api/post/6273847ac64149cdc9dd2e90 200 80.081 ms - 542
2022-05-05 13:35:57:3557 info: 
**********************REQUEST_STARTED*********************
GET /api/admin/service/category 304 112.940 ms - -
2022-05-05 13:36:01:361 info: 
**********************REQUEST_STARTED*********************
OPTIONS /api/post?page=1&limit=2 200 0.216 ms - 0
2022-05-05 13:36:01:361 info: 
**********************REQUEST_STARTED*********************
OPTIONS /api/post 200 0.146 ms - 0
2022-05-05 13:36:01:361 info: 
**********************REQUEST_STARTED*********************
GET /api/post?page=1&limit=2 304 88.922 ms - -
2022-05-05 13:36:01:361 info: 
**********************REQUEST_STARTED*********************
GET /api/post 304 104.588 ms - -
2022-05-05 13:36:17:3617 info: 
**********************REQUEST_STARTED*********************
OPTIONS /api/post 200 0.197 ms - 0
2022-05-05 13:36:17:3617 info: 
**********************REQUEST_STARTED*********************
GET /api/post 304 122.421 ms - -
2022-05-05 13:36:17:3617 info: 
**********************REQUEST_STARTED*********************
GET /api/post 304 142.664 ms - -
2022-05-05 13:36:17:3617 info: 
**********************REQUEST_STARTED*********************
GET /api/post 304 109.950 ms - -
2022-05-05 13:36:17:3617 info: 
**********************REQUEST_STARTED*********************
GET /api/post 304 119.429 ms - -
2022-05-05 13:37:46:3746 info: 
**********************REQUEST_STARTED*********************
OPTIONS /api/post?page=1&limit=2 200 0.177 ms - 0
2022-05-05 13:37:46:3746 info: 
**********************REQUEST_STARTED*********************
OPTIONS /api/post 200 0.234 ms - 0
2022-05-05 13:37:46:3746 info: 
**********************REQUEST_STARTED*********************
GET /api/post 304 94.088 ms - -
2022-05-05 13:37:46:3746 info: 
**********************REQUEST_STARTED*********************
GET /api/post?page=1&limit=2 304 119.036 ms - -
2022-05-05 13:37:48:3748 info: 
**********************REQUEST_STARTED*********************
GET /api/post 304 103.077 ms - -
2022-05-05 13:37:49:3749 info: 
**********************REQUEST_STARTED*********************
GET /api/post 304 102.608 ms - -
2022-05-05 13:37:50:3750 info: 
**********************REQUEST_STARTED*********************
GET /api/post 304 105.060 ms - -
2022-05-05 13:38:17:3817 info: 
**********************REQUEST_STARTED*********************
OPTIONS /api/post?page=1&limit=2 200 0.207 ms - 0
2022-05-05 13:38:17:3817 info: 
**********************REQUEST_STARTED*********************
OPTIONS /api/post 200 0.239 ms - 0
2022-05-05 13:38:18:3818 info: 
**********************REQUEST_STARTED*********************
GET /api/post 304 101.960 ms - -
2022-05-05 13:38:18:3818 info: 
**********************REQUEST_STARTED*********************
GET /api/post?page=1&limit=2 304 126.048 ms - -
2022-05-05 13:38:19:3819 info: 
**********************REQUEST_STARTED*********************
GET /api/post 304 152.285 ms - -
2022-05-05 13:38:19:3819 info: 
**********************REQUEST_STARTED*********************
GET /api/post 304 120.580 ms - -
2022-05-05 13:38:54:3854 info: 
**********************REQUEST_STARTED*********************
OPTIONS /api/post?page=1&limit=2 200 0.185 ms - 0
2022-05-05 13:38:54:3854 info: 
**********************REQUEST_STARTED*********************
OPTIONS /api/post 200 0.252 ms - 0
2022-05-05 13:38:54:3854 info: 
**********************REQUEST_STARTED*********************
GET /api/post 304 95.689 ms - -
2022-05-05 13:38:54:3854 info: 
**********************REQUEST_STARTED*********************
GET /api/post?page=1&limit=2 304 102.076 ms - -
2022-05-05 13:38:56:3856 info: 
**********************REQUEST_STARTED*********************
GET /api/post 304 107.161 ms - -
2022-05-05 13:38:57:3857 info: 
**********************REQUEST_STARTED*********************
GET /api/post 304 102.045 ms - -
2022-05-05 13:38:58:3858 info: 
**********************REQUEST_STARTED*********************
GET /api/post 304 97.487 ms - -
2022-05-05 13:38:59:3859 info: 
**********************REQUEST_STARTED*********************
GET /api/post 304 105.004 ms - -
2022-05-05 13:39:00:390 info: 
**********************REQUEST_STARTED*********************
OPTIONS /api/post 200 0.218 ms - 0
2022-05-05 13:39:00:390 info: 
**********************REQUEST_STARTED*********************
GET /api/post 304 120.535 ms - -
2022-05-05 13:39:01:391 info: 
**********************REQUEST_STARTED*********************
GET /api/post 304 129.320 ms - -
2022-05-05 13:39:01:391 info: 
**********************REQUEST_STARTED*********************
GET /api/post 304 129.221 ms - -
2022-05-05 13:39:01:391 info: 
**********************REQUEST_STARTED*********************
GET /api/post 304 102.470 ms - -
2022-05-05 13:39:01:391 info: 
**********************REQUEST_STARTED*********************
GET /api/post 304 102.747 ms - -
2022-05-05 13:39:02:392 info: 
**********************REQUEST_STARTED*********************
GET /api/post 304 102.718 ms - -
2022-05-05 13:39:05:395 info: 
**********************REQUEST_STARTED*********************
GET /api/post 304 105.947 ms - -
2022-05-05 13:39:06:396 info: 
**********************REQUEST_STARTED*********************
OPTIONS /api/post 200 0.162 ms - 0
2022-05-05 13:39:06:396 info: 
**********************REQUEST_STARTED*********************
GET /api/post 304 109.666 ms - -
2022-05-05 13:39:06:396 info: 
**********************REQUEST_STARTED*********************
GET /api/post 304 119.388 ms - -
2022-05-05 13:40:17:4017 info: 
**********************REQUEST_STARTED*********************
OPTIONS /api/post?page=1&limit=2 200 0.134 ms - 0
2022-05-05 13:40:17:4017 info: 
**********************REQUEST_STARTED*********************
GET /api/post?page=1&limit=2 304 202.882 ms - -
2022-05-05 13:40:30:4030 info: 
**********************REQUEST_STARTED*********************
OPTIONS /api/post?page=1&limit=2 200 0.153 ms - 0
2022-05-05 13:40:30:4030 info: 
**********************REQUEST_STARTED*********************
OPTIONS /api/post?page=1&limit=2 200 0.153 ms - 0
2022-05-05 13:40:31:4031 info: 
**********************REQUEST_STARTED*********************
GET /api/post?page=1&limit=2 304 171.150 ms - -
2022-05-05 13:40:31:4031 info: 
**********************REQUEST_STARTED*********************
GET /api/post?page=1&limit=2 304 113.567 ms - -
2022-05-05 13:40:32:4032 info: 
**********************REQUEST_STARTED*********************
OPTIONS /api/post 200 0.134 ms - 0
2022-05-05 13:40:32:4032 info: 
**********************REQUEST_STARTED*********************
GET /api/post 304 109.477 ms - -
2022-05-05 13:40:33:4033 info: 
**********************REQUEST_STARTED*********************
GET /api/post 304 176.403 ms - -
2022-05-05 13:40:34:4034 info: 
**********************REQUEST_STARTED*********************
GET /api/post 304 117.905 ms - -
2022-05-05 13:40:34:4034 info: 
**********************REQUEST_STARTED*********************
GET /api/post 304 122.553 ms - -
2022-05-05 13:40:34:4034 info: 
**********************REQUEST_STARTED*********************
GET /api/post 304 120.999 ms - -
2022-05-05 13:40:35:4035 info: 
**********************REQUEST_STARTED*********************
GET /api/post 304 124.947 ms - -
2022-05-05 13:40:36:4036 info: 
**********************REQUEST_STARTED*********************
GET /api/post 304 103.271 ms - -
2022-05-05 13:40:36:4036 info: 
**********************REQUEST_STARTED*********************
OPTIONS /api/post?page=1&limit=2 200 0.134 ms - 0
2022-05-05 13:40:36:4036 info: 
**********************REQUEST_STARTED*********************
GET /api/post?page=1&limit=2 304 109.236 ms - -
2022-05-05 13:40:38:4038 info: 
**********************REQUEST_STARTED*********************
OPTIONS /api/post 200 1.479 ms - 0
2022-05-05 13:40:38:4038 info: 
**********************REQUEST_STARTED*********************
GET /api/post 304 115.346 ms - -
2022-05-05 13:40:38:4038 info: 
**********************REQUEST_STARTED*********************
GET /api/post 304 107.659 ms - -
2022-05-05 13:40:38:4038 info: 
**********************REQUEST_STARTED*********************
GET /api/post 304 107.292 ms - -
2022-05-05 13:40:39:4039 info: 
**********************REQUEST_STARTED*********************
GET /api/post 304 108.176 ms - -
2022-05-05 13:40:39:4039 info: 
**********************REQUEST_STARTED*********************
GET /api/post 304 113.452 ms - -
2022-05-05 13:40:39:4039 info: 
**********************REQUEST_STARTED*********************
GET /api/post?page=1&limit=2 304 117.951 ms - -
2022-05-05 13:40:41:4041 info: 
**********************REQUEST_STARTED*********************
GET /api/post 304 135.452 ms - -
2022-05-05 13:40:42:4042 info: 
**********************REQUEST_STARTED*********************
OPTIONS /api/post?page=1&limit=2 200 0.167 ms - 0
2022-05-05 13:40:42:4042 info: 
**********************REQUEST_STARTED*********************
GET /api/post?page=1&limit=2 304 105.570 ms - -
2022-05-05 13:40:44:4044 info: 
**********************REQUEST_STARTED*********************
OPTIONS /api/post 200 0.115 ms - 0
2022-05-05 13:40:44:4044 info: 
**********************REQUEST_STARTED*********************
GET /api/post 304 104.873 ms - -
2022-05-05 13:40:45:4045 info: 
**********************REQUEST_STARTED*********************
GET /api/post?page=1&limit=2 304 359.704 ms - -
2022-05-05 13:41:18:4118 info: 
**********************REQUEST_STARTED*********************
OPTIONS /api/post?page=1&limit=2 200 0.214 ms - 0
2022-05-05 13:41:18:4118 info: 
**********************REQUEST_STARTED*********************
OPTIONS /api/post?page=1&limit=2 200 0.225 ms - 0
2022-05-05 13:41:18:4118 info: 
**********************REQUEST_STARTED*********************
GET /api/post?page=1&limit=2 304 112.204 ms - -
2022-05-05 13:41:18:4118 info: 
**********************REQUEST_STARTED*********************
GET /api/post?page=1&limit=2 304 111.825 ms - -
2022-05-05 13:41:34:4134 info: 
**********************REQUEST_STARTED*********************
OPTIONS /api/post?page=2&limit=2 200 0.108 ms - 0
2022-05-05 13:41:34:4134 info: 
**********************REQUEST_STARTED*********************
GET /api/post?page=2&limit=2 200 112.848 ms - 1326
2022-05-05 13:41:35:4135 info: 
**********************REQUEST_STARTED*********************
OPTIONS /api/post?page=3&limit=2 200 0.108 ms - 0
2022-05-05 13:41:35:4135 info: 
**********************REQUEST_STARTED*********************
GET /api/post?page=3&limit=2 200 99.706 ms - 1606
2022-05-05 13:41:37:4137 info: 
**********************REQUEST_STARTED*********************
GET /api/post?page=2&limit=2 304 118.072 ms - -
2022-05-05 13:41:38:4138 info: 
**********************REQUEST_STARTED*********************
OPTIONS /api/post?page=1&limit=2 200 0.179 ms - 0
2022-05-05 13:41:38:4138 info: 
**********************REQUEST_STARTED*********************
GET /api/post?page=1&limit=2 304 134.511 ms - -
2022-05-05 13:48:13:4813 info: 
**********************REQUEST_STARTED*********************
OPTIONS /api/admin/service/category 200 0.250 ms - 0
2022-05-05 13:48:13:4813 info: 
**********************REQUEST_STARTED*********************
GET /api/admin/service/category 304 131.871 ms - -
2022-05-05 13:48:31:4831 info: 
**********************REQUEST_STARTED*********************
OPTIONS /api/post?page=1&limit=2 200 0.161 ms - 0
2022-05-05 13:48:31:4831 info: 
**********************REQUEST_STARTED*********************
OPTIONS /api/post?page=1&limit=2 200 0.586 ms - 0
2022-05-05 13:48:31:4831 info: 
**********************REQUEST_STARTED*********************
GET /api/post?page=1&limit=2 304 144.201 ms - -
2022-05-05 13:48:32:4832 info: 
**********************REQUEST_STARTED*********************
GET /api/post?page=1&limit=2 304 155.531 ms - -
2022-05-05 13:48:34:4834 info: 
**********************REQUEST_STARTED*********************
OPTIONS /api/admin/service/category 200 0.140 ms - 0
2022-05-05 13:48:34:4834 info: 
**********************REQUEST_STARTED*********************
GET /api/admin/service/category 304 287.071 ms - -
2022-05-05 13:50:18:5018 info: 
**********************REQUEST_STARTED*********************
OPTIONS /api/admin/service/category 200 0.176 ms - 0
2022-05-05 13:50:19:5019 info: 
**********************REQUEST_STARTED*********************
GET /api/admin/service/category 304 1087.792 ms - -
2022-05-05 13:50:48:5048 info: 
**********************REQUEST_STARTED*********************
OPTIONS /api/admin/service/category 200 0.203 ms - 0
2022-05-05 13:50:48:5048 info: 
**********************REQUEST_STARTED*********************
GET /api/admin/service/category 304 120.453 ms - -
2022-05-05 13:50:59:5059 info: 
**********************REQUEST_STARTED*********************
OPTIONS /api/post?page=1&limit=2 200 0.191 ms - 0
2022-05-05 13:50:59:5059 info: 
**********************REQUEST_STARTED*********************
OPTIONS /api/post?page=1&limit=2 200 0.314 ms - 0
2022-05-05 13:50:59:5059 info: 
**********************REQUEST_STARTED*********************
GET /api/post?page=1&limit=2 304 100.801 ms - -
2022-05-05 13:50:59:5059 info: 
**********************REQUEST_STARTED*********************
GET /api/post?page=1&limit=2 304 99.848 ms - -
