2022-04-21 13:27:09:279 info: 
**********************REQUEST_STARTED*********************
OPTIONS /api/admin/service 200 3.032 ms - 0
2022-04-21 13:27:09:279 info: 
**********************REQUEST_STARTED*********************
GET /api/admin/service 200 194.814 ms - 4301
2022-04-21 13:40:05:405 info: 
**********************REQUEST_STARTED*********************
OPTIONS /api/admin/service/category?limit=5&page=1 200 0.996 ms - 0
2022-04-21 13:40:05:405 info: 
**********************REQUEST_STARTED*********************
GET /api/admin/service/category?limit=5&page=1 200 144.417 ms - 570
2022-04-21 13:40:05:405 info: 
**********************REQUEST_STARTED*********************
OPTIONS /api/partner/?limit=5&page=1 200 0.362 ms - 0
2022-04-21 13:40:05:405 info: 
**********************REQUEST_STARTED*********************
GET /api/partner/?limit=5&page=1 200 127.043 ms - 7185
2022-04-21 13:40:05:405 info: 
**********************REQUEST_STARTED*********************
OPTIONS /api/admin/service/625d05068f911fb14e3e0f5c 200 0.218 ms - 0
2022-04-21 13:40:05:405 info: 
**********************REQUEST_STARTED*********************
GET /api/admin/service/625d05068f911fb14e3e0f5c 200 125.968 ms - 1279
2022-04-21 13:40:08:408 info: 
**********************REQUEST_STARTED*********************
OPTIONS /api/admin/service 200 0.445 ms - 0
2022-04-21 13:40:08:408 info: 
**********************REQUEST_STARTED*********************
GET /api/admin/service 200 123.838 ms - 4991
2022-04-21 13:40:23:4023 info: 
**********************REQUEST_STARTED*********************
OPTIONS /api/partner 200 0.357 ms - 0
2022-04-21 13:40:23:4023 info: 
**********************REQUEST_STARTED*********************
GET /api/partner 200 119.775 ms - 7185
2022-04-21 13:40:25:4025 info: 
**********************REQUEST_STARTED*********************
OPTIONS /api/admin/service/category?limit=5&page=1 200 0.240 ms - 0
2022-04-21 13:40:25:4025 info: 
**********************REQUEST_STARTED*********************
GET /api/admin/service/category?limit=5&page=1 304 145.755 ms - -
2022-04-21 13:40:25:4025 info: 
**********************REQUEST_STARTED*********************
OPTIONS /api/admin/service 200 0.317 ms - 0
2022-04-21 13:40:25:4025 info: 
**********************REQUEST_STARTED*********************
GET /api/admin/service 304 124.837 ms - -
2022-04-21 13:40:27:4027 info: 
**********************REQUEST_STARTED*********************
GET /api/partner 304 125.420 ms - -
2022-04-21 13:40:29:4029 info: 
**********************REQUEST_STARTED*********************
OPTIONS /api/partner/625eeee4f307152c4634a67d 200 0.267 ms - 0
2022-04-21 13:40:30:4030 info: 
**********************REQUEST_STARTED*********************
GET /api/partner/625eeee4f307152c4634a67d 200 83.450 ms - 715
2022-04-21 13:40:30:4030 info: 
**********************REQUEST_STARTED*********************
GET /api/admin/service 304 127.799 ms - -
2022-04-21 13:40:35:4035 info: 
**********************REQUEST_STARTED*********************
OPTIONS /api/admin/service/category 200 0.283 ms - 0
2022-04-21 13:40:35:4035 info: 
**********************REQUEST_STARTED*********************
GET /api/admin/service/category 200 116.469 ms - 571
2022-04-21 13:40:40:4040 info: 
**********************REQUEST_STARTED*********************
OPTIONS /api/admin/service/category/62581b72a6be76c0f5e7cf29 200 0.386 ms - 0
2022-04-21 13:40:40:4040 info: 
**********************REQUEST_STARTED*********************
GET /api/admin/service/category/62581b72a6be76c0f5e7cf29 200 79.998 ms - 260
2022-04-21 13:40:55:4055 info: 
**********************REQUEST_STARTED*********************
OPTIONS /api/admin/service/category/62581b72a6be76c0f5e7cf29 200 0.462 ms - 0
2022-04-21 13:40:55:4055 info: 
**********************REQUEST_STARTED*********************
PUT /api/admin/service/category/62581b72a6be76c0f5e7cf29 200 223.095 ms - 307
2022-04-21 13:40:55:4055 info: 
**********************REQUEST_STARTED*********************
OPTIONS /api/admin/service/category 200 0.313 ms - 0
2022-04-21 13:40:55:4055 info: 
**********************REQUEST_STARTED*********************
GET /api/admin/service/category 200 122.136 ms - 587
2022-04-21 13:41:03:413 info: 
**********************REQUEST_STARTED*********************
OPTIONS /api/admin/service/category/62581b72a6be76c0f5e7cf29 200 0.377 ms - 0
2022-04-21 13:41:03:413 info: 
**********************REQUEST_STARTED*********************
GET /api/admin/service/category/62581b72a6be76c0f5e7cf29 200 82.478 ms - 276
2022-04-21 13:45:38:4538 info: 
**********************REQUEST_STARTED*********************
OPTIONS /api/admin/service/category/62581b72a6be76c0f5e7cf29 200 0.310 ms - 0
2022-04-21 13:45:38:4538 info: 
**********************REQUEST_STARTED*********************
GET /api/admin/service/category/62581b72a6be76c0f5e7cf29 304 82.380 ms - -
2022-04-21 13:45:52:4552 info: 
**********************REQUEST_STARTED*********************
OPTIONS /api/admin/service/category/62581b72a6be76c0f5e7cf29 200 0.215 ms - 0
2022-04-21 13:45:52:4552 info: 
**********************REQUEST_STARTED*********************
GET /api/admin/service/category/62581b72a6be76c0f5e7cf29 304 101.775 ms - -
2022-04-21 13:46:03:463 info: 
**********************REQUEST_STARTED*********************
OPTIONS /api/admin/service/category/62581b72a6be76c0f5e7cf29 200 0.299 ms - 0
2022-04-21 13:46:03:463 info: 
**********************REQUEST_STARTED*********************
GET /api/admin/service/category/62581b72a6be76c0f5e7cf29 304 88.219 ms - -
2022-04-21 13:46:09:469 info: 
**********************REQUEST_STARTED*********************
OPTIONS /api/admin/service/category/62581b72a6be76c0f5e7cf29 200 0.242 ms - 0
2022-04-21 13:46:10:4610 info: 
**********************REQUEST_STARTED*********************
GET /api/admin/service/category/62581b72a6be76c0f5e7cf29 304 97.947 ms - -
2022-04-21 13:46:39:4639 info: 
**********************REQUEST_STARTED*********************
OPTIONS /api/admin/service/category/62581b72a6be76c0f5e7cf29 200 0.227 ms - 0
2022-04-21 13:46:39:4639 info: 
**********************REQUEST_STARTED*********************
GET /api/admin/service/category/62581b72a6be76c0f5e7cf29 304 80.029 ms - -
2022-04-21 13:46:56:4656 info: 
**********************REQUEST_STARTED*********************
OPTIONS /api/admin/service/category/62581b72a6be76c0f5e7cf29 200 0.374 ms - 0
2022-04-21 13:46:56:4656 info: 
**********************REQUEST_STARTED*********************
GET /api/admin/service/category/62581b72a6be76c0f5e7cf29 304 99.098 ms - -
2022-04-21 13:47:01:471 info: 
**********************REQUEST_STARTED*********************
OPTIONS /api/admin/service/category/62581b72a6be76c0f5e7cf29 200 0.263 ms - 0
2022-04-21 13:47:01:471 info: 
**********************REQUEST_STARTED*********************
GET /api/admin/service/category/62581b72a6be76c0f5e7cf29 304 81.279 ms - -
2022-04-21 13:47:15:4715 info: 
**********************REQUEST_STARTED*********************
OPTIONS /api/admin/service/category/62581b72a6be76c0f5e7cf29 200 0.208 ms - 0
2022-04-21 13:47:15:4715 info: 
**********************REQUEST_STARTED*********************
GET /api/admin/service/category/62581b72a6be76c0f5e7cf29 304 80.251 ms - -
2022-04-21 13:48:49:4849 info: 
**********************REQUEST_STARTED*********************
OPTIONS /api/admin/service/category/62581b72a6be76c0f5e7cf29 200 0.251 ms - 0
2022-04-21 13:48:49:4849 info: 
**********************REQUEST_STARTED*********************
GET /api/admin/service/category/62581b72a6be76c0f5e7cf29 304 72.139 ms - -
2022-04-21 13:49:05:495 info: 
**********************REQUEST_STARTED*********************
OPTIONS /api/admin/service/category/62581b72a6be76c0f5e7cf29 200 0.312 ms - 0
2022-04-21 13:49:05:495 info: 
**********************REQUEST_STARTED*********************
PUT /api/admin/service/category/62581b72a6be76c0f5e7cf29 200 148.377 ms - 313
2022-04-21 13:49:05:495 info: 
**********************REQUEST_STARTED*********************
OPTIONS /api/admin/service/category 200 0.273 ms - 0
2022-04-21 13:49:05:495 info: 
**********************REQUEST_STARTED*********************
GET /api/admin/service/category 200 122.658 ms - 593
2022-04-21 13:50:52:5052 info: 
**********************REQUEST_STARTED*********************
OPTIONS /api/admin/service/category 200 0.325 ms - 0
2022-04-21 13:50:52:5052 info: 
**********************REQUEST_STARTED*********************
GET /api/admin/service/category 304 107.253 ms - -
2022-04-21 13:54:32:5432 info: 
**********************REQUEST_STARTED*********************
OPTIONS /api/admin/service/category 200 0.325 ms - 0
2022-04-21 13:54:33:5433 info: 
**********************REQUEST_STARTED*********************
GET /api/admin/service/category 304 104.032 ms - -
2022-04-21 13:54:34:5434 info: 
**********************REQUEST_STARTED*********************
OPTIONS /api/subscription 200 0.398 ms - 0
2022-04-21 13:54:35:5435 info: 
**********************REQUEST_STARTED*********************
GET /api/subscription 200 1022.303 ms - 2824
2022-04-21 13:54:35:5435 info: 
**********************REQUEST_STARTED*********************
OPTIONS /api/partner 200 0.199 ms - 0
2022-04-21 13:54:35:5435 info: 
**********************REQUEST_STARTED*********************
GET /api/partner 304 131.686 ms - -
2022-04-21 13:55:36:5536 info: 
**********************REQUEST_STARTED*********************
OPTIONS /api/partner 200 0.360 ms - 0
2022-04-21 13:55:36:5536 info: 
**********************REQUEST_STARTED*********************
GET /api/partner 304 132.010 ms - -
2022-04-21 13:55:44:5544 info: 
**********************REQUEST_STARTED*********************
OPTIONS /api/partner 200 0.206 ms - 0
2022-04-21 13:55:44:5544 info: 
**********************REQUEST_STARTED*********************
GET /api/partner 304 110.557 ms - -
2022-04-21 13:56:12:5612 info: 
**********************REQUEST_STARTED*********************
OPTIONS /api/partner 200 0.271 ms - 0
2022-04-21 13:56:12:5612 info: 
**********************REQUEST_STARTED*********************
GET /api/partner 304 108.443 ms - -
2022-04-21 16:12:33:1233 info: 
**********************REQUEST_STARTED*********************
OPTIONS /api/admin/service/category?limit=5&page=1 200 1.299 ms - 0
2022-04-21 16:12:33:1233 info: 
**********************REQUEST_STARTED*********************
GET /api/admin/service/category?limit=5&page=1 200 114.040 ms - 592
2022-04-21 16:12:33:1233 info: 
**********************REQUEST_STARTED*********************
OPTIONS /api/partner/?limit=5&page=1 200 0.419 ms - 0
2022-04-21 16:12:33:1233 info: 
**********************REQUEST_STARTED*********************
GET /api/partner/?limit=5&page=1 304 101.920 ms - -
2022-04-21 16:12:34:1234 info: 
**********************REQUEST_STARTED*********************
OPTIONS /api/partner 200 0.164 ms - 0
2022-04-21 16:12:34:1234 info: 
**********************REQUEST_STARTED*********************
GET /api/partner 304 98.197 ms - -
2022-04-21 16:12:48:1248 info: 
**********************REQUEST_STARTED*********************
OPTIONS /api/admin/service 200 0.143 ms - 0
2022-04-21 16:12:48:1248 info: 
**********************REQUEST_STARTED*********************
POST /api/admin/service 400 106.763 ms - 122
2022-04-21 16:14:07:147 info: 
**********************REQUEST_STARTED*********************
OPTIONS /api/admin/service/category?limit=5&page=1 200 0.216 ms - 0
2022-04-21 16:14:07:147 info: 
**********************REQUEST_STARTED*********************
GET /api/admin/service/category?limit=5&page=1 304 110.387 ms - -
2022-04-21 16:14:07:147 info: 
**********************REQUEST_STARTED*********************
OPTIONS /api/partner/?limit=5&page=1 200 0.248 ms - 0
2022-04-21 16:14:07:147 info: 
**********************REQUEST_STARTED*********************
GET /api/partner/?limit=5&page=1 304 100.855 ms - -
2022-04-21 16:14:30:1430 info: 
**********************REQUEST_STARTED*********************
OPTIONS /api/admin/service 200 0.169 ms - 0
2022-04-21 16:14:31:1431 info: 
**********************REQUEST_STARTED*********************
POST /api/admin/service 200 84.931 ms - 380
2022-04-21 16:14:31:1431 info: 
**********************REQUEST_STARTED*********************
GET /api/admin/service 200 103.260 ms - 5549
2022-04-21 16:14:36:1436 info: 
**********************REQUEST_STARTED*********************
OPTIONS /api/partner 200 0.181 ms - 0
2022-04-21 16:14:36:1436 info: 
**********************REQUEST_STARTED*********************
GET /api/partner 304 100.565 ms - -
2022-04-21 16:14:38:1438 info: 
**********************REQUEST_STARTED*********************
OPTIONS /api/admin/service/category?limit=5&page=1 200 0.187 ms - 0
2022-04-21 16:14:38:1438 info: 
**********************REQUEST_STARTED*********************
GET /api/admin/service/category?limit=5&page=1 304 90.406 ms - -
2022-04-21 16:14:38:1438 info: 
**********************REQUEST_STARTED*********************
OPTIONS /api/admin/service 200 0.098 ms - 0
2022-04-21 16:14:38:1438 info: 
**********************REQUEST_STARTED*********************
GET /api/admin/service 304 89.235 ms - -
2022-04-21 16:17:04:174 info: 
**********************REQUEST_STARTED*********************
OPTIONS /api/partner 200 0.215 ms - 0
2022-04-21 16:17:04:174 info: 
**********************REQUEST_STARTED*********************
GET /api/partner 304 96.081 ms - -
2022-04-21 16:17:08:178 info: 
**********************REQUEST_STARTED*********************
OPTIONS /api/admin/service 200 0.198 ms - 0
2022-04-21 16:17:08:178 info: 
**********************REQUEST_STARTED*********************
OPTIONS /api/partner/6261093ab0943edb86281957 200 0.097 ms - 0
2022-04-21 16:17:09:179 info: 
**********************REQUEST_STARTED*********************
GET /api/partner/6261093ab0943edb86281957 200 72.456 ms - 722
2022-04-21 16:17:09:179 info: 
**********************REQUEST_STARTED*********************
GET /api/admin/service 304 110.234 ms - -
2022-04-21 16:17:15:1715 info: 
**********************REQUEST_STARTED*********************
OPTIONS /api/partner/update/6261093ab0943edb86281957 200 0.110 ms - 0
2022-04-21 16:17:15:1715 info: 
**********************REQUEST_STARTED*********************
PUT /api/partner/update/6261093ab0943edb86281957 200 133.037 ms - 739
2022-04-21 16:17:15:1715 info: 
**********************REQUEST_STARTED*********************
OPTIONS /api/partner 200 0.149 ms - 0
2022-04-21 16:17:15:1715 info: 
**********************REQUEST_STARTED*********************
GET /api/partner 200 97.174 ms - 7180
2022-04-21 16:17:19:1719 info: 
**********************REQUEST_STARTED*********************
OPTIONS /api/admin/service/category 200 0.203 ms - 0
2022-04-21 16:17:19:1719 info: 
**********************REQUEST_STARTED*********************
GET /api/admin/service/category 304 88.791 ms - -
2022-04-21 16:17:21:1721 info: 
**********************REQUEST_STARTED*********************
OPTIONS /api/admin/service 200 0.133 ms - 0
2022-04-21 16:17:21:1721 info: 
**********************REQUEST_STARTED*********************
GET /api/admin/service 200 95.834 ms - 6242
2022-04-21 16:18:32:1832 info: 
**********************REQUEST_STARTED*********************
OPTIONS /api/admin/service/category?limit=5&page=1 200 0.203 ms - 0
2022-04-21 16:18:32:1832 info: 
**********************REQUEST_STARTED*********************
GET /api/admin/service/category?limit=5&page=1 304 99.782 ms - -
2022-04-21 16:18:32:1832 info: 
**********************REQUEST_STARTED*********************
OPTIONS /api/partner/?limit=5&page=1 200 0.184 ms - 0
2022-04-21 16:18:32:1832 info: 
**********************REQUEST_STARTED*********************
GET /api/partner/?limit=5&page=1 200 128.200 ms - 7180
2022-04-21 16:18:32:1832 info: 
**********************REQUEST_STARTED*********************
OPTIONS /api/admin/service/625aa1bb42c3c2845afbae7c 200 0.078 ms - 0
2022-04-21 16:18:32:1832 info: 
**********************REQUEST_STARTED*********************
GET /api/admin/service/625aa1bb42c3c2845afbae7c 200 103.965 ms - 1295
2022-04-21 16:18:53:1853 info: 
**********************REQUEST_STARTED*********************
OPTIONS /api/admin/service/category?limit=5&page=1 200 0.111 ms - 0
2022-04-21 16:18:53:1853 info: 
**********************REQUEST_STARTED*********************
GET /api/admin/service/category?limit=5&page=1 304 94.466 ms - -
2022-04-21 16:18:53:1853 info: 
**********************REQUEST_STARTED*********************
OPTIONS /api/partner/?limit=5&page=1 200 0.117 ms - 0
2022-04-21 16:18:54:1854 info: 
**********************REQUEST_STARTED*********************
GET /api/partner/?limit=5&page=1 304 96.654 ms - -
2022-04-21 16:18:54:1854 info: 
**********************REQUEST_STARTED*********************
OPTIONS /api/admin/service/625aa1bb42c3c2845afbae7c 200 0.102 ms - 0
2022-04-21 16:18:54:1854 info: 
**********************REQUEST_STARTED*********************
GET /api/admin/service/625aa1bb42c3c2845afbae7c 304 88.702 ms - -
2022-04-21 16:19:16:1916 info: 
**********************REQUEST_STARTED*********************
OPTIONS /api/admin/service/category 200 0.108 ms - 0
2022-04-21 16:19:17:1917 info: 
**********************REQUEST_STARTED*********************
GET /api/admin/service/category 304 89.176 ms - -
2022-04-21 16:19:20:1920 info: 
**********************REQUEST_STARTED*********************
OPTIONS /api/partner 200 0.138 ms - 0
2022-04-21 16:19:20:1920 info: 
**********************REQUEST_STARTED*********************
GET /api/partner 304 97.994 ms - -
2022-04-21 16:19:22:1922 info: 
**********************REQUEST_STARTED*********************
OPTIONS /api/admin/service 200 0.094 ms - 0
2022-04-21 16:19:22:1922 info: 
**********************REQUEST_STARTED*********************
GET /api/admin/service 304 95.871 ms - -
2022-04-21 16:19:52:1952 info: 
**********************REQUEST_STARTED*********************
OPTIONS /api/admin/service/category?limit=5&page=1 200 0.084 ms - 0
2022-04-21 16:19:52:1952 info: 
**********************REQUEST_STARTED*********************
GET /api/admin/service/category?limit=5&page=1 304 85.036 ms - -
2022-04-21 16:19:52:1952 info: 
**********************REQUEST_STARTED*********************
OPTIONS /api/partner/?limit=5&page=1 200 0.094 ms - 0
2022-04-21 16:19:52:1952 info: 
**********************REQUEST_STARTED*********************
GET /api/partner/?limit=5&page=1 304 92.905 ms - -
2022-04-21 16:19:52:1952 info: 
**********************REQUEST_STARTED*********************
OPTIONS /api/admin/service/6261358eda941aa090557b18 200 0.134 ms - 0
2022-04-21 16:19:52:1952 info: 
**********************REQUEST_STARTED*********************
GET /api/admin/service/6261358eda941aa090557b18 200 92.731 ms - 1267
2022-04-21 16:20:03:203 info: 
**********************REQUEST_STARTED*********************
OPTIONS /api/admin/service/6261358eda941aa090557b18 200 0.082 ms - 0
2022-04-21 16:20:03:203 info: 
**********************REQUEST_STARTED*********************
PUT /api/admin/service/6261358eda941aa090557b18 200 121.285 ms - 410
2022-04-21 16:20:03:203 info: 
**********************REQUEST_STARTED*********************
OPTIONS /api/admin/service 200 0.160 ms - 0
2022-04-21 16:20:03:203 info: 
**********************REQUEST_STARTED*********************
GET /api/admin/service 200 92.082 ms - 6250
2022-04-21 16:20:33:2033 info: 
**********************REQUEST_STARTED*********************
OPTIONS /api/partner 200 0.091 ms - 0
2022-04-21 16:20:33:2033 info: 
**********************REQUEST_STARTED*********************
GET /api/partner 200 89.294 ms - 7188
2022-04-21 16:20:36:2036 info: 
**********************REQUEST_STARTED*********************
OPTIONS /api/admin/service 200 0.121 ms - 0
2022-04-21 16:20:36:2036 info: 
**********************REQUEST_STARTED*********************
OPTIONS /api/partner/6261093ab0943edb86281957 200 0.147 ms - 0
2022-04-21 16:20:36:2036 info: 
**********************REQUEST_STARTED*********************
GET /api/partner/6261093ab0943edb86281957 200 68.488 ms - 722
2022-04-21 16:20:36:2036 info: 
**********************REQUEST_STARTED*********************
GET /api/admin/service 304 98.703 ms - -
2022-04-21 16:20:41:2041 info: 
**********************REQUEST_STARTED*********************
OPTIONS /api/partner/update/6261093ab0943edb86281957 200 0.083 ms - 0
2022-04-21 16:20:41:2041 info: 
**********************REQUEST_STARTED*********************
PUT /api/partner/update/6261093ab0943edb86281957 200 109.316 ms - 739
2022-04-21 16:20:41:2041 info: 
**********************REQUEST_STARTED*********************
OPTIONS /api/partner 200 0.159 ms - 0
2022-04-21 16:20:42:2042 info: 
**********************REQUEST_STARTED*********************
GET /api/partner 200 102.446 ms - 7201
2022-04-21 16:20:46:2046 info: 
**********************REQUEST_STARTED*********************
OPTIONS /api/admin/service 200 0.127 ms - 0
2022-04-21 16:20:46:2046 info: 
**********************REQUEST_STARTED*********************
GET /api/admin/service 200 100.947 ms - 6250
2022-04-21 16:26:06:266 info: 
**********************REQUEST_STARTED*********************
OPTIONS /api/partner 200 0.124 ms - 0
2022-04-21 16:26:06:266 info: 
**********************REQUEST_STARTED*********************
GET /api/partner 304 90.219 ms - -
2022-04-21 16:30:44:3044 info: 
**********************REQUEST_STARTED*********************
OPTIONS /api/admin/service 200 1.919 ms - 0
2022-04-21 16:30:44:3044 info: 
**********************REQUEST_STARTED*********************
OPTIONS /api/partner/6261093ab0943edb86281957 200 0.432 ms - 0
2022-04-21 16:30:44:3044 info: 
**********************REQUEST_STARTED*********************
GET /api/partner/6261093ab0943edb86281957 200 74.589 ms - 722
2022-04-21 16:30:44:3044 info: 
**********************REQUEST_STARTED*********************
GET /api/admin/service 304 130.005 ms - -
2022-04-21 16:30:50:3050 info: 
**********************REQUEST_STARTED*********************
OPTIONS /api/partner/update/6261093ab0943edb86281957 200 0.115 ms - 0
2022-04-21 16:30:50:3050 info: 
**********************REQUEST_STARTED*********************
PUT /api/partner/update/6261093ab0943edb86281957 200 206.920 ms - 739
2022-04-21 16:30:50:3050 info: 
**********************REQUEST_STARTED*********************
OPTIONS /api/partner 200 0.177 ms - 0
2022-04-21 16:30:50:3050 info: 
**********************REQUEST_STARTED*********************
GET /api/partner 200 98.635 ms - 7107
2022-04-21 16:30:57:3057 info: 
**********************REQUEST_STARTED*********************
OPTIONS /api/admin/service 200 0.126 ms - 0
2022-04-21 16:30:57:3057 info: 
**********************REQUEST_STARTED*********************
GET /api/admin/service 200 107.533 ms - 5547
2022-04-21 16:31:01:311 info: 
**********************REQUEST_STARTED*********************
OPTIONS /api/partner 200 0.149 ms - 0
2022-04-21 16:31:01:311 info: 
**********************REQUEST_STARTED*********************
GET /api/partner 304 114.166 ms - -
2022-04-21 16:31:05:315 info: 
**********************REQUEST_STARTED*********************
OPTIONS /api/admin/service 200 0.139 ms - 0
2022-04-21 16:31:05:315 info: 
**********************REQUEST_STARTED*********************
OPTIONS /api/partner/6261093ab0943edb86281957 200 0.106 ms - 0
2022-04-21 16:31:05:315 info: 
**********************REQUEST_STARTED*********************
GET /api/partner/6261093ab0943edb86281957 200 63.360 ms - 722
2022-04-21 16:31:05:315 info: 
**********************REQUEST_STARTED*********************
GET /api/admin/service 304 100.847 ms - -
2022-04-21 16:31:10:3110 info: 
**********************REQUEST_STARTED*********************
OPTIONS /api/partner/update/6261093ab0943edb86281957 200 0.118 ms - 0
2022-04-21 16:31:10:3110 info: 
**********************REQUEST_STARTED*********************
PUT /api/partner/update/6261093ab0943edb86281957 200 165.716 ms - 739
2022-04-21 16:31:10:3110 info: 
**********************REQUEST_STARTED*********************
OPTIONS /api/partner 200 0.313 ms - 0
2022-04-21 16:31:10:3110 info: 
**********************REQUEST_STARTED*********************
GET /api/partner 200 100.459 ms - 7097
2022-04-21 16:31:12:3112 info: 
**********************REQUEST_STARTED*********************
OPTIONS /api/admin/service 200 0.195 ms - 0
2022-04-21 16:31:12:3112 info: 
**********************REQUEST_STARTED*********************
GET /api/admin/service 200 106.738 ms - 4854
2022-04-21 16:31:18:3118 info: 
**********************REQUEST_STARTED*********************
OPTIONS /api/partner 200 0.146 ms - 0
2022-04-21 16:31:18:3118 info: 
**********************REQUEST_STARTED*********************
GET /api/partner 304 98.079 ms - -
2022-04-21 16:31:21:3121 info: 
**********************REQUEST_STARTED*********************
OPTIONS /api/admin/service 200 0.135 ms - 0
2022-04-21 16:31:21:3121 info: 
**********************REQUEST_STARTED*********************
OPTIONS /api/partner/6261093ab0943edb86281957 200 0.206 ms - 0
2022-04-21 16:31:21:3121 info: 
**********************REQUEST_STARTED*********************
GET /api/partner/6261093ab0943edb86281957 200 67.303 ms - 722
2022-04-21 16:31:21:3121 info: 
**********************REQUEST_STARTED*********************
GET /api/admin/service 304 95.277 ms - -
2022-04-21 16:31:24:3124 info: 
**********************REQUEST_STARTED*********************
OPTIONS /api/partner/update/6261093ab0943edb86281957 200 0.118 ms - 0
2022-04-21 16:31:24:3124 info: 
**********************REQUEST_STARTED*********************
PUT /api/partner/update/6261093ab0943edb86281957 200 161.225 ms - 739
2022-04-21 16:31:24:3124 info: 
**********************REQUEST_STARTED*********************
OPTIONS /api/partner 200 0.195 ms - 0
2022-04-21 16:31:25:3125 info: 
**********************REQUEST_STARTED*********************
GET /api/partner 200 98.109 ms - 7135
2022-04-21 16:31:26:3126 info: 
**********************REQUEST_STARTED*********************
OPTIONS /api/admin/service 200 0.159 ms - 0
2022-04-21 16:31:27:3127 info: 
**********************REQUEST_STARTED*********************
GET /api/admin/service 200 96.652 ms - 4854
2022-04-21 16:31:32:3132 info: 
**********************REQUEST_STARTED*********************
OPTIONS /api/partner 200 0.136 ms - 0
2022-04-21 16:31:32:3132 info: 
**********************REQUEST_STARTED*********************
GET /api/partner 304 96.309 ms - -
2022-04-21 16:31:38:3138 info: 
**********************REQUEST_STARTED*********************
OPTIONS /api/admin/service 200 0.209 ms - 0
2022-04-21 16:31:38:3138 info: 
**********************REQUEST_STARTED*********************
OPTIONS /api/partner/625fa69157ec6965f4b3f154 200 0.134 ms - 0
2022-04-21 16:31:38:3138 info: 
**********************REQUEST_STARTED*********************
GET /api/partner/625fa69157ec6965f4b3f154 200 64.990 ms - 732
2022-04-21 16:31:38:3138 info: 
**********************REQUEST_STARTED*********************
GET /api/admin/service 304 97.457 ms - -
2022-04-21 16:31:41:3141 info: 
**********************REQUEST_STARTED*********************
OPTIONS /api/partner/update/625fa69157ec6965f4b3f154 200 0.114 ms - 0
2022-04-21 16:31:42:3142 info: 
**********************REQUEST_STARTED*********************
PUT /api/partner/update/625fa69157ec6965f4b3f154 200 161.778 ms - 749
2022-04-21 16:31:42:3142 info: 
**********************REQUEST_STARTED*********************
OPTIONS /api/partner 200 0.141 ms - 0
2022-04-21 16:31:42:3142 info: 
**********************REQUEST_STARTED*********************
GET /api/partner 200 102.452 ms - 7160
2022-04-21 16:31:43:3143 info: 
**********************REQUEST_STARTED*********************
GET /api/admin/service 200 94.420 ms - 4864
2022-04-21 16:31:46:3146 info: 
**********************REQUEST_STARTED*********************
GET /api/partner 304 98.112 ms - -
2022-04-21 16:31:52:3152 info: 
**********************REQUEST_STARTED*********************
OPTIONS /api/admin/service 200 0.114 ms - 0
2022-04-21 16:31:52:3152 info: 
**********************REQUEST_STARTED*********************
OPTIONS /api/partner/625eeee4f307152c4634a67d 200 0.157 ms - 0
2022-04-21 16:31:52:3152 info: 
**********************REQUEST_STARTED*********************
GET /api/partner/625eeee4f307152c4634a67d 304 65.368 ms - -
2022-04-21 16:31:52:3152 info: 
**********************REQUEST_STARTED*********************
GET /api/admin/service 304 96.606 ms - -
2022-04-21 16:31:56:3156 info: 
**********************REQUEST_STARTED*********************
OPTIONS /api/partner/update/625eeee4f307152c4634a67d 200 0.130 ms - 0
2022-04-21 16:31:57:3157 info: 
**********************REQUEST_STARTED*********************
PUT /api/partner/update/625eeee4f307152c4634a67d 200 162.432 ms - 732
2022-04-21 16:31:57:3157 info: 
**********************REQUEST_STARTED*********************
OPTIONS /api/partner 200 0.199 ms - 0
2022-04-21 16:31:57:3157 info: 
**********************REQUEST_STARTED*********************
GET /api/partner 200 93.111 ms - 7216
2022-04-21 16:31:59:3159 info: 
**********************REQUEST_STARTED*********************
OPTIONS /api/admin/service 200 0.147 ms - 0
2022-04-21 16:31:59:3159 info: 
**********************REQUEST_STARTED*********************
GET /api/admin/service 200 95.264 ms - 5550
2022-04-21 16:32:06:326 info: 
**********************REQUEST_STARTED*********************
OPTIONS /api/partner 200 0.122 ms - 0
2022-04-21 16:32:06:326 info: 
**********************REQUEST_STARTED*********************
GET /api/partner 304 100.840 ms - -
2022-04-21 16:32:13:3213 info: 
**********************REQUEST_STARTED*********************
OPTIONS /api/admin/service 200 0.122 ms - 0
2022-04-21 16:32:13:3213 info: 
**********************REQUEST_STARTED*********************
OPTIONS /api/partner/625eeee4f307152c4634a67d 200 0.211 ms - 0
2022-04-21 16:32:13:3213 info: 
**********************REQUEST_STARTED*********************
GET /api/partner/625eeee4f307152c4634a67d 200 66.335 ms - 715
2022-04-21 16:32:13:3213 info: 
**********************REQUEST_STARTED*********************
GET /api/admin/service 304 96.799 ms - -
2022-04-21 16:32:17:3217 info: 
**********************REQUEST_STARTED*********************
OPTIONS /api/partner/update/625eeee4f307152c4634a67d 200 0.143 ms - 0
2022-04-21 16:32:17:3217 info: 
**********************REQUEST_STARTED*********************
PUT /api/partner/update/625eeee4f307152c4634a67d 200 161.881 ms - 732
2022-04-21 16:32:17:3217 info: 
**********************REQUEST_STARTED*********************
OPTIONS /api/partner 200 0.194 ms - 0
2022-04-21 16:32:17:3217 info: 
**********************REQUEST_STARTED*********************
GET /api/partner 200 105.248 ms - 7210
2022-04-21 16:32:19:3219 info: 
**********************REQUEST_STARTED*********************
OPTIONS /api/admin/service 200 0.119 ms - 0
2022-04-21 16:32:19:3219 info: 
**********************REQUEST_STARTED*********************
GET /api/admin/service 200 98.560 ms - 4857
2022-04-21 16:32:23:3223 info: 
**********************REQUEST_STARTED*********************
OPTIONS /api/partner 200 0.239 ms - 0
2022-04-21 16:32:24:3224 info: 
**********************REQUEST_STARTED*********************
GET /api/partner 304 118.517 ms - -
2022-04-21 16:32:28:3228 info: 
**********************REQUEST_STARTED*********************
OPTIONS /api/admin/service 200 0.111 ms - 0
2022-04-21 16:32:28:3228 info: 
**********************REQUEST_STARTED*********************
OPTIONS /api/partner/6261093ab0943edb86281957 200 0.201 ms - 0
2022-04-21 16:32:28:3228 info: 
**********************REQUEST_STARTED*********************
GET /api/partner/6261093ab0943edb86281957 200 64.714 ms - 722
2022-04-21 16:32:28:3228 info: 
**********************REQUEST_STARTED*********************
GET /api/admin/service 304 95.886 ms - -
2022-04-21 16:32:31:3231 info: 
**********************REQUEST_STARTED*********************
OPTIONS /api/partner/update/6261093ab0943edb86281957 200 0.115 ms - 0
2022-04-21 16:32:31:3231 info: 
**********************REQUEST_STARTED*********************
PUT /api/partner/update/6261093ab0943edb86281957 200 157.092 ms - 739
2022-04-21 16:32:32:3232 info: 
**********************REQUEST_STARTED*********************
OPTIONS /api/partner 200 0.167 ms - 0
2022-04-21 16:32:32:3232 info: 
**********************REQUEST_STARTED*********************
GET /api/partner 200 97.915 ms - 7116
2022-04-21 16:32:34:3234 info: 
**********************REQUEST_STARTED*********************
OPTIONS /api/admin/service/category 200 0.140 ms - 0
2022-04-21 16:32:34:3234 info: 
**********************REQUEST_STARTED*********************
GET /api/admin/service/category 304 99.106 ms - -
2022-04-21 16:32:35:3235 info: 
**********************REQUEST_STARTED*********************
OPTIONS /api/admin/service 200 0.129 ms - 0
2022-04-21 16:32:35:3235 info: 
**********************REQUEST_STARTED*********************
GET /api/admin/service 200 99.460 ms - 4178
2022-04-21 16:32:38:3238 info: 
**********************REQUEST_STARTED*********************
OPTIONS /api/partner 200 0.150 ms - 0
2022-04-21 16:32:38:3238 info: 
**********************REQUEST_STARTED*********************
GET /api/partner 304 94.227 ms - -
2022-04-21 16:32:42:3242 info: 
**********************REQUEST_STARTED*********************
OPTIONS /api/admin/service 200 0.120 ms - 0
2022-04-21 16:32:42:3242 info: 
**********************REQUEST_STARTED*********************
OPTIONS /api/partner/625eeee4f307152c4634a67d 200 0.254 ms - 0
2022-04-21 16:32:42:3242 info: 
**********************REQUEST_STARTED*********************
GET /api/partner/625eeee4f307152c4634a67d 200 62.909 ms - 715
2022-04-21 16:32:42:3242 info: 
**********************REQUEST_STARTED*********************
GET /api/admin/service 304 93.749 ms - -
2022-04-21 16:32:46:3246 info: 
**********************REQUEST_STARTED*********************
OPTIONS /api/partner/update/625eeee4f307152c4634a67d 200 0.101 ms - 0
2022-04-21 16:32:46:3246 info: 
**********************REQUEST_STARTED*********************
PUT /api/partner/update/625eeee4f307152c4634a67d 200 157.613 ms - 732
2022-04-21 16:32:46:3246 info: 
**********************REQUEST_STARTED*********************
OPTIONS /api/partner 200 0.142 ms - 0
2022-04-21 16:32:46:3246 info: 
**********************REQUEST_STARTED*********************
GET /api/partner 200 88.644 ms - 7144
2022-04-21 16:32:49:3249 info: 
**********************REQUEST_STARTED*********************
OPTIONS /api/admin/service 200 0.121 ms - 0
2022-04-21 16:32:50:3250 info: 
**********************REQUEST_STARTED*********************
GET /api/admin/service 200 94.030 ms - 4864
2022-04-21 16:33:03:333 info: 
**********************REQUEST_STARTED*********************
OPTIONS /api/partner 200 0.114 ms - 0
2022-04-21 16:33:03:333 info: 
**********************REQUEST_STARTED*********************
GET /api/partner 304 90.247 ms - -
2022-04-21 16:33:08:338 info: 
**********************REQUEST_STARTED*********************
OPTIONS /api/admin/service 200 0.098 ms - 0
2022-04-21 16:33:08:338 info: 
**********************REQUEST_STARTED*********************
OPTIONS /api/partner/625eeee4f307152c4634a67d 200 0.257 ms - 0
2022-04-21 16:33:08:338 info: 
**********************REQUEST_STARTED*********************
GET /api/partner/625eeee4f307152c4634a67d 200 61.130 ms - 715
2022-04-21 16:33:08:338 info: 
**********************REQUEST_STARTED*********************
GET /api/admin/service 304 92.036 ms - -
2022-04-21 16:33:12:3312 info: 
**********************REQUEST_STARTED*********************
OPTIONS /api/partner/update/625eeee4f307152c4634a67d 200 0.103 ms - 0
2022-04-21 16:33:12:3312 info: 
**********************REQUEST_STARTED*********************
PUT /api/partner/update/625eeee4f307152c4634a67d 200 159.401 ms - 732
2022-04-21 16:33:12:3312 info: 
**********************REQUEST_STARTED*********************
OPTIONS /api/partner 200 0.157 ms - 0
2022-04-21 16:33:12:3312 info: 
**********************REQUEST_STARTED*********************
GET /api/partner 200 106.579 ms - 7204
2022-04-21 16:33:14:3314 info: 
**********************REQUEST_STARTED*********************
OPTIONS /api/admin/service 200 0.183 ms - 0
2022-04-21 16:33:14:3314 info: 
**********************REQUEST_STARTED*********************
GET /api/admin/service 200 96.285 ms - 4864
2022-04-21 16:33:48:3348 info: 
**********************REQUEST_STARTED*********************
OPTIONS /api/admin/service/category?limit=5&page=1 200 0.138 ms - 0
2022-04-21 16:33:48:3348 info: 
**********************REQUEST_STARTED*********************
GET /api/admin/service/category?limit=5&page=1 304 92.167 ms - -
2022-04-21 16:33:48:3348 info: 
**********************REQUEST_STARTED*********************
OPTIONS /api/partner/?limit=5&page=1 200 0.134 ms - 0
2022-04-21 16:33:48:3348 info: 
**********************REQUEST_STARTED*********************
GET /api/partner/?limit=5&page=1 200 111.132 ms - 7204
2022-04-21 16:33:48:3348 info: 
**********************REQUEST_STARTED*********************
OPTIONS /api/admin/service/625d05068f911fb14e3e0f5c 200 0.170 ms - 0
2022-04-21 16:33:48:3348 info: 
**********************REQUEST_STARTED*********************
GET /api/admin/service/625d05068f911fb14e3e0f5c 200 88.704 ms - 586
2022-04-21 16:34:20:3420 info: 
**********************REQUEST_STARTED*********************
OPTIONS /api/admin/service/category?limit=5&page=1 200 0.212 ms - 0
2022-04-21 16:34:20:3420 info: 
**********************REQUEST_STARTED*********************
GET /api/admin/service/category?limit=5&page=1 304 90.832 ms - -
2022-04-21 16:34:20:3420 info: 
**********************REQUEST_STARTED*********************
OPTIONS /api/partner/?limit=5&page=1 200 0.166 ms - 0
2022-04-21 16:34:20:3420 info: 
**********************REQUEST_STARTED*********************
GET /api/partner/?limit=5&page=1 304 92.394 ms - -
2022-04-21 16:34:20:3420 info: 
**********************REQUEST_STARTED*********************
OPTIONS /api/admin/service/625d05068f911fb14e3e0f5c 200 0.443 ms - 0
2022-04-21 16:34:20:3420 info: 
**********************REQUEST_STARTED*********************
GET /api/admin/service/625d05068f911fb14e3e0f5c 304 94.262 ms - -
2022-04-21 16:34:26:3426 info: 
**********************REQUEST_STARTED*********************
OPTIONS /api/admin/service 200 0.188 ms - 0
2022-04-21 16:34:26:3426 info: 
**********************REQUEST_STARTED*********************
GET /api/admin/service 304 96.659 ms - -
2022-04-21 16:34:30:3430 info: 
**********************REQUEST_STARTED*********************
OPTIONS /api/admin/service/category?limit=5&page=1 200 0.122 ms - 0
2022-04-21 16:34:30:3430 info: 
**********************REQUEST_STARTED*********************
GET /api/admin/service/category?limit=5&page=1 304 104.035 ms - -
2022-04-21 16:34:30:3430 info: 
**********************REQUEST_STARTED*********************
OPTIONS /api/partner/?limit=5&page=1 200 0.123 ms - 0
2022-04-21 16:34:30:3430 info: 
**********************REQUEST_STARTED*********************
GET /api/partner/?limit=5&page=1 304 100.843 ms - -
2022-04-21 16:34:30:3430 info: 
**********************REQUEST_STARTED*********************
OPTIONS /api/admin/service/625aa1bb42c3c2845afbae7c 200 0.151 ms - 0
2022-04-21 16:34:30:3430 info: 
**********************REQUEST_STARTED*********************
GET /api/admin/service/625aa1bb42c3c2845afbae7c 200 93.623 ms - 1288
2022-04-21 16:34:34:3434 info: 
**********************REQUEST_STARTED*********************
OPTIONS /api/partner 200 0.102 ms - 0
2022-04-21 16:34:34:3434 info: 
**********************REQUEST_STARTED*********************
GET /api/partner 304 102.190 ms - -
2022-04-21 16:34:37:3437 info: 
**********************REQUEST_STARTED*********************
OPTIONS /api/admin/service 200 0.106 ms - 0
2022-04-21 16:34:37:3437 info: 
**********************REQUEST_STARTED*********************
OPTIONS /api/partner/625eeee4f307152c4634a67d 200 0.237 ms - 0
2022-04-21 16:34:37:3437 info: 
**********************REQUEST_STARTED*********************
GET /api/partner/625eeee4f307152c4634a67d 200 64.694 ms - 715
2022-04-21 16:34:37:3437 info: 
**********************REQUEST_STARTED*********************
GET /api/admin/service 304 92.027 ms - -
2022-04-21 16:34:40:3440 info: 
**********************REQUEST_STARTED*********************
OPTIONS /api/partner/update/625eeee4f307152c4634a67d 200 0.107 ms - 0
2022-04-21 16:34:40:3440 info: 
**********************REQUEST_STARTED*********************
PUT /api/partner/update/625eeee4f307152c4634a67d 200 170.870 ms - 732
2022-04-21 16:34:40:3440 info: 
**********************REQUEST_STARTED*********************
OPTIONS /api/partner 200 0.230 ms - 0
2022-04-21 16:34:41:3441 info: 
**********************REQUEST_STARTED*********************
GET /api/partner 200 90.772 ms - 7132
2022-04-21 16:34:42:3442 info: 
**********************REQUEST_STARTED*********************
GET /api/admin/service 200 96.427 ms - 4171
2022-04-21 16:34:46:3446 info: 
**********************REQUEST_STARTED*********************
OPTIONS /api/partner 200 0.105 ms - 0
2022-04-21 16:34:46:3446 info: 
**********************REQUEST_STARTED*********************
GET /api/partner 304 100.650 ms - -
2022-04-21 16:34:48:3448 info: 
**********************REQUEST_STARTED*********************
OPTIONS /api/admin/service 200 0.174 ms - 0
2022-04-21 16:34:48:3448 info: 
**********************REQUEST_STARTED*********************
GET /api/admin/service 304 97.932 ms - -
2022-04-21 16:43:26:4326 info: 
**********************REQUEST_STARTED*********************
GET /api/admin/services/625eeee4f307152c4634a67d 200 87.528 ms - 397
2022-04-21 16:43:33:4333 info: 
**********************REQUEST_STARTED*********************
OPTIONS /api/admin/service 200 0.861 ms - 0
2022-04-21 16:43:33:4333 info: 
**********************REQUEST_STARTED*********************
GET /api/admin/service 304 103.927 ms - -
2022-04-21 16:43:36:4336 info: 
**********************REQUEST_STARTED*********************
OPTIONS /api/partner 200 0.516 ms - 0
2022-04-21 16:43:36:4336 info: 
**********************REQUEST_STARTED*********************
GET /api/partner 304 107.864 ms - -
2022-04-21 16:43:39:4339 info: 
**********************REQUEST_STARTED*********************
OPTIONS /api/admin/service 200 0.195 ms - 0
2022-04-21 16:43:39:4339 info: 
**********************REQUEST_STARTED*********************
OPTIONS /api/partner/625eeee4f307152c4634a67d 200 0.173 ms - 0
2022-04-21 16:43:39:4339 info: 
**********************REQUEST_STARTED*********************
GET /api/partner/625eeee4f307152c4634a67d 200 70.667 ms - 715
2022-04-21 16:43:39:4339 info: 
**********************REQUEST_STARTED*********************
GET /api/admin/service 304 103.550 ms - -
2022-04-21 16:43:42:4342 info: 
**********************REQUEST_STARTED*********************
OPTIONS /api/partner/update/625eeee4f307152c4634a67d 200 0.123 ms - 0
2022-04-21 16:43:42:4342 info: 
**********************REQUEST_STARTED*********************
PUT /api/partner/update/625eeee4f307152c4634a67d 200 131.440 ms - 732
2022-04-21 16:43:42:4342 info: 
**********************REQUEST_STARTED*********************
OPTIONS /api/partner 200 0.238 ms - 0
2022-04-21 16:43:42:4342 info: 
**********************REQUEST_STARTED*********************
GET /api/partner 200 95.275 ms - 7204
2022-04-21 16:43:44:4344 info: 
**********************REQUEST_STARTED*********************
OPTIONS /api/admin/service 200 0.149 ms - 0
2022-04-21 16:43:44:4344 info: 
**********************REQUEST_STARTED*********************
GET /api/admin/service 200 95.550 ms - 4857
2022-04-21 16:43:52:4352 info: 
**********************REQUEST_STARTED*********************
GET /api/admin/services/625eeee4f307152c4634a67d 200 75.370 ms - 755
2022-04-21 16:46:00:460 info: 
**********************REQUEST_STARTED*********************
OPTIONS /api/partner 200 0.133 ms - 0
2022-04-21 16:46:00:460 info: 
**********************REQUEST_STARTED*********************
GET /api/partner 304 105.329 ms - -
2022-04-21 16:49:47:4947 info: 
**********************REQUEST_STARTED*********************
OPTIONS /api/admin/service 200 0.416 ms - 0
2022-04-21 16:49:47:4947 info: 
**********************REQUEST_STARTED*********************
GET /api/admin/service 304 145.294 ms - -
2022-04-21 16:52:45:5245 info: 
**********************REQUEST_STARTED*********************
OPTIONS /api/admin/service/category 200 0.668 ms - 0
2022-04-21 16:52:45:5245 info: 
**********************REQUEST_STARTED*********************
GET /api/admin/service/category 304 228.410 ms - -
2022-04-21 16:52:51:5251 info: 
**********************REQUEST_STARTED*********************
OPTIONS /api/partner 200 0.590 ms - 0
2022-04-21 16:52:52:5252 info: 
**********************REQUEST_STARTED*********************
GET /api/partner 304 122.249 ms - -
2022-04-21 16:52:57:5257 info: 
**********************REQUEST_STARTED*********************
OPTIONS /api/admin/service/category?limit=5&page=1 200 0.266 ms - 0
2022-04-21 16:52:57:5257 info: 
**********************REQUEST_STARTED*********************
GET /api/admin/service/category?limit=5&page=1 304 95.330 ms - -
2022-04-21 16:52:57:5257 info: 
**********************REQUEST_STARTED*********************
OPTIONS /api/admin/service 200 0.217 ms - 0
2022-04-21 16:52:57:5257 info: 
**********************REQUEST_STARTED*********************
GET /api/admin/service 304 102.717 ms - -
2022-04-21 16:53:54:5354 info: 
**********************REQUEST_STARTED*********************
OPTIONS /api/admin/service 200 0.327 ms - 0
2022-04-21 16:53:54:5354 info: 
**********************REQUEST_STARTED*********************
GET /api/admin/service 304 135.679 ms - -
2022-04-21 16:54:00:540 info: 
**********************REQUEST_STARTED*********************
OPTIONS /api/partner 200 0.284 ms - 0
2022-04-21 16:54:00:540 info: 
**********************REQUEST_STARTED*********************
GET /api/partner 304 131.747 ms - -
2022-04-21 16:54:04:544 info: 
**********************REQUEST_STARTED*********************
OPTIONS /api/admin/service 200 0.379 ms - 0
2022-04-21 16:54:04:544 info: 
**********************REQUEST_STARTED*********************
OPTIONS /api/partner/625eeee4f307152c4634a67d 200 0.340 ms - 0
2022-04-21 16:54:04:544 info: 
**********************REQUEST_STARTED*********************
GET /api/partner/625eeee4f307152c4634a67d 200 80.756 ms - 715
2022-04-21 16:54:04:544 info: 
**********************REQUEST_STARTED*********************
GET /api/admin/service 304 145.091 ms - -
2022-04-21 16:54:07:547 info: 
**********************REQUEST_STARTED*********************
OPTIONS /api/partner/update/625eeee4f307152c4634a67d 200 4.273 ms - 0
2022-04-21 16:54:07:547 info: 
**********************REQUEST_STARTED*********************
PUT /api/partner/update/625eeee4f307152c4634a67d 200 172.438 ms - 732
2022-04-21 16:54:07:547 info: 
**********************REQUEST_STARTED*********************
OPTIONS /api/partner 200 0.289 ms - 0
2022-04-21 16:54:08:548 info: 
**********************REQUEST_STARTED*********************
GET /api/partner 200 109.004 ms - 7176
2022-04-21 16:54:14:5414 info: 
**********************REQUEST_STARTED*********************
GET /api/admin/services/625eeee4f307152c4634a67d 200 68.950 ms - 1085
2022-04-21 16:54:44:5444 info: 
**********************REQUEST_STARTED*********************
OPTIONS /api/admin/service 200 0.277 ms - 0
2022-04-21 16:54:44:5444 info: 
**********************REQUEST_STARTED*********************
GET /api/admin/service 200 103.498 ms - 5543
2022-04-21 16:55:06:556 info: 
**********************REQUEST_STARTED*********************
OPTIONS /api/partner 200 0.187 ms - 0
2022-04-21 16:55:06:556 info: 
**********************REQUEST_STARTED*********************
GET /api/partner 304 114.853 ms - -
2022-04-21 16:55:25:5525 info: 
**********************REQUEST_STARTED*********************
OPTIONS /api/admin/service 200 0.345 ms - 0
2022-04-21 16:55:25:5525 info: 
**********************REQUEST_STARTED*********************
GET /api/admin/service 304 100.994 ms - -
2022-04-21 16:55:29:5529 info: 
**********************REQUEST_STARTED*********************
OPTIONS /api/admin/service/category?limit=5&page=1 200 0.282 ms - 0
2022-04-21 16:55:29:5529 info: 
**********************REQUEST_STARTED*********************
GET /api/admin/service/category?limit=5&page=1 304 119.086 ms - -
2022-04-21 16:55:29:5529 info: 
**********************REQUEST_STARTED*********************
OPTIONS /api/partner/?limit=5&page=1 200 0.180 ms - 0
2022-04-21 16:55:29:5529 info: 
**********************REQUEST_STARTED*********************
GET /api/partner/?limit=5&page=1 200 107.789 ms - 7176
2022-04-21 16:58:14:5814 info: 
**********************REQUEST_STARTED*********************
OPTIONS /api/admin/service 200 0.250 ms - 0
2022-04-21 16:58:14:5814 info: 
**********************REQUEST_STARTED*********************
GET /api/admin/service 304 96.869 ms - -
2022-04-21 16:59:46:5946 info: 
**********************REQUEST_STARTED*********************
OPTIONS /api/admin/service/category 200 0.137 ms - 0
2022-04-21 16:59:46:5946 info: 
**********************REQUEST_STARTED*********************
GET /api/admin/service/category 304 97.103 ms - -
2022-04-21 16:59:52:5952 info: 
**********************REQUEST_STARTED*********************
OPTIONS /api/admin/service 200 0.157 ms - 0
2022-04-21 16:59:52:5952 info: 
**********************REQUEST_STARTED*********************
GET /api/admin/service 304 105.062 ms - -
2022-04-21 16:59:57:5957 info: 
**********************REQUEST_STARTED*********************
OPTIONS /api/admin/service/category 200 0.124 ms - 0
2022-04-21 16:59:57:5957 info: 
**********************REQUEST_STARTED*********************
GET /api/admin/service/category 304 97.293 ms - -
2022-04-21 17:00:11:011 info: 
**********************REQUEST_STARTED*********************
OPTIONS /api/admin/service 200 0.239 ms - 0
2022-04-21 17:00:11:011 info: 
**********************REQUEST_STARTED*********************
GET /api/admin/service 304 93.464 ms - -
2022-04-21 17:00:14:014 info: 
**********************REQUEST_STARTED*********************
OPTIONS /api/admin/service/category?limit=5&page=1 200 0.130 ms - 0
2022-04-21 17:00:14:014 info: 
**********************REQUEST_STARTED*********************
OPTIONS /api/partner/?limit=5&page=1 200 0.193 ms - 0
2022-04-21 17:00:14:014 info: 
**********************REQUEST_STARTED*********************
GET /api/admin/service/category?limit=5&page=1 304 85.592 ms - -
2022-04-21 17:00:14:014 info: 
**********************REQUEST_STARTED*********************
GET /api/partner/?limit=5&page=1 304 96.727 ms - -
2022-04-21 17:00:14:014 info: 
**********************REQUEST_STARTED*********************
OPTIONS /api/admin/service/625aa1bb42c3c2845afbae7c 200 0.114 ms - 0
2022-04-21 17:00:14:014 info: 
**********************REQUEST_STARTED*********************
GET /api/admin/service/625aa1bb42c3c2845afbae7c 200 94.854 ms - 1288
2022-04-21 17:00:20:020 info: 
**********************REQUEST_STARTED*********************
OPTIONS /api/admin/service 200 0.113 ms - 0
2022-04-21 17:00:20:020 info: 
**********************REQUEST_STARTED*********************
GET /api/admin/service 304 92.805 ms - -
2022-04-21 17:00:30:030 info: 
**********************REQUEST_STARTED*********************
OPTIONS /api/partner 200 0.201 ms - 0
2022-04-21 17:00:30:030 info: 
**********************REQUEST_STARTED*********************
GET /api/partner 304 97.708 ms - -
2022-04-21 17:01:27:127 info: 
**********************REQUEST_STARTED*********************
OPTIONS /api/partner/ 200 0.116 ms - 0
2022-04-21 17:01:27:127 info: 
**********************REQUEST_STARTED*********************
GET /api/partner/ 200 93.922 ms - 7176
2022-04-21 17:15:25:1525 info: 
**********************REQUEST_STARTED*********************
OPTIONS /api/admin/signup 200 1.381 ms - 0
2022-04-21 17:15:25:1525 info: 
**********************REQUEST_STARTED*********************
POST /api/admin/signup 201 259.940 ms - 223
2022-04-21 17:16:49:1649 info: 
**********************REQUEST_STARTED*********************
OPTIONS /api/admin/signup 200 1.117 ms - 0
2022-04-21 17:16:50:1650 info: 
**********************REQUEST_STARTED*********************
POST /api/admin/signup 201 943.845 ms - 223
2022-04-21 17:18:02:182 info: 
**********************REQUEST_STARTED*********************
OPTIONS /api/partner 200 1.236 ms - 0
2022-04-21 17:18:02:182 info: 
**********************REQUEST_STARTED*********************
GET /api/partner 304 113.955 ms - -
2022-04-21 17:18:03:183 info: 
**********************REQUEST_STARTED*********************
OPTIONS /api/partner/ 200 0.253 ms - 0
2022-04-21 17:18:03:183 info: 
**********************REQUEST_STARTED*********************
GET /api/partner/ 304 99.566 ms - -
2022-04-21 17:18:04:184 info: 
**********************REQUEST_STARTED*********************
GET /api/partner 304 100.407 ms - -
2022-04-21 17:18:40:1840 info: 
**********************REQUEST_STARTED*********************
OPTIONS /api/partner 200 0.182 ms - 0
2022-04-21 17:18:40:1840 info: 
**********************REQUEST_STARTED*********************
GET /api/partner 304 92.392 ms - -
2022-04-21 17:18:42:1842 info: 
**********************REQUEST_STARTED*********************
OPTIONS /api/admin/service 200 0.205 ms - 0
2022-04-21 17:18:42:1842 info: 
**********************REQUEST_STARTED*********************
GET /api/admin/service 304 107.608 ms - -
2022-04-21 17:18:47:1847 info: 
**********************REQUEST_STARTED*********************
OPTIONS /api/admin/service/category 200 0.138 ms - 0
2022-04-21 17:18:47:1847 info: 
**********************REQUEST_STARTED*********************
GET /api/admin/service/category 304 100.068 ms - -
2022-04-21 17:18:50:1850 info: 
**********************REQUEST_STARTED*********************
OPTIONS /api/admin/service 200 0.139 ms - 0
2022-04-21 17:18:50:1850 info: 
**********************REQUEST_STARTED*********************
GET /api/admin/service 304 97.697 ms - -
2022-04-21 17:18:52:1852 info: 
**********************REQUEST_STARTED*********************
OPTIONS /api/admin/service/category?limit=5&page=1 200 0.157 ms - 0
2022-04-21 17:18:52:1852 info: 
**********************REQUEST_STARTED*********************
GET /api/admin/service/category?limit=5&page=1 304 94.023 ms - -
2022-04-21 17:18:52:1852 info: 
**********************REQUEST_STARTED*********************
OPTIONS /api/partner/?limit=5&page=1 200 0.134 ms - 0
2022-04-21 17:18:52:1852 info: 
**********************REQUEST_STARTED*********************
GET /api/partner/?limit=5&page=1 304 95.871 ms - -
2022-04-21 17:19:31:1931 info: 
**********************REQUEST_STARTED*********************
OPTIONS /api/partner/ 200 0.116 ms - 0
2022-04-21 17:19:31:1931 info: 
**********************REQUEST_STARTED*********************
GET /api/partner/ 304 99.969 ms - -
2022-04-21 17:19:55:1955 info: 
**********************REQUEST_STARTED*********************
OPTIONS /api/admin/service 200 0.126 ms - 0
2022-04-21 17:19:55:1955 info: 
**********************REQUEST_STARTED*********************
GET /api/admin/service 304 99.041 ms - -
2022-04-21 17:19:58:1958 info: 
**********************REQUEST_STARTED*********************
OPTIONS /api/admin/service/category?limit=5&page=1 200 0.162 ms - 0
2022-04-21 17:19:58:1958 info: 
**********************REQUEST_STARTED*********************
GET /api/admin/service/category?limit=5&page=1 304 98.419 ms - -
2022-04-21 17:19:58:1958 info: 
**********************REQUEST_STARTED*********************
OPTIONS /api/partner/?limit=5&page=1 200 0.140 ms - 0
2022-04-21 17:19:58:1958 info: 
**********************REQUEST_STARTED*********************
GET /api/partner/?limit=5&page=1 304 96.836 ms - -
2022-04-21 17:22:00:220 info: 
**********************REQUEST_STARTED*********************
OPTIONS /api/admin/service/category?limit=5&page=1 200 0.224 ms - 0
2022-04-21 17:22:00:220 info: 
**********************REQUEST_STARTED*********************
GET /api/admin/service/category?limit=5&page=1 304 97.244 ms - -
2022-04-21 17:22:00:220 info: 
**********************REQUEST_STARTED*********************
OPTIONS /api/partner/?limit=5&page=1 200 0.209 ms - 0
2022-04-21 17:22:00:220 info: 
**********************REQUEST_STARTED*********************
GET /api/partner/?limit=5&page=1 304 114.270 ms - -
2022-04-21 17:22:23:2223 info: 
**********************REQUEST_STARTED*********************
OPTIONS /api/admin/service/category?limit=5&page=1 200 0.189 ms - 0
2022-04-21 17:22:23:2223 info: 
**********************REQUEST_STARTED*********************
GET /api/admin/service/category?limit=5&page=1 304 89.262 ms - -
2022-04-21 17:22:23:2223 info: 
**********************REQUEST_STARTED*********************
OPTIONS /api/partner/?limit=5&page=1 200 0.162 ms - 0
2022-04-21 17:22:23:2223 info: 
**********************REQUEST_STARTED*********************
GET /api/partner/?limit=5&page=1 304 98.028 ms - -
2022-04-21 17:22:37:2237 info: 
**********************REQUEST_STARTED*********************
OPTIONS /api/admin/service/category?limit=5&page=1 200 0.114 ms - 0
2022-04-21 17:22:37:2237 info: 
**********************REQUEST_STARTED*********************
GET /api/admin/service/category?limit=5&page=1 304 93.999 ms - -
2022-04-21 17:22:37:2237 info: 
**********************REQUEST_STARTED*********************
OPTIONS /api/partner/?limit=5&page=1 200 0.154 ms - 0
2022-04-21 17:22:37:2237 info: 
**********************REQUEST_STARTED*********************
GET /api/partner/?limit=5&page=1 304 96.238 ms - -
2022-04-21 17:22:48:2248 info: 
**********************REQUEST_STARTED*********************
OPTIONS /api/admin/service/category?limit=5&page=1 200 0.360 ms - 0
2022-04-21 17:22:48:2248 info: 
**********************REQUEST_STARTED*********************
GET /api/admin/service/category?limit=5&page=1 304 94.247 ms - -
2022-04-21 17:22:48:2248 info: 
**********************REQUEST_STARTED*********************
OPTIONS /api/partner/?limit=5&page=1 200 0.129 ms - 0
2022-04-21 17:22:48:2248 info: 
**********************REQUEST_STARTED*********************
GET /api/partner/?limit=5&page=1 304 101.840 ms - -
2022-04-21 17:22:56:2256 info: 
**********************REQUEST_STARTED*********************
OPTIONS /api/admin/service/category?limit=5&page=1 200 0.157 ms - 0
2022-04-21 17:22:56:2256 info: 
**********************REQUEST_STARTED*********************
GET /api/admin/service/category?limit=5&page=1 304 92.125 ms - -
2022-04-21 17:22:56:2256 info: 
**********************REQUEST_STARTED*********************
OPTIONS /api/partner/?limit=5&page=1 200 0.161 ms - 0
2022-04-21 17:22:56:2256 info: 
**********************REQUEST_STARTED*********************
GET /api/partner/?limit=5&page=1 304 95.887 ms - -
2022-04-21 17:23:34:2334 info: 
**********************REQUEST_STARTED*********************
OPTIONS /api/admin/service/category?limit=5&page=1 200 0.141 ms - 0
2022-04-21 17:23:34:2334 info: 
**********************REQUEST_STARTED*********************
GET /api/admin/service/category?limit=5&page=1 304 94.110 ms - -
2022-04-21 17:23:34:2334 info: 
**********************REQUEST_STARTED*********************
OPTIONS /api/partner/?limit=5&page=1 200 0.103 ms - 0
2022-04-21 17:23:34:2334 info: 
**********************REQUEST_STARTED*********************
GET /api/partner/?limit=5&page=1 304 94.642 ms - -
2022-04-21 17:23:42:2342 info: 
**********************REQUEST_STARTED*********************
OPTIONS /api/admin/service/category?limit=5&page=1 200 0.245 ms - 0
2022-04-21 17:23:42:2342 info: 
**********************REQUEST_STARTED*********************
GET /api/admin/service/category?limit=5&page=1 304 98.727 ms - -
2022-04-21 17:23:42:2342 info: 
**********************REQUEST_STARTED*********************
OPTIONS /api/partner/?limit=5&page=1 200 0.178 ms - 0
2022-04-21 17:23:42:2342 info: 
**********************REQUEST_STARTED*********************
GET /api/partner/?limit=5&page=1 304 98.564 ms - -
2022-04-21 17:25:19:2519 info: 
**********************REQUEST_STARTED*********************
OPTIONS /api/admin/service/category?limit=5&page=1 200 0.122 ms - 0
2022-04-21 17:25:19:2519 info: 
**********************REQUEST_STARTED*********************
GET /api/admin/service/category?limit=5&page=1 304 98.298 ms - -
2022-04-21 17:25:19:2519 info: 
**********************REQUEST_STARTED*********************
OPTIONS /api/partner/?limit=5&page=1 200 0.131 ms - 0
2022-04-21 17:25:20:2520 info: 
**********************REQUEST_STARTED*********************
GET /api/partner/?limit=5&page=1 304 95.378 ms - -
2022-04-21 17:25:36:2536 info: 
**********************REQUEST_STARTED*********************
OPTIONS /api/admin/service/category?limit=5&page=1 200 0.186 ms - 0
2022-04-21 17:25:36:2536 info: 
**********************REQUEST_STARTED*********************
GET /api/admin/service/category?limit=5&page=1 304 94.512 ms - -
2022-04-21 17:25:36:2536 info: 
**********************REQUEST_STARTED*********************
OPTIONS /api/partner/?limit=5&page=1 200 0.373 ms - 0
2022-04-21 17:25:37:2537 info: 
**********************REQUEST_STARTED*********************
GET /api/partner/?limit=5&page=1 304 93.845 ms - -
2022-04-21 17:27:19:2719 info: 
**********************REQUEST_STARTED*********************
OPTIONS /api/admin/service/category?limit=5&page=1 200 0.147 ms - 0
2022-04-21 17:27:19:2719 info: 
**********************REQUEST_STARTED*********************
GET /api/admin/service/category?limit=5&page=1 304 98.940 ms - -
2022-04-21 17:27:19:2719 info: 
**********************REQUEST_STARTED*********************
OPTIONS /api/partner/?limit=5&page=1 200 0.266 ms - 0
2022-04-21 17:27:19:2719 info: 
**********************REQUEST_STARTED*********************
GET /api/partner/?limit=5&page=1 304 95.803 ms - -
2022-04-21 17:27:37:2737 info: 
**********************REQUEST_STARTED*********************
OPTIONS /api/admin/service/category?limit=5&page=1 200 0.265 ms - 0
2022-04-21 17:27:37:2737 info: 
**********************REQUEST_STARTED*********************
GET /api/admin/service/category?limit=5&page=1 304 96.344 ms - -
2022-04-21 17:27:37:2737 info: 
**********************REQUEST_STARTED*********************
OPTIONS /api/partner/?limit=5&page=1 200 0.154 ms - 0
2022-04-21 17:27:38:2738 info: 
**********************REQUEST_STARTED*********************
GET /api/partner/?limit=5&page=1 304 104.558 ms - -
2022-04-21 17:28:38:2838 info: 
**********************REQUEST_STARTED*********************
OPTIONS /api/admin/service/category?limit=5&page=1 200 0.118 ms - 0
2022-04-21 17:28:38:2838 info: 
**********************REQUEST_STARTED*********************
GET /api/admin/service/category?limit=5&page=1 304 94.131 ms - -
2022-04-21 17:28:38:2838 info: 
**********************REQUEST_STARTED*********************
OPTIONS /api/partner/?limit=5&page=1 200 0.116 ms - 0
2022-04-21 17:28:38:2838 info: 
**********************REQUEST_STARTED*********************
GET /api/partner/?limit=5&page=1 304 106.003 ms - -
2022-04-21 17:31:08:318 info: 
**********************REQUEST_STARTED*********************
OPTIONS /api/admin/service/category?limit=5&page=1 200 2.146 ms - 0
2022-04-21 17:31:08:318 info: 
**********************REQUEST_STARTED*********************
GET /api/admin/service/category?limit=5&page=1 304 127.879 ms - -
2022-04-21 17:31:08:318 info: 
**********************REQUEST_STARTED*********************
OPTIONS /api/partner/?limit=5&page=1 200 0.266 ms - 0
2022-04-21 17:31:08:318 info: 
**********************REQUEST_STARTED*********************
GET /api/partner/?limit=5&page=1 200 114.858 ms - 7190
2022-04-21 17:31:24:3124 info: 
**********************REQUEST_STARTED*********************
OPTIONS /api/admin/service 200 0.132 ms - 0
2022-04-21 17:31:24:3124 info: 
**********************REQUEST_STARTED*********************
POST /api/admin/service 200 111.575 ms - 421
2022-04-21 17:31:24:3124 info: 
**********************REQUEST_STARTED*********************
GET /api/admin/service 200 112.208 ms - 6358
2022-04-21 17:33:22:3322 info: 
**********************REQUEST_STARTED*********************
OPTIONS /api/admin/service 200 0.242 ms - 0
2022-04-21 17:33:22:3322 info: 
**********************REQUEST_STARTED*********************
GET /api/admin/service 304 119.277 ms - -
2022-04-21 17:34:06:346 info: 
**********************REQUEST_STARTED*********************
OPTIONS /api/admin/service 200 0.292 ms - 0
2022-04-21 17:34:06:346 info: 
**********************REQUEST_STARTED*********************
GET /api/admin/service 304 137.537 ms - -
2022-04-21 17:34:24:3424 info: 
**********************REQUEST_STARTED*********************
OPTIONS /api/admin/service/category 200 0.142 ms - 0
2022-04-21 17:34:24:3424 info: 
**********************REQUEST_STARTED*********************
GET /api/admin/service/category 304 122.288 ms - -
2022-04-21 17:36:45:3645 info: 
**********************REQUEST_STARTED*********************
OPTIONS /api/admin/service/category 200 0.238 ms - 0
2022-04-21 17:36:45:3645 info: 
**********************REQUEST_STARTED*********************
POST /api/admin/service/category 400 63.620 ms - 43
2022-04-21 17:37:04:374 info: 
**********************REQUEST_STARTED*********************
OPTIONS /api/admin/service/category 200 0.134 ms - 0
2022-04-21 17:37:04:374 info: 
**********************REQUEST_STARTED*********************
POST /api/admin/service/category 400 44.984 ms - 43
2022-04-21 17:37:20:3720 info: 
**********************REQUEST_STARTED*********************
OPTIONS /api/admin/service/category 200 0.183 ms - 0
2022-04-21 17:37:20:3720 info: 
**********************REQUEST_STARTED*********************
POST /api/admin/service/category 400 41.894 ms - 43
2022-04-21 17:38:26:3826 info: 
**********************REQUEST_STARTED*********************
OPTIONS /api/admin/service/category 200 0.141 ms - 0
2022-04-21 17:38:26:3826 info: 
**********************REQUEST_STARTED*********************
POST /api/admin/service/category 400 60.207 ms - 43
2022-04-21 17:38:47:3847 info: 
**********************REQUEST_STARTED*********************
OPTIONS /api/admin/service/category 200 0.162 ms - 0
2022-04-21 17:38:47:3847 info: 
**********************REQUEST_STARTED*********************
POST /api/admin/service/category 400 46.431 ms - 43
2022-04-21 17:40:00:400 info: 
**********************REQUEST_STARTED*********************
OPTIONS /api/admin/service/category 200 1.169 ms - 0
2022-04-21 17:40:00:400 info: 
**********************REQUEST_STARTED*********************
POST /api/admin/service/category 400 54.216 ms - 30
2022-04-21 17:41:02:412 info: 
**********************REQUEST_STARTED*********************
OPTIONS /api/admin/service/category 200 1.135 ms - 0
2022-04-21 17:41:02:412 info: 
**********************REQUEST_STARTED*********************
POST /api/admin/service/category 400 49.442 ms - 39
2022-04-21 17:42:04:424 info: 
**********************REQUEST_STARTED*********************
OPTIONS /api/admin/service/category 200 1.108 ms - 0
2022-04-21 17:42:04:424 info: 
**********************REQUEST_STARTED*********************
POST /api/admin/service/category 200 121.102 ms - 309
2022-04-21 17:44:03:443 info: 
**********************REQUEST_STARTED*********************
OPTIONS /api/admin/service/category 200 0.351 ms - 0
2022-04-21 17:44:03:443 info: 
**********************REQUEST_STARTED*********************
POST /api/admin/service/category 200 69.771 ms - 308
2022-04-21 17:44:04:444 info: 
**********************REQUEST_STARTED*********************
OPTIONS /api/admin/service 200 0.147 ms - 0
2022-04-21 17:44:04:444 info: 
**********************REQUEST_STARTED*********************
GET /api/admin/service 304 118.676 ms - -
2022-04-21 17:44:25:4425 info: 
**********************REQUEST_STARTED*********************
OPTIONS /api/admin/service/category 200 0.168 ms - 0
2022-04-21 17:44:25:4425 info: 
**********************REQUEST_STARTED*********************
GET /api/admin/service/category 200 108.164 ms - 1080
2022-04-21 17:44:49:4449 info: 
**********************REQUEST_STARTED*********************
OPTIONS /api/admin/service 200 0.600 ms - 0
2022-04-21 17:44:49:4449 info: 
**********************REQUEST_STARTED*********************
GET /api/admin/service 304 103.624 ms - -
2022-04-21 17:44:58:4458 info: 
**********************REQUEST_STARTED*********************
OPTIONS /api/admin/service/category?limit=5&page=1 200 0.128 ms - 0
2022-04-21 17:44:58:4458 info: 
**********************REQUEST_STARTED*********************
GET /api/admin/service/category?limit=5&page=1 200 103.712 ms - 1079
2022-04-21 17:44:58:4458 info: 
**********************REQUEST_STARTED*********************
OPTIONS /api/partner/?limit=5&page=1 200 0.168 ms - 0
2022-04-21 17:44:58:4458 info: 
**********************REQUEST_STARTED*********************
GET /api/partner/?limit=5&page=1 304 99.388 ms - -
2022-04-21 17:45:34:4534 info: 
**********************REQUEST_STARTED*********************
OPTIONS /api/admin/service 200 0.135 ms - 0
2022-04-21 17:45:34:4534 info: 
**********************REQUEST_STARTED*********************
POST /api/admin/service 200 90.835 ms - 428
2022-04-21 17:45:34:4534 info: 
**********************REQUEST_STARTED*********************
GET /api/admin/service 200 101.125 ms - 7159
2022-04-21 17:45:56:4556 info: 
**********************REQUEST_STARTED*********************
OPTIONS /api/partner 200 0.222 ms - 0
2022-04-21 17:45:57:4557 info: 
**********************REQUEST_STARTED*********************
GET /api/partner 200 101.759 ms - 7190
2022-04-21 17:46:42:4642 info: 
**********************REQUEST_STARTED*********************
OPTIONS /api/admin/service/category?limit=5&page=1 200 0.123 ms - 0
2022-04-21 17:46:42:4642 info: 
**********************REQUEST_STARTED*********************
GET /api/admin/service/category?limit=5&page=1 304 98.043 ms - -
2022-04-21 17:46:42:4642 info: 
**********************REQUEST_STARTED*********************
OPTIONS /api/admin/service 200 0.220 ms - 0
2022-04-21 17:46:43:4643 info: 
**********************REQUEST_STARTED*********************
GET /api/admin/service 304 103.243 ms - -
2022-04-21 17:46:46:4646 info: 
**********************REQUEST_STARTED*********************
GET /api/admin/service 304 106.544 ms - -
2022-04-21 17:48:27:4827 info: 
**********************REQUEST_STARTED*********************
OPTIONS /api/admin/service 200 1.082 ms - 0
2022-04-21 17:48:27:4827 info: 
**********************REQUEST_STARTED*********************
GET /api/admin/service 304 150.338 ms - -
2022-04-21 17:48:31:4831 info: 
**********************REQUEST_STARTED*********************
GET /api/admin/service 304 133.748 ms - -
2022-04-21 17:50:16:5016 info: 
**********************REQUEST_STARTED*********************
OPTIONS /api/partner 200 0.563 ms - 0
2022-04-21 17:50:16:5016 info: 
**********************REQUEST_STARTED*********************
GET /api/partner 304 114.042 ms - -
2022-04-21 17:50:21:5021 info: 
**********************REQUEST_STARTED*********************
OPTIONS /api/admin/service 200 0.159 ms - 0
2022-04-21 17:50:21:5021 info: 
**********************REQUEST_STARTED*********************
OPTIONS /api/partner/625eeee4f307152c4634a67d 200 0.174 ms - 0
2022-04-21 17:50:21:5021 info: 
**********************REQUEST_STARTED*********************
GET /api/partner/625eeee4f307152c4634a67d 200 65.103 ms - 715
2022-04-21 17:50:21:5021 info: 
**********************REQUEST_STARTED*********************
GET /api/admin/service 304 102.448 ms - -
2022-04-21 17:50:25:5025 info: 
**********************REQUEST_STARTED*********************
OPTIONS /api/partner/update/625eeee4f307152c4634a67d 200 0.189 ms - 0
2022-04-21 17:50:25:5025 info: 
**********************REQUEST_STARTED*********************
PUT /api/partner/update/625eeee4f307152c4634a67d 400 153.815 ms - 290
2022-04-21 17:51:43:5143 info: 
**********************REQUEST_STARTED*********************
OPTIONS /api/admin/service 200 0.168 ms - 0
2022-04-21 17:51:43:5143 info: 
**********************REQUEST_STARTED*********************
OPTIONS /api/partner/625eeee4f307152c4634a67d 200 0.320 ms - 0
2022-04-21 17:51:43:5143 info: 
**********************REQUEST_STARTED*********************
GET /api/partner/625eeee4f307152c4634a67d 304 85.942 ms - -
2022-04-21 17:51:43:5143 info: 
**********************REQUEST_STARTED*********************
GET /api/admin/service 304 109.539 ms - -
2022-04-21 17:51:48:5148 info: 
**********************REQUEST_STARTED*********************
GET /api/partner/625eeee4f307152c4634a67d 304 67.926 ms - -
2022-04-21 17:51:48:5148 info: 
**********************REQUEST_STARTED*********************
GET /api/admin/service 304 107.594 ms - -
2022-04-21 17:52:03:523 info: 
**********************REQUEST_STARTED*********************
OPTIONS /api/partner 200 0.148 ms - 0
2022-04-21 17:52:03:523 info: 
**********************REQUEST_STARTED*********************
GET /api/partner 304 116.925 ms - -
2022-04-21 17:52:05:525 info: 
**********************REQUEST_STARTED*********************
OPTIONS /api/admin/service 200 0.130 ms - 0
2022-04-21 17:52:05:525 info: 
**********************REQUEST_STARTED*********************
OPTIONS /api/partner/625eeee4f307152c4634a67d 200 0.172 ms - 0
2022-04-21 17:52:05:525 info: 
**********************REQUEST_STARTED*********************
GET /api/partner/625eeee4f307152c4634a67d 304 64.609 ms - -
2022-04-21 17:52:05:525 info: 
**********************REQUEST_STARTED*********************
GET /api/admin/service 304 118.180 ms - -
2022-04-21 17:52:25:5225 info: 
**********************REQUEST_STARTED*********************
OPTIONS /api/admin/service 200 0.233 ms - 0
2022-04-21 17:52:25:5225 info: 
**********************REQUEST_STARTED*********************
OPTIONS /api/partner/625eeee4f307152c4634a67d 200 0.222 ms - 0
2022-04-21 17:52:25:5225 info: 
**********************REQUEST_STARTED*********************
GET /api/partner/625eeee4f307152c4634a67d 304 67.348 ms - -
2022-04-21 17:52:25:5225 info: 
**********************REQUEST_STARTED*********************
GET /api/admin/service 304 126.452 ms - -
2022-04-21 17:52:41:5241 info: 
**********************REQUEST_STARTED*********************
OPTIONS /api/partner/update/625eeee4f307152c4634a67d 200 0.131 ms - 0
2022-04-21 17:52:41:5241 info: 
**********************REQUEST_STARTED*********************
PUT /api/partner/update/625eeee4f307152c4634a67d 200 143.709 ms - 732
2022-04-21 17:52:41:5241 info: 
**********************REQUEST_STARTED*********************
OPTIONS /api/partner 200 0.194 ms - 0
2022-04-21 17:52:41:5241 info: 
**********************REQUEST_STARTED*********************
GET /api/partner 200 114.307 ms - 7236
2022-04-21 17:52:43:5243 info: 
**********************REQUEST_STARTED*********************
OPTIONS /api/admin/service 200 0.174 ms - 0
2022-04-21 17:52:43:5243 info: 
**********************REQUEST_STARTED*********************
GET /api/admin/service 200 119.701 ms - 7845
2022-04-21 17:53:24:5324 info: 
**********************REQUEST_STARTED*********************
OPTIONS /api/partner 200 0.205 ms - 0
2022-04-21 17:53:24:5324 info: 
**********************REQUEST_STARTED*********************
GET /api/partner 304 115.514 ms - -
