2022-05-24 11:20:27:2027 info: 
**********************REQUEST_STARTED*********************
POST /api/user/forgotpassword 200 215.639 ms - 53
2022-05-24 11:23:22:2322 info: 
**********************REQUEST_STARTED*********************
GET /api/user/setpassword/6268f0b728c813508ff235df/eyJhbGciOiJIUzI1NiIsInR5cCI6IkpXVCJ9.eyJlbWFpbCI6Im5pa2hpbEBtYWlsLmNvbSIsImlkIjoiNjI2OGYwYjcyOGM4MTM1MDhmZjIzNWRmIiwiaWF0IjoxNjUzMzcxNDI3LCJleHAiOjE2NTMzNzUwMjd9.mAgLGCI-JrJ-KHwJvb2JLi5Q4CAjJBWHKEk7CvkdTys 200 60.948 ms - 2636
2022-05-24 11:23:22:2322 info: 
**********************REQUEST_STARTED*********************
GET /favicon.ico 404 2.637 ms - 150
2022-05-24 11:46:08:468 info: 
**********************REQUEST_STARTED*********************
GET /api/user/setpassword/6268f0b728c813508ff235df/eyJhbGciOiJIUzI1NiIsInR5cCI6IkpXVCJ9.eyJlbWFpbCI6Im5pa2hpbEBtYWlsLmNvbSIsImlkIjoiNjI2OGYwYjcyOGM4MTM1MDhmZjIzNWRmIiwiaWF0IjoxNjUzMzcxNDI3LCJleHAiOjE2NTMzNzUwMjd9.mAgLGCI-JrJ-KHwJvb2JLi5Q4CAjJBWHKEk7CvkdTys 304 55.760 ms - -
2022-05-24 11:46:09:469 info: 
**********************REQUEST_STARTED*********************
GET /api/user/setpassword/6268f0b728c813508ff235df/eyJhbGciOiJIUzI1NiIsInR5cCI6IkpXVCJ9.eyJlbWFpbCI6Im5pa2hpbEBtYWlsLmNvbSIsImlkIjoiNjI2OGYwYjcyOGM4MTM1MDhmZjIzNWRmIiwiaWF0IjoxNjUzMzcxNDI3LCJleHAiOjE2NTMzNzUwMjd9.mAgLGCI-JrJ-KHwJvb2JLi5Q4CAjJBWHKEk7CvkdTys 304 39.369 ms - -
2022-05-24 11:46:09:469 info: 
**********************REQUEST_STARTED*********************
GET /api/user/setpassword/6268f0b728c813508ff235df/eyJhbGciOiJIUzI1NiIsInR5cCI6IkpXVCJ9.eyJlbWFpbCI6Im5pa2hpbEBtYWlsLmNvbSIsImlkIjoiNjI2OGYwYjcyOGM4MTM1MDhmZjIzNWRmIiwiaWF0IjoxNjUzMzcxNDI3LCJleHAiOjE2NTMzNzUwMjd9.mAgLGCI-JrJ-KHwJvb2JLi5Q4CAjJBWHKEk7CvkdTys 304 38.104 ms - -
2022-05-24 11:46:09:469 info: 
**********************REQUEST_STARTED*********************
GET /api/user/setpassword/6268f0b728c813508ff235df/eyJhbGciOiJIUzI1NiIsInR5cCI6IkpXVCJ9.eyJlbWFpbCI6Im5pa2hpbEBtYWlsLmNvbSIsImlkIjoiNjI2OGYwYjcyOGM4MTM1MDhmZjIzNWRmIiwiaWF0IjoxNjUzMzcxNDI3LCJleHAiOjE2NTMzNzUwMjd9.mAgLGCI-JrJ-KHwJvb2JLi5Q4CAjJBWHKEk7CvkdTys 304 37.488 ms - -
2022-05-24 11:46:09:469 info: 
**********************REQUEST_STARTED*********************
GET /api/user/setpassword/6268f0b728c813508ff235df/eyJhbGciOiJIUzI1NiIsInR5cCI6IkpXVCJ9.eyJlbWFpbCI6Im5pa2hpbEBtYWlsLmNvbSIsImlkIjoiNjI2OGYwYjcyOGM4MTM1MDhmZjIzNWRmIiwiaWF0IjoxNjUzMzcxNDI3LCJleHAiOjE2NTMzNzUwMjd9.mAgLGCI-JrJ-KHwJvb2JLi5Q4CAjJBWHKEk7CvkdTys 304 37.524 ms - -
2022-05-24 11:46:10:4610 info: 
**********************REQUEST_STARTED*********************
GET /api/user/setpassword/6268f0b728c813508ff235df/eyJhbGciOiJIUzI1NiIsInR5cCI6IkpXVCJ9.eyJlbWFpbCI6Im5pa2hpbEBtYWlsLmNvbSIsImlkIjoiNjI2OGYwYjcyOGM4MTM1MDhmZjIzNWRmIiwiaWF0IjoxNjUzMzcxNDI3LCJleHAiOjE2NTMzNzUwMjd9.mAgLGCI-JrJ-KHwJvb2JLi5Q4CAjJBWHKEk7CvkdTys 304 38.044 ms - -
2022-05-24 11:46:10:4610 info: 
**********************REQUEST_STARTED*********************
GET /api/user/setpassword/6268f0b728c813508ff235df/eyJhbGciOiJIUzI1NiIsInR5cCI6IkpXVCJ9.eyJlbWFpbCI6Im5pa2hpbEBtYWlsLmNvbSIsImlkIjoiNjI2OGYwYjcyOGM4MTM1MDhmZjIzNWRmIiwiaWF0IjoxNjUzMzcxNDI3LCJleHAiOjE2NTMzNzUwMjd9.mAgLGCI-JrJ-KHwJvb2JLi5Q4CAjJBWHKEk7CvkdTys 304 39.487 ms - -
2022-05-24 11:46:10:4610 info: 
**********************REQUEST_STARTED*********************
GET /api/user/setpassword/6268f0b728c813508ff235df/eyJhbGciOiJIUzI1NiIsInR5cCI6IkpXVCJ9.eyJlbWFpbCI6Im5pa2hpbEBtYWlsLmNvbSIsImlkIjoiNjI2OGYwYjcyOGM4MTM1MDhmZjIzNWRmIiwiaWF0IjoxNjUzMzcxNDI3LCJleHAiOjE2NTMzNzUwMjd9.mAgLGCI-JrJ-KHwJvb2JLi5Q4CAjJBWHKEk7CvkdTys 304 37.463 ms - -
2022-05-24 11:46:10:4610 info: 
**********************REQUEST_STARTED*********************
GET /api/user/setpassword/6268f0b728c813508ff235df/eyJhbGciOiJIUzI1NiIsInR5cCI6IkpXVCJ9.eyJlbWFpbCI6Im5pa2hpbEBtYWlsLmNvbSIsImlkIjoiNjI2OGYwYjcyOGM4MTM1MDhmZjIzNWRmIiwiaWF0IjoxNjUzMzcxNDI3LCJleHAiOjE2NTMzNzUwMjd9.mAgLGCI-JrJ-KHwJvb2JLi5Q4CAjJBWHKEk7CvkdTys 304 36.386 ms - -
2022-05-24 11:46:10:4610 info: 
**********************REQUEST_STARTED*********************
GET /api/user/setpassword/6268f0b728c813508ff235df/eyJhbGciOiJIUzI1NiIsInR5cCI6IkpXVCJ9.eyJlbWFpbCI6Im5pa2hpbEBtYWlsLmNvbSIsImlkIjoiNjI2OGYwYjcyOGM4MTM1MDhmZjIzNWRmIiwiaWF0IjoxNjUzMzcxNDI3LCJleHAiOjE2NTMzNzUwMjd9.mAgLGCI-JrJ-KHwJvb2JLi5Q4CAjJBWHKEk7CvkdTys 304 36.268 ms - -
2022-05-24 11:46:10:4610 info: 
**********************REQUEST_STARTED*********************
GET /api/user/setpassword/6268f0b728c813508ff235df/eyJhbGciOiJIUzI1NiIsInR5cCI6IkpXVCJ9.eyJlbWFpbCI6Im5pa2hpbEBtYWlsLmNvbSIsImlkIjoiNjI2OGYwYjcyOGM4MTM1MDhmZjIzNWRmIiwiaWF0IjoxNjUzMzcxNDI3LCJleHAiOjE2NTMzNzUwMjd9.mAgLGCI-JrJ-KHwJvb2JLi5Q4CAjJBWHKEk7CvkdTys 304 38.964 ms - -
2022-05-24 11:46:11:4611 info: 
**********************REQUEST_STARTED*********************
GET /api/user/setpassword/6268f0b728c813508ff235df/eyJhbGciOiJIUzI1NiIsInR5cCI6IkpXVCJ9.eyJlbWFpbCI6Im5pa2hpbEBtYWlsLmNvbSIsImlkIjoiNjI2OGYwYjcyOGM4MTM1MDhmZjIzNWRmIiwiaWF0IjoxNjUzMzcxNDI3LCJleHAiOjE2NTMzNzUwMjd9.mAgLGCI-JrJ-KHwJvb2JLi5Q4CAjJBWHKEk7CvkdTys 304 38.199 ms - -
2022-05-24 11:46:11:4611 info: 
**********************REQUEST_STARTED*********************
GET /api/user/setpassword/6268f0b728c813508ff235df/eyJhbGciOiJIUzI1NiIsInR5cCI6IkpXVCJ9.eyJlbWFpbCI6Im5pa2hpbEBtYWlsLmNvbSIsImlkIjoiNjI2OGYwYjcyOGM4MTM1MDhmZjIzNWRmIiwiaWF0IjoxNjUzMzcxNDI3LCJleHAiOjE2NTMzNzUwMjd9.mAgLGCI-JrJ-KHwJvb2JLi5Q4CAjJBWHKEk7CvkdTys 304 38.159 ms - -
2022-05-24 11:46:11:4611 info: 
**********************REQUEST_STARTED*********************
GET /api/user/setpassword/6268f0b728c813508ff235df/eyJhbGciOiJIUzI1NiIsInR5cCI6IkpXVCJ9.eyJlbWFpbCI6Im5pa2hpbEBtYWlsLmNvbSIsImlkIjoiNjI2OGYwYjcyOGM4MTM1MDhmZjIzNWRmIiwiaWF0IjoxNjUzMzcxNDI3LCJleHAiOjE2NTMzNzUwMjd9.mAgLGCI-JrJ-KHwJvb2JLi5Q4CAjJBWHKEk7CvkdTys 304 33.554 ms - -
2022-05-24 11:46:11:4611 info: 
**********************REQUEST_STARTED*********************
GET /api/user/setpassword/6268f0b728c813508ff235df/eyJhbGciOiJIUzI1NiIsInR5cCI6IkpXVCJ9.eyJlbWFpbCI6Im5pa2hpbEBtYWlsLmNvbSIsImlkIjoiNjI2OGYwYjcyOGM4MTM1MDhmZjIzNWRmIiwiaWF0IjoxNjUzMzcxNDI3LCJleHAiOjE2NTMzNzUwMjd9.mAgLGCI-JrJ-KHwJvb2JLi5Q4CAjJBWHKEk7CvkdTys 304 37.006 ms - -
2022-05-24 12:00:01:01 info: 
**********************REQUEST_STARTED*********************
POST /api/user/forgotpassword 200 75.748 ms - 53
2022-05-24 12:00:31:031 info: 
**********************REQUEST_STARTED*********************
POST /api/user/forgotpassword 200 68.837 ms - 53
2022-05-24 13:17:23:1723 info: 
**********************REQUEST_STARTED*********************
DELETE /api/user/628c8d6fdfe4c7d1836f3d09 200 449.667 ms - 485
2022-05-24 15:13:03:133 info: 
**********************REQUEST_STARTED*********************
OPTIONS /api/post?page=1&limit=2 200 4.491 ms - 0
2022-05-24 15:13:03:133 info: 
**********************REQUEST_STARTED*********************
OPTIONS /api/post?page=1&limit=2 200 0.334 ms - 0
2022-05-24 15:13:04:134 info: 
**********************REQUEST_STARTED*********************
GET /api/post?page=1&limit=2 200 705.157 ms - 1402
2022-05-24 15:13:04:134 info: 
**********************REQUEST_STARTED*********************
GET /api/post?page=1&limit=2 304 128.054 ms - -
2022-05-24 15:13:10:1310 info: 
**********************REQUEST_STARTED*********************
OPTIONS /api/post/62878461e936e9ef7e52b0ab 200 0.460 ms - 0
2022-05-24 15:13:10:1310 info: 
**********************REQUEST_STARTED*********************
PUT /api/post/62878461e936e9ef7e52b0ab 200 226.091 ms - 711
2022-05-24 15:13:14:1314 info: 
**********************REQUEST_STARTED*********************
PUT /api/post/62878461e936e9ef7e52b0ab 200 81.852 ms - 711
2022-05-24 15:13:17:1317 info: 
**********************REQUEST_STARTED*********************
OPTIONS /api/post/62878461e936e9ef7e52b0ab 200 0.908 ms - 0
2022-05-24 15:13:17:1317 info: 
**********************REQUEST_STARTED*********************
PUT /api/post/62878461e936e9ef7e52b0ab 200 85.280 ms - 711
2022-05-24 15:13:23:1323 info: 
**********************REQUEST_STARTED*********************
OPTIONS /api/post?page=1&limit=2 200 0.248 ms - 0
2022-05-24 15:13:23:1323 info: 
**********************REQUEST_STARTED*********************
OPTIONS /api/post?page=1&limit=2 200 0.337 ms - 0
2022-05-24 15:13:23:1323 info: 
**********************REQUEST_STARTED*********************
GET /api/post?page=1&limit=2 200 134.368 ms - 1402
2022-05-24 15:13:23:1323 info: 
**********************REQUEST_STARTED*********************
GET /api/post?page=1&limit=2 304 111.952 ms - -
2022-05-24 15:13:27:1327 info: 
**********************REQUEST_STARTED*********************
OPTIONS /api/post/62878461e936e9ef7e52b0ab 200 0.318 ms - 0
2022-05-24 15:13:28:1328 info: 
**********************REQUEST_STARTED*********************
PUT /api/post/62878461e936e9ef7e52b0ab 200 82.483 ms - 711
2022-05-24 15:31:05:315 info: 
**********************REQUEST_STARTED*********************
OPTIONS /api/post?page=1&limit=2 200 9.123 ms - 0
2022-05-24 15:31:05:315 info: 
**********************REQUEST_STARTED*********************
OPTIONS /api/post?page=1&limit=2 200 0.207 ms - 0
2022-05-24 15:31:05:315 info: 
**********************REQUEST_STARTED*********************
GET /api/post?page=1&limit=2 200 232.173 ms - 1402
2022-05-24 15:31:05:315 info: 
**********************REQUEST_STARTED*********************
GET /api/post?page=1&limit=2 304 156.784 ms - -
2022-05-24 15:52:21:5221 info: 
**********************REQUEST_STARTED*********************
GET /api/user/6268efa728c813508ff235aa - - ms - -
2022-05-24 15:52:21:5221 info: 
**********************REQUEST_STARTED*********************
GET /api/user/6268efa728c813508ff235aa 200 84.921 ms - 38
2022-05-24 15:53:51:5351 info: 
**********************REQUEST_STARTED*********************
POST /api/user/login 400 46.412 ms - 1157
2022-05-24 15:54:05:545 info: 
**********************REQUEST_STARTED*********************
POST /api/user/login 400 45.734 ms - 34
2022-05-24 15:56:45:5645 info: 
**********************REQUEST_STARTED*********************
POST /api/user/login 200 326.061 ms - 672
2022-05-24 15:57:29:5729 info: 
**********************REQUEST_STARTED*********************
GET /api/partner/628732b891fe7e4f2642ca9f 200 442.383 ms - 773
2022-05-24 15:57:43:5743 info: 
**********************REQUEST_STARTED*********************
GET /api/partner/628732b891fe7e4f2642ca9f 200 550.926 ms - 773
2022-05-24 15:58:39:5839 info: 
**********************REQUEST_STARTED*********************
GET /api/partner/628732b891fe7e4f2642ca9f 200 193.044 ms - 773
2022-05-24 15:58:40:5840 info: 
**********************REQUEST_STARTED*********************
GET /api/partner/628732b891fe7e4f2642ca9f 200 196.802 ms - 773
2022-05-24 15:58:40:5840 info: 
**********************REQUEST_STARTED*********************
GET /api/partner/628732b891fe7e4f2642ca9f 200 188.348 ms - 773
2022-05-24 15:58:42:5842 info: 
**********************REQUEST_STARTED*********************
GET /api/partner/628732b891fe7e4f2642ca9f 200 192.177 ms - 773
2022-05-24 15:58:43:5843 info: 
**********************REQUEST_STARTED*********************
GET /api/partner/628732b891fe7e4f2642ca9f 200 195.634 ms - 773
2022-05-24 15:59:57:5957 info: 
**********************REQUEST_STARTED*********************
GET /api/partner/628732b891fe7e4f2642ca9f - - ms - -
2022-05-24 16:00:01:01 info: 
**********************REQUEST_STARTED*********************
GET /api/partner/628732b891fe7e4f2642ca9f - - ms - -
2022-05-24 16:03:31:331 info: 
**********************REQUEST_STARTED*********************
GET /api/partner/628732b891fe7e4f2642ca9f 200 285.768 ms - 773
2022-05-24 16:03:33:333 info: 
**********************REQUEST_STARTED*********************
GET /api/partner/628732b891fe7e4f2642ca9f 200 237.378 ms - 773
2022-05-24 16:03:36:336 info: 
**********************REQUEST_STARTED*********************
GET /api/partner/628732b891fe7e4f2642ca9f 200 237.989 ms - 773
2022-05-24 16:03:37:337 info: 
**********************REQUEST_STARTED*********************
GET /api/partner/628732b891fe7e4f2642ca9f 200 129.869 ms - 52
2022-05-24 16:03:39:339 info: 
**********************REQUEST_STARTED*********************
GET /api/partner/628732b891fe7e4f2642ca9f' 200 120.345 ms - 52
2022-05-24 16:03:40:340 info: 
**********************REQUEST_STARTED*********************
GET /api/partner/628732b891fe7e4f2642ca9f 200 140.228 ms - 52
2022-05-24 16:03:41:341 info: 
**********************REQUEST_STARTED*********************
GET /api/partner/628732b891fe7e4f2642ca9f 200 120.277 ms - 52
2022-05-24 16:05:20:520 info: 
**********************REQUEST_STARTED*********************
POST /api/partner/login 400 62.756 ms - 34
2022-05-24 16:05:26:526 info: 
**********************REQUEST_STARTED*********************
POST /api/partner 400 246.195 ms - 141
2022-05-24 16:05:36:536 info: 
**********************REQUEST_STARTED*********************
POST /api/partner 200 346.729 ms - 879
2022-05-24 16:05:48:548 info: 
**********************REQUEST_STARTED*********************
POST /api/partner/login 200 182.875 ms - 218
2022-05-24 16:06:19:619 info: 
**********************REQUEST_STARTED*********************
GET /api/user/6268efa728c813508ff235aa 200 118.278 ms - 38
2022-05-24 16:06:31:631 info: 
**********************REQUEST_STARTED*********************
GET /api/user/6268efa728c813508ff235aa 200 116.678 ms - 38
2022-05-24 16:06:51:651 info: 
**********************REQUEST_STARTED*********************
GET /api/user/628c8236763b27a5c25a6738%0A 400 77.387 ms - 337
2022-05-24 16:06:53:653 info: 
**********************REQUEST_STARTED*********************
GET /api/user/628c8236763b27a5c25a6738 200 112.927 ms - 512
2022-05-24 16:09:48:948 info: 
**********************REQUEST_STARTED*********************
GET /api/user/628c8236763b27a5c25a6738 404 184.238 ms - 172
2022-05-24 16:09:50:950 info: 
**********************REQUEST_STARTED*********************
GET /api/user/628c8236763b27a5c25a6738 404 125.284 ms - 172
2022-05-24 16:09:51:951 info: 
**********************REQUEST_STARTED*********************
GET /api/user/628c8236763b27a5c25a6738 404 123.606 ms - 172
2022-05-24 16:10:39:1039 info: 
**********************REQUEST_STARTED*********************
GET /api/user/628c8236763b27a5c25a6738 200 93.031 ms - 33
2022-05-24 16:10:56:1056 info: 
**********************REQUEST_STARTED*********************
GET /api/user/628c8236763b27a5c25a6738 404 142.756 ms - 172
2022-05-24 16:16:27:1627 info: 
**********************REQUEST_STARTED*********************
GET /api/user/628c8236763b27a5c25a6738 200 132.129 ms - 512
2022-05-24 16:17:18:1718 info: 
**********************REQUEST_STARTED*********************
GET /api/user/628c8236763b27a5c25a6738 404 181.571 ms - 172
2022-05-24 16:19:13:1913 info: 
**********************REQUEST_STARTED*********************
GET /api/user/628c8236763b27a5c25a6738 200 203.052 ms - 512
2022-05-24 16:19:22:1922 info: 
**********************REQUEST_STARTED*********************
GET /api/user/628c8236763b27a5c25a6738 200 85.551 ms - 33
2022-05-24 16:19:35:1935 info: 
**********************REQUEST_STARTED*********************
GET /api/user/628c8236763b27a5c25a6738 200 161.942 ms - 512
2022-05-24 16:19:37:1937 info: 
**********************REQUEST_STARTED*********************
GET /api/user/628c8236763b27a5c25a6738 200 167.815 ms - 512
2022-05-24 16:20:14:2014 info: 
**********************REQUEST_STARTED*********************
GET /api/user/628c8236763b27a5c25a6738 200 162.616 ms - 512
2022-05-24 16:20:18:2018 info: 
**********************REQUEST_STARTED*********************
GET /api/user/628c8236763b27a5c25a6738 200 161.006 ms - 512
2022-05-24 16:21:01:211 info: 
**********************REQUEST_STARTED*********************
GET /api/user/628c8236763b27a5c25a6738 200 126.662 ms - 512
2022-05-24 16:21:06:216 info: 
**********************REQUEST_STARTED*********************
GET /api/user/628c8236763b27a5c25a6738 200 124.526 ms - 512
2022-05-24 16:21:08:218 info: 
**********************REQUEST_STARTED*********************
GET /api/user/628c8236763b27a5c25a6738 200 118.984 ms - 512
2022-05-24 16:49:25:4925 info: 
**********************REQUEST_STARTED*********************
OPTIONS /api/post?page=1&limit=2 200 1.917 ms - 0
2022-05-24 16:49:25:4925 info: 
**********************REQUEST_STARTED*********************
OPTIONS /api/post?page=1&limit=2 200 0.245 ms - 0
2022-05-24 16:49:25:4925 info: 
**********************REQUEST_STARTED*********************
GET /api/post?page=1&limit=2 304 131.078 ms - -
2022-05-24 16:49:25:4925 info: 
**********************REQUEST_STARTED*********************
GET /api/post?page=1&limit=2 304 147.607 ms - -
2022-05-24 16:49:37:4937 info: 
**********************REQUEST_STARTED*********************
GET /api/user/628c8236763b27a5c25a6738 200 177.294 ms - 512
2022-05-24 16:49:37:4937 info: 
**********************REQUEST_STARTED*********************
GET /api/user/628c8236763b27a5c25a6738 200 107.874 ms - 33
2022-05-24 16:49:38:4938 info: 
**********************REQUEST_STARTED*********************
GET /api/user/628c8236763b27a5c25a6738 200 80.274 ms - 33
2022-05-24 16:49:39:4939 info: 
**********************REQUEST_STARTED*********************
GET /api/user/628c8236763b27a5c25a6738 200 81.944 ms - 33
2022-05-24 16:49:40:4940 info: 
**********************REQUEST_STARTED*********************
GET /api/user/628c8236763b27a5c25a6738 200 87.911 ms - 33
2022-05-24 16:52:25:5225 info: 
**********************REQUEST_STARTED*********************
POST /api/post 400 2.076 ms - 48
2022-05-24 16:53:12:5312 info: 
**********************REQUEST_STARTED*********************
GET /api/post 200 145.759 ms - 2873
2022-05-24 16:54:59:5459 info: 
**********************REQUEST_STARTED*********************
POST /api/post 200 255.271 ms - 582
2022-05-24 16:55:40:5540 info: 
**********************REQUEST_STARTED*********************
POST /api/post 200 224.406 ms - 582
2022-05-24 16:57:46:5746 info: 
**********************REQUEST_STARTED*********************
POST /api/post 200 286.119 ms - 582
2022-05-24 16:58:50:5850 info: 
**********************REQUEST_STARTED*********************
POST /api/post 200 137.825 ms - 45
2022-05-24 17:00:56:056 info: 
**********************REQUEST_STARTED*********************
POST /api/post 200 255.009 ms - 582
2022-05-24 17:02:18:218 info: 
**********************REQUEST_STARTED*********************
POST /api/post 200 154.511 ms - 45
2022-05-24 17:02:35:235 info: 
**********************REQUEST_STARTED*********************
POST /api/post 200 238.714 ms - 582
2022-05-24 17:07:47:747 info: 
**********************REQUEST_STARTED*********************
OPTIONS /api/post?page=2&limit=2 200 1.860 ms - 0
2022-05-24 17:07:47:747 info: 
**********************REQUEST_STARTED*********************
GET /api/post?page=2&limit=2 200 124.806 ms - 904
2022-05-24 17:07:49:749 info: 
**********************REQUEST_STARTED*********************
OPTIONS /api/post?page=3&limit=2 200 0.218 ms - 0
2022-05-24 17:07:49:749 info: 
**********************REQUEST_STARTED*********************
GET /api/post?page=3&limit=2 200 110.234 ms - 1345
2022-05-24 17:07:52:752 info: 
**********************REQUEST_STARTED*********************
OPTIONS /api/post?page=4&limit=2 200 0.189 ms - 0
2022-05-24 17:07:53:753 info: 
**********************REQUEST_STARTED*********************
GET /api/post?page=4&limit=2 200 147.629 ms - 1068
2022-05-24 17:07:55:755 info: 
**********************REQUEST_STARTED*********************
OPTIONS /api/post?page=3&limit=2 200 0.143 ms - 0
2022-05-24 17:07:55:755 info: 
**********************REQUEST_STARTED*********************
GET /api/post?page=3&limit=2 304 107.444 ms - -
2022-05-24 17:07:56:756 info: 
**********************REQUEST_STARTED*********************
OPTIONS /api/post?page=2&limit=2 200 0.129 ms - 0
2022-05-24 17:07:56:756 info: 
**********************REQUEST_STARTED*********************
GET /api/post?page=2&limit=2 304 106.512 ms - -
2022-05-24 17:07:56:756 info: 
**********************REQUEST_STARTED*********************
OPTIONS /api/post?page=1&limit=2 200 0.128 ms - 0
2022-05-24 17:07:56:756 info: 
**********************REQUEST_STARTED*********************
GET /api/post?page=1&limit=2 200 104.995 ms - 1405
2022-05-24 17:08:04:84 info: 
**********************REQUEST_STARTED*********************
OPTIONS /api/post?page=4&limit=2 200 0.118 ms - 0
2022-05-24 17:08:05:85 info: 
**********************REQUEST_STARTED*********************
GET /api/post?page=4&limit=2 304 137.554 ms - -
2022-05-24 17:28:18:2818 info: 
**********************REQUEST_STARTED*********************
OPTIONS /api/post?page=1&limit=2 200 4.092 ms - 0
2022-05-24 17:28:18:2818 info: 
**********************REQUEST_STARTED*********************
GET /api/post?page=1&limit=2 304 152.687 ms - -
2022-05-24 17:28:20:2820 info: 
**********************REQUEST_STARTED*********************
OPTIONS /api/post?page=2&limit=2 200 0.498 ms - 0
2022-05-24 17:28:20:2820 info: 
**********************REQUEST_STARTED*********************
GET /api/post?page=2&limit=2 304 106.721 ms - -
2022-05-24 17:28:21:2821 info: 
**********************REQUEST_STARTED*********************
OPTIONS /api/post?page=3&limit=2 200 0.173 ms - 0
2022-05-24 17:28:22:2822 info: 
**********************REQUEST_STARTED*********************
GET /api/post?page=3&limit=2 304 115.136 ms - -
2022-05-24 17:28:23:2823 info: 
**********************REQUEST_STARTED*********************
OPTIONS /api/post?page=4&limit=2 200 0.183 ms - 0
2022-05-24 17:28:23:2823 info: 
**********************REQUEST_STARTED*********************
GET /api/post?page=4&limit=2 304 142.531 ms - -
2022-05-24 17:28:28:2828 info: 
**********************REQUEST_STARTED*********************
OPTIONS /api/post/62727bab94f9b41cc8568ae2 200 0.149 ms - 0
2022-05-24 17:28:28:2828 info: 
**********************REQUEST_STARTED*********************
DELETE /api/post/62727bab94f9b41cc8568ae2 200 145.173 ms - 1035
2022-05-24 17:28:28:2828 info: 
**********************REQUEST_STARTED*********************
OPTIONS /api/post?page=1&limit=2 200 0.114 ms - 0
2022-05-24 17:28:28:2828 info: 
**********************REQUEST_STARTED*********************
GET /api/post?page=1&limit=2 200 113.861 ms - 1405
2022-05-24 17:28:30:2830 info: 
**********************REQUEST_STARTED*********************
OPTIONS /api/post?page=3&limit=2 200 0.113 ms - 0
2022-05-24 17:28:30:2830 info: 
**********************REQUEST_STARTED*********************
GET /api/post?page=3&limit=2 200 101.712 ms - 1345
2022-05-24 17:31:47:3147 info: 
**********************REQUEST_STARTED*********************
OPTIONS /api/post?page=1&limit=2 200 0.682 ms - 0
2022-05-24 17:31:47:3147 info: 
**********************REQUEST_STARTED*********************
OPTIONS /api/post?page=1&limit=2 200 0.159 ms - 0
2022-05-24 17:31:47:3147 info: 
**********************REQUEST_STARTED*********************
GET /api/post?page=1&limit=2 304 109.168 ms - -
2022-05-24 17:31:47:3147 info: 
**********************REQUEST_STARTED*********************
GET /api/post?page=1&limit=2 304 111.016 ms - -
2022-05-24 17:33:20:3320 info: 
**********************REQUEST_STARTED*********************
OPTIONS /api/post?page=1&limit=2 200 0.364 ms - 0
2022-05-24 17:33:20:3320 info: 
**********************REQUEST_STARTED*********************
OPTIONS /api/post?page=1&limit=2 200 0.219 ms - 0
2022-05-24 17:33:21:3321 info: 
**********************REQUEST_STARTED*********************
GET /api/post?page=1&limit=2 304 121.618 ms - -
2022-05-24 17:33:21:3321 info: 
**********************REQUEST_STARTED*********************
GET /api/post?page=1&limit=2 304 104.718 ms - -
2022-05-24 17:33:21:3321 info: 
**********************REQUEST_STARTED*********************
GET /api/post?page=1&limit=2 304 108.762 ms - -
2022-05-24 17:33:21:3321 info: 
**********************REQUEST_STARTED*********************
GET /api/post?page=1&limit=2 304 106.264 ms - -
2022-05-24 17:35:18:3518 info: 
**********************REQUEST_STARTED*********************
OPTIONS /api/post?page=1&limit=2 200 0.580 ms - 0
2022-05-24 17:35:18:3518 info: 
**********************REQUEST_STARTED*********************
OPTIONS /api/post?page=1&limit=2 200 0.209 ms - 0
2022-05-24 17:35:19:3519 info: 
**********************REQUEST_STARTED*********************
GET /api/post?page=1&limit=2 304 137.374 ms - -
2022-05-24 17:35:19:3519 info: 
**********************REQUEST_STARTED*********************
GET /api/post?page=1&limit=2 304 110.220 ms - -
2022-05-24 17:35:19:3519 info: 
**********************REQUEST_STARTED*********************
GET /api/post?page=1&limit=2 304 112.578 ms - -
2022-05-24 17:35:19:3519 info: 
**********************REQUEST_STARTED*********************
GET /api/post?page=1&limit=2 304 134.083 ms - -
2022-05-24 17:35:26:3526 info: 
**********************REQUEST_STARTED*********************
OPTIONS /api/post?page=3&limit=2 200 0.106 ms - 0
2022-05-24 17:35:26:3526 info: 
**********************REQUEST_STARTED*********************
GET /api/post?page=3&limit=2 304 125.508 ms - -
2022-05-24 17:36:00:360 info: 
**********************REQUEST_STARTED*********************
OPTIONS /api/post?page=1&limit=2 200 0.337 ms - 0
2022-05-24 17:36:00:360 info: 
**********************REQUEST_STARTED*********************
OPTIONS /api/post?page=1&limit=2 200 0.389 ms - 0
2022-05-24 17:36:00:360 info: 
**********************REQUEST_STARTED*********************
GET /api/post?page=1&limit=2 304 126.135 ms - -
2022-05-24 17:36:00:360 info: 
**********************REQUEST_STARTED*********************
GET /api/post?page=1&limit=2 304 118.920 ms - -
2022-05-24 17:36:04:364 info: 
**********************REQUEST_STARTED*********************
OPTIONS /api/post?page=3&limit=2 200 0.446 ms - 0
2022-05-24 17:36:04:364 info: 
**********************REQUEST_STARTED*********************
GET /api/post?page=3&limit=2 304 109.485 ms - -
2022-05-24 17:36:09:369 info: 
**********************REQUEST_STARTED*********************
OPTIONS /api/post/62736608e6361eb14dc52527 200 0.115 ms - 0
2022-05-24 17:36:09:369 info: 
**********************REQUEST_STARTED*********************
DELETE /api/post/62736608e6361eb14dc52527 200 83.947 ms - 680
2022-05-24 17:36:09:369 info: 
**********************REQUEST_STARTED*********************
OPTIONS /api/post?page=1&limit=2 200 0.111 ms - 0
2022-05-24 17:36:09:369 info: 
**********************REQUEST_STARTED*********************
GET /api/post?page=1&limit=2 200 125.563 ms - 1405
2022-05-24 17:36:14:3614 info: 
**********************REQUEST_STARTED*********************
OPTIONS /api/post?page=3&limit=2 200 0.124 ms - 0
2022-05-24 17:36:14:3614 info: 
**********************REQUEST_STARTED*********************
GET /api/post?page=3&limit=2 200 108.694 ms - 722
2022-05-24 17:36:38:3638 info: 
**********************REQUEST_STARTED*********************
OPTIONS /api/post?page=1&limit=2 200 0.195 ms - 0
2022-05-24 17:36:38:3638 info: 
**********************REQUEST_STARTED*********************
OPTIONS /api/post?page=1&limit=2 200 0.262 ms - 0
2022-05-24 17:36:38:3638 info: 
**********************REQUEST_STARTED*********************
GET /api/post?page=1&limit=2 304 109.170 ms - -
2022-05-24 17:36:38:3638 info: 
**********************REQUEST_STARTED*********************
GET /api/post?page=1&limit=2 304 109.835 ms - -
2022-05-24 17:38:17:3817 info: 
**********************REQUEST_STARTED*********************
OPTIONS /api/post?page=1&limit=2 200 1.686 ms - 0
2022-05-24 17:38:17:3817 info: 
**********************REQUEST_STARTED*********************
OPTIONS /api/post?page=1&limit=2 200 0.214 ms - 0
2022-05-24 17:38:17:3817 info: 
**********************REQUEST_STARTED*********************
GET /api/post?page=1&limit=2 304 141.064 ms - -
2022-05-24 17:38:17:3817 info: 
**********************REQUEST_STARTED*********************
GET /api/post?page=1&limit=2 304 149.614 ms - -
2022-05-24 17:38:17:3817 info: 
**********************REQUEST_STARTED*********************
GET /api/post?page=1&limit=2 304 125.085 ms - -
2022-05-24 17:38:17:3817 info: 
**********************REQUEST_STARTED*********************
GET /api/post?page=1&limit=2 304 135.824 ms - -
2022-05-24 17:38:21:3821 info: 
**********************REQUEST_STARTED*********************
OPTIONS /api/post/6287840efa25ce524a75bb91 200 0.133 ms - 0
2022-05-24 17:38:21:3821 info: 
**********************REQUEST_STARTED*********************
PUT /api/post/6287840efa25ce524a75bb91 200 222.487 ms - 714
2022-05-24 17:38:33:3833 info: 
**********************REQUEST_STARTED*********************
OPTIONS /api/post?page=1&limit=2 200 0.208 ms - 0
2022-05-24 17:38:33:3833 info: 
**********************REQUEST_STARTED*********************
OPTIONS /api/post?page=1&limit=2 200 0.256 ms - 0
2022-05-24 17:38:33:3833 info: 
**********************REQUEST_STARTED*********************
GET /api/post?page=1&limit=2 200 117.318 ms - 1404
2022-05-24 17:38:33:3833 info: 
**********************REQUEST_STARTED*********************
GET /api/post?page=1&limit=2 304 128.508 ms - -
2022-05-24 17:38:36:3836 info: 
**********************REQUEST_STARTED*********************
OPTIONS /api/post/6287840efa25ce524a75bb91 200 0.133 ms - 0
2022-05-24 17:38:36:3836 info: 
**********************REQUEST_STARTED*********************
PUT /api/post/6287840efa25ce524a75bb91 200 77.569 ms - 714
2022-05-24 17:38:40:3840 info: 
**********************REQUEST_STARTED*********************
OPTIONS /api/post?page=1&limit=2 200 0.120 ms - 0
2022-05-24 17:38:40:3840 info: 
**********************REQUEST_STARTED*********************
OPTIONS /api/post?page=1&limit=2 200 0.169 ms - 0
2022-05-24 17:38:40:3840 info: 
**********************REQUEST_STARTED*********************
GET /api/post?page=1&limit=2 200 110.472 ms - 1404
2022-05-24 17:38:40:3840 info: 
**********************REQUEST_STARTED*********************
GET /api/post?page=1&limit=2 304 108.544 ms - -
2022-05-24 17:38:44:3844 info: 
**********************REQUEST_STARTED*********************
OPTIONS /api/post/6287840efa25ce524a75bb91 200 0.125 ms - 0
2022-05-24 17:38:44:3844 info: 
**********************REQUEST_STARTED*********************
PUT /api/post/6287840efa25ce524a75bb91 200 93.385 ms - 714
2022-05-24 17:38:48:3848 info: 
**********************REQUEST_STARTED*********************
OPTIONS /api/post?page=1&limit=2 200 0.154 ms - 0
2022-05-24 17:38:48:3848 info: 
**********************REQUEST_STARTED*********************
OPTIONS /api/post?page=1&limit=2 200 0.141 ms - 0
2022-05-24 17:38:48:3848 info: 
**********************REQUEST_STARTED*********************
GET /api/post?page=1&limit=2 200 113.264 ms - 1404
2022-05-24 17:38:48:3848 info: 
**********************REQUEST_STARTED*********************
GET /api/post?page=1&limit=2 304 111.680 ms - -
2022-05-24 17:39:00:390 info: 
**********************REQUEST_STARTED*********************
OPTIONS /api/post?page=1&limit=2 200 0.171 ms - 0
2022-05-24 17:39:00:390 info: 
**********************REQUEST_STARTED*********************
OPTIONS /api/post?page=1&limit=2 200 0.294 ms - 0
2022-05-24 17:39:00:390 info: 
**********************REQUEST_STARTED*********************
GET /api/post?page=1&limit=2 304 113.565 ms - -
2022-05-24 17:39:00:390 info: 
**********************REQUEST_STARTED*********************
GET /api/post?page=1&limit=2 304 106.958 ms - -
2022-05-24 17:39:03:393 info: 
**********************REQUEST_STARTED*********************
OPTIONS /api/post/6287840efa25ce524a75bb91 200 0.141 ms - 0
2022-05-24 17:39:03:393 info: 
**********************REQUEST_STARTED*********************
PUT /api/post/6287840efa25ce524a75bb91 200 79.470 ms - 715
2022-05-24 17:39:08:398 info: 
**********************REQUEST_STARTED*********************
OPTIONS /api/post?page=3&limit=2 200 0.114 ms - 0
2022-05-24 17:39:09:399 info: 
**********************REQUEST_STARTED*********************
GET /api/post?page=3&limit=2 304 111.781 ms - -
2022-05-24 17:39:16:3916 info: 
**********************REQUEST_STARTED*********************
OPTIONS /api/post/62736625e6361eb14dc52529 200 0.104 ms - 0
2022-05-24 17:39:16:3916 info: 
**********************REQUEST_STARTED*********************
DELETE /api/post/62736625e6361eb14dc52529 200 85.437 ms - 689
2022-05-24 17:39:16:3916 info: 
**********************REQUEST_STARTED*********************
OPTIONS /api/post?page=1&limit=2 200 0.191 ms - 0
2022-05-24 17:39:16:3916 info: 
**********************REQUEST_STARTED*********************
GET /api/post?page=1&limit=2 200 149.214 ms - 1405
2022-05-24 17:39:19:3919 info: 
**********************REQUEST_STARTED*********************
OPTIONS /api/post?page=2&limit=2 200 0.129 ms - 0
2022-05-24 17:39:19:3919 info: 
**********************REQUEST_STARTED*********************
GET /api/post?page=2&limit=2 200 115.882 ms - 904
2022-05-24 17:39:53:3953 info: 
**********************REQUEST_STARTED*********************
OPTIONS /api/post?page=1&limit=2 200 0.140 ms - 0
2022-05-24 17:39:53:3953 info: 
**********************REQUEST_STARTED*********************
OPTIONS /api/post?page=1&limit=2 200 0.231 ms - 0
2022-05-24 17:39:54:3954 info: 
**********************REQUEST_STARTED*********************
GET /api/post?page=1&limit=2 304 148.617 ms - -
2022-05-24 17:39:54:3954 info: 
**********************REQUEST_STARTED*********************
GET /api/post?page=1&limit=2 304 148.373 ms - -
2022-05-24 17:40:29:4029 info: 
**********************REQUEST_STARTED*********************
OPTIONS /api/post?page=2&limit=2 200 0.243 ms - 0
2022-05-24 17:40:29:4029 info: 
**********************REQUEST_STARTED*********************
GET /api/post?page=2&limit=2 304 386.514 ms - -
2022-05-24 17:42:00:420 info: 
**********************REQUEST_STARTED*********************
OPTIONS /api/post?page=2&limit=2 200 0.120 ms - 0
2022-05-24 17:42:00:420 info: 
**********************REQUEST_STARTED*********************
GET /api/post?page=2&limit=2 304 112.125 ms - -
2022-05-24 17:42:02:422 info: 
**********************REQUEST_STARTED*********************
GET /api/post?page=2&limit=2 304 112.374 ms - -
2022-05-24 17:42:02:422 info: 
**********************REQUEST_STARTED*********************
OPTIONS /api/post?page=1&limit=2 200 0.115 ms - 0
2022-05-24 17:42:03:423 info: 
**********************REQUEST_STARTED*********************
GET /api/post?page=1&limit=2 304 108.583 ms - -
2022-05-24 17:42:11:4211 info: 
**********************REQUEST_STARTED*********************
OPTIONS /api/post?page=2&limit=2 200 0.100 ms - 0
2022-05-24 17:42:11:4211 info: 
**********************REQUEST_STARTED*********************
GET /api/post?page=2&limit=2 304 115.163 ms - -
2022-05-24 17:42:13:4213 info: 
**********************REQUEST_STARTED*********************
OPTIONS /api/post?page=1&limit=2 200 0.149 ms - 0
2022-05-24 17:42:13:4213 info: 
**********************REQUEST_STARTED*********************
GET /api/post?page=1&limit=2 304 105.757 ms - -
2022-05-24 17:42:21:4221 info: 
**********************REQUEST_STARTED*********************
OPTIONS /api/post/6287840efa25ce524a75bb91 200 0.117 ms - 0
2022-05-24 17:42:21:4221 info: 
**********************REQUEST_STARTED*********************
DELETE /api/post/6287840efa25ce524a75bb91 200 92.188 ms - 715
2022-05-24 17:42:21:4221 info: 
**********************REQUEST_STARTED*********************
OPTIONS /api/post?page=1&limit=2 200 0.116 ms - 0
2022-05-24 17:42:21:4221 info: 
**********************REQUEST_STARTED*********************
GET /api/post?page=1&limit=2 200 205.974 ms - 1164
2022-05-24 17:42:24:4224 info: 
**********************REQUEST_STARTED*********************
OPTIONS /api/post?page=2&limit=2 200 0.119 ms - 0
2022-05-24 17:42:24:4224 info: 
**********************REQUEST_STARTED*********************
GET /api/post?page=2&limit=2 200 107.971 ms - 487
2022-05-24 17:48:14:4814 info: 
**********************REQUEST_STARTED*********************
OPTIONS /api/partner/requests?page=1&limit=5 200 0.106 ms - 0
2022-05-24 17:48:14:4814 info: 
**********************REQUEST_STARTED*********************
OPTIONS /api/partner/requests 200 0.140 ms - 0
2022-05-24 17:48:16:4816 info: 
**********************REQUEST_STARTED*********************
OPTIONS /api/admin?limit=6&page=1 200 0.186 ms - 0
2022-05-24 17:48:16:4816 info: 
**********************REQUEST_STARTED*********************
OPTIONS /api/admin?limit=6&page=1 200 0.180 ms - 0
2022-05-24 17:48:16:4816 info: 
**********************REQUEST_STARTED*********************
GET /api/admin?limit=6&page=1 200 172.372 ms - 7210
2022-05-24 17:48:16:4816 info: 
**********************REQUEST_STARTED*********************
GET /api/admin?limit=6&page=1 304 160.379 ms - -
2022-05-24 17:48:18:4818 info: 
**********************REQUEST_STARTED*********************
OPTIONS /api/admin?limit=6&page=4 200 0.093 ms - 0
2022-05-24 17:48:19:4819 info: 
**********************REQUEST_STARTED*********************
GET /api/admin?limit=6&page=4 200 678.882 ms - 5776
2022-05-24 17:48:21:4821 info: 
**********************REQUEST_STARTED*********************
GET /api/admin?limit=6&page=1 304 149.083 ms - -
2022-05-24 17:51:26:5126 info: 
**********************REQUEST_STARTED*********************
OPTIONS /api/admin?limit=6&page=4 200 0.097 ms - 0
2022-05-24 17:51:26:5126 info: 
**********************REQUEST_STARTED*********************
GET /api/admin?limit=6&page=4 304 152.128 ms - -
2022-05-24 17:52:05:525 info: 
**********************REQUEST_STARTED*********************
GET /api/partner/requests?page=1&limit=5 - - ms - -
2022-05-24 17:52:05:525 info: 
**********************REQUEST_STARTED*********************
GET /api/partner/requests - - ms - -
2022-05-24 17:52:06:526 info: 
**********************REQUEST_STARTED*********************
OPTIONS /api/admin?limit=6&page=1 200 0.108 ms - 0
2022-05-24 17:52:06:526 info: 
**********************REQUEST_STARTED*********************
OPTIONS /api/admin?limit=6&page=1 200 0.205 ms - 0
2022-05-24 17:52:06:526 info: 
**********************REQUEST_STARTED*********************
GET /api/admin?limit=6&page=1 304 147.935 ms - -
2022-05-24 17:52:06:526 info: 
**********************REQUEST_STARTED*********************
GET /api/admin?limit=6&page=1 304 151.728 ms - -
2022-05-24 17:52:06:526 info: 
**********************REQUEST_STARTED*********************
GET /api/admin?limit=6&page=1 304 161.436 ms - -
2022-05-24 17:52:20:5220 info: 
**********************REQUEST_STARTED*********************
OPTIONS /api/post?page=1&limit=2 200 0.103 ms - 0
2022-05-24 17:52:20:5220 info: 
**********************REQUEST_STARTED*********************
OPTIONS /api/post?page=1&limit=2 200 0.158 ms - 0
2022-05-24 17:52:20:5220 info: 
**********************REQUEST_STARTED*********************
GET /api/post?page=1&limit=2 304 111.385 ms - -
2022-05-24 17:52:20:5220 info: 
**********************REQUEST_STARTED*********************
GET /api/post?page=1&limit=2 304 100.578 ms - -
2022-05-24 17:53:40:5340 info: 
**********************REQUEST_STARTED*********************
OPTIONS /api/post?page=2&limit=2 200 0.141 ms - 0
2022-05-24 17:53:40:5340 info: 
**********************REQUEST_STARTED*********************
GET /api/post?page=2&limit=2 304 103.642 ms - -
2022-05-24 17:53:44:5344 info: 
**********************REQUEST_STARTED*********************
OPTIONS /api/post/62737b635b22d7a8fb94c946 200 0.108 ms - 0
2022-05-24 17:53:44:5344 info: 
**********************REQUEST_STARTED*********************
PUT /api/post/62737b635b22d7a8fb94c946 200 83.215 ms - 432
2022-05-24 17:53:52:5352 info: 
**********************REQUEST_STARTED*********************
OPTIONS /api/admin/service/category 200 0.119 ms - 0
2022-05-24 17:53:52:5352 info: 
**********************REQUEST_STARTED*********************
GET /api/admin/service/category 200 130.875 ms - 2075
2022-05-24 17:53:54:5354 info: 
**********************REQUEST_STARTED*********************
OPTIONS /api/post?page=1&limit=2 200 0.184 ms - 0
2022-05-24 17:53:54:5354 info: 
**********************REQUEST_STARTED*********************
OPTIONS /api/post?page=1&limit=2 200 0.162 ms - 0
2022-05-24 17:53:54:5354 info: 
**********************REQUEST_STARTED*********************
GET /api/post?page=1&limit=2 304 106.256 ms - -
2022-05-24 17:53:55:5355 info: 
**********************REQUEST_STARTED*********************
GET /api/post?page=1&limit=2 304 108.940 ms - -
2022-05-24 17:55:47:5547 info: 
**********************REQUEST_STARTED*********************
OPTIONS /api/post/628783fefa25ce524a75bb8b 200 0.111 ms - 0
2022-05-24 17:55:47:5547 info: 
**********************REQUEST_STARTED*********************
PUT /api/post/628783fefa25ce524a75bb8b 200 74.697 ms - 715
2022-05-24 18:11:39:1139 info: 
**********************REQUEST_STARTED*********************
OPTIONS /api/partner?page=1&limit=5 200 2.328 ms - 0
2022-05-24 18:11:39:1139 info: 
**********************REQUEST_STARTED*********************
OPTIONS /api/partner 200 0.173 ms - 0
2022-05-24 18:12:46:1246 info: 
**********************REQUEST_STARTED*********************
GET /api/partner - - ms - -
2022-05-24 18:12:46:1246 info: 
**********************REQUEST_STARTED*********************
GET /api/partner?page=1&limit=5 - - ms - -
2022-05-24 18:12:48:1248 info: 
**********************REQUEST_STARTED*********************
OPTIONS /api/partner?page=1&limit=5 200 0.181 ms - 0
2022-05-24 18:12:48:1248 info: 
**********************REQUEST_STARTED*********************
OPTIONS /api/partner 200 0.413 ms - 0
2022-05-24 18:12:55:1255 info: 
**********************REQUEST_STARTED*********************
OPTIONS /api/partner/requests?page=1&limit=5 200 0.247 ms - 0
2022-05-24 18:12:55:1255 info: 
**********************REQUEST_STARTED*********************
OPTIONS /api/partner/requests 200 0.413 ms - 0
2022-05-24 18:12:57:1257 info: 
**********************REQUEST_STARTED*********************
OPTIONS /api/partner?page=1&limit=5 200 0.224 ms - 0
2022-05-24 18:12:57:1257 info: 
**********************REQUEST_STARTED*********************
OPTIONS /api/partner 200 0.259 ms - 0
2022-05-24 19:02:15:215 info: 
**********************REQUEST_STARTED*********************
OPTIONS /api/admin/login 200 8.396 ms - 0
2022-05-24 19:02:15:215 info: 
**********************REQUEST_STARTED*********************
POST /api/admin/login 200 437.179 ms - 218
2022-05-24 19:02:18:218 info: 
**********************REQUEST_STARTED*********************
OPTIONS /api/partner?page=1&limit=5 200 0.465 ms - 0
2022-05-24 19:02:18:218 info: 
**********************REQUEST_STARTED*********************
OPTIONS /api/partner 200 0.207 ms - 0
2022-05-24 19:02:23:223 info: 
**********************REQUEST_STARTED*********************
GET /api/partner?page=1&limit=5 - - ms - -
2022-05-24 19:02:23:223 info: 
**********************REQUEST_STARTED*********************
GET /api/partner - - ms - -
2022-05-24 19:02:26:226 info: 
**********************REQUEST_STARTED*********************
OPTIONS /api/partner?page=1&limit=5 200 0.263 ms - 0
2022-05-24 19:02:26:226 info: 
**********************REQUEST_STARTED*********************
OPTIONS /api/partner 200 0.798 ms - 0
2022-05-24 19:06:56:656 info: 
**********************REQUEST_STARTED*********************
GET /api/partner - - ms - -
2022-05-24 19:06:56:656 info: 
**********************REQUEST_STARTED*********************
GET /api/partner?page=1&limit=5 - - ms - -
2022-05-25 10:38:24:3824 info: 
**********************REQUEST_STARTED*********************
OPTIONS /api/partner?page=1&limit=5 200 2.008 ms - 0
2022-05-25 10:38:24:3824 info: 
**********************REQUEST_STARTED*********************
OPTIONS /api/partner 200 0.187 ms - 0
2022-05-25 10:39:59:3959 info: 
**********************REQUEST_STARTED*********************
GET /api/partner - - ms - -
2022-05-25 10:39:59:3959 info: 
**********************REQUEST_STARTED*********************
GET /api/partner?page=1&limit=5 - - ms - -
