2022-05-17 00:01:26:126 info: 
**********************REQUEST_STARTED*********************
OPTIONS /api/splash/all/admin?page=1&limit=6 200 1.888 ms - 0
2022-05-17 00:01:26:126 info: 
**********************REQUEST_STARTED*********************
GET /api/splash/all/admin?page=1&limit=6 200 83.905 ms - 984
2022-05-17 00:01:43:143 info: 
**********************REQUEST_STARTED*********************
OPTIONS /api/splash/62822227a99bb6b5265eade5 200 1.280 ms - 0
2022-05-17 00:01:43:143 info: 
**********************REQUEST_STARTED*********************
GET /api/splash/62822227a99bb6b5265eade5 200 82.847 ms - 348
2022-05-17 00:03:51:351 info: 
**********************REQUEST_STARTED*********************
OPTIONS /api/splash/62822227a99bb6b5265eade5 200 4.101 ms - 0
2022-05-17 00:03:52:352 info: 
**********************REQUEST_STARTED*********************
GET /api/splash/62822227a99bb6b5265eade5 304 90.592 ms - -
2022-05-17 00:06:18:618 info: 
**********************REQUEST_STARTED*********************
OPTIONS /api/splash/admin/all?page=1&limit=6 200 0.461 ms - 0
2022-05-17 00:06:18:618 info: 
**********************REQUEST_STARTED*********************
GET /api/splash/admin/all?page=1&limit=6 200 182.163 ms - 984
2022-05-17 00:07:01:71 info: 
**********************REQUEST_STARTED*********************
OPTIONS /api/splash/62822227a99bb6b5265eade5 200 0.227 ms - 0
2022-05-17 00:07:01:71 info: 
**********************REQUEST_STARTED*********************
GET /api/splash/62822227a99bb6b5265eade5 304 63.410 ms - -
2022-05-17 00:08:43:843 info: 
**********************REQUEST_STARTED*********************
OPTIONS /api/splash/62822227a99bb6b5265eade5 200 0.151 ms - 0
2022-05-17 00:08:43:843 info: 
**********************REQUEST_STARTED*********************
GET /api/splash/62822227a99bb6b5265eade5 304 79.441 ms - -
2022-05-17 00:08:54:854 info: 
**********************REQUEST_STARTED*********************
OPTIONS /api/splash/62822227a99bb6b5265eade5 200 0.202 ms - 0
2022-05-17 00:08:54:854 info: 
**********************REQUEST_STARTED*********************
GET /api/splash/62822227a99bb6b5265eade5 304 67.045 ms - -
2022-05-17 00:09:06:96 info: 
**********************REQUEST_STARTED*********************
OPTIONS /api/splash/62822227a99bb6b5265eade5 200 0.147 ms - 0
2022-05-17 00:09:06:96 info: 
**********************REQUEST_STARTED*********************
GET /api/splash/62822227a99bb6b5265eade5 304 69.307 ms - -
2022-05-17 00:09:31:931 info: 
**********************REQUEST_STARTED*********************
OPTIONS /api/splash/62822227a99bb6b5265eade5 200 0.120 ms - 0
2022-05-17 00:09:31:931 info: 
**********************REQUEST_STARTED*********************
GET /api/splash/62822227a99bb6b5265eade5 304 64.649 ms - -
2022-05-17 00:11:33:1133 info: 
**********************REQUEST_STARTED*********************
OPTIONS /api/splash/62822227a99bb6b5265eade5 200 1.116 ms - 0
2022-05-17 00:11:34:1134 info: 
**********************REQUEST_STARTED*********************
GET /api/splash/62822227a99bb6b5265eade5 304 84.046 ms - -
2022-05-17 00:11:42:1142 info: 
**********************REQUEST_STARTED*********************
OPTIONS /api/splash/62822227a99bb6b5265eade5 200 0.138 ms - 0
2022-05-17 00:11:42:1142 info: 
**********************REQUEST_STARTED*********************
GET /api/splash/62822227a99bb6b5265eade5 304 65.554 ms - -
2022-05-17 00:11:53:1153 info: 
**********************REQUEST_STARTED*********************
OPTIONS /api/splash/admin/all?page=1&limit=6 200 0.239 ms - 0
2022-05-17 00:11:53:1153 info: 
**********************REQUEST_STARTED*********************
GET /api/splash/admin/all?page=1&limit=6 304 61.035 ms - -
2022-05-17 00:11:58:1158 info: 
**********************REQUEST_STARTED*********************
OPTIONS /api/splash/628217b07e84dc21b1db83c5 200 0.280 ms - 0
2022-05-17 00:11:58:1158 info: 
**********************REQUEST_STARTED*********************
GET /api/splash/628217b07e84dc21b1db83c5 200 72.269 ms - 354
2022-05-17 00:12:19:1219 info: 
**********************REQUEST_STARTED*********************
OPTIONS /api/splash/628217b07e84dc21b1db83c5 200 0.148 ms - 0
2022-05-17 00:12:19:1219 info: 
**********************REQUEST_STARTED*********************
GET /api/splash/628217b07e84dc21b1db83c5 304 77.259 ms - -
2022-05-17 00:12:26:1226 info: 
**********************REQUEST_STARTED*********************
OPTIONS /api/splash/628217b07e84dc21b1db83c5 200 0.140 ms - 0
2022-05-17 00:12:26:1226 info: 
**********************REQUEST_STARTED*********************
GET /api/splash/628217b07e84dc21b1db83c5 200 65.890 ms - 354
2022-05-17 00:12:58:1258 info: 
**********************REQUEST_STARTED*********************
OPTIONS /api/splash/628217b07e84dc21b1db83c5 200 0.116 ms - 0
2022-05-17 00:12:58:1258 info: 
**********************REQUEST_STARTED*********************
GET /api/splash/628217b07e84dc21b1db83c5 304 63.417 ms - -
2022-05-17 00:13:57:1357 info: 
**********************REQUEST_STARTED*********************
OPTIONS /api/splash/628217b07e84dc21b1db83c5 200 0.392 ms - 0
2022-05-17 00:13:58:1358 info: 
**********************REQUEST_STARTED*********************
GET /api/splash/628217b07e84dc21b1db83c5 304 72.869 ms - -
2022-05-17 00:14:04:144 info: 
**********************REQUEST_STARTED*********************
OPTIONS /api/splash/628217b07e84dc21b1db83c5 200 0.171 ms - 0
2022-05-17 00:14:04:144 info: 
**********************REQUEST_STARTED*********************
GET /api/splash/628217b07e84dc21b1db83c5 200 79.379 ms - 354
2022-05-17 00:14:41:1441 info: 
**********************REQUEST_STARTED*********************
OPTIONS /api/splash/628217b07e84dc21b1db83c5 200 0.157 ms - 0
2022-05-17 00:14:41:1441 info: 
**********************REQUEST_STARTED*********************
GET /api/splash/628217b07e84dc21b1db83c5 304 61.077 ms - -
2022-05-17 00:14:58:1458 info: 
**********************REQUEST_STARTED*********************
OPTIONS /api/splash/628217b07e84dc21b1db83c5 200 0.138 ms - 0
2022-05-17 00:14:58:1458 info: 
**********************REQUEST_STARTED*********************
GET /api/splash/628217b07e84dc21b1db83c5 304 68.706 ms - -
2022-05-17 00:15:14:1514 info: 
**********************REQUEST_STARTED*********************
OPTIONS /api/splash/628217b07e84dc21b1db83c5 200 0.278 ms - 0
2022-05-17 00:15:14:1514 info: 
**********************REQUEST_STARTED*********************
GET /api/splash/628217b07e84dc21b1db83c5 304 93.406 ms - -
2022-05-17 00:15:39:1539 info: 
**********************REQUEST_STARTED*********************
OPTIONS /api/splash/628217b07e84dc21b1db83c5 200 0.413 ms - 0
2022-05-17 00:15:39:1539 info: 
**********************REQUEST_STARTED*********************
GET /api/splash/628217b07e84dc21b1db83c5 304 75.590 ms - -
2022-05-17 00:16:04:164 info: 
**********************REQUEST_STARTED*********************
OPTIONS /api/splash/628217b07e84dc21b1db83c5 200 0.139 ms - 0
2022-05-17 00:16:04:164 info: 
**********************REQUEST_STARTED*********************
GET /api/splash/628217b07e84dc21b1db83c5 304 72.176 ms - -
2022-05-17 00:16:10:1610 info: 
**********************REQUEST_STARTED*********************
OPTIONS /api/splash/admin/all?page=1&limit=6 200 0.487 ms - 0
2022-05-17 00:16:10:1610 info: 
**********************REQUEST_STARTED*********************
GET /api/splash/admin/all?page=1&limit=6 304 65.980 ms - -
2022-05-17 00:16:15:1615 info: 
**********************REQUEST_STARTED*********************
OPTIONS /api/splash/62821cb590a4cd9fbe1f0b61 200 0.117 ms - 0
2022-05-17 00:16:15:1615 info: 
**********************REQUEST_STARTED*********************
GET /api/splash/62821cb590a4cd9fbe1f0b61 200 65.553 ms - 350
2022-05-17 00:16:24:1624 info: 
**********************REQUEST_STARTED*********************
OPTIONS /api/splash/admin/all?page=1&limit=6 200 0.190 ms - 0
2022-05-17 00:16:24:1624 info: 
**********************REQUEST_STARTED*********************
GET /api/splash/admin/all?page=1&limit=6 304 71.274 ms - -
2022-05-17 11:21:05:215 info: 
**********************REQUEST_STARTED*********************
GET /api/splash/all 200 513.190 ms - 984
2022-05-17 11:21:19:2119 info: 
**********************REQUEST_STARTED*********************
GET /api/splash/ 200 73.685 ms - 364
2022-05-17 11:21:23:2123 info: 
**********************REQUEST_STARTED*********************
GET /api/splash/all 200 47.264 ms - 984
2022-05-17 11:21:28:2128 info: 
**********************REQUEST_STARTED*********************
GET /api/splash/all 200 55.146 ms - 984
2022-05-17 11:27:06:276 info: 
**********************REQUEST_STARTED*********************
GET /api/splash/all 200 107.988 ms - 1009
2022-05-17 11:47:46:4746 info: 
**********************REQUEST_STARTED*********************
OPTIONS /api/splash/admin/all?page=1&limit=6 200 150.852 ms - 0
2022-05-17 11:47:47:4747 info: 
**********************REQUEST_STARTED*********************
GET /api/splash/admin/all?page=1&limit=6 200 774.848 ms - 1021
2022-05-17 11:47:51:4751 info: 
**********************REQUEST_STARTED*********************
OPTIONS /api/splash/62822227a99bb6b5265eade5 200 0.422 ms - 0
2022-05-17 11:47:51:4751 info: 
**********************REQUEST_STARTED*********************
GET /api/splash/62822227a99bb6b5265eade5 200 158.177 ms - 348
2022-05-17 11:50:28:5028 info: 
**********************REQUEST_STARTED*********************
OPTIONS /api/splash/62822227a99bb6b5265eade5 200 2.912 ms - 0
2022-05-17 11:50:29:5029 info: 
**********************REQUEST_STARTED*********************
GET /api/splash/62822227a99bb6b5265eade5 304 225.838 ms - -
2022-05-17 11:50:42:5042 info: 
**********************REQUEST_STARTED*********************
OPTIONS /api/splash/62822227a99bb6b5265eade5 200 0.467 ms - 0
2022-05-17 11:50:42:5042 info: 
**********************REQUEST_STARTED*********************
GET /api/splash/62822227a99bb6b5265eade5 304 107.270 ms - -
2022-05-17 11:51:05:515 info: 
**********************REQUEST_STARTED*********************
OPTIONS /api/splash/62822227a99bb6b5265eade5 200 0.371 ms - 0
2022-05-17 11:51:05:515 info: 
**********************REQUEST_STARTED*********************
GET /api/splash/62822227a99bb6b5265eade5 304 92.063 ms - -
2022-05-17 11:51:30:5130 info: 
**********************REQUEST_STARTED*********************
OPTIONS /api/splash/62822227a99bb6b5265eade5 200 0.415 ms - 0
2022-05-17 11:51:30:5130 info: 
**********************REQUEST_STARTED*********************
GET /api/splash/62822227a99bb6b5265eade5 304 101.196 ms - -
2022-05-17 11:51:43:5143 info: 
**********************REQUEST_STARTED*********************
OPTIONS /api/splash/62822227a99bb6b5265eade5 200 0.309 ms - 0
2022-05-17 11:51:43:5143 info: 
**********************REQUEST_STARTED*********************
GET /api/splash/62822227a99bb6b5265eade5 304 90.980 ms - -
2022-05-17 11:52:05:525 info: 
**********************REQUEST_STARTED*********************
OPTIONS /api/splash/62822227a99bb6b5265eade5 200 0.278 ms - 0
2022-05-17 11:52:06:526 info: 
**********************REQUEST_STARTED*********************
GET /api/splash/62822227a99bb6b5265eade5 304 119.586 ms - -
2022-05-17 11:52:32:5232 info: 
**********************REQUEST_STARTED*********************
OPTIONS /api/splash/62822227a99bb6b5265eade5 200 0.263 ms - 0
2022-05-17 11:52:32:5232 info: 
**********************REQUEST_STARTED*********************
GET /api/splash/62822227a99bb6b5265eade5 304 125.469 ms - -
2022-05-17 11:52:46:5246 info: 
**********************REQUEST_STARTED*********************
OPTIONS /api/splash/62822227a99bb6b5265eade5 200 0.201 ms - 0
2022-05-17 11:52:46:5246 info: 
**********************REQUEST_STARTED*********************
GET /api/splash/62822227a99bb6b5265eade5 304 92.907 ms - -
2022-05-17 11:53:05:535 info: 
**********************REQUEST_STARTED*********************
OPTIONS /api/splash/62822227a99bb6b5265eade5 200 0.643 ms - 0
2022-05-17 11:53:05:535 info: 
**********************REQUEST_STARTED*********************
GET /api/splash/62822227a99bb6b5265eade5 304 108.875 ms - -
2022-05-17 11:53:42:5342 info: 
**********************REQUEST_STARTED*********************
OPTIONS /api/splash/62822227a99bb6b5265eade5 200 0.374 ms - 0
2022-05-17 11:53:43:5343 info: 
**********************REQUEST_STARTED*********************
GET /api/splash/62822227a99bb6b5265eade5 304 95.884 ms - -
2022-05-17 11:53:58:5358 info: 
**********************REQUEST_STARTED*********************
OPTIONS /api/splash/62822227a99bb6b5265eade5 200 0.293 ms - 0
2022-05-17 11:53:58:5358 info: 
**********************REQUEST_STARTED*********************
GET /api/splash/62822227a99bb6b5265eade5 304 125.130 ms - -
2022-05-17 11:54:12:5412 info: 
**********************REQUEST_STARTED*********************
OPTIONS /api/splash/62822227a99bb6b5265eade5 200 0.274 ms - 0
2022-05-17 11:54:12:5412 info: 
**********************REQUEST_STARTED*********************
GET /api/splash/62822227a99bb6b5265eade5 304 100.082 ms - -
2022-05-17 11:54:19:5419 info: 
**********************REQUEST_STARTED*********************
OPTIONS /api/splash/62822227a99bb6b5265eade5 200 0.356 ms - 0
2022-05-17 11:54:19:5419 info: 
**********************REQUEST_STARTED*********************
GET /api/splash/62822227a99bb6b5265eade5 304 94.315 ms - -
2022-05-17 11:54:35:5435 info: 
**********************REQUEST_STARTED*********************
OPTIONS /api/splash/62822227a99bb6b5265eade5 200 1.291 ms - 0
2022-05-17 11:54:35:5435 info: 
**********************REQUEST_STARTED*********************
GET /api/splash/62822227a99bb6b5265eade5 304 94.224 ms - -
2022-05-17 11:54:42:5442 info: 
**********************REQUEST_STARTED*********************
OPTIONS /api/splash/62822227a99bb6b5265eade5 200 0.204 ms - 0
2022-05-17 11:54:43:5443 info: 
**********************REQUEST_STARTED*********************
PUT /api/splash/62822227a99bb6b5265eade5 200 381.114 ms - 341
2022-05-17 11:54:43:5443 info: 
**********************REQUEST_STARTED*********************
OPTIONS /api/splash/admin/all?page=1&limit=6 200 0.235 ms - 0
2022-05-17 11:54:43:5443 info: 
**********************REQUEST_STARTED*********************
GET /api/splash/admin/all?page=1&limit=6 200 128.954 ms - 1021
2022-05-17 11:54:47:5447 info: 
**********************REQUEST_STARTED*********************
OPTIONS /api/splash/62821cb590a4cd9fbe1f0b61 200 14.260 ms - 0
2022-05-17 11:54:47:5447 info: 
**********************REQUEST_STARTED*********************
GET /api/splash/62821cb590a4cd9fbe1f0b61 200 159.069 ms - 350
2022-05-17 11:54:50:5450 info: 
**********************REQUEST_STARTED*********************
OPTIONS /api/splash/admin/all?page=1&limit=6 200 0.167 ms - 0
2022-05-17 11:54:50:5450 info: 
**********************REQUEST_STARTED*********************
GET /api/splash/admin/all?page=1&limit=6 304 125.927 ms - -
2022-05-17 11:54:54:5454 info: 
**********************REQUEST_STARTED*********************
GET /api/splash/admin/all?page=1&limit=6 304 168.761 ms - -
2022-05-17 11:56:07:567 info: 
**********************REQUEST_STARTED*********************
OPTIONS /api/splash/admin/all?page=1&limit=6 200 0.166 ms - 0
2022-05-17 11:56:07:567 info: 
**********************REQUEST_STARTED*********************
GET /api/splash/admin/all?page=1&limit=6 304 122.021 ms - -
2022-05-17 11:56:11:5611 info: 
**********************REQUEST_STARTED*********************
OPTIONS /api/splash/62822227a99bb6b5265eade5 200 0.344 ms - 0
2022-05-17 11:56:11:5611 info: 
**********************REQUEST_STARTED*********************
GET /api/splash/62822227a99bb6b5265eade5 200 87.633 ms - 348
2022-05-17 11:56:13:5613 info: 
**********************REQUEST_STARTED*********************
OPTIONS /api/splash/admin/all?page=1&limit=6 200 0.180 ms - 0
2022-05-17 11:56:13:5613 info: 
**********************REQUEST_STARTED*********************
GET /api/splash/admin/all?page=1&limit=6 304 136.443 ms - -
2022-05-17 11:57:14:5714 info: 
**********************REQUEST_STARTED*********************
OPTIONS /api/splash/628217b07e84dc21b1db83c5 200 0.208 ms - 0
2022-05-17 11:57:14:5714 info: 
**********************REQUEST_STARTED*********************
DELETE /api/splash/628217b07e84dc21b1db83c5 200 101.496 ms - 361
2022-05-17 11:57:14:5714 info: 
**********************REQUEST_STARTED*********************
OPTIONS /api/splash/admin/all?page=1&limit=6 200 0.234 ms - 0
2022-05-17 11:57:14:5714 info: 
**********************REQUEST_STARTED*********************
GET /api/splash/admin/all?page=1&limit=6 200 122.585 ms - 706
2022-05-17 11:57:33:5733 info: 
**********************REQUEST_STARTED*********************
POST /api/splash 200 145.877 ms - 343
2022-05-17 11:57:43:5743 info: 
**********************REQUEST_STARTED*********************
OPTIONS /api/splash/admin/all?page=1&limit=6 200 0.182 ms - 0
2022-05-17 11:57:44:5744 info: 
**********************REQUEST_STARTED*********************
GET /api/splash/admin/all?page=1&limit=6 200 144.930 ms - 1017
2022-05-17 11:59:11:5911 info: 
**********************REQUEST_STARTED*********************
OPTIONS /api/partner/ 200 0.216 ms - 0
2022-05-17 11:59:12:5912 info: 
**********************REQUEST_STARTED*********************
GET /api/partner/ 200 434.680 ms - 14719
2022-05-17 12:19:53:1953 info: 
**********************REQUEST_STARTED*********************
GET /api/splash 404 25.247 ms - 149
2022-05-17 12:20:06:206 info: 
**********************REQUEST_STARTED*********************
GET /api/splash 404 1.112 ms - 149
2022-05-17 12:20:14:2014 info: 
**********************REQUEST_STARTED*********************
GET /api/splash 404 0.477 ms - 149
2022-05-17 12:21:33:2133 info: 
**********************REQUEST_STARTED*********************
GET /api/splash 404 1.185 ms - 149
2022-05-17 12:21:35:2135 info: 
**********************REQUEST_STARTED*********************
GET /api/splash 404 1.720 ms - 149
2022-05-17 12:21:42:2142 info: 
**********************REQUEST_STARTED*********************
GET /api/splash 404 1.191 ms - 149
2022-05-17 12:22:16:2216 info: 
**********************REQUEST_STARTED*********************
GET /api/splash 200 65.627 ms - 50
2022-05-17 12:24:19:2419 info: 
**********************REQUEST_STARTED*********************
OPTIONS /api/splash/admin/all?page=1&limit=6 200 3.551 ms - 0
2022-05-17 12:24:19:2419 info: 
**********************REQUEST_STARTED*********************
GET /api/splash/admin/all?page=1&limit=6 200 154.340 ms - 1017
2022-05-17 12:24:21:2421 info: 
**********************REQUEST_STARTED*********************
OPTIONS /api/splash/628340559ef06ef2401f3311 200 0.401 ms - 0
2022-05-17 12:24:22:2422 info: 
**********************REQUEST_STARTED*********************
GET /api/splash/628340559ef06ef2401f3311 200 92.819 ms - 350
2022-05-17 12:24:26:2426 info: 
**********************REQUEST_STARTED*********************
OPTIONS /api/splash/628340559ef06ef2401f3311 200 0.225 ms - 0
2022-05-17 12:24:26:2426 info: 
**********************REQUEST_STARTED*********************
PUT /api/splash/628340559ef06ef2401f3311 200 150.102 ms - 343
2022-05-17 12:24:26:2426 info: 
**********************REQUEST_STARTED*********************
OPTIONS /api/splash/admin/all?page=1&limit=6 200 0.259 ms - 0
2022-05-17 12:24:26:2426 info: 
**********************REQUEST_STARTED*********************
GET /api/splash/admin/all?page=1&limit=6 200 129.353 ms - 1016
2022-05-17 12:30:32:3032 info: 
**********************REQUEST_STARTED*********************
GET /api/splash 200 59.401 ms - 359
2022-05-17 12:30:43:3043 info: 
**********************REQUEST_STARTED*********************
OPTIONS /api/splash/62822227a99bb6b5265eade5 200 0.307 ms - 0
2022-05-17 12:30:44:3044 info: 
**********************REQUEST_STARTED*********************
GET /api/splash/62822227a99bb6b5265eade5 200 122.716 ms - 348
2022-05-17 12:30:47:3047 info: 
**********************REQUEST_STARTED*********************
OPTIONS /api/splash/62822227a99bb6b5265eade5 200 0.232 ms - 0
2022-05-17 12:30:47:3047 info: 
**********************REQUEST_STARTED*********************
PUT /api/splash/62822227a99bb6b5265eade5 200 116.007 ms - 341
2022-05-17 12:30:47:3047 info: 
**********************REQUEST_STARTED*********************
OPTIONS /api/splash/admin/all?page=1&limit=6 200 0.237 ms - 0
2022-05-17 12:30:47:3047 info: 
**********************REQUEST_STARTED*********************
GET /api/splash/admin/all?page=1&limit=6 200 138.351 ms - 1015
2022-05-17 12:30:51:3051 info: 
**********************REQUEST_STARTED*********************
OPTIONS /api/splash/62821cb590a4cd9fbe1f0b61 200 0.310 ms - 0
2022-05-17 12:30:51:3051 info: 
**********************REQUEST_STARTED*********************
GET /api/splash/62821cb590a4cd9fbe1f0b61 200 85.893 ms - 350
2022-05-17 12:30:57:3057 info: 
**********************REQUEST_STARTED*********************
OPTIONS /api/splash/62821cb590a4cd9fbe1f0b61 200 0.241 ms - 0
2022-05-17 12:30:57:3057 info: 
**********************REQUEST_STARTED*********************
PUT /api/splash/62821cb590a4cd9fbe1f0b61 200 95.283 ms - 343
2022-05-17 12:30:57:3057 info: 
**********************REQUEST_STARTED*********************
OPTIONS /api/splash/admin/all?page=1&limit=6 200 0.258 ms - 0
2022-05-17 12:30:57:3057 info: 
**********************REQUEST_STARTED*********************
GET /api/splash/admin/all?page=1&limit=6 200 127.457 ms - 1014
2022-05-17 12:37:44:3744 info: 
**********************REQUEST_STARTED*********************
GET /api/splash 200 93.954 ms - 977
2022-05-17 12:38:18:3818 info: 
**********************REQUEST_STARTED*********************
GET /api/splash 401 5.300 ms - 32
2022-05-17 12:38:31:3831 info: 
**********************REQUEST_STARTED*********************
GET /api/splash 200 67.854 ms - 977
2022-05-17 12:39:11:3911 info: 
**********************REQUEST_STARTED*********************
GET /api/splash 200 69.288 ms - 977
2022-05-17 12:40:36:4036 info: 
**********************REQUEST_STARTED*********************
OPTIONS /api/admin/service/category?page=1&limit=5 200 1.519 ms - 0
2022-05-17 12:40:36:4036 info: 
**********************REQUEST_STARTED*********************
OPTIONS /api/admin/service/category?page=1&limit=5 200 0.318 ms - 0
2022-05-17 12:40:36:4036 info: 
**********************REQUEST_STARTED*********************
GET /api/admin/service/category?page=1&limit=5 200 151.560 ms - 1327
2022-05-17 12:40:36:4036 info: 
**********************REQUEST_STARTED*********************
GET /api/admin/service/category?page=1&limit=5 304 129.511 ms - -
2022-05-17 12:40:42:4042 info: 
**********************REQUEST_STARTED*********************
OPTIONS /api/splash/admin/all?page=1&limit=6 200 0.188 ms - 0
2022-05-17 12:40:42:4042 info: 
**********************REQUEST_STARTED*********************
GET /api/splash/admin/all?page=1&limit=6 200 135.047 ms - 1014
2022-05-17 12:42:13:4213 info: 
**********************REQUEST_STARTED*********************
GET //api/splash 404 4.282 ms - 150
2022-05-17 12:42:19:4219 info: 
**********************REQUEST_STARTED*********************
GET /api/splash 200 44.859 ms - 977
2022-05-17 12:43:29:4329 info: 
**********************REQUEST_STARTED*********************
GET /api/splash/628217b07e84dc21b1db83c5 200 101.075 ms - 44
2022-05-17 12:43:43:4343 info: 
**********************REQUEST_STARTED*********************
GET /api/splash/62822227a99bb6b5265eade5 200 86.468 ms - 347
2022-05-17 12:48:22:4822 info: 
**********************REQUEST_STARTED*********************
GET /api/splash/62822227a99bb6b5265eade5 200 87.162 ms - 347
2022-05-17 12:52:30:5230 info: 
**********************REQUEST_STARTED*********************
GET /api/splash 200 42.860 ms - 977
2022-05-17 13:11:56:1156 info: 
**********************REQUEST_STARTED*********************
OPTIONS /api/splash/admin/all?page=1&limit=6 200 1.886 ms - 0
2022-05-17 13:11:56:1156 info: 
**********************REQUEST_STARTED*********************
GET /api/splash/admin/all?page=1&limit=6 304 183.632 ms - -
2022-05-17 14:58:41:5841 info: 
**********************REQUEST_STARTED*********************
OPTIONS /api/splash/admin/all?page=1&limit=6 200 6.447 ms - 0
2022-05-17 14:58:42:5842 info: 
**********************REQUEST_STARTED*********************
GET /api/splash/admin/all?page=1&limit=6 200 559.753 ms - 1014
2022-05-17 14:58:44:5844 info: 
**********************REQUEST_STARTED*********************
OPTIONS /api/admin?limit=6&page=1 200 0.305 ms - 0
2022-05-17 14:58:44:5844 info: 
**********************REQUEST_STARTED*********************
OPTIONS /api/admin?limit=6&page=1 200 0.253 ms - 0
2022-05-17 14:58:44:5844 info: 
**********************REQUEST_STARTED*********************
GET /api/admin?limit=6&page=1 200 178.434 ms - 7210
2022-05-17 14:58:44:5844 info: 
**********************REQUEST_STARTED*********************
GET /api/admin?limit=6&page=1 304 159.221 ms - -
2022-05-17 14:58:46:5846 info: 
**********************REQUEST_STARTED*********************
OPTIONS /api/partner?page=1&limit=5 200 0.204 ms - 0
2022-05-17 14:58:46:5846 info: 
**********************REQUEST_STARTED*********************
OPTIONS /api/partner 200 0.259 ms - 0
2022-05-17 14:58:47:5847 info: 
**********************REQUEST_STARTED*********************
GET /api/partner 200 1007.940 ms - 14719
2022-05-17 14:58:47:5847 info: 
**********************REQUEST_STARTED*********************
GET /api/partner?page=1&limit=5 200 1060.350 ms - 14730
2022-05-17 14:58:52:5852 info: 
**********************REQUEST_STARTED*********************
OPTIONS /api/admin/service/category?limit=5&page=1 200 0.247 ms - 0
2022-05-17 14:58:52:5852 info: 
**********************REQUEST_STARTED*********************
GET /api/admin/service/category?limit=5&page=1 200 113.799 ms - 1327
2022-05-17 14:58:52:5852 info: 
**********************REQUEST_STARTED*********************
OPTIONS /api/admin/service/category 200 0.196 ms - 0
2022-05-17 14:58:52:5852 info: 
**********************REQUEST_STARTED*********************
GET /api/admin/service/category 200 113.700 ms - 2075
2022-05-17 15:02:21:221 info: 
**********************REQUEST_STARTED*********************
OPTIONS /api/splash/admin/all?page=1&limit=6 200 0.386 ms - 0
2022-05-17 15:02:21:221 info: 
**********************REQUEST_STARTED*********************
GET /api/splash/admin/all?page=1&limit=6 304 136.220 ms - -
2022-05-17 15:02:38:238 info: 
**********************REQUEST_STARTED*********************
OPTIONS /api/splash/admin/all?page=1&limit=6 200 0.212 ms - 0
2022-05-17 15:02:38:238 info: 
**********************REQUEST_STARTED*********************
GET /api/splash/admin/all?page=1&limit=6 304 116.176 ms - -
2022-05-17 15:25:32:2532 info: 
**********************REQUEST_STARTED*********************
GET / 200 35.766 ms - 48
2022-05-17 15:25:32:2532 info: 
**********************REQUEST_STARTED*********************
GET /favicon.ico 404 7.892 ms - 150
2022-05-17 15:25:53:2553 info: 
**********************REQUEST_STARTED*********************
GET / 200 0.591 ms - 48
2022-05-17 15:25:53:2553 info: 
**********************REQUEST_STARTED*********************
GET /favicon.ico 404 1.478 ms - 150
2022-05-17 15:26:54:2654 info: 
**********************REQUEST_STARTED*********************
GET /api/splash 200 302.690 ms - 977
2022-05-17 15:46:05:465 info: 
**********************REQUEST_STARTED*********************
OPTIONS /api/splash/admin/all?page=1&limit=6 200 9.924 ms - 0
2022-05-17 15:46:05:465 info: 
**********************REQUEST_STARTED*********************
GET /api/splash/admin/all?page=1&limit=6 200 242.306 ms - 1014
2022-05-17 16:07:49:749 info: 
**********************REQUEST_STARTED*********************
OPTIONS /api/partner?page=1&limit=5 200 1.418 ms - 0
2022-05-17 16:07:49:749 info: 
**********************REQUEST_STARTED*********************
OPTIONS /api/partner 200 0.098 ms - 0
2022-05-17 16:07:50:750 info: 
**********************REQUEST_STARTED*********************
GET /api/partner 200 636.450 ms - 14719
2022-05-17 16:07:50:750 info: 
**********************REQUEST_STARTED*********************
GET /api/partner?page=1&limit=5 200 694.090 ms - 14730
2022-05-17 16:07:52:752 info: 
**********************REQUEST_STARTED*********************
OPTIONS /api/admin/service/category?limit=5&page=1 200 0.132 ms - 0
2022-05-17 16:07:52:752 info: 
**********************REQUEST_STARTED*********************
GET /api/admin/service/category?limit=5&page=1 200 157.135 ms - 1327
2022-05-17 16:07:52:752 info: 
**********************REQUEST_STARTED*********************
OPTIONS /api/admin/service/category 200 0.151 ms - 0
2022-05-17 16:07:52:752 info: 
**********************REQUEST_STARTED*********************
GET /api/admin/service/category 200 156.348 ms - 2075
2022-05-17 16:11:54:1154 info: 
**********************REQUEST_STARTED*********************
OPTIONS /api/user/user/referral?page=1&limit=5 200 0.271 ms - 0
2022-05-17 16:11:54:1154 info: 
**********************REQUEST_STARTED*********************
OPTIONS /api/user/user/referral?page=1&limit=5 200 0.206 ms - 0
2022-05-17 16:11:55:1155 info: 
**********************REQUEST_STARTED*********************
GET /api/user/user/referral?page=1&limit=5 200 137.394 ms - 3487
2022-05-17 16:11:55:1155 info: 
**********************REQUEST_STARTED*********************
GET /api/user/user/referral?page=1&limit=5 304 156.399 ms - -
2022-05-17 16:11:56:1156 info: 
**********************REQUEST_STARTED*********************
OPTIONS /api/partner?page=1&limit=5 200 0.172 ms - 0
2022-05-17 16:11:56:1156 info: 
**********************REQUEST_STARTED*********************
OPTIONS /api/partner 200 0.287 ms - 0
2022-05-17 16:11:56:1156 info: 
**********************REQUEST_STARTED*********************
GET /api/partner?page=1&limit=5 304 268.941 ms - -
2022-05-17 16:11:56:1156 info: 
**********************REQUEST_STARTED*********************
GET /api/partner 304 288.153 ms - -
2022-05-17 16:12:03:123 info: 
**********************REQUEST_STARTED*********************
OPTIONS /api/partner/requests?page=1&limit=5 200 0.209 ms - 0
2022-05-17 16:12:03:123 info: 
**********************REQUEST_STARTED*********************
OPTIONS /api/partner/requests 200 0.160 ms - 0
2022-05-17 16:12:04:124 info: 
**********************REQUEST_STARTED*********************
GET /api/partner/requests?page=1&limit=5 200 233.166 ms - 6729
2022-05-17 16:12:04:124 info: 
**********************REQUEST_STARTED*********************
GET /api/partner/requests 200 234.204 ms - 6718
2022-05-17 16:12:07:127 info: 
**********************REQUEST_STARTED*********************
OPTIONS /api/partner/62751b201ee90fc62b548fd5 200 0.282 ms - 0
2022-05-17 16:12:07:127 info: 
**********************REQUEST_STARTED*********************
GET /api/partner/62751b201ee90fc62b548fd5 200 101.315 ms - 1668
2022-05-17 16:12:12:1212 info: 
**********************REQUEST_STARTED*********************
OPTIONS /api/partner?page=1&limit=5 200 0.217 ms - 0
2022-05-17 16:12:12:1212 info: 
**********************REQUEST_STARTED*********************
OPTIONS /api/partner 200 0.188 ms - 0
2022-05-17 16:12:12:1212 info: 
**********************REQUEST_STARTED*********************
GET /api/partner 304 276.634 ms - -
2022-05-17 16:12:13:1213 info: 
**********************REQUEST_STARTED*********************
GET /api/partner?page=1&limit=5 304 303.761 ms - -
2022-05-17 16:18:17:1817 info: 
**********************REQUEST_STARTED*********************
OPTIONS /api/admin/service/category?limit=5&page=1 200 13.768 ms - 0
2022-05-17 16:18:17:1817 info: 
**********************REQUEST_STARTED*********************
GET /api/admin/service/category?limit=5&page=1 200 120.307 ms - 1327
2022-05-17 16:18:17:1817 info: 
**********************REQUEST_STARTED*********************
OPTIONS /api/admin/service/category 200 0.114 ms - 0
2022-05-17 16:18:17:1817 info: 
**********************REQUEST_STARTED*********************
GET /api/admin/service/category 200 92.479 ms - 2075
2022-05-17 16:22:01:221 info: 
**********************REQUEST_STARTED*********************
OPTIONS /api/admin/service/category?limit=5&page=1 200 6.992 ms - 0
2022-05-17 16:22:01:221 info: 
**********************REQUEST_STARTED*********************
GET /api/admin/service/category?limit=5&page=1 304 221.772 ms - -
2022-05-17 16:22:02:222 info: 
**********************REQUEST_STARTED*********************
OPTIONS /api/admin/service/category 200 0.221 ms - 0
2022-05-17 16:22:02:222 info: 
**********************REQUEST_STARTED*********************
GET /api/admin/service/category 304 112.732 ms - -
2022-05-17 16:22:23:2223 info: 
**********************REQUEST_STARTED*********************
OPTIONS /api/admin/service/category?limit=5&page=1 200 0.184 ms - 0
2022-05-17 16:22:23:2223 info: 
**********************REQUEST_STARTED*********************
GET /api/admin/service/category?limit=5&page=1 304 97.138 ms - -
2022-05-17 16:22:23:2223 info: 
**********************REQUEST_STARTED*********************
OPTIONS /api/admin/service/category 200 0.970 ms - 0
2022-05-17 16:22:23:2223 info: 
**********************REQUEST_STARTED*********************
GET /api/admin/service/category 304 99.947 ms - -
2022-05-17 16:23:10:2310 info: 
**********************REQUEST_STARTED*********************
OPTIONS /api/admin/service/category?limit=5&page=1 200 0.281 ms - 0
2022-05-17 16:23:10:2310 info: 
**********************REQUEST_STARTED*********************
GET /api/admin/service/category?limit=5&page=1 304 100.669 ms - -
2022-05-17 16:23:10:2310 info: 
**********************REQUEST_STARTED*********************
OPTIONS /api/admin/service/category 200 0.121 ms - 0
2022-05-17 16:23:10:2310 info: 
**********************REQUEST_STARTED*********************
GET /api/admin/service/category 304 97.362 ms - -
2022-05-17 16:27:01:271 info: 
**********************REQUEST_STARTED*********************
OPTIONS /api/admin/service/category?limit=5&page=1 200 2.850 ms - 0
2022-05-17 16:27:02:272 info: 
**********************REQUEST_STARTED*********************
GET /api/admin/service/category?limit=5&page=1 304 146.871 ms - -
2022-05-17 16:27:02:272 info: 
**********************REQUEST_STARTED*********************
OPTIONS /api/admin/service/category 200 0.187 ms - 0
2022-05-17 16:27:02:272 info: 
**********************REQUEST_STARTED*********************
GET /api/admin/service/category 304 331.468 ms - -
2022-05-17 16:28:02:282 info: 
**********************REQUEST_STARTED*********************
OPTIONS /api/admin/service/category?limit=5&page=1 200 0.249 ms - 0
2022-05-17 16:28:02:282 info: 
**********************REQUEST_STARTED*********************
GET /api/admin/service/category?limit=5&page=1 304 108.524 ms - -
2022-05-17 16:28:02:282 info: 
**********************REQUEST_STARTED*********************
OPTIONS /api/admin/service/category 200 0.184 ms - 0
2022-05-17 16:28:02:282 info: 
**********************REQUEST_STARTED*********************
GET /api/admin/service/category 304 99.583 ms - -
2022-05-17 16:29:24:2924 info: 
**********************REQUEST_STARTED*********************
OPTIONS /api/admin/service/category?limit=5&page=1 200 0.193 ms - 0
2022-05-17 16:29:24:2924 info: 
**********************REQUEST_STARTED*********************
GET /api/admin/service/category?limit=5&page=1 304 97.972 ms - -
2022-05-17 16:29:24:2924 info: 
**********************REQUEST_STARTED*********************
OPTIONS /api/admin/service/category 200 0.177 ms - 0
2022-05-17 16:29:24:2924 info: 
**********************REQUEST_STARTED*********************
GET /api/admin/service/category 304 103.596 ms - -
2022-05-17 16:30:45:3045 info: 
**********************REQUEST_STARTED*********************
OPTIONS /api/admin/service/category?limit=5&page=1 200 0.343 ms - 0
2022-05-17 16:30:45:3045 info: 
**********************REQUEST_STARTED*********************
GET /api/admin/service/category?limit=5&page=1 304 98.543 ms - -
2022-05-17 16:30:45:3045 info: 
**********************REQUEST_STARTED*********************
OPTIONS /api/admin/service/category 200 0.223 ms - 0
2022-05-17 16:30:45:3045 info: 
**********************REQUEST_STARTED*********************
GET /api/admin/service/category 304 102.739 ms - -
2022-05-17 16:31:37:3137 info: 
**********************REQUEST_STARTED*********************
OPTIONS /api/admin/service/category?limit=5&page=1 200 0.451 ms - 0
2022-05-17 16:31:37:3137 info: 
**********************REQUEST_STARTED*********************
GET /api/admin/service/category?limit=5&page=1 304 100.249 ms - -
2022-05-17 16:31:37:3137 info: 
**********************REQUEST_STARTED*********************
OPTIONS /api/admin/service/category 200 0.182 ms - 0
2022-05-17 16:31:37:3137 info: 
**********************REQUEST_STARTED*********************
GET /api/admin/service/category 304 105.915 ms - -
2022-05-17 16:31:46:3146 info: 
**********************REQUEST_STARTED*********************
OPTIONS /api/admin/service/category?limit=5&page=1 200 0.369 ms - 0
2022-05-17 16:31:46:3146 info: 
**********************REQUEST_STARTED*********************
GET /api/admin/service/category?limit=5&page=1 304 103.760 ms - -
2022-05-17 16:31:46:3146 info: 
**********************REQUEST_STARTED*********************
OPTIONS /api/admin/service/category 200 0.201 ms - 0
2022-05-17 16:31:46:3146 info: 
**********************REQUEST_STARTED*********************
GET /api/admin/service/category 304 103.091 ms - -
2022-05-17 16:32:21:3221 info: 
**********************REQUEST_STARTED*********************
OPTIONS /api/admin/service/category?limit=5&page=1 200 0.118 ms - 0
2022-05-17 16:32:21:3221 info: 
**********************REQUEST_STARTED*********************
GET /api/admin/service/category?limit=5&page=1 304 164.157 ms - -
2022-05-17 16:32:21:3221 info: 
**********************REQUEST_STARTED*********************
OPTIONS /api/admin/service/category 200 0.128 ms - 0
2022-05-17 16:32:21:3221 info: 
**********************REQUEST_STARTED*********************
GET /api/admin/service/category 304 111.240 ms - -
2022-05-17 17:18:18:1818 info: 
**********************REQUEST_STARTED*********************
OPTIONS /api/admin/service/category?limit=5&page=1 200 3.025 ms - 0
2022-05-17 17:18:18:1818 info: 
**********************REQUEST_STARTED*********************
GET /api/admin/service/category?limit=5&page=1 200 420.374 ms - 1327
2022-05-17 17:18:18:1818 info: 
**********************REQUEST_STARTED*********************
OPTIONS /api/admin/service/category 200 0.124 ms - 0
2022-05-17 17:18:18:1818 info: 
**********************REQUEST_STARTED*********************
GET /api/admin/service/category 200 106.295 ms - 2075
2022-05-17 17:24:20:2420 info: 
**********************REQUEST_STARTED*********************
OPTIONS /api/admin/service/category?limit=5&page=1 200 5.968 ms - 0
2022-05-17 17:24:20:2420 info: 
**********************REQUEST_STARTED*********************
GET /api/admin/service/category?limit=5&page=1 304 224.783 ms - -
2022-05-17 17:24:20:2420 info: 
**********************REQUEST_STARTED*********************
OPTIONS /api/admin/service/category 200 0.134 ms - 0
2022-05-17 17:24:20:2420 info: 
**********************REQUEST_STARTED*********************
GET /api/admin/service/category 304 119.535 ms - -
2022-05-17 17:28:30:2830 info: 
**********************REQUEST_STARTED*********************
OPTIONS /api/admin/service/category?limit=5&page=1 200 9.980 ms - 0
2022-05-17 17:28:31:2831 info: 
**********************REQUEST_STARTED*********************
GET /api/admin/service/category?limit=5&page=1 304 358.765 ms - -
2022-05-17 17:28:31:2831 info: 
**********************REQUEST_STARTED*********************
OPTIONS /api/admin/service/category 200 0.244 ms - 0
2022-05-17 17:28:31:2831 info: 
**********************REQUEST_STARTED*********************
GET /api/admin/service/category 304 109.514 ms - -
2022-05-17 17:29:36:2936 info: 
**********************REQUEST_STARTED*********************
OPTIONS /api/admin/service/category?limit=5&page=1 200 0.223 ms - 0
2022-05-17 17:29:36:2936 info: 
**********************REQUEST_STARTED*********************
GET /api/admin/service/category?limit=5&page=1 304 116.478 ms - -
2022-05-17 17:29:36:2936 info: 
**********************REQUEST_STARTED*********************
OPTIONS /api/admin/service/category 200 0.188 ms - 0
2022-05-17 17:29:37:2937 info: 
**********************REQUEST_STARTED*********************
GET /api/admin/service/category 304 132.828 ms - -
2022-05-17 17:30:09:309 info: 
**********************REQUEST_STARTED*********************
OPTIONS /api/admin/service/category?limit=5&page=1 200 0.192 ms - 0
2022-05-17 17:30:09:309 info: 
**********************REQUEST_STARTED*********************
GET /api/admin/service/category?limit=5&page=1 304 110.772 ms - -
2022-05-17 17:30:09:309 info: 
**********************REQUEST_STARTED*********************
OPTIONS /api/admin/service/category 200 0.274 ms - 0
2022-05-17 17:30:09:309 info: 
**********************REQUEST_STARTED*********************
GET /api/admin/service/category 304 100.814 ms - -
2022-05-17 17:40:15:4015 info: 
**********************REQUEST_STARTED*********************
OPTIONS /api/admin/service/category?limit=5&page=1 200 50.568 ms - 0
2022-05-17 17:40:16:4016 info: 
**********************REQUEST_STARTED*********************
GET /api/admin/service/category?limit=5&page=1 304 649.802 ms - -
2022-05-17 17:40:16:4016 info: 
**********************REQUEST_STARTED*********************
OPTIONS /api/admin/service/category 200 0.249 ms - 0
2022-05-17 17:40:16:4016 info: 
**********************REQUEST_STARTED*********************
GET /api/admin/service/category 304 127.809 ms - -
2022-05-17 17:40:43:4043 info: 
**********************REQUEST_STARTED*********************
OPTIONS /api/admin/service/category?limit=5&page=1 200 11.076 ms - 0
2022-05-17 17:40:43:4043 info: 
**********************REQUEST_STARTED*********************
GET /api/admin/service/category?limit=5&page=1 304 447.251 ms - -
2022-05-17 17:40:43:4043 info: 
**********************REQUEST_STARTED*********************
OPTIONS /api/admin/service/category 200 0.218 ms - 0
2022-05-17 17:40:43:4043 info: 
**********************REQUEST_STARTED*********************
GET /api/admin/service/category 304 99.876 ms - -
2022-05-17 17:40:50:4050 info: 
**********************REQUEST_STARTED*********************
OPTIONS /api/admin/service/category?limit=5&page=1 200 0.170 ms - 0
2022-05-17 17:40:50:4050 info: 
**********************REQUEST_STARTED*********************
GET /api/admin/service/category?limit=5&page=1 304 107.447 ms - -
2022-05-17 17:40:50:4050 info: 
**********************REQUEST_STARTED*********************
OPTIONS /api/admin/service/category 200 0.157 ms - 0
2022-05-17 17:40:50:4050 info: 
**********************REQUEST_STARTED*********************
GET /api/admin/service/category 304 98.465 ms - -
2022-05-17 17:42:06:426 info: 
**********************REQUEST_STARTED*********************
OPTIONS /api/admin/service/category?limit=5&page=1 200 4.842 ms - 0
2022-05-17 17:42:06:426 info: 
**********************REQUEST_STARTED*********************
GET /api/admin/service/category?limit=5&page=1 304 233.205 ms - -
2022-05-17 17:42:06:426 info: 
**********************REQUEST_STARTED*********************
OPTIONS /api/admin/service/category 200 0.206 ms - 0
2022-05-17 17:42:06:426 info: 
**********************REQUEST_STARTED*********************
GET /api/admin/service/category 304 110.320 ms - -
2022-05-17 17:43:26:4326 info: 
**********************REQUEST_STARTED*********************
OPTIONS /api/admin/service/category?limit=5&page=1 200 5.204 ms - 0
2022-05-17 17:43:26:4326 info: 
**********************REQUEST_STARTED*********************
GET /api/admin/service/category?limit=5&page=1 304 208.733 ms - -
2022-05-17 17:43:26:4326 info: 
**********************REQUEST_STARTED*********************
OPTIONS /api/admin/service/category 200 0.221 ms - 0
2022-05-17 17:43:26:4326 info: 
**********************REQUEST_STARTED*********************
GET /api/admin/service/category 304 108.441 ms - -
2022-05-17 17:45:20:4520 info: 
**********************REQUEST_STARTED*********************
OPTIONS /api/admin/service/category?limit=5&page=1 200 0.841 ms - 0
2022-05-17 17:45:20:4520 info: 
**********************REQUEST_STARTED*********************
GET /api/admin/service/category?limit=5&page=1 304 113.131 ms - -
2022-05-17 17:45:20:4520 info: 
**********************REQUEST_STARTED*********************
OPTIONS /api/admin/service/category 200 0.187 ms - 0
2022-05-17 17:45:20:4520 info: 
**********************REQUEST_STARTED*********************
GET /api/admin/service/category 304 117.760 ms - -
2022-05-17 17:46:55:4655 info: 
**********************REQUEST_STARTED*********************
OPTIONS /api/admin/service/category?limit=5&page=1 200 6.006 ms - 0
2022-05-17 17:46:56:4656 info: 
**********************REQUEST_STARTED*********************
GET /api/admin/service/category?limit=5&page=1 304 244.650 ms - -
2022-05-17 17:46:56:4656 info: 
**********************REQUEST_STARTED*********************
OPTIONS /api/admin/service/category 200 0.403 ms - 0
2022-05-17 17:46:56:4656 info: 
**********************REQUEST_STARTED*********************
GET /api/admin/service/category 304 105.057 ms - -
2022-05-17 17:47:11:4711 info: 
**********************REQUEST_STARTED*********************
OPTIONS /api/admin/service/category?limit=5&page=1 200 0.178 ms - 0
2022-05-17 17:47:11:4711 info: 
**********************REQUEST_STARTED*********************
GET /api/admin/service/category?limit=5&page=1 304 100.554 ms - -
2022-05-17 17:47:11:4711 info: 
**********************REQUEST_STARTED*********************
OPTIONS /api/admin/service/category 200 0.129 ms - 0
2022-05-17 17:47:11:4711 info: 
**********************REQUEST_STARTED*********************
GET /api/admin/service/category 304 120.576 ms - -
2022-05-17 17:48:54:4854 info: 
**********************REQUEST_STARTED*********************
OPTIONS /api/admin/service/category?limit=5&page=1 200 5.377 ms - 0
2022-05-17 17:48:55:4855 info: 
**********************REQUEST_STARTED*********************
GET /api/admin/service/category?limit=5&page=1 304 187.727 ms - -
2022-05-17 17:48:55:4855 info: 
**********************REQUEST_STARTED*********************
OPTIONS /api/admin/service/category 200 0.255 ms - 0
2022-05-17 17:48:55:4855 info: 
**********************REQUEST_STARTED*********************
GET /api/admin/service/category 304 124.615 ms - -
2022-05-17 17:51:01:511 info: 
**********************REQUEST_STARTED*********************
OPTIONS /api/admin/service/category?limit=5&page=1 200 5.758 ms - 0
2022-05-17 17:51:01:511 info: 
**********************REQUEST_STARTED*********************
GET /api/admin/service/category?limit=5&page=1 304 237.508 ms - -
2022-05-17 17:51:01:511 info: 
**********************REQUEST_STARTED*********************
OPTIONS /api/admin/service/category 200 0.158 ms - 0
2022-05-17 17:51:01:511 info: 
**********************REQUEST_STARTED*********************
GET /api/admin/service/category 304 107.239 ms - -
2022-05-17 17:52:28:5228 info: 
**********************REQUEST_STARTED*********************
OPTIONS /api/admin/service/category?limit=5&page=1 200 6.219 ms - 0
2022-05-17 17:52:28:5228 info: 
**********************REQUEST_STARTED*********************
GET /api/admin/service/category?limit=5&page=1 304 193.569 ms - -
2022-05-17 17:52:28:5228 info: 
**********************REQUEST_STARTED*********************
OPTIONS /api/admin/service/category 200 0.179 ms - 0
2022-05-17 17:52:28:5228 info: 
**********************REQUEST_STARTED*********************
GET /api/admin/service/category 304 201.602 ms - -
2022-05-17 17:52:38:5238 info: 
**********************REQUEST_STARTED*********************
OPTIONS /api/admin/service/category?limit=5&page=1 200 0.237 ms - 0
2022-05-17 17:52:38:5238 info: 
**********************REQUEST_STARTED*********************
GET /api/admin/service/category?limit=5&page=1 304 138.993 ms - -
2022-05-17 17:52:38:5238 info: 
**********************REQUEST_STARTED*********************
OPTIONS /api/admin/service/category 200 0.148 ms - 0
2022-05-17 17:52:38:5238 info: 
**********************REQUEST_STARTED*********************
GET /api/admin/service/category 304 119.935 ms - -
2022-05-17 17:52:41:5241 info: 
**********************REQUEST_STARTED*********************
OPTIONS /api/partner 200 0.264 ms - 0
2022-05-17 17:52:42:5242 info: 
**********************REQUEST_STARTED*********************
POST /api/partner 400 405.980 ms - 699
2022-05-17 17:56:00:560 info: 
**********************REQUEST_STARTED*********************
OPTIONS /api/partner?page=1&limit=5 200 41.950 ms - 0
2022-05-17 17:56:01:561 info: 
**********************REQUEST_STARTED*********************
OPTIONS /api/partner 200 0.995 ms - 0
2022-05-17 17:56:02:562 info: 
**********************REQUEST_STARTED*********************
GET /api/partner?page=1&limit=5 200 1330.967 ms - 14658
2022-05-17 17:56:02:562 info: 
**********************REQUEST_STARTED*********************
GET /api/partner 200 1070.744 ms - 14647
2022-05-17 17:56:08:568 info: 
**********************REQUEST_STARTED*********************
OPTIONS /api/admin/service/category 200 1.933 ms - 0
2022-05-17 17:56:08:568 info: 
**********************REQUEST_STARTED*********************
OPTIONS /api/partner/627518501ee90fc62b548ee6 200 0.286 ms - 0
2022-05-17 17:56:08:568 info: 
**********************REQUEST_STARTED*********************
GET /api/admin/service/category 200 180.029 ms - 2075
2022-05-17 17:56:08:568 info: 
**********************REQUEST_STARTED*********************
GET /api/partner/627518501ee90fc62b548ee6 200 151.984 ms - 1407
2022-05-17 17:59:38:5938 info: 
**********************REQUEST_STARTED*********************
OPTIONS /api/admin/service/category 200 19.902 ms - 0
2022-05-17 17:59:38:5938 info: 
**********************REQUEST_STARTED*********************
OPTIONS /api/partner/627518501ee90fc62b548ee6 200 0.305 ms - 0
2022-05-17 17:59:38:5938 info: 
**********************REQUEST_STARTED*********************
GET /api/admin/service/category 304 358.835 ms - -
2022-05-17 17:59:38:5938 info: 
**********************REQUEST_STARTED*********************
GET /api/partner/627518501ee90fc62b548ee6 304 193.010 ms - -
2022-05-17 18:02:10:210 info: 
**********************REQUEST_STARTED*********************
OPTIONS /api/admin/service/category 200 7.563 ms - 0
2022-05-17 18:02:10:210 info: 
**********************REQUEST_STARTED*********************
OPTIONS /api/partner/627518501ee90fc62b548ee6 200 0.266 ms - 0
2022-05-17 18:02:11:211 info: 
**********************REQUEST_STARTED*********************
GET /api/admin/service/category 304 393.400 ms - -
2022-05-17 18:02:11:211 info: 
**********************REQUEST_STARTED*********************
GET /api/partner/627518501ee90fc62b548ee6 304 265.442 ms - -
2022-05-17 18:02:17:217 info: 
**********************REQUEST_STARTED*********************
OPTIONS /api/partner/update/627518501ee90fc62b548ee6 200 0.418 ms - 0
2022-05-17 18:02:18:218 info: 
**********************REQUEST_STARTED*********************
PUT /api/partner/update/627518501ee90fc62b548ee6 400 400.784 ms - 823
2022-05-17 18:04:09:49 info: 
**********************REQUEST_STARTED*********************
OPTIONS /api/partner?page=1&limit=5 200 1.278 ms - 0
2022-05-17 18:04:09:49 info: 
**********************REQUEST_STARTED*********************
OPTIONS /api/partner 200 0.350 ms - 0
2022-05-17 18:04:10:410 info: 
**********************REQUEST_STARTED*********************
GET /api/partner?page=1&limit=5 200 680.731 ms - 14590
2022-05-17 18:04:10:410 info: 
**********************REQUEST_STARTED*********************
GET /api/partner 200 669.289 ms - 14579
2022-05-17 18:04:11:411 info: 
**********************REQUEST_STARTED*********************
OPTIONS /api/admin/service/category?limit=5&page=1 200 0.154 ms - 0
2022-05-17 18:04:12:412 info: 
**********************REQUEST_STARTED*********************
GET /api/admin/service/category?limit=5&page=1 200 114.390 ms - 1327
2022-05-17 18:04:12:412 info: 
**********************REQUEST_STARTED*********************
OPTIONS /api/admin/service/category 200 0.166 ms - 0
2022-05-17 18:04:12:412 info: 
**********************REQUEST_STARTED*********************
GET /api/admin/service/category 304 118.039 ms - -
2022-05-17 18:04:17:417 info: 
**********************REQUEST_STARTED*********************
OPTIONS /api/partner 200 0.136 ms - 0
2022-05-17 18:04:17:417 info: 
**********************REQUEST_STARTED*********************
POST /api/partner 400 323.072 ms - 699
2022-05-17 18:04:47:447 info: 
**********************REQUEST_STARTED*********************
OPTIONS /api/partner 200 14.626 ms - 0
2022-05-17 18:04:47:447 info: 
**********************REQUEST_STARTED*********************
POST /api/partner 400 191.773 ms - 699
2022-05-17 18:04:51:451 info: 
**********************REQUEST_STARTED*********************
OPTIONS /api/admin/service/category?limit=5&page=1 200 0.247 ms - 0
2022-05-17 18:04:51:451 info: 
**********************REQUEST_STARTED*********************
GET /api/admin/service/category?limit=5&page=1 200 138.863 ms - 1327
2022-05-17 18:04:51:451 info: 
**********************REQUEST_STARTED*********************
OPTIONS /api/admin/service/category 200 0.308 ms - 0
2022-05-17 18:04:51:451 info: 
**********************REQUEST_STARTED*********************
GET /api/admin/service/category 200 125.470 ms - 2075
2022-05-17 18:05:17:517 info: 
**********************REQUEST_STARTED*********************
OPTIONS /api/partner?page=1&limit=5 200 0.210 ms - 0
2022-05-17 18:05:17:517 info: 
**********************REQUEST_STARTED*********************
OPTIONS /api/partner 200 0.258 ms - 0
2022-05-17 18:05:17:517 info: 
**********************REQUEST_STARTED*********************
GET /api/partner?page=1&limit=5 200 412.735 ms - 14590
2022-05-17 18:05:17:517 info: 
**********************REQUEST_STARTED*********************
GET /api/partner 200 439.399 ms - 14579
2022-05-17 18:05:26:526 info: 
**********************REQUEST_STARTED*********************
OPTIONS /api/partner?page=1&limit=5 200 0.383 ms - 0
2022-05-17 18:05:26:526 info: 
**********************REQUEST_STARTED*********************
OPTIONS /api/partner 200 0.245 ms - 0
2022-05-17 18:05:26:526 info: 
**********************REQUEST_STARTED*********************
GET /api/partner 304 286.643 ms - -
2022-05-17 18:05:26:526 info: 
**********************REQUEST_STARTED*********************
GET /api/partner?page=1&limit=5 304 285.571 ms - -
2022-05-17 18:05:29:529 info: 
**********************REQUEST_STARTED*********************
OPTIONS /api/admin/service/category 200 0.251 ms - 0
2022-05-17 18:05:29:529 info: 
**********************REQUEST_STARTED*********************
OPTIONS /api/partner/627518501ee90fc62b548ee6 200 0.258 ms - 0
2022-05-17 18:05:29:529 info: 
**********************REQUEST_STARTED*********************
GET /api/admin/service/category 304 110.101 ms - -
2022-05-17 18:05:29:529 info: 
**********************REQUEST_STARTED*********************
GET /api/partner/627518501ee90fc62b548ee6 200 121.493 ms - 1339
2022-05-17 18:06:12:612 info: 
**********************REQUEST_STARTED*********************
OPTIONS /api/admin/service/category 200 4.647 ms - 0
2022-05-17 18:06:12:612 info: 
**********************REQUEST_STARTED*********************
OPTIONS /api/partner/627518501ee90fc62b548ee6 200 0.169 ms - 0
2022-05-17 18:06:12:612 info: 
**********************REQUEST_STARTED*********************
GET /api/admin/service/category 304 230.737 ms - -
2022-05-17 18:06:12:612 info: 
**********************REQUEST_STARTED*********************
GET /api/partner/627518501ee90fc62b548ee6 304 134.758 ms - -
2022-05-17 18:10:01:101 info: 
**********************REQUEST_STARTED*********************
OPTIONS /api/admin/service/category 200 10.253 ms - 0
2022-05-17 18:10:01:101 info: 
**********************REQUEST_STARTED*********************
OPTIONS /api/partner/627518501ee90fc62b548ee6 200 0.759 ms - 0
2022-05-17 18:10:01:101 info: 
**********************REQUEST_STARTED*********************
GET /api/admin/service/category 304 358.408 ms - -
2022-05-17 18:10:01:101 info: 
**********************REQUEST_STARTED*********************
GET /api/partner/627518501ee90fc62b548ee6 304 263.944 ms - -
2022-05-17 18:10:02:102 info: 
**********************REQUEST_STARTED*********************
GET /api/partner/627518501ee90fc62b548ee6 304 127.923 ms - -
2022-05-17 18:10:02:102 info: 
**********************REQUEST_STARTED*********************
GET /api/admin/service/category 304 162.795 ms - -
2022-05-17 18:10:23:1023 info: 
**********************REQUEST_STARTED*********************
OPTIONS /api/admin/service/category 200 11.629 ms - 0
2022-05-17 18:10:23:1023 info: 
**********************REQUEST_STARTED*********************
OPTIONS /api/partner/627518501ee90fc62b548ee6 200 0.728 ms - 0
2022-05-17 18:10:24:1024 info: 
**********************REQUEST_STARTED*********************
GET /api/admin/service/category 304 458.632 ms - -
2022-05-17 18:10:24:1024 info: 
**********************REQUEST_STARTED*********************
GET /api/partner/627518501ee90fc62b548ee6 304 325.121 ms - -
2022-05-17 18:10:24:1024 info: 
**********************REQUEST_STARTED*********************
GET /api/admin/service/category 304 105.680 ms - -
2022-05-17 18:10:25:1025 info: 
**********************REQUEST_STARTED*********************
GET /api/partner/627518501ee90fc62b548ee6 304 137.600 ms - -
2022-05-17 18:11:07:117 info: 
**********************REQUEST_STARTED*********************
OPTIONS /api/admin/service/category 200 3.801 ms - 0
2022-05-17 18:11:07:117 info: 
**********************REQUEST_STARTED*********************
OPTIONS /api/partner/627518501ee90fc62b548ee6 200 0.119 ms - 0
2022-05-17 18:11:07:117 info: 
**********************REQUEST_STARTED*********************
GET /api/admin/service/category 304 200.260 ms - -
2022-05-17 18:11:07:117 info: 
**********************REQUEST_STARTED*********************
GET /api/partner/627518501ee90fc62b548ee6 304 163.940 ms - -
2022-05-17 18:11:39:1139 info: 
**********************REQUEST_STARTED*********************
OPTIONS /api/partner/update/627518501ee90fc62b548ee6 200 0.184 ms - 0
2022-05-17 18:11:39:1139 info: 
**********************REQUEST_STARTED*********************
PUT /api/partner/update/627518501ee90fc62b548ee6 400 191.765 ms - 823
2022-05-17 18:12:22:1222 info: 
**********************REQUEST_STARTED*********************
OPTIONS /api/partner?page=1&limit=5 200 0.187 ms - 0
2022-05-17 18:12:22:1222 info: 
**********************REQUEST_STARTED*********************
OPTIONS /api/partner 200 0.134 ms - 0
2022-05-17 18:12:22:1222 info: 
**********************REQUEST_STARTED*********************
GET /api/partner 200 312.351 ms - 14616
2022-05-17 18:12:22:1222 info: 
**********************REQUEST_STARTED*********************
GET /api/partner?page=1&limit=5 200 339.918 ms - 14627
2022-05-17 18:12:24:1224 info: 
**********************REQUEST_STARTED*********************
OPTIONS /api/admin/service/category?limit=5&page=1 200 0.360 ms - 0
2022-05-17 18:12:24:1224 info: 
**********************REQUEST_STARTED*********************
GET /api/admin/service/category?limit=5&page=1 200 123.947 ms - 1327
2022-05-17 18:12:29:1229 info: 
**********************REQUEST_STARTED*********************
OPTIONS /api/admin/service/category?limit=5&page=1 200 0.251 ms - 0
2022-05-17 18:12:29:1229 info: 
**********************REQUEST_STARTED*********************
GET /api/admin/service/category?limit=5&page=1 200 126.743 ms - 1327
2022-05-17 18:12:29:1229 info: 
**********************REQUEST_STARTED*********************
OPTIONS /api/admin/service/category 200 0.154 ms - 0
2022-05-17 18:12:29:1229 info: 
**********************REQUEST_STARTED*********************
GET /api/admin/service/category 200 119.282 ms - 2075
2022-05-17 18:13:21:1321 info: 
**********************REQUEST_STARTED*********************
OPTIONS /api/partner?page=1&limit=5 200 0.136 ms - 0
2022-05-17 18:13:21:1321 info: 
**********************REQUEST_STARTED*********************
OPTIONS /api/partner 200 0.260 ms - 0
2022-05-17 18:13:21:1321 info: 
**********************REQUEST_STARTED*********************
GET /api/partner?page=1&limit=5 200 293.012 ms - 14627
2022-05-17 18:13:21:1321 info: 
**********************REQUEST_STARTED*********************
GET /api/partner 200 295.530 ms - 14616
2022-05-17 18:13:27:1327 info: 
**********************REQUEST_STARTED*********************
OPTIONS /api/partner?page=1&limit=5 200 0.132 ms - 0
2022-05-17 18:13:27:1327 info: 
**********************REQUEST_STARTED*********************
OPTIONS /api/partner 200 0.201 ms - 0
2022-05-17 18:13:27:1327 info: 
**********************REQUEST_STARTED*********************
GET /api/partner 304 273.565 ms - -
2022-05-17 18:13:28:1328 info: 
**********************REQUEST_STARTED*********************
GET /api/partner?page=1&limit=5 304 326.950 ms - -
2022-05-17 18:13:34:1334 info: 
**********************REQUEST_STARTED*********************
OPTIONS /api/admin/service/category 200 0.256 ms - 0
2022-05-17 18:13:34:1334 info: 
**********************REQUEST_STARTED*********************
OPTIONS /api/partner/627518501ee90fc62b548ee6 200 0.205 ms - 0
2022-05-17 18:13:34:1334 info: 
**********************REQUEST_STARTED*********************
GET /api/admin/service/category 200 118.417 ms - 2075
2022-05-17 18:13:34:1334 info: 
**********************REQUEST_STARTED*********************
GET /api/partner/627518501ee90fc62b548ee6 200 126.486 ms - 1376
2022-05-17 18:20:34:2034 info: 
**********************REQUEST_STARTED*********************
OPTIONS /api/partner/update/627518501ee90fc62b548ee6 200 4.829 ms - 0
2022-05-17 18:20:35:2035 info: 
**********************REQUEST_STARTED*********************
PUT /api/partner/update/627518501ee90fc62b548ee6 400 348.746 ms - 823
2022-05-17 18:21:25:2125 info: 
**********************REQUEST_STARTED*********************
OPTIONS /api/admin/service/category 200 8.302 ms - 0
2022-05-17 18:21:25:2125 info: 
**********************REQUEST_STARTED*********************
OPTIONS /api/partner/627518501ee90fc62b548ee6 200 0.108 ms - 0
2022-05-17 18:21:25:2125 info: 
**********************REQUEST_STARTED*********************
GET /api/admin/service/category 200 363.837 ms - 2075
2022-05-17 18:21:25:2125 info: 
**********************REQUEST_STARTED*********************
GET /api/partner/627518501ee90fc62b548ee6 200 290.704 ms - 1363
2022-05-17 18:22:43:2243 info: 
**********************REQUEST_STARTED*********************
OPTIONS /api/partner?page=1&limit=5 200 0.484 ms - 0
2022-05-17 18:22:43:2243 info: 
**********************REQUEST_STARTED*********************
OPTIONS /api/partner 200 0.106 ms - 0
2022-05-17 18:22:43:2243 info: 
**********************REQUEST_STARTED*********************
GET /api/partner 200 287.187 ms - 14603
2022-05-17 18:22:43:2243 info: 
**********************REQUEST_STARTED*********************
GET /api/partner?page=1&limit=5 200 310.714 ms - 14614
2022-05-17 18:23:21:2321 info: 
**********************REQUEST_STARTED*********************
OPTIONS /api/admin/service/category 200 5.980 ms - 0
2022-05-17 18:23:21:2321 info: 
**********************REQUEST_STARTED*********************
OPTIONS /api/partner/627518501ee90fc62b548ee6 200 0.126 ms - 0
2022-05-17 18:23:21:2321 info: 
**********************REQUEST_STARTED*********************
GET /api/admin/service/category 304 200.901 ms - -
2022-05-17 18:23:21:2321 info: 
**********************REQUEST_STARTED*********************
GET /api/partner/627518501ee90fc62b548ee6 304 144.529 ms - -
2022-05-17 18:23:28:2328 info: 
**********************REQUEST_STARTED*********************
OPTIONS /api/partner?page=1&limit=5 200 0.152 ms - 0
2022-05-17 18:23:28:2328 info: 
**********************REQUEST_STARTED*********************
OPTIONS /api/partner 200 0.316 ms - 0
2022-05-17 18:23:28:2328 info: 
**********************REQUEST_STARTED*********************
GET /api/partner 304 282.550 ms - -
2022-05-17 18:23:28:2328 info: 
**********************REQUEST_STARTED*********************
GET /api/partner?page=1&limit=5 304 307.244 ms - -
2022-05-17 18:23:29:2329 info: 
**********************REQUEST_STARTED*********************
OPTIONS /api/admin/service/category?limit=5&page=1 200 0.144 ms - 0
2022-05-17 18:23:30:2330 info: 
**********************REQUEST_STARTED*********************
GET /api/admin/service/category?limit=5&page=1 200 99.456 ms - 1327
2022-05-17 18:23:30:2330 info: 
**********************REQUEST_STARTED*********************
OPTIONS /api/admin/service/category 200 0.116 ms - 0
2022-05-17 18:23:30:2330 info: 
**********************REQUEST_STARTED*********************
GET /api/admin/service/category 304 99.195 ms - -
2022-05-17 22:04:19:419 info: 
**********************REQUEST_STARTED*********************
OPTIONS /api/admin/service/category?limit=5&page=1 200 5.354 ms - 0
2022-05-17 22:04:19:419 info: 
**********************REQUEST_STARTED*********************
GET /api/admin/service/category?limit=5&page=1 304 479.558 ms - -
2022-05-17 22:04:19:419 info: 
**********************REQUEST_STARTED*********************
OPTIONS /api/admin/service/category 200 0.190 ms - 0
2022-05-17 22:04:19:419 info: 
**********************REQUEST_STARTED*********************
GET /api/admin/service/category 304 106.886 ms - -
2022-05-17 23:14:59:1459 info: 
**********************REQUEST_STARTED*********************
OPTIONS /api/admin/service/category?limit=5&page=1 200 31.871 ms - 0
2022-05-17 23:14:59:1459 info: 
**********************REQUEST_STARTED*********************
GET /api/admin/service/category?limit=5&page=1 304 259.997 ms - -
2022-05-17 23:14:59:1459 info: 
**********************REQUEST_STARTED*********************
OPTIONS /api/admin/service/category 200 0.167 ms - 0
2022-05-17 23:14:59:1459 info: 
**********************REQUEST_STARTED*********************
GET /api/admin/service/category 304 181.626 ms - -
2022-05-18 10:24:29:2429 info: 
**********************REQUEST_STARTED*********************
OPTIONS /api/admin/service/category?limit=5&page=1 200 4.695 ms - 0
2022-05-18 10:24:30:2430 info: 
**********************REQUEST_STARTED*********************
GET /api/admin/service/category?limit=5&page=1 304 573.257 ms - -
2022-05-18 10:24:30:2430 info: 
**********************REQUEST_STARTED*********************
OPTIONS /api/admin/service/category 200 0.095 ms - 0
2022-05-18 10:24:30:2430 info: 
**********************REQUEST_STARTED*********************
GET /api/admin/service/category 304 102.893 ms - -
