2022-04-12 12:06:16:616 info: 
**********************REQUEST_STARTED*********************
OPTIONS /api/admin/login 204 1.743 ms - 0
2022-04-12 12:06:16:616 info: 
**********************REQUEST_STARTED*********************
POST /api/admin/login 200 242.871 ms - 218
2022-04-12 15:59:01:591 info: 
**********************REQUEST_STARTED*********************
OPTIONS /api/admin/login 204 2.232 ms - 0
2022-04-12 15:59:01:591 info: 
**********************REQUEST_STARTED*********************
POST /api/admin/login 200 249.725 ms - 218
2022-04-12 18:34:53:3453 info: 
**********************REQUEST_STARTED*********************
GET //api/partner/ 404 3.400 ms - 152
2022-04-12 18:35:38:3538 info: 
**********************REQUEST_STARTED*********************
GET /api/partner/ 400 3.957 ms - 48
2022-04-12 18:35:42:3542 info: 
**********************REQUEST_STARTED*********************
GET /api/partner/ 200 145.930 ms - 91
2022-04-12 18:37:30:3730 info: 
**********************REQUEST_STARTED*********************
GET /api/partner/ 200 116.351 ms - 91
2022-04-12 18:37:51:3751 info: 
**********************REQUEST_STARTED*********************
GET /api/user/ 200 130.776 ms - 91
