2022-04-26 11:08:32:832 info: 
**********************REQUEST_STARTED*********************
OPTIONS /api/admin/service/category?limit=5&page=1 200 3.054 ms - 0
2022-04-26 11:08:32:832 info: 
**********************REQUEST_STARTED*********************
GET /api/admin/service/category?limit=5&page=1 304 148.039 ms - -
2022-04-26 11:08:32:832 info: 
**********************REQUEST_STARTED*********************
OPTIONS /api/admin/service/category 200 0.404 ms - 0
2022-04-26 11:08:32:832 info: 
**********************REQUEST_STARTED*********************
GET /api/admin/service/category 304 105.843 ms - -
2022-04-26 11:08:37:837 info: 
**********************REQUEST_STARTED*********************
GET /api/admin/service/category?limit=5&page=1 304 110.905 ms - -
2022-04-26 11:08:37:837 info: 
**********************REQUEST_STARTED*********************
GET /api/admin/service/category 304 100.578 ms - -
2022-04-26 11:09:08:98 info: 
**********************REQUEST_STARTED*********************
OPTIONS /api/partner 200 0.305 ms - 0
2022-04-26 11:09:09:99 info: 
**********************REQUEST_STARTED*********************
POST /api/partner 200 417.302 ms - 586
2022-04-26 11:09:09:99 info: 
**********************REQUEST_STARTED*********************
GET /api/partner 200 135.264 ms - 3734
2022-04-26 11:09:09:99 info: 
**********************REQUEST_STARTED*********************
GET /api/partner 304 107.251 ms - -
2022-04-26 11:09:13:913 info: 
**********************REQUEST_STARTED*********************
GET /api/partner 304 114.810 ms - -
2022-04-26 11:10:06:106 info: 
**********************REQUEST_STARTED*********************
OPTIONS /api/partner 200 0.262 ms - 0
2022-04-26 11:10:06:106 info: 
**********************REQUEST_STARTED*********************
OPTIONS /api/partner 200 0.403 ms - 0
2022-04-26 11:10:06:106 info: 
**********************REQUEST_STARTED*********************
GET /api/partner 304 104.690 ms - -
2022-04-26 11:10:06:106 info: 
**********************REQUEST_STARTED*********************
GET /api/partner 304 107.369 ms - -
2022-04-26 11:10:08:108 info: 
**********************REQUEST_STARTED*********************
OPTIONS /api/admin/service/category?limit=5&page=1 200 0.238 ms - 0
2022-04-26 11:10:08:108 info: 
**********************REQUEST_STARTED*********************
GET /api/admin/service/category?limit=5&page=1 304 142.431 ms - -
2022-04-26 11:10:08:108 info: 
**********************REQUEST_STARTED*********************
OPTIONS /api/admin/service/category 200 0.281 ms - 0
2022-04-26 11:10:08:108 info: 
**********************REQUEST_STARTED*********************
GET /api/admin/service/category 304 105.827 ms - -
2022-04-26 11:10:44:1044 info: 
**********************REQUEST_STARTED*********************
OPTIONS /api/partner 200 0.231 ms - 0
2022-04-26 11:10:44:1044 info: 
**********************REQUEST_STARTED*********************
POST /api/partner 200 294.032 ms - 620
2022-04-26 11:10:44:1044 info: 
**********************REQUEST_STARTED*********************
GET /api/partner 200 103.186 ms - 4731
2022-04-26 11:10:44:1044 info: 
**********************REQUEST_STARTED*********************
GET /api/partner 304 99.073 ms - -
2022-04-26 11:11:49:1149 info: 
**********************REQUEST_STARTED*********************
OPTIONS /api/partner 200 0.264 ms - 0
2022-04-26 11:11:49:1149 info: 
**********************REQUEST_STARTED*********************
GET /api/partner 304 136.332 ms - -
2022-04-26 11:11:54:1154 info: 
**********************REQUEST_STARTED*********************
OPTIONS /api/partner/626785dc00390a8b894ecbd0 200 0.167 ms - 0
2022-04-26 11:11:54:1154 info: 
**********************REQUEST_STARTED*********************
GET /api/partner/626785dc00390a8b894ecbd0 200 94.482 ms - 775
2022-04-26 11:11:58:1158 info: 
**********************REQUEST_STARTED*********************
OPTIONS /api/partner/6267857d00390a8b894ecbb5 200 0.342 ms - 0
2022-04-26 11:11:58:1158 info: 
**********************REQUEST_STARTED*********************
GET /api/partner/6267857d00390a8b894ecbb5 200 83.057 ms - 741
2022-04-26 11:20:09:209 info: 
**********************REQUEST_STARTED*********************
OPTIONS /api/partner 200 2.548 ms - 0
2022-04-26 11:20:09:209 info: 
**********************REQUEST_STARTED*********************
OPTIONS /api/partner 200 0.450 ms - 0
2022-04-26 11:20:09:209 info: 
**********************REQUEST_STARTED*********************
GET /api/partner 304 164.740 ms - -
2022-04-26 11:20:09:209 info: 
**********************REQUEST_STARTED*********************
GET /api/partner 304 108.604 ms - -
2022-04-26 11:20:10:2010 info: 
**********************REQUEST_STARTED*********************
OPTIONS /api/admin/service/category?limit=5&page=1 200 0.218 ms - 0
2022-04-26 11:20:10:2010 info: 
**********************REQUEST_STARTED*********************
GET /api/admin/service/category?limit=5&page=1 304 101.122 ms - -
2022-04-26 11:20:10:2010 info: 
**********************REQUEST_STARTED*********************
OPTIONS /api/admin/service/category 200 0.218 ms - 0
2022-04-26 11:20:11:2011 info: 
**********************REQUEST_STARTED*********************
GET /api/admin/service/category 304 105.114 ms - -
2022-04-26 11:22:35:2235 info: 
**********************REQUEST_STARTED*********************
OPTIONS /api/partner 200 0.258 ms - 0
2022-04-26 11:22:35:2235 info: 
**********************REQUEST_STARTED*********************
POST /api/partner 200 406.579 ms - 595
2022-04-26 11:22:36:2236 info: 
**********************REQUEST_STARTED*********************
GET /api/partner 200 112.918 ms - 5703
2022-04-26 11:22:36:2236 info: 
**********************REQUEST_STARTED*********************
GET /api/partner 304 111.032 ms - -
2022-04-26 11:24:59:2459 info: 
**********************REQUEST_STARTED*********************
OPTIONS /api/admin/service/category?limit=5&page=1 200 2.895 ms - 0
2022-04-26 11:25:00:250 info: 
**********************REQUEST_STARTED*********************
GET /api/admin/service/category?limit=5&page=1 304 140.410 ms - -
2022-04-26 11:25:00:250 info: 
**********************REQUEST_STARTED*********************
OPTIONS /api/admin/service/category 200 0.422 ms - 0
2022-04-26 11:25:00:250 info: 
**********************REQUEST_STARTED*********************
GET /api/admin/service/category 304 104.703 ms - -
2022-04-26 11:25:38:2538 info: 
**********************REQUEST_STARTED*********************
OPTIONS /api/partner 200 0.354 ms - 0
2022-04-26 11:25:39:2539 info: 
**********************REQUEST_STARTED*********************
POST /api/partner 400 368.807 ms - 45
2022-04-26 11:26:24:2624 info: 
**********************REQUEST_STARTED*********************
OPTIONS /api/admin/service/category?limit=5&page=1 200 2.340 ms - 0
2022-04-26 11:26:25:2625 info: 
**********************REQUEST_STARTED*********************
GET /api/admin/service/category?limit=5&page=1 304 954.533 ms - -
2022-04-26 11:26:25:2625 info: 
**********************REQUEST_STARTED*********************
OPTIONS /api/admin/service/category 200 0.494 ms - 0
2022-04-26 11:26:25:2625 info: 
**********************REQUEST_STARTED*********************
GET /api/admin/service/category 304 99.602 ms - -
2022-04-26 11:26:33:2633 info: 
**********************REQUEST_STARTED*********************
OPTIONS /api/admin/service/category?limit=5&page=1 200 0.202 ms - 0
2022-04-26 11:26:33:2633 info: 
**********************REQUEST_STARTED*********************
GET /api/admin/service/category?limit=5&page=1 304 124.086 ms - -
2022-04-26 11:26:33:2633 info: 
**********************REQUEST_STARTED*********************
OPTIONS /api/admin/service/category 200 0.268 ms - 0
2022-04-26 11:26:33:2633 info: 
**********************REQUEST_STARTED*********************
GET /api/admin/service/category 304 96.663 ms - -
2022-04-26 11:27:29:2729 info: 
**********************REQUEST_STARTED*********************
OPTIONS /api/partner 200 0.283 ms - 0
2022-04-26 11:27:30:2730 info: 
**********************REQUEST_STARTED*********************
POST /api/partner 200 458.690 ms - 615
2022-04-26 11:27:30:2730 info: 
**********************REQUEST_STARTED*********************
GET /api/partner 200 135.522 ms - 7490
2022-04-26 11:27:31:2731 info: 
**********************REQUEST_STARTED*********************
GET /api/partner 304 105.489 ms - -
2022-04-26 11:32:39:3239 info: 
**********************REQUEST_STARTED*********************
OPTIONS /api/admin/service/category?limit=5&page=1 200 2.383 ms - 0
2022-04-26 11:32:39:3239 info: 
**********************REQUEST_STARTED*********************
GET /api/admin/service/category?limit=5&page=1 304 170.948 ms - -
2022-04-26 11:32:39:3239 info: 
**********************REQUEST_STARTED*********************
OPTIONS /api/admin/service/category 200 0.521 ms - 0
2022-04-26 11:32:39:3239 info: 
**********************REQUEST_STARTED*********************
GET /api/admin/service/category 304 106.790 ms - -
2022-04-26 11:32:44:3244 info: 
**********************REQUEST_STARTED*********************
GET /api/admin/service/category?limit=5&page=1 304 106.471 ms - -
2022-04-26 11:32:44:3244 info: 
**********************REQUEST_STARTED*********************
GET /api/admin/service/category 304 108.672 ms - -
2022-04-26 11:33:10:3310 info: 
**********************REQUEST_STARTED*********************
OPTIONS /api/partner 200 0.352 ms - 0
2022-04-26 11:33:11:3311 info: 
**********************REQUEST_STARTED*********************
POST /api/partner 200 444.053 ms - 600
2022-04-26 11:33:11:3311 info: 
**********************REQUEST_STARTED*********************
GET /api/partner 200 128.313 ms - 8419
2022-04-26 11:33:11:3311 info: 
**********************REQUEST_STARTED*********************
GET /api/partner 304 125.587 ms - -
2022-04-26 11:34:12:3412 info: 
**********************REQUEST_STARTED*********************
OPTIONS /api/admin/service/category?limit=5&page=1 200 0.275 ms - 0
2022-04-26 11:34:12:3412 info: 
**********************REQUEST_STARTED*********************
GET /api/admin/service/category?limit=5&page=1 304 98.705 ms - -
2022-04-26 11:34:12:3412 info: 
**********************REQUEST_STARTED*********************
OPTIONS /api/admin/service/category 200 0.305 ms - 0
2022-04-26 11:34:12:3412 info: 
**********************REQUEST_STARTED*********************
GET /api/admin/service/category 304 101.179 ms - -
2022-04-26 11:34:55:3455 info: 
**********************REQUEST_STARTED*********************
OPTIONS /api/partner 200 0.191 ms - 0
2022-04-26 11:34:55:3455 info: 
**********************REQUEST_STARTED*********************
POST /api/partner 200 343.219 ms - 633
2022-04-26 11:34:56:3456 info: 
**********************REQUEST_STARTED*********************
GET /api/partner 200 115.649 ms - 9399
2022-04-26 11:34:56:3456 info: 
**********************REQUEST_STARTED*********************
GET /api/partner 304 130.940 ms - -
2022-04-26 11:35:10:3510 info: 
**********************REQUEST_STARTED*********************
OPTIONS /api/partner 200 0.261 ms - 0
2022-04-26 11:35:10:3510 info: 
**********************REQUEST_STARTED*********************
GET /api/partner 304 139.946 ms - -
2022-04-26 11:35:14:3514 info: 
**********************REQUEST_STARTED*********************
OPTIONS /api/partner/62678b87af0c779f36236f7d 200 0.347 ms - 0
2022-04-26 11:35:14:3514 info: 
**********************REQUEST_STARTED*********************
GET /api/partner/62678b87af0c779f36236f7d 200 80.841 ms - 788
2022-04-26 11:38:01:381 info: 
**********************REQUEST_STARTED*********************
OPTIONS /api/admin/service/category?limit=5&page=1 200 2.897 ms - 0
2022-04-26 11:38:01:381 info: 
**********************REQUEST_STARTED*********************
GET /api/admin/service/category?limit=5&page=1 304 159.753 ms - -
2022-04-26 11:38:01:381 info: 
**********************REQUEST_STARTED*********************
OPTIONS /api/admin/service/category 200 0.361 ms - 0
2022-04-26 11:38:01:381 info: 
**********************REQUEST_STARTED*********************
GET /api/admin/service/category 304 106.458 ms - -
2022-04-26 11:38:37:3837 info: 
**********************REQUEST_STARTED*********************
OPTIONS /api/partner 200 0.384 ms - 0
2022-04-26 11:38:38:3838 info: 
**********************REQUEST_STARTED*********************
POST /api/partner 200 499.111 ms - 621
2022-04-26 11:38:38:3838 info: 
**********************REQUEST_STARTED*********************
GET /api/partner 200 124.976 ms - 10372
2022-04-26 11:38:38:3838 info: 
**********************REQUEST_STARTED*********************
GET /api/partner 304 118.205 ms - -
2022-04-26 11:44:08:448 info: 
**********************REQUEST_STARTED*********************
OPTIONS /api/admin 200 1.148 ms - 0
2022-04-26 11:44:08:448 info: 
**********************REQUEST_STARTED*********************
OPTIONS /api/admin 200 0.396 ms - 0
2022-04-26 11:44:08:448 info: 
**********************REQUEST_STARTED*********************
GET /api/admin 304 107.405 ms - -
2022-04-26 11:44:08:448 info: 
**********************REQUEST_STARTED*********************
GET /api/admin 304 87.212 ms - -
2022-04-26 11:55:57:5557 info: 
**********************REQUEST_STARTED*********************
OPTIONS /api/partner 200 2.291 ms - 0
2022-04-26 11:55:57:5557 info: 
**********************REQUEST_STARTED*********************
OPTIONS /api/partner 200 0.387 ms - 0
2022-04-26 11:55:58:5558 info: 
**********************REQUEST_STARTED*********************
GET /api/partner 200 869.628 ms - 8864
2022-04-26 11:55:58:5558 info: 
**********************REQUEST_STARTED*********************
GET /api/partner 304 113.545 ms - -
2022-04-26 11:56:21:5621 info: 
**********************REQUEST_STARTED*********************
OPTIONS /api/partner 200 0.314 ms - 0
2022-04-26 11:56:21:5621 info: 
**********************REQUEST_STARTED*********************
GET /api/partner 304 115.295 ms - -
2022-04-26 12:01:23:123 info: 
**********************REQUEST_STARTED*********************
OPTIONS /api/partner 200 39.340 ms - 0
2022-04-26 12:01:24:124 info: 
**********************REQUEST_STARTED*********************
OPTIONS /api/partner 200 0.373 ms - 0
2022-04-26 12:01:24:124 info: 
**********************REQUEST_STARTED*********************
GET /api/partner 304 683.372 ms - -
2022-04-26 12:01:24:124 info: 
**********************REQUEST_STARTED*********************
GET /api/partner 304 147.968 ms - -
2022-04-26 12:01:26:126 info: 
**********************REQUEST_STARTED*********************
OPTIONS /api/admin/service/category?limit=5&page=1 200 0.366 ms - 0
2022-04-26 12:01:26:126 info: 
**********************REQUEST_STARTED*********************
GET /api/admin/service/category?limit=5&page=1 304 119.772 ms - -
2022-04-26 12:01:26:126 info: 
**********************REQUEST_STARTED*********************
OPTIONS /api/admin/service/category 200 0.308 ms - 0
2022-04-26 12:01:26:126 info: 
**********************REQUEST_STARTED*********************
GET /api/admin/service/category 304 115.221 ms - -
2022-04-26 12:02:11:211 info: 
**********************REQUEST_STARTED*********************
OPTIONS /api/partner 200 0.295 ms - 0
2022-04-26 12:02:12:212 info: 
**********************REQUEST_STARTED*********************
POST /api/partner 200 676.728 ms - 629
2022-04-26 12:02:12:212 info: 
**********************REQUEST_STARTED*********************
GET /api/partner 200 119.416 ms - 10226
2022-04-26 12:02:12:212 info: 
**********************REQUEST_STARTED*********************
GET /api/partner 304 148.669 ms - -
2022-04-26 12:02:14:214 info: 
**********************REQUEST_STARTED*********************
GET /api/partner 304 131.339 ms - -
2022-04-26 12:02:19:219 info: 
**********************REQUEST_STARTED*********************
OPTIONS /api/partner/626791eb713758861cc71e9c 200 0.447 ms - 0
2022-04-26 12:02:19:219 info: 
**********************REQUEST_STARTED*********************
GET /api/partner/626791eb713758861cc71e9c 200 108.721 ms - 784
2022-04-26 12:03:13:313 info: 
**********************REQUEST_STARTED*********************
OPTIONS /api/partner 200 0.235 ms - 0
2022-04-26 12:03:13:313 info: 
**********************REQUEST_STARTED*********************
GET /api/partner 304 135.472 ms - -
2022-04-26 12:04:01:41 info: 
**********************REQUEST_STARTED*********************
OPTIONS /api/partner 200 0.292 ms - 0
2022-04-26 12:04:02:42 info: 
**********************REQUEST_STARTED*********************
GET /api/partner 304 115.350 ms - -
2022-04-26 12:04:29:429 info: 
**********************REQUEST_STARTED*********************
OPTIONS /api/partner 200 5.439 ms - 0
2022-04-26 12:04:29:429 info: 
**********************REQUEST_STARTED*********************
GET /api/partner 304 192.510 ms - -
2022-04-26 12:12:23:1223 info: 
**********************REQUEST_STARTED*********************
GET /api/partner/626791eb713758861cc71e9c - - ms - -
2022-04-26 12:12:25:1225 info: 
**********************REQUEST_STARTED*********************
GET /api/partner/626791eb713758861cc71e9c%0A - - ms - -
2022-04-26 12:12:26:1226 info: 
**********************REQUEST_STARTED*********************
GET /api/partner/626791eb713758861cc71e9c - - ms - -
2022-04-26 12:12:28:1228 info: 
**********************REQUEST_STARTED*********************
GET /api/partner/626791eb713758861cc71e9c - - ms - -
2022-04-26 12:13:06:136 info: 
**********************REQUEST_STARTED*********************
GET /api/partner/626791eb713758861cc71e9c - - ms - -
2022-04-26 12:13:06:136 info: 
**********************REQUEST_STARTED*********************
GET /api/partner/626791eb713758861cc71e9c 200 89.639 ms - 793
2022-04-26 12:14:07:147 info: 
**********************REQUEST_STARTED*********************
GET /api/partner/626791eb713758861cc71e9c 200 141.145 ms - 1149
2022-04-26 12:14:58:1458 info: 
**********************REQUEST_STARTED*********************
OPTIONS /api/partner 200 1.242 ms - 0
2022-04-26 12:14:58:1458 info: 
**********************REQUEST_STARTED*********************
GET /api/partner 304 134.529 ms - -
2022-04-26 12:15:13:1513 info: 
**********************REQUEST_STARTED*********************
OPTIONS /api/partner/626791eb713758861cc71e9c 200 0.385 ms - 0
2022-04-26 12:15:13:1513 info: 
**********************REQUEST_STARTED*********************
GET /api/partner/626791eb713758861cc71e9c 200 104.641 ms - 1149
2022-04-26 12:15:18:1518 info: 
**********************REQUEST_STARTED*********************
OPTIONS /api/partner 200 0.157 ms - 0
2022-04-26 12:15:18:1518 info: 
**********************REQUEST_STARTED*********************
GET /api/partner 304 140.046 ms - -
2022-04-26 12:15:26:1526 info: 
**********************REQUEST_STARTED*********************
OPTIONS /api/partner/626791eb713758861cc71e9c 200 3.872 ms - 0
2022-04-26 12:15:26:1526 info: 
**********************REQUEST_STARTED*********************
GET /api/partner/626791eb713758861cc71e9c 304 308.315 ms - -
2022-04-26 12:16:50:1650 info: 
**********************REQUEST_STARTED*********************
OPTIONS /api/partner 200 3.465 ms - 0
2022-04-26 12:16:50:1650 info: 
**********************REQUEST_STARTED*********************
GET /api/partner 304 208.194 ms - -
2022-04-26 12:16:51:1651 info: 
**********************REQUEST_STARTED*********************
OPTIONS /api/partner 200 0.145 ms - 0
2022-04-26 12:16:51:1651 info: 
**********************REQUEST_STARTED*********************
GET /api/partner 200 126.626 ms - 10226
2022-04-26 12:17:28:1728 info: 
**********************REQUEST_STARTED*********************
OPTIONS /api/partner/626791eb713758861cc71e9c 200 2.788 ms - 0
2022-04-26 12:17:28:1728 info: 
**********************REQUEST_STARTED*********************
GET /api/partner/626791eb713758861cc71e9c 304 170.573 ms - -
2022-04-26 12:18:50:1850 info: 
**********************REQUEST_STARTED*********************
OPTIONS /api/partner 200 8.521 ms - 0
2022-04-26 12:18:50:1850 info: 
**********************REQUEST_STARTED*********************
GET /api/partner 304 340.398 ms - -
2022-04-26 12:19:12:1912 info: 
**********************REQUEST_STARTED*********************
OPTIONS /api/partner/626791eb713758861cc71e9c 200 5.033 ms - 0
2022-04-26 12:19:12:1912 info: 
**********************REQUEST_STARTED*********************
GET /api/partner/626791eb713758861cc71e9c 304 190.540 ms - -
2022-04-26 12:19:39:1939 info: 
**********************REQUEST_STARTED*********************
OPTIONS /api/partner 200 1.275 ms - 0
2022-04-26 12:19:40:1940 info: 
**********************REQUEST_STARTED*********************
GET /api/partner 304 238.666 ms - -
2022-04-26 12:19:48:1948 info: 
**********************REQUEST_STARTED*********************
OPTIONS /api/partner/626791eb713758861cc71e9c 200 0.295 ms - 0
2022-04-26 12:19:48:1948 info: 
**********************REQUEST_STARTED*********************
GET /api/partner/626791eb713758861cc71e9c 304 104.664 ms - -
2022-04-26 12:19:59:1959 info: 
**********************REQUEST_STARTED*********************
OPTIONS /api/partner 200 0.208 ms - 0
2022-04-26 12:19:59:1959 info: 
**********************REQUEST_STARTED*********************
OPTIONS /api/partner 200 0.213 ms - 0
2022-04-26 12:19:59:1959 info: 
**********************REQUEST_STARTED*********************
GET /api/partner 304 112.340 ms - -
2022-04-26 12:19:59:1959 info: 
**********************REQUEST_STARTED*********************
GET /api/partner 304 115.363 ms - -
2022-04-26 12:20:01:201 info: 
**********************REQUEST_STARTED*********************
GET /api/partner 304 104.109 ms - -
2022-04-26 12:20:04:204 info: 
**********************REQUEST_STARTED*********************
OPTIONS /api/partner/626791eb713758861cc71e9c 200 0.152 ms - 0
2022-04-26 12:20:04:204 info: 
**********************REQUEST_STARTED*********************
GET /api/partner/626791eb713758861cc71e9c 304 101.729 ms - -
2022-04-26 12:20:07:207 info: 
**********************REQUEST_STARTED*********************
OPTIONS /api/partner/approve/626791eb713758861cc71e9c 200 1.407 ms - 0
2022-04-26 12:20:07:207 info: 
**********************REQUEST_STARTED*********************
PUT /api/partner/approve/626791eb713758861cc71e9c 200 217.292 ms - 801
2022-04-26 12:20:07:207 info: 
**********************REQUEST_STARTED*********************
OPTIONS /api/partner 200 0.472 ms - 0
2022-04-26 12:20:07:207 info: 
**********************REQUEST_STARTED*********************
GET /api/partner 200 117.398 ms - 10225
2022-04-26 12:20:09:209 info: 
**********************REQUEST_STARTED*********************
GET /api/partner 304 117.546 ms - -
2022-04-26 12:20:09:209 info: 
**********************REQUEST_STARTED*********************
GET /api/partner 304 116.386 ms - -
2022-04-26 12:20:13:2013 info: 
**********************REQUEST_STARTED*********************
OPTIONS /api/admin/service/category 200 0.147 ms - 0
2022-04-26 12:20:13:2013 info: 
**********************REQUEST_STARTED*********************
OPTIONS /api/partner/626791eb713758861cc71e9c 200 0.177 ms - 0
2022-04-26 12:20:13:2013 info: 
**********************REQUEST_STARTED*********************
GET /api/admin/service/category 304 122.037 ms - -
2022-04-26 12:20:13:2013 info: 
**********************REQUEST_STARTED*********************
GET /api/partner/626791eb713758861cc71e9c 200 119.446 ms - 1148
2022-04-26 12:21:25:2125 info: 
**********************REQUEST_STARTED*********************
OPTIONS /api/admin/service/category 200 0.180 ms - 0
2022-04-26 12:21:25:2125 info: 
**********************REQUEST_STARTED*********************
OPTIONS /api/partner/626791eb713758861cc71e9c 200 0.292 ms - 0
2022-04-26 12:21:26:2126 info: 
**********************REQUEST_STARTED*********************
GET /api/partner/626791eb713758861cc71e9c 304 95.692 ms - -
2022-04-26 12:21:26:2126 info: 
**********************REQUEST_STARTED*********************
GET /api/admin/service/category 304 104.123 ms - -
2022-04-26 12:21:39:2139 info: 
**********************REQUEST_STARTED*********************
OPTIONS /api/admin/service/category 200 0.200 ms - 0
2022-04-26 12:21:39:2139 info: 
**********************REQUEST_STARTED*********************
OPTIONS /api/partner/626791eb713758861cc71e9c 200 0.208 ms - 0
2022-04-26 12:21:39:2139 info: 
**********************REQUEST_STARTED*********************
GET /api/admin/service/category 304 104.957 ms - -
2022-04-26 12:21:39:2139 info: 
**********************REQUEST_STARTED*********************
GET /api/partner/626791eb713758861cc71e9c 304 112.819 ms - -
2022-04-26 12:22:39:2239 info: 
**********************REQUEST_STARTED*********************
OPTIONS /api/admin/service/category 200 0.195 ms - 0
2022-04-26 12:22:39:2239 info: 
**********************REQUEST_STARTED*********************
OPTIONS /api/partner/626791eb713758861cc71e9c 200 0.216 ms - 0
2022-04-26 12:22:39:2239 info: 
**********************REQUEST_STARTED*********************
GET /api/admin/service/category 304 106.685 ms - -
2022-04-26 12:22:39:2239 info: 
**********************REQUEST_STARTED*********************
GET /api/partner/626791eb713758861cc71e9c 304 107.047 ms - -
2022-04-26 12:22:56:2256 info: 
**********************REQUEST_STARTED*********************
OPTIONS /api/partner/update/626791eb713758861cc71e9c 200 0.106 ms - 0
2022-04-26 12:22:57:2257 info: 
**********************REQUEST_STARTED*********************
PUT /api/partner/update/626791eb713758861cc71e9c 200 183.022 ms - 800
2022-04-26 12:22:57:2257 info: 
**********************REQUEST_STARTED*********************
OPTIONS /api/partner 200 0.199 ms - 0
2022-04-26 12:22:57:2257 info: 
**********************REQUEST_STARTED*********************
OPTIONS /api/partner 200 0.223 ms - 0
2022-04-26 12:22:57:2257 info: 
**********************REQUEST_STARTED*********************
GET /api/partner 200 104.740 ms - 10305
2022-04-26 12:22:57:2257 info: 
**********************REQUEST_STARTED*********************
GET /api/partner 304 104.770 ms - -
2022-04-26 12:23:37:2337 info: 
**********************REQUEST_STARTED*********************
OPTIONS /api/partner 200 0.276 ms - 0
2022-04-26 12:23:37:2337 info: 
**********************REQUEST_STARTED*********************
GET /api/partner 200 107.129 ms - 10306
2022-04-26 12:23:43:2343 info: 
**********************REQUEST_STARTED*********************
OPTIONS /api/partner/626791eb713758861cc71e9c 200 0.235 ms - 0
2022-04-26 12:23:43:2343 info: 
**********************REQUEST_STARTED*********************
GET /api/partner/626791eb713758861cc71e9c 200 105.528 ms - 1229
2022-04-26 12:24:16:2416 info: 
**********************REQUEST_STARTED*********************
OPTIONS /api/partner/626791eb713758861cc71e9c 200 5.938 ms - 0
2022-04-26 12:24:16:2416 info: 
**********************REQUEST_STARTED*********************
GET /api/partner/626791eb713758861cc71e9c 304 304.574 ms - -
2022-04-26 12:24:18:2418 info: 
**********************REQUEST_STARTED*********************
OPTIONS /api/partner/approve/626791eb713758861cc71e9c 200 0.202 ms - 0
2022-04-26 12:24:19:2419 info: 
**********************REQUEST_STARTED*********************
PUT /api/partner/approve/626791eb713758861cc71e9c 200 96.027 ms - 801
2022-04-26 12:24:19:2419 info: 
**********************REQUEST_STARTED*********************
OPTIONS /api/partner 200 0.323 ms - 0
2022-04-26 12:24:19:2419 info: 
**********************REQUEST_STARTED*********************
GET /api/partner 200 131.820 ms - 10305
2022-04-26 12:24:20:2420 info: 
**********************REQUEST_STARTED*********************
GET /api/partner 304 109.281 ms - -
2022-04-26 12:24:20:2420 info: 
**********************REQUEST_STARTED*********************
GET /api/partner 304 104.829 ms - -
2022-04-26 12:24:23:2423 info: 
**********************REQUEST_STARTED*********************
OPTIONS /api/admin/service/category 200 0.119 ms - 0
2022-04-26 12:24:23:2423 info: 
**********************REQUEST_STARTED*********************
OPTIONS /api/partner/626791eb713758861cc71e9c 200 0.158 ms - 0
2022-04-26 12:24:23:2423 info: 
**********************REQUEST_STARTED*********************
GET /api/partner/626791eb713758861cc71e9c 200 100.556 ms - 1228
2022-04-26 12:24:23:2423 info: 
**********************REQUEST_STARTED*********************
GET /api/admin/service/category 304 111.055 ms - -
2022-04-26 12:24:31:2431 info: 
**********************REQUEST_STARTED*********************
OPTIONS /api/partner/update/626791eb713758861cc71e9c 200 0.102 ms - 0
2022-04-26 12:24:31:2431 info: 
**********************REQUEST_STARTED*********************
PUT /api/partner/update/626791eb713758861cc71e9c 200 145.045 ms - 800
2022-04-26 12:24:31:2431 info: 
**********************REQUEST_STARTED*********************
OPTIONS /api/partner 200 0.130 ms - 0
2022-04-26 12:24:31:2431 info: 
**********************REQUEST_STARTED*********************
OPTIONS /api/partner 200 0.280 ms - 0
2022-04-26 12:24:31:2431 info: 
**********************REQUEST_STARTED*********************
GET /api/partner 200 107.002 ms - 10309
2022-04-26 12:24:31:2431 info: 
**********************REQUEST_STARTED*********************
GET /api/partner 304 109.290 ms - -
2022-04-26 12:25:02:252 info: 
**********************REQUEST_STARTED*********************
OPTIONS /api/partner 200 0.109 ms - 0
2022-04-26 12:25:02:252 info: 
**********************REQUEST_STARTED*********************
GET /api/partner 200 107.595 ms - 10310
2022-04-26 12:25:05:255 info: 
**********************REQUEST_STARTED*********************
OPTIONS /api/admin/service/category 200 0.129 ms - 0
2022-04-26 12:25:05:255 info: 
**********************REQUEST_STARTED*********************
OPTIONS /api/partner/626791eb713758861cc71e9c 200 0.208 ms - 0
2022-04-26 12:25:06:256 info: 
**********************REQUEST_STARTED*********************
GET /api/admin/service/category 304 106.981 ms - -
2022-04-26 12:25:06:256 info: 
**********************REQUEST_STARTED*********************
GET /api/partner/626791eb713758861cc71e9c 200 106.254 ms - 1233
2022-04-26 12:25:07:257 info: 
**********************REQUEST_STARTED*********************
GET /api/partner 304 98.623 ms - -
2022-04-26 12:25:11:2511 info: 
**********************REQUEST_STARTED*********************
OPTIONS /api/partner/626791eb713758861cc71e9c 200 0.161 ms - 0
2022-04-26 12:25:11:2511 info: 
**********************REQUEST_STARTED*********************
GET /api/partner/626791eb713758861cc71e9c 304 109.979 ms - -
2022-04-26 12:28:09:289 info: 
**********************REQUEST_STARTED*********************
OPTIONS /api/partner 200 1.774 ms - 0
2022-04-26 12:28:09:289 info: 
**********************REQUEST_STARTED*********************
OPTIONS /api/partner 200 0.094 ms - 0
2022-04-26 12:28:09:289 info: 
**********************REQUEST_STARTED*********************
GET /api/partner 304 135.147 ms - -
2022-04-26 12:28:10:2810 info: 
**********************REQUEST_STARTED*********************
GET /api/partner 304 100.143 ms - -
2022-04-26 12:28:14:2814 info: 
**********************REQUEST_STARTED*********************
GET /api/partner 304 109.462 ms - -
2022-04-26 12:28:17:2817 info: 
**********************REQUEST_STARTED*********************
OPTIONS /api/partner/626791eb713758861cc71e9c 200 0.132 ms - 0
2022-04-26 12:28:18:2818 info: 
**********************REQUEST_STARTED*********************
GET /api/partner/626791eb713758861cc71e9c 304 114.441 ms - -
2022-04-26 12:37:43:3743 info: 
**********************REQUEST_STARTED*********************
OPTIONS /api/partner 200 11.244 ms - 0
2022-04-26 12:37:43:3743 info: 
**********************REQUEST_STARTED*********************
GET /api/partner 304 262.971 ms - -
2022-04-26 12:46:30:4630 info: 
**********************REQUEST_STARTED*********************
OPTIONS /api/partner 200 8.231 ms - 0
2022-04-26 12:46:31:4631 info: 
**********************REQUEST_STARTED*********************
GET /api/partner 304 202.596 ms - -
2022-04-26 12:47:15:4715 info: 
**********************REQUEST_STARTED*********************
OPTIONS /api/admin 200 3.256 ms - 0
2022-04-26 12:47:15:4715 info: 
**********************REQUEST_STARTED*********************
OPTIONS /api/admin 200 0.145 ms - 0
2022-04-26 12:47:16:4716 info: 
**********************REQUEST_STARTED*********************
GET /api/admin 304 153.377 ms - -
2022-04-26 12:47:16:4716 info: 
**********************REQUEST_STARTED*********************
GET /api/admin 304 74.786 ms - -
2022-04-26 12:48:26:4826 info: 
**********************REQUEST_STARTED*********************
OPTIONS /api/admin 200 0.157 ms - 0
2022-04-26 12:48:26:4826 info: 
**********************REQUEST_STARTED*********************
OPTIONS /api/admin 200 0.129 ms - 0
2022-04-26 12:48:26:4826 info: 
**********************REQUEST_STARTED*********************
GET /api/admin 304 82.257 ms - -
2022-04-26 12:48:26:4826 info: 
**********************REQUEST_STARTED*********************
GET /api/admin 304 79.535 ms - -
2022-04-26 12:48:26:4826 info: 
**********************REQUEST_STARTED*********************
GET /api/admin 304 73.123 ms - -
2022-04-26 12:48:49:4849 info: 
**********************REQUEST_STARTED*********************
OPTIONS /api/admin 200 0.326 ms - 0
2022-04-26 12:48:49:4849 info: 
**********************REQUEST_STARTED*********************
OPTIONS /api/admin 200 0.233 ms - 0
2022-04-26 12:48:49:4849 info: 
**********************REQUEST_STARTED*********************
GET /api/admin 304 69.474 ms - -
2022-04-26 12:48:49:4849 info: 
**********************REQUEST_STARTED*********************
GET /api/admin 304 69.614 ms - -
2022-04-26 12:49:47:4947 info: 
**********************REQUEST_STARTED*********************
OPTIONS /api/admin 200 8.153 ms - 0
2022-04-26 12:49:47:4947 info: 
**********************REQUEST_STARTED*********************
OPTIONS /api/admin 200 0.189 ms - 0
2022-04-26 12:49:47:4947 info: 
**********************REQUEST_STARTED*********************
GET /api/admin 304 221.309 ms - -
2022-04-26 12:49:47:4947 info: 
**********************REQUEST_STARTED*********************
GET /api/admin 304 65.286 ms - -
2022-04-26 12:49:47:4947 info: 
**********************REQUEST_STARTED*********************
GET /api/admin 304 66.130 ms - -
2022-04-26 12:49:54:4954 info: 
**********************REQUEST_STARTED*********************
OPTIONS /api/admin 200 0.199 ms - 0
2022-04-26 12:49:54:4954 info: 
**********************REQUEST_STARTED*********************
OPTIONS /api/admin 200 0.770 ms - 0
2022-04-26 12:49:54:4954 info: 
**********************REQUEST_STARTED*********************
GET /api/admin 304 86.836 ms - -
2022-04-26 12:49:55:4955 info: 
**********************REQUEST_STARTED*********************
GET /api/admin 304 82.691 ms - -
2022-04-26 12:50:16:5016 info: 
**********************REQUEST_STARTED*********************
OPTIONS /api/admin 200 0.134 ms - 0
2022-04-26 12:50:16:5016 info: 
**********************REQUEST_STARTED*********************
OPTIONS /api/admin 200 0.260 ms - 0
2022-04-26 12:50:16:5016 info: 
**********************REQUEST_STARTED*********************
GET /api/admin 304 67.254 ms - -
2022-04-26 12:50:16:5016 info: 
**********************REQUEST_STARTED*********************
GET /api/admin 304 69.479 ms - -
2022-04-26 12:50:37:5037 info: 
**********************REQUEST_STARTED*********************
OPTIONS /api/admin 200 0.346 ms - 0
2022-04-26 12:50:37:5037 info: 
**********************REQUEST_STARTED*********************
OPTIONS /api/admin 200 0.249 ms - 0
2022-04-26 12:50:37:5037 info: 
**********************REQUEST_STARTED*********************
GET /api/admin 304 68.282 ms - -
2022-04-26 12:50:37:5037 info: 
**********************REQUEST_STARTED*********************
GET /api/admin 304 63.850 ms - -
2022-04-26 12:54:35:5435 info: 
**********************REQUEST_STARTED*********************
OPTIONS /api/admin 200 0.378 ms - 0
2022-04-26 12:54:35:5435 info: 
**********************REQUEST_STARTED*********************
OPTIONS /api/admin 200 0.215 ms - 0
2022-04-26 12:54:35:5435 info: 
**********************REQUEST_STARTED*********************
GET /api/admin 304 66.813 ms - -
2022-04-26 12:54:36:5436 info: 
**********************REQUEST_STARTED*********************
GET /api/admin 304 80.676 ms - -
2022-04-26 12:54:48:5448 info: 
**********************REQUEST_STARTED*********************
OPTIONS /api/admin 200 0.245 ms - 0
2022-04-26 12:54:48:5448 info: 
**********************REQUEST_STARTED*********************
OPTIONS /api/admin 200 0.181 ms - 0
2022-04-26 12:54:48:5448 info: 
**********************REQUEST_STARTED*********************
GET /api/admin 304 67.081 ms - -
2022-04-26 12:54:48:5448 info: 
**********************REQUEST_STARTED*********************
GET /api/admin 304 70.769 ms - -
2022-04-26 12:55:12:5512 info: 
**********************REQUEST_STARTED*********************
OPTIONS /api/admin 200 0.203 ms - 0
2022-04-26 12:55:12:5512 info: 
**********************REQUEST_STARTED*********************
OPTIONS /api/admin 200 0.184 ms - 0
2022-04-26 12:55:12:5512 info: 
**********************REQUEST_STARTED*********************
GET /api/admin 304 84.624 ms - -
2022-04-26 12:55:12:5512 info: 
**********************REQUEST_STARTED*********************
GET /api/admin 304 78.719 ms - -
2022-04-26 12:55:28:5528 info: 
**********************REQUEST_STARTED*********************
OPTIONS /api/admin 200 0.230 ms - 0
2022-04-26 12:55:28:5528 info: 
**********************REQUEST_STARTED*********************
OPTIONS /api/admin 200 0.230 ms - 0
2022-04-26 12:55:28:5528 info: 
**********************REQUEST_STARTED*********************
GET /api/admin 304 71.804 ms - -
2022-04-26 12:55:28:5528 info: 
**********************REQUEST_STARTED*********************
GET /api/admin 304 68.342 ms - -
2022-04-26 12:55:52:5552 info: 
**********************REQUEST_STARTED*********************
OPTIONS /api/admin 200 0.201 ms - 0
2022-04-26 12:55:52:5552 info: 
**********************REQUEST_STARTED*********************
OPTIONS /api/admin 200 0.215 ms - 0
2022-04-26 12:55:52:5552 info: 
**********************REQUEST_STARTED*********************
GET /api/admin 304 67.146 ms - -
2022-04-26 12:55:52:5552 info: 
**********************REQUEST_STARTED*********************
GET /api/admin 304 67.896 ms - -
2022-04-26 12:56:02:562 info: 
**********************REQUEST_STARTED*********************
OPTIONS /api/admin 200 0.174 ms - 0
2022-04-26 12:56:02:562 info: 
**********************REQUEST_STARTED*********************
OPTIONS /api/admin 200 0.222 ms - 0
2022-04-26 12:56:02:562 info: 
**********************REQUEST_STARTED*********************
GET /api/admin 304 64.136 ms - -
2022-04-26 12:56:02:562 info: 
**********************REQUEST_STARTED*********************
GET /api/admin 304 64.145 ms - -
2022-04-26 12:56:24:5624 info: 
**********************REQUEST_STARTED*********************
OPTIONS /api/admin 200 0.256 ms - 0
2022-04-26 12:56:24:5624 info: 
**********************REQUEST_STARTED*********************
OPTIONS /api/admin 200 0.182 ms - 0
2022-04-26 12:56:24:5624 info: 
**********************REQUEST_STARTED*********************
GET /api/admin 304 86.641 ms - -
2022-04-26 12:56:25:5625 info: 
**********************REQUEST_STARTED*********************
GET /api/admin 304 70.373 ms - -
2022-04-26 12:56:47:5647 info: 
**********************REQUEST_STARTED*********************
OPTIONS /api/admin 200 0.174 ms - 0
2022-04-26 12:56:47:5647 info: 
**********************REQUEST_STARTED*********************
OPTIONS /api/admin 200 0.199 ms - 0
2022-04-26 12:56:47:5647 info: 
**********************REQUEST_STARTED*********************
GET /api/admin 304 106.978 ms - -
2022-04-26 12:56:47:5647 info: 
**********************REQUEST_STARTED*********************
GET /api/admin 304 72.484 ms - -
2022-04-26 12:56:55:5655 info: 
**********************REQUEST_STARTED*********************
OPTIONS /api/admin 200 0.408 ms - 0
2022-04-26 12:56:55:5655 info: 
**********************REQUEST_STARTED*********************
OPTIONS /api/admin 200 0.354 ms - 0
2022-04-26 12:56:55:5655 info: 
**********************REQUEST_STARTED*********************
GET /api/admin 304 66.606 ms - -
2022-04-26 12:56:55:5655 info: 
**********************REQUEST_STARTED*********************
GET /api/admin 304 76.659 ms - -
2022-04-26 12:57:09:579 info: 
**********************REQUEST_STARTED*********************
OPTIONS /api/admin 200 0.223 ms - 0
2022-04-26 12:57:09:579 info: 
**********************REQUEST_STARTED*********************
OPTIONS /api/admin 200 0.205 ms - 0
2022-04-26 12:57:10:5710 info: 
**********************REQUEST_STARTED*********************
GET /api/admin 304 72.247 ms - -
2022-04-26 12:57:10:5710 info: 
**********************REQUEST_STARTED*********************
GET /api/admin 304 67.791 ms - -
2022-04-26 13:12:46:1246 info: 
**********************REQUEST_STARTED*********************
OPTIONS /api/admin 200 1.526 ms - 0
2022-04-26 13:12:46:1246 info: 
**********************REQUEST_STARTED*********************
OPTIONS /api/admin 200 0.303 ms - 0
2022-04-26 13:12:46:1246 info: 
**********************REQUEST_STARTED*********************
GET /api/admin 304 92.389 ms - -
2022-04-26 13:12:46:1246 info: 
**********************REQUEST_STARTED*********************
GET /api/admin 304 70.216 ms - -
2022-04-26 13:12:46:1246 info: 
**********************REQUEST_STARTED*********************
GET /api/admin 304 72.569 ms - -
2022-04-26 13:12:54:1254 info: 
**********************REQUEST_STARTED*********************
OPTIONS /api/admin/626103cab0943edb862818df 200 0.110 ms - 0
2022-04-26 13:12:54:1254 info: 
**********************REQUEST_STARTED*********************
DELETE /api/admin/626103cab0943edb862818df 200 75.981 ms - 303
2022-04-26 13:12:54:1254 info: 
**********************REQUEST_STARTED*********************
OPTIONS /api/admin 200 0.123 ms - 0
2022-04-26 13:12:54:1254 info: 
**********************REQUEST_STARTED*********************
GET /api/admin 200 64.060 ms - 3484
2022-04-26 13:13:09:139 info: 
**********************REQUEST_STARTED*********************
OPTIONS /api/admin/626103cab0943edb862818df 200 0.143 ms - 0
2022-04-26 13:13:09:139 info: 
**********************REQUEST_STARTED*********************
DELETE /api/admin/626103cab0943edb862818df 200 66.044 ms - 50
2022-04-26 13:13:09:139 info: 
**********************REQUEST_STARTED*********************
OPTIONS /api/admin 200 0.120 ms - 0
2022-04-26 13:13:09:139 info: 
**********************REQUEST_STARTED*********************
GET /api/admin 304 69.072 ms - -
2022-04-26 13:13:19:1319 info: 
**********************REQUEST_STARTED*********************
OPTIONS /api/admin 200 0.262 ms - 0
2022-04-26 13:13:19:1319 info: 
**********************REQUEST_STARTED*********************
OPTIONS /api/admin 200 0.274 ms - 0
2022-04-26 13:13:19:1319 info: 
**********************REQUEST_STARTED*********************
GET /api/admin 304 74.047 ms - -
2022-04-26 13:13:19:1319 info: 
**********************REQUEST_STARTED*********************
GET /api/admin 304 67.710 ms - -
2022-04-26 13:13:19:1319 info: 
**********************REQUEST_STARTED*********************
GET /api/admin 304 71.631 ms - -
2022-04-26 13:14:01:141 info: 
**********************REQUEST_STARTED*********************
OPTIONS /api/admin/626103e8b0943edb862818e4 200 0.191 ms - 0
2022-04-26 13:14:01:141 info: 
**********************REQUEST_STARTED*********************
DELETE /api/admin/626103e8b0943edb862818e4 200 70.789 ms - 301
2022-04-26 13:14:01:141 info: 
**********************REQUEST_STARTED*********************
OPTIONS /api/admin 200 0.135 ms - 0
2022-04-26 13:14:01:141 info: 
**********************REQUEST_STARTED*********************
GET /api/admin 200 71.160 ms - 3228
2022-04-26 13:14:05:145 info: 
**********************REQUEST_STARTED*********************
GET /api/admin 304 76.832 ms - -
2022-04-26 13:14:05:145 info: 
**********************REQUEST_STARTED*********************
GET /api/admin 304 91.039 ms - -
2022-04-26 13:14:08:148 info: 
**********************REQUEST_STARTED*********************
OPTIONS /api/admin 200 0.251 ms - 0
2022-04-26 13:14:08:148 info: 
**********************REQUEST_STARTED*********************
OPTIONS /api/admin 200 0.167 ms - 0
2022-04-26 13:14:08:148 info: 
**********************REQUEST_STARTED*********************
GET /api/admin 304 67.101 ms - -
2022-04-26 13:14:08:148 info: 
**********************REQUEST_STARTED*********************
GET /api/admin 304 71.153 ms - -
2022-04-26 13:14:08:148 info: 
**********************REQUEST_STARTED*********************
GET /api/admin 304 69.259 ms - -
2022-04-26 13:14:26:1426 info: 
**********************REQUEST_STARTED*********************
OPTIONS /api/admin 200 0.174 ms - 0
2022-04-26 13:14:26:1426 info: 
**********************REQUEST_STARTED*********************
GET /api/admin 304 64.906 ms - -
2022-04-26 13:14:26:1426 info: 
**********************REQUEST_STARTED*********************
GET /api/admin 304 63.769 ms - -
2022-04-26 13:14:39:1439 info: 
**********************REQUEST_STARTED*********************
OPTIONS /api/admin 200 0.171 ms - 0
2022-04-26 13:14:39:1439 info: 
**********************REQUEST_STARTED*********************
OPTIONS /api/admin 200 0.278 ms - 0
2022-04-26 13:14:39:1439 info: 
**********************REQUEST_STARTED*********************
GET /api/admin 304 66.922 ms - -
2022-04-26 13:14:39:1439 info: 
**********************REQUEST_STARTED*********************
GET /api/admin 304 70.249 ms - -
2022-04-26 13:15:16:1516 info: 
**********************REQUEST_STARTED*********************
OPTIONS /api/admin 200 0.259 ms - 0
2022-04-26 13:15:16:1516 info: 
**********************REQUEST_STARTED*********************
GET /api/admin 304 71.860 ms - -
2022-04-26 13:15:16:1516 info: 
**********************REQUEST_STARTED*********************
GET /api/admin 304 74.072 ms - -
2022-04-26 13:15:24:1524 info: 
**********************REQUEST_STARTED*********************
OPTIONS /api/admin 200 0.160 ms - 0
2022-04-26 13:15:24:1524 info: 
**********************REQUEST_STARTED*********************
OPTIONS /api/admin 200 0.195 ms - 0
2022-04-26 13:15:24:1524 info: 
**********************REQUEST_STARTED*********************
GET /api/admin 304 92.796 ms - -
2022-04-26 13:15:24:1524 info: 
**********************REQUEST_STARTED*********************
GET /api/admin 304 73.661 ms - -
2022-04-26 13:16:44:1644 info: 
**********************REQUEST_STARTED*********************
OPTIONS /api/admin 200 0.222 ms - 0
2022-04-26 13:16:44:1644 info: 
**********************REQUEST_STARTED*********************
OPTIONS /api/admin 200 0.309 ms - 0
2022-04-26 13:16:44:1644 info: 
**********************REQUEST_STARTED*********************
GET /api/admin 304 66.469 ms - -
2022-04-26 13:16:44:1644 info: 
**********************REQUEST_STARTED*********************
GET /api/admin 304 67.783 ms - -
2022-04-26 13:16:57:1657 info: 
**********************REQUEST_STARTED*********************
OPTIONS /api/admin 200 0.898 ms - 0
2022-04-26 13:16:57:1657 info: 
**********************REQUEST_STARTED*********************
OPTIONS /api/admin 200 0.374 ms - 0
2022-04-26 13:16:58:1658 info: 
**********************REQUEST_STARTED*********************
GET /api/admin 304 72.702 ms - -
2022-04-26 13:16:58:1658 info: 
**********************REQUEST_STARTED*********************
GET /api/admin 304 71.169 ms - -
2022-04-26 13:17:16:1716 info: 
**********************REQUEST_STARTED*********************
OPTIONS /api/admin 200 0.260 ms - 0
2022-04-26 13:17:16:1716 info: 
**********************REQUEST_STARTED*********************
OPTIONS /api/admin 200 0.178 ms - 0
2022-04-26 13:17:16:1716 info: 
**********************REQUEST_STARTED*********************
GET /api/admin 304 69.413 ms - -
2022-04-26 13:17:16:1716 info: 
**********************REQUEST_STARTED*********************
GET /api/admin 304 67.617 ms - -
2022-04-26 13:17:47:1747 info: 
**********************REQUEST_STARTED*********************
OPTIONS /api/admin 200 0.198 ms - 0
2022-04-26 13:17:47:1747 info: 
**********************REQUEST_STARTED*********************
OPTIONS /api/admin 200 0.280 ms - 0
2022-04-26 13:17:47:1747 info: 
**********************REQUEST_STARTED*********************
GET /api/admin 304 63.503 ms - -
2022-04-26 13:17:47:1747 info: 
**********************REQUEST_STARTED*********************
GET /api/admin 304 71.729 ms - -
2022-04-26 13:17:54:1754 info: 
**********************REQUEST_STARTED*********************
OPTIONS /api/admin 200 0.117 ms - 0
2022-04-26 13:17:54:1754 info: 
**********************REQUEST_STARTED*********************
OPTIONS /api/admin 200 0.208 ms - 0
2022-04-26 13:17:54:1754 info: 
**********************REQUEST_STARTED*********************
GET /api/admin 304 63.706 ms - -
2022-04-26 13:17:54:1754 info: 
**********************REQUEST_STARTED*********************
GET /api/admin 304 64.530 ms - -
2022-04-26 13:17:54:1754 info: 
**********************REQUEST_STARTED*********************
GET /api/admin 304 69.467 ms - -
2022-04-26 13:17:59:1759 info: 
**********************REQUEST_STARTED*********************
OPTIONS /api/admin/62625161d96267ef9e082f3c 200 0.117 ms - 0
2022-04-26 13:17:59:1759 info: 
**********************REQUEST_STARTED*********************
DELETE /api/admin/62625161d96267ef9e082f3c 200 80.210 ms - 309
2022-04-26 13:17:59:1759 info: 
**********************REQUEST_STARTED*********************
GET /api/admin 200 66.802 ms - 2964
2022-04-26 13:18:23:1823 info: 
**********************REQUEST_STARTED*********************
OPTIONS /api/admin 200 0.324 ms - 0
2022-04-26 13:18:23:1823 info: 
**********************REQUEST_STARTED*********************
OPTIONS /api/admin 200 0.223 ms - 0
2022-04-26 13:18:23:1823 info: 
**********************REQUEST_STARTED*********************
GET /api/admin 304 66.681 ms - -
2022-04-26 13:18:23:1823 info: 
**********************REQUEST_STARTED*********************
GET /api/admin 304 66.583 ms - -
2022-04-26 13:18:23:1823 info: 
**********************REQUEST_STARTED*********************
GET /api/admin 304 67.010 ms - -
2022-04-26 13:18:28:1828 info: 
**********************REQUEST_STARTED*********************
OPTIONS /api/admin/62625049d96267ef9e082f0f 200 0.113 ms - 0
2022-04-26 13:18:28:1828 info: 
**********************REQUEST_STARTED*********************
DELETE /api/admin/62625049d96267ef9e082f0f 200 72.395 ms - 305
2022-04-26 13:18:28:1828 info: 
**********************REQUEST_STARTED*********************
OPTIONS /api/admin 200 0.111 ms - 0
2022-04-26 13:18:28:1828 info: 
**********************REQUEST_STARTED*********************
GET /api/admin 200 75.516 ms - 2704
2022-04-26 13:28:25:2825 info: 
**********************REQUEST_STARTED*********************
OPTIONS /api/admin 200 0.211 ms - 0
2022-04-26 13:28:25:2825 info: 
**********************REQUEST_STARTED*********************
OPTIONS /api/admin 200 0.136 ms - 0
2022-04-26 13:28:26:2826 info: 
**********************REQUEST_STARTED*********************
GET /api/admin 304 74.416 ms - -
2022-04-26 13:28:26:2826 info: 
**********************REQUEST_STARTED*********************
GET /api/admin 304 72.379 ms - -
2022-04-26 13:28:43:2843 info: 
**********************REQUEST_STARTED*********************
OPTIONS /api/partner 200 0.211 ms - 0
2022-04-26 13:28:44:2844 info: 
**********************REQUEST_STARTED*********************
GET /api/partner 304 377.907 ms - -
2022-04-26 13:28:44:2844 info: 
**********************REQUEST_STARTED*********************
OPTIONS /api/admin 200 0.241 ms - 0
2022-04-26 13:28:44:2844 info: 
**********************REQUEST_STARTED*********************
OPTIONS /api/admin 200 0.249 ms - 0
2022-04-26 13:28:44:2844 info: 
**********************REQUEST_STARTED*********************
GET /api/admin 304 76.860 ms - -
2022-04-26 13:28:44:2844 info: 
**********************REQUEST_STARTED*********************
GET /api/admin 304 74.600 ms - -
2022-04-26 13:28:48:2848 info: 
**********************REQUEST_STARTED*********************
GET /api/partner 304 102.028 ms - -
2022-04-26 13:28:49:2849 info: 
**********************REQUEST_STARTED*********************
OPTIONS /api/partner 200 0.138 ms - 0
2022-04-26 13:28:49:2849 info: 
**********************REQUEST_STARTED*********************
OPTIONS /api/partner 200 0.130 ms - 0
2022-04-26 13:28:49:2849 info: 
**********************REQUEST_STARTED*********************
GET /api/partner 304 110.008 ms - -
2022-04-26 13:28:50:2850 info: 
**********************REQUEST_STARTED*********************
GET /api/partner 304 102.220 ms - -
2022-04-26 13:39:51:3951 info: 
**********************REQUEST_STARTED*********************
OPTIONS /api/admin 200 1.888 ms - 0
2022-04-26 13:39:51:3951 info: 
**********************REQUEST_STARTED*********************
OPTIONS /api/admin 200 0.092 ms - 0
2022-04-26 13:39:51:3951 info: 
**********************REQUEST_STARTED*********************
GET /api/admin 304 81.097 ms - -
2022-04-26 13:39:51:3951 info: 
**********************REQUEST_STARTED*********************
GET /api/admin 304 68.237 ms - -
2022-04-26 13:39:52:3952 info: 
**********************REQUEST_STARTED*********************
OPTIONS /api/partner 200 0.103 ms - 0
2022-04-26 13:39:52:3952 info: 
**********************REQUEST_STARTED*********************
GET /api/partner 304 116.613 ms - -
2022-04-26 13:39:55:3955 info: 
**********************REQUEST_STARTED*********************
GET /api/admin 304 75.476 ms - -
2022-04-26 13:39:55:3955 info: 
**********************REQUEST_STARTED*********************
GET /api/admin 304 79.021 ms - -
2022-04-26 13:39:59:3959 info: 
**********************REQUEST_STARTED*********************
OPTIONS /api/partner 200 0.141 ms - 0
2022-04-26 13:39:59:3959 info: 
**********************REQUEST_STARTED*********************
OPTIONS /api/partner 200 0.255 ms - 0
2022-04-26 13:39:59:3959 info: 
**********************REQUEST_STARTED*********************
GET /api/partner 304 102.234 ms - -
2022-04-26 13:39:59:3959 info: 
**********************REQUEST_STARTED*********************
GET /api/partner 304 117.391 ms - -
2022-04-26 13:40:01:401 info: 
**********************REQUEST_STARTED*********************
OPTIONS /api/admin/service/category 200 0.121 ms - 0
2022-04-26 13:40:01:401 info: 
**********************REQUEST_STARTED*********************
OPTIONS /api/admin/service/category 200 0.200 ms - 0
2022-04-26 13:40:01:401 info: 
**********************REQUEST_STARTED*********************
GET /api/admin/service/category 304 123.159 ms - -
2022-04-26 13:40:01:401 info: 
**********************REQUEST_STARTED*********************
GET /api/admin/service/category 304 97.652 ms - -
2022-04-26 13:40:02:402 info: 
**********************REQUEST_STARTED*********************
OPTIONS /api/subscription 200 0.324 ms - 0
2022-04-26 13:40:03:403 info: 
**********************REQUEST_STARTED*********************
OPTIONS /api/admin 200 0.168 ms - 0
2022-04-26 13:40:03:403 info: 
**********************REQUEST_STARTED*********************
OPTIONS /api/admin 200 0.147 ms - 0
2022-04-26 13:40:03:403 info: 
**********************REQUEST_STARTED*********************
GET /api/admin 304 66.642 ms - -
2022-04-26 13:40:03:403 info: 
**********************REQUEST_STARTED*********************
GET /api/subscription 304 1082.351 ms - -
2022-04-26 13:40:03:403 info: 
**********************REQUEST_STARTED*********************
GET /api/admin 304 70.605 ms - -
2022-04-26 18:44:26:4426 info: 
**********************REQUEST_STARTED*********************
OPTIONS /api/partner 200 14.192 ms - 0
2022-04-26 18:44:26:4426 info: 
**********************REQUEST_STARTED*********************
OPTIONS /api/partner 200 0.216 ms - 0
2022-04-26 18:44:27:4427 info: 
**********************REQUEST_STARTED*********************
GET /api/partner 304 670.843 ms - -
2022-04-26 18:44:27:4427 info: 
**********************REQUEST_STARTED*********************
GET /api/partner 304 111.935 ms - -
2022-04-26 18:44:30:4430 info: 
**********************REQUEST_STARTED*********************
OPTIONS /api/admin 200 0.128 ms - 0
2022-04-26 18:44:30:4430 info: 
**********************REQUEST_STARTED*********************
OPTIONS /api/admin 200 0.242 ms - 0
2022-04-26 18:44:31:4431 info: 
**********************REQUEST_STARTED*********************
GET /api/admin 304 83.915 ms - -
2022-04-26 18:44:31:4431 info: 
**********************REQUEST_STARTED*********************
GET /api/admin 304 64.856 ms - -
2022-04-26 18:44:33:4433 info: 
**********************REQUEST_STARTED*********************
OPTIONS /api/partner 200 0.283 ms - 0
2022-04-26 18:44:33:4433 info: 
**********************REQUEST_STARTED*********************
GET /api/partner 304 106.208 ms - -
2022-04-26 18:44:44:4444 info: 
**********************REQUEST_STARTED*********************
OPTIONS /api/partner 200 0.196 ms - 0
2022-04-26 18:44:44:4444 info: 
**********************REQUEST_STARTED*********************
OPTIONS /api/partner 200 0.157 ms - 0
2022-04-26 18:44:45:4445 info: 
**********************REQUEST_STARTED*********************
GET /api/partner 304 141.793 ms - -
2022-04-26 18:44:45:4445 info: 
**********************REQUEST_STARTED*********************
GET /api/partner 304 104.047 ms - -
2022-04-26 18:44:46:4446 info: 
**********************REQUEST_STARTED*********************
OPTIONS /api/admin 200 0.171 ms - 0
2022-04-26 18:44:46:4446 info: 
**********************REQUEST_STARTED*********************
OPTIONS /api/admin 200 0.244 ms - 0
2022-04-26 18:44:46:4446 info: 
**********************REQUEST_STARTED*********************
GET /api/admin 304 67.765 ms - -
2022-04-26 18:44:46:4446 info: 
**********************REQUEST_STARTED*********************
GET /api/admin 304 69.015 ms - -
2022-04-26 18:44:49:4449 info: 
**********************REQUEST_STARTED*********************
GET /api/partner 304 109.859 ms - -
2022-04-26 18:59:40:5940 info: 
**********************REQUEST_STARTED*********************
OPTIONS /api/admin 200 8.168 ms - 0
2022-04-26 18:59:40:5940 info: 
**********************REQUEST_STARTED*********************
OPTIONS /api/admin 200 0.508 ms - 0
2022-04-26 18:59:40:5940 info: 
**********************REQUEST_STARTED*********************
OPTIONS /api/admin 200 0.136 ms - 0
2022-04-26 18:59:40:5940 info: 
**********************REQUEST_STARTED*********************
GET /api/admin 304 278.241 ms - -
2022-04-26 18:59:40:5940 info: 
**********************REQUEST_STARTED*********************
GET /api/admin 304 70.482 ms - -
2022-04-26 18:59:40:5940 info: 
**********************REQUEST_STARTED*********************
GET /api/admin 304 69.710 ms - -
2022-04-26 19:01:50:150 info: 
**********************REQUEST_STARTED*********************
OPTIONS /api/admin 200 6.519 ms - 0
2022-04-26 19:01:50:150 info: 
**********************REQUEST_STARTED*********************
OPTIONS /api/admin 200 0.170 ms - 0
2022-04-26 19:01:50:150 info: 
**********************REQUEST_STARTED*********************
GET /api/admin 304 147.612 ms - -
2022-04-26 19:01:50:150 info: 
**********************REQUEST_STARTED*********************
GET /api/admin 304 137.080 ms - -
2022-04-26 19:01:50:150 info: 
**********************REQUEST_STARTED*********************
GET /api/admin 304 65.320 ms - -
2022-04-26 19:15:52:1552 info: 
**********************REQUEST_STARTED*********************
OPTIONS /api/partner 200 23.330 ms - 0
2022-04-26 19:15:53:1553 info: 
**********************REQUEST_STARTED*********************
OPTIONS /api/partner 200 0.422 ms - 0
2022-04-26 19:15:54:1554 info: 
**********************REQUEST_STARTED*********************
GET /api/partner 304 1390.550 ms - -
2022-04-26 19:15:54:1554 info: 
**********************REQUEST_STARTED*********************
GET /api/partner 304 208.344 ms - -
2022-04-26 19:15:59:1559 info: 
**********************REQUEST_STARTED*********************
OPTIONS /api/admin/service/category 200 0.332 ms - 0
2022-04-26 19:15:59:1559 info: 
**********************REQUEST_STARTED*********************
OPTIONS /api/partner/626694e261f6756021b9f73d 200 0.452 ms - 0
2022-04-26 19:15:59:1559 info: 
**********************REQUEST_STARTED*********************
GET /api/partner/626694e261f6756021b9f73d 200 167.152 ms - 735
2022-04-26 19:15:59:1559 info: 
**********************REQUEST_STARTED*********************
GET /api/admin/service/category 304 240.707 ms - -
2022-04-26 19:16:01:161 info: 
**********************REQUEST_STARTED*********************
OPTIONS /api/partner/update/626694e261f6756021b9f73d 200 0.367 ms - 0
2022-04-26 19:16:02:162 info: 
**********************REQUEST_STARTED*********************
PUT /api/partner/update/626694e261f6756021b9f73d 200 322.805 ms - 743
2022-04-26 19:16:02:162 info: 
**********************REQUEST_STARTED*********************
OPTIONS /api/partner 200 0.401 ms - 0
2022-04-26 19:16:02:162 info: 
**********************REQUEST_STARTED*********************
OPTIONS /api/partner 200 0.378 ms - 0
2022-04-26 19:16:02:162 info: 
**********************REQUEST_STARTED*********************
GET /api/partner 200 155.386 ms - 10312
2022-04-26 19:16:02:162 info: 
**********************REQUEST_STARTED*********************
GET /api/partner 304 153.594 ms - -
2022-04-26 19:16:08:168 info: 
**********************REQUEST_STARTED*********************
OPTIONS /api/admin/service/category?limit=5&page=1 200 0.319 ms - 0
2022-04-26 19:16:08:168 info: 
**********************REQUEST_STARTED*********************
GET /api/admin/service/category?limit=5&page=1 304 133.991 ms - -
2022-04-26 19:16:08:168 info: 
**********************REQUEST_STARTED*********************
OPTIONS /api/admin/service/category 200 0.287 ms - 0
2022-04-26 19:16:08:168 info: 
**********************REQUEST_STARTED*********************
GET /api/admin/service/category 304 126.479 ms - -
2022-04-26 19:16:49:1649 info: 
**********************REQUEST_STARTED*********************
OPTIONS /api/admin/service/category?limit=5&page=1 200 10.490 ms - 0
2022-04-26 19:16:50:1650 info: 
**********************REQUEST_STARTED*********************
GET /api/admin/service/category?limit=5&page=1 304 388.304 ms - -
2022-04-26 19:16:50:1650 info: 
**********************REQUEST_STARTED*********************
OPTIONS /api/admin/service/category 200 0.258 ms - 0
2022-04-26 19:16:50:1650 info: 
**********************REQUEST_STARTED*********************
GET /api/admin/service/category 304 165.681 ms - -
2022-04-26 19:17:22:1722 info: 
**********************REQUEST_STARTED*********************
OPTIONS /api/admin/service/category?limit=5&page=1 200 0.464 ms - 0
2022-04-26 19:17:22:1722 info: 
**********************REQUEST_STARTED*********************
GET /api/admin/service/category?limit=5&page=1 304 138.367 ms - -
2022-04-26 19:17:22:1722 info: 
**********************REQUEST_STARTED*********************
OPTIONS /api/admin/service/category 200 0.271 ms - 0
2022-04-26 19:17:22:1722 info: 
**********************REQUEST_STARTED*********************
GET /api/admin/service/category 304 187.982 ms - -
2022-04-26 19:18:04:184 info: 
**********************REQUEST_STARTED*********************
OPTIONS /api/admin/service/category?limit=5&page=1 200 14.969 ms - 0
2022-04-26 19:18:05:185 info: 
**********************REQUEST_STARTED*********************
GET /api/admin/service/category?limit=5&page=1 304 538.423 ms - -
2022-04-26 19:18:05:185 info: 
**********************REQUEST_STARTED*********************
OPTIONS /api/admin/service/category 200 0.253 ms - 0
2022-04-26 19:18:05:185 info: 
**********************REQUEST_STARTED*********************
GET /api/admin/service/category 304 132.478 ms - -
2022-04-26 19:18:46:1846 info: 
**********************REQUEST_STARTED*********************
OPTIONS /api/partner 200 0.595 ms - 0
2022-04-26 19:18:46:1846 info: 
**********************REQUEST_STARTED*********************
POST /api/partner 200 695.183 ms - 622
2022-04-26 19:18:47:1847 info: 
**********************REQUEST_STARTED*********************
GET /api/partner 200 159.173 ms - 11548
2022-04-26 19:18:47:1847 info: 
**********************REQUEST_STARTED*********************
GET /api/partner 304 148.234 ms - -
2022-04-26 19:18:50:1850 info: 
**********************REQUEST_STARTED*********************
GET /api/partner 304 157.986 ms - -
2022-04-26 19:18:54:1854 info: 
**********************REQUEST_STARTED*********************
OPTIONS /api/partner/6267f83e476971ca5da01d3c 200 0.380 ms - 0
2022-04-26 19:18:55:1855 info: 
**********************REQUEST_STARTED*********************
GET /api/partner/6267f83e476971ca5da01d3c 200 139.131 ms - 1071
