2022-06-01 19:10:55:1055 info: 
**********************REQUEST_STARTED*********************
POST /api/user 400 48.591 ms - 48
2022-06-01 19:14:22:1422 info: 
**********************REQUEST_STARTED*********************
POST /api/user - - ms - -
2022-06-01 19:15:48:1548 info: 
**********************REQUEST_STARTED*********************
POST /api/user - - ms - -
2022-06-01 19:15:51:1551 info: 
**********************REQUEST_STARTED*********************
POST /api/user - - ms - -
2022-06-01 19:48:23:4823 info: 
**********************REQUEST_STARTED*********************
POST /api/user - - ms - -
2022-06-01 19:51:44:5144 info: 
**********************REQUEST_STARTED*********************
POST /api/user - - ms - -
2022-06-01 19:51:46:5146 info: 
**********************REQUEST_STARTED*********************
POST /api/user 400 9.237 ms - 48
2022-06-01 19:56:37:5637 info: 
**********************REQUEST_STARTED*********************
POST /api/user - - ms - -
2022-06-01 19:57:37:5737 info: 
**********************REQUEST_STARTED*********************
POST /api/user - - ms - -
2022-06-01 19:57:39:5739 info: 
**********************REQUEST_STARTED*********************
POST /api/user - - ms - -
2022-06-01 19:58:46:5846 info: 
**********************REQUEST_STARTED*********************
POST /api/user - - ms - -
2022-06-01 19:59:29:5929 info: 
**********************REQUEST_STARTED*********************
POST /api/user - - ms - -
2022-06-01 19:59:31:5931 info: 
**********************REQUEST_STARTED*********************
POST /api/user - - ms - -
2022-06-01 20:00:09:09 info: 
**********************REQUEST_STARTED*********************
POST /api/user - - ms - -
2022-06-01 20:03:02:32 info: 
**********************REQUEST_STARTED*********************
POST /api/user - - ms - -
2022-06-01 20:03:18:318 info: 
**********************REQUEST_STARTED*********************
POST /api/user/user 404 31.904 ms - 153
2022-06-01 20:04:29:429 info: 
**********************REQUEST_STARTED*********************
POST /api/user/create 409 122.921 ms - 42
2022-06-01 20:05:10:510 info: 
**********************REQUEST_STARTED*********************
POST /api/user/create 404 24.057 ms - 155
2022-06-01 20:05:15:515 info: 
**********************REQUEST_STARTED*********************
POST /api/user 409 92.936 ms - 42
2022-06-01 20:05:36:536 info: 
**********************REQUEST_STARTED*********************
POST /api/user 400 164.567 ms - 35
2022-06-01 20:09:58:958 info: 
**********************REQUEST_STARTED*********************
POST /api/user 404 37.743 ms - 148
2022-06-01 20:10:03:103 info: 
**********************REQUEST_STARTED*********************
POST /api/user/create 400 258.682 ms - 35
