2022-05-25 10:44:42:4442 info: 
**********************REQUEST_STARTED*********************
POST /api/partner 400 10129.186 ms - 45
2022-05-25 10:45:09:459 info: 
**********************REQUEST_STARTED*********************
POST /api/partner 400 10083.866 ms - 45
2022-05-25 10:46:40:4640 info: 
**********************REQUEST_STARTED*********************
POST /api/partner 400 10078.111 ms - 45
2022-05-25 10:47:33:4733 info: 
**********************REQUEST_STARTED*********************
POST /api/partner 400 10074.781 ms - 45
2022-05-25 10:48:22:4822 info: 
**********************REQUEST_STARTED*********************
POST /api/partner 400 10082.483 ms - 45
2022-05-25 10:48:54:4854 info: 
**********************REQUEST_STARTED*********************
POST /api/partner 409 235.302 ms - 42
2022-05-25 10:49:41:4941 info: 
**********************REQUEST_STARTED*********************
POST /api/partner 400 347.726 ms - 140
2022-05-25 10:49:51:4951 info: 
**********************REQUEST_STARTED*********************
POST /api/partner 200 474.857 ms - 932
2022-05-25 11:00:50:050 info: 
**********************REQUEST_STARTED*********************
GET /api/partner/ - - ms - -
2022-05-25 11:07:23:723 info: 
**********************REQUEST_STARTED*********************
GET /api/partner/ - - ms - -
2022-05-25 11:07:26:726 info: 
**********************REQUEST_STARTED*********************
GET /api/partner/ - - ms - -
2022-05-25 11:08:52:852 info: 
**********************REQUEST_STARTED*********************
GET /api/partner/ - - ms - -
2022-05-25 11:09:48:948 info: 
**********************REQUEST_STARTED*********************
GET /api/partner/ 200 511.719 ms - 1840
2022-05-25 11:13:23:1323 info: 
**********************REQUEST_STARTED*********************
GET /api/partner/ 200 450.182 ms - 1840
2022-05-25 12:01:46:146 info: 
**********************REQUEST_STARTED*********************
OPTIONS /api/partner?page=1&limit=5 200 1.530 ms - 0
2022-05-25 12:01:46:146 info: 
**********************REQUEST_STARTED*********************
OPTIONS /api/partner 200 0.257 ms - 0
2022-05-25 12:01:47:147 info: 
**********************REQUEST_STARTED*********************
GET /api/partner?page=1&limit=5 200 1044.464 ms - 1887
2022-05-25 12:01:47:147 info: 
**********************REQUEST_STARTED*********************
GET /api/partner 200 1026.127 ms - 1876
2022-05-25 12:01:50:150 info: 
**********************REQUEST_STARTED*********************
OPTIONS /api/partner/requests?page=1&limit=5 200 0.134 ms - 0
2022-05-25 12:01:50:150 info: 
**********************REQUEST_STARTED*********************
OPTIONS /api/partner/requests 200 0.099 ms - 0
2022-05-25 12:01:52:152 info: 
**********************REQUEST_STARTED*********************
GET /api/partner/requests?page=1&limit=5 200 1676.459 ms - 4414
2022-05-25 12:01:52:152 info: 
**********************REQUEST_STARTED*********************
GET /api/partner/requests 200 1673.816 ms - 4403
2022-05-25 12:01:57:157 info: 
**********************REQUEST_STARTED*********************
OPTIONS /api/partner/628dbc7774932375617bf51f 200 0.133 ms - 0
2022-05-25 12:01:58:158 info: 
**********************REQUEST_STARTED*********************
GET /api/partner/628dbc7774932375617bf51f 200 1042.922 ms - 1257
2022-05-25 12:02:30:230 info: 
**********************REQUEST_STARTED*********************
OPTIONS /api/partner/628b235634956b0e5b42d391 200 0.129 ms - 0
2022-05-25 12:02:30:230 info: 
**********************REQUEST_STARTED*********************
GET /api/partner/628b235634956b0e5b42d391 200 296.786 ms - 889
2022-05-25 12:02:33:233 info: 
**********************REQUEST_STARTED*********************
OPTIONS /api/partner?page=1&limit=5 200 0.166 ms - 0
2022-05-25 12:02:33:233 info: 
**********************REQUEST_STARTED*********************
OPTIONS /api/partner 200 0.201 ms - 0
2022-05-25 12:02:34:234 info: 
**********************REQUEST_STARTED*********************
GET /api/partner?page=1&limit=5 304 222.626 ms - -
2022-05-25 12:02:34:234 info: 
**********************REQUEST_STARTED*********************
GET /api/partner 304 218.389 ms - -
2022-05-25 12:02:37:237 info: 
**********************REQUEST_STARTED*********************
OPTIONS /api/admin/service/category 200 0.124 ms - 0
2022-05-25 12:02:37:237 info: 
**********************REQUEST_STARTED*********************
OPTIONS /api/partner/628732b891fe7e4f2642ca9f 200 0.151 ms - 0
2022-05-25 12:02:37:237 info: 
**********************REQUEST_STARTED*********************
GET /api/admin/service/category 304 201.516 ms - -
2022-05-25 12:02:37:237 info: 
**********************REQUEST_STARTED*********************
GET /api/partner/628732b891fe7e4f2642ca9f 200 200.409 ms - 813
2022-05-25 12:26:39:2639 info: 
**********************REQUEST_STARTED*********************
OPTIONS /api/partner?page=1&limit=5 200 5.959 ms - 0
2022-05-25 12:26:39:2639 info: 
**********************REQUEST_STARTED*********************
OPTIONS /api/partner 200 0.170 ms - 0
2022-05-25 12:26:40:2640 info: 
**********************REQUEST_STARTED*********************
GET /api/partner 304 288.033 ms - -
2022-05-25 12:26:40:2640 info: 
**********************REQUEST_STARTED*********************
GET /api/partner?page=1&limit=5 304 341.943 ms - -
2022-05-25 12:26:41:2641 info: 
**********************REQUEST_STARTED*********************
OPTIONS /api/admin/service/category?limit=5&page=1 200 0.127 ms - 0
2022-05-25 12:26:41:2641 info: 
**********************REQUEST_STARTED*********************
GET /api/admin/service/category?limit=5&page=1 200 125.860 ms - 1327
2022-05-25 12:26:41:2641 info: 
**********************REQUEST_STARTED*********************
OPTIONS /api/admin/service/category 200 0.120 ms - 0
2022-05-25 12:26:41:2641 info: 
**********************REQUEST_STARTED*********************
GET /api/admin/service/category 304 128.889 ms - -
2022-05-25 12:28:19:2819 info: 
**********************REQUEST_STARTED*********************
OPTIONS /api/admin/service/category?limit=5&page=1 200 0.486 ms - 0
2022-05-25 12:28:19:2819 info: 
**********************REQUEST_STARTED*********************
GET /api/admin/service/category?limit=5&page=1 304 344.925 ms - -
2022-05-25 12:28:19:2819 info: 
**********************REQUEST_STARTED*********************
OPTIONS /api/admin/service/category 200 1.133 ms - 0
2022-05-25 12:28:20:2820 info: 
**********************REQUEST_STARTED*********************
GET /api/admin/service/category 304 262.273 ms - -
2022-05-25 12:29:21:2921 info: 
**********************REQUEST_STARTED*********************
OPTIONS /api/admin/service/category?limit=5&page=1 200 0.239 ms - 0
2022-05-25 12:29:21:2921 info: 
**********************REQUEST_STARTED*********************
GET /api/admin/service/category?limit=5&page=1 304 134.734 ms - -
2022-05-25 12:29:21:2921 info: 
**********************REQUEST_STARTED*********************
OPTIONS /api/admin/service/category 200 0.200 ms - 0
2022-05-25 12:29:21:2921 info: 
**********************REQUEST_STARTED*********************
GET /api/admin/service/category 304 246.338 ms - -
2022-05-25 12:30:22:3022 info: 
**********************REQUEST_STARTED*********************
OPTIONS /api/admin/service/category?limit=5&page=1 200 0.109 ms - 0
2022-05-25 12:30:22:3022 info: 
**********************REQUEST_STARTED*********************
GET /api/admin/service/category?limit=5&page=1 304 172.623 ms - -
2022-05-25 12:30:22:3022 info: 
**********************REQUEST_STARTED*********************
OPTIONS /api/admin/service/category 200 3.517 ms - 0
2022-05-25 12:30:22:3022 info: 
**********************REQUEST_STARTED*********************
GET /api/admin/service/category 304 175.588 ms - -
2022-05-25 12:30:25:3025 info: 
**********************REQUEST_STARTED*********************
GET /api/admin/service/category?limit=5&page=1 304 551.790 ms - -
2022-05-25 12:30:25:3025 info: 
**********************REQUEST_STARTED*********************
GET /api/admin/service/category 304 311.245 ms - -
2022-05-25 12:31:58:3158 info: 
**********************REQUEST_STARTED*********************
OPTIONS /api/admin/service/category?limit=5&page=1 200 0.424 ms - 0
2022-05-25 12:31:59:3159 info: 
**********************REQUEST_STARTED*********************
GET /api/admin/service/category?limit=5&page=1 304 332.560 ms - -
2022-05-25 12:31:59:3159 info: 
**********************REQUEST_STARTED*********************
OPTIONS /api/admin/service/category 200 0.103 ms - 0
2022-05-25 12:31:59:3159 info: 
**********************REQUEST_STARTED*********************
GET /api/admin/service/category 304 192.124 ms - -
2022-05-26 10:26:27:2627 info: 
**********************REQUEST_STARTED*********************
OPTIONS /api/admin/service/category?limit=5&page=1 200 2.788 ms - 0
2022-05-26 10:26:28:2628 info: 
**********************REQUEST_STARTED*********************
GET /api/admin/service/category?limit=5&page=1 304 593.453 ms - -
2022-05-26 10:26:28:2628 info: 
**********************REQUEST_STARTED*********************
OPTIONS /api/admin/service/category 200 0.136 ms - 0
2022-05-26 10:26:28:2628 info: 
**********************REQUEST_STARTED*********************
GET /api/admin/service/category 304 170.874 ms - -
