2022-05-04 18:27:02:272 info: 
**********************REQUEST_STARTED*********************
OPTIONS /api/admin/service/category?page=1&limit=5 200 8.979 ms - 0
2022-05-04 18:27:02:272 info: 
**********************REQUEST_STARTED*********************
OPTIONS /api/admin/service/category?page=1&limit=5 200 0.516 ms - 0
2022-05-04 18:27:03:273 info: 
**********************REQUEST_STARTED*********************
GET /api/admin/service/category?page=1&limit=5 200 576.776 ms - 1327
2022-05-04 18:27:03:273 info: 
**********************REQUEST_STARTED*********************
GET /api/admin/service/category?page=1&limit=5 304 109.182 ms - -
2022-05-04 18:42:11:4211 info: 
**********************REQUEST_STARTED*********************
POST /api/post 200 88.952 ms - 568
2022-05-04 18:42:33:4233 info: 
**********************REQUEST_STARTED*********************
OPTIONS /api/admin/service/category?page=1&limit=5 200 0.360 ms - 0
2022-05-04 18:42:33:4233 info: 
**********************REQUEST_STARTED*********************
OPTIONS /api/admin/service/category?page=1&limit=5 200 0.295 ms - 0
2022-05-04 18:42:33:4233 info: 
**********************REQUEST_STARTED*********************
GET /api/admin/service/category?page=1&limit=5 304 124.779 ms - -
2022-05-04 18:42:34:4234 info: 
**********************REQUEST_STARTED*********************
GET /api/admin/service/category?page=1&limit=5 304 98.068 ms - -
2022-05-04 18:44:35:4435 info: 
**********************REQUEST_STARTED*********************
OPTIONS /api/admin?limit=6&page=1 200 6.815 ms - 0
2022-05-04 18:44:35:4435 info: 
**********************REQUEST_STARTED*********************
OPTIONS /api/admin?limit=6&page=1 200 0.119 ms - 0
2022-05-04 18:44:35:4435 info: 
**********************REQUEST_STARTED*********************
GET /api/admin?limit=6&page=1 304 206.940 ms - -
2022-05-04 18:44:35:4435 info: 
**********************REQUEST_STARTED*********************
GET /api/admin?limit=6&page=1 304 139.771 ms - -
2022-05-04 18:44:40:4440 info: 
**********************REQUEST_STARTED*********************
OPTIONS /api/admin?limit=6&page=1 200 0.143 ms - 0
2022-05-04 18:44:40:4440 info: 
**********************REQUEST_STARTED*********************
OPTIONS /api/admin?limit=6&page=1 200 0.110 ms - 0
2022-05-04 18:44:40:4440 info: 
**********************REQUEST_STARTED*********************
GET /api/admin?limit=6&page=1 304 171.113 ms - -
2022-05-04 18:44:40:4440 info: 
**********************REQUEST_STARTED*********************
GET /api/admin?limit=6&page=1 304 180.766 ms - -
2022-05-04 18:44:40:4440 info: 
**********************REQUEST_STARTED*********************
GET /api/admin?limit=6&page=1 304 129.625 ms - -
2022-05-04 18:44:44:4444 info: 
**********************REQUEST_STARTED*********************
GET /api/admin?limit=6&page=1 304 126.300 ms - -
2022-05-04 18:44:44:4444 info: 
**********************REQUEST_STARTED*********************
GET /api/admin?limit=6&page=1 304 137.007 ms - -
2022-05-04 18:44:46:4446 info: 
**********************REQUEST_STARTED*********************
OPTIONS /api/partner/requests?page=1&limit=5 200 0.138 ms - 0
2022-05-04 18:44:46:4446 info: 
**********************REQUEST_STARTED*********************
OPTIONS /api/partner/requests 200 0.126 ms - 0
2022-05-04 18:44:46:4446 info: 
**********************REQUEST_STARTED*********************
GET /api/partner/requests 200 237.271 ms - 8947
2022-05-04 18:44:46:4446 info: 
**********************REQUEST_STARTED*********************
GET /api/partner/requests?page=1&limit=5 200 253.573 ms - 8958
2022-05-04 18:44:46:4446 info: 
**********************REQUEST_STARTED*********************
OPTIONS /api/partner?page=1&limit=5 200 0.123 ms - 0
2022-05-04 18:44:46:4446 info: 
**********************REQUEST_STARTED*********************
OPTIONS /api/partner 200 0.101 ms - 0
2022-05-04 18:44:46:4446 info: 
**********************REQUEST_STARTED*********************
GET /api/partner?page=1&limit=5 200 181.221 ms - 7025
2022-05-04 18:44:46:4446 info: 
**********************REQUEST_STARTED*********************
GET /api/partner 200 196.250 ms - 7014
2022-05-04 18:44:54:4454 info: 
**********************REQUEST_STARTED*********************
OPTIONS /api/user?page=1&limit=6 200 0.134 ms - 0
2022-05-04 18:44:54:4454 info: 
**********************REQUEST_STARTED*********************
OPTIONS /api/user?page=1&limit=6 200 0.171 ms - 0
2022-05-04 18:44:54:4454 info: 
**********************REQUEST_STARTED*********************
GET /api/user?page=1&limit=6 200 221.446 ms - 14569
2022-05-04 18:44:55:4455 info: 
**********************REQUEST_STARTED*********************
GET /api/user?page=1&limit=6 304 210.049 ms - -
2022-05-04 18:44:55:4455 info: 
**********************REQUEST_STARTED*********************
OPTIONS /api/admin/service/category?page=1&limit=5 200 0.506 ms - 0
2022-05-04 18:44:55:4455 info: 
**********************REQUEST_STARTED*********************
OPTIONS /api/admin/service/category?page=1&limit=5 200 0.201 ms - 0
2022-05-04 18:44:55:4455 info: 
**********************REQUEST_STARTED*********************
GET /api/admin/service/category?page=1&limit=5 304 106.799 ms - -
2022-05-04 18:44:55:4455 info: 
**********************REQUEST_STARTED*********************
GET /api/admin/service/category?page=1&limit=5 304 95.732 ms - -
2022-05-04 18:44:58:4458 info: 
**********************REQUEST_STARTED*********************
OPTIONS /api/admin?limit=6&page=1 200 0.206 ms - 0
2022-05-04 18:44:58:4458 info: 
**********************REQUEST_STARTED*********************
OPTIONS /api/admin?limit=6&page=1 200 0.218 ms - 0
2022-05-04 18:44:58:4458 info: 
**********************REQUEST_STARTED*********************
GET /api/admin?limit=6&page=1 304 132.139 ms - -
2022-05-04 18:44:58:4458 info: 
**********************REQUEST_STARTED*********************
GET /api/admin?limit=6&page=1 304 127.357 ms - -
2022-05-04 18:44:59:4459 info: 
**********************REQUEST_STARTED*********************
OPTIONS /api/partner?page=1&limit=5 200 0.138 ms - 0
2022-05-04 18:44:59:4459 info: 
**********************REQUEST_STARTED*********************
OPTIONS /api/partner 200 0.257 ms - 0
2022-05-04 18:44:59:4459 info: 
**********************REQUEST_STARTED*********************
GET /api/partner 304 178.582 ms - -
2022-05-04 18:44:59:4459 info: 
**********************REQUEST_STARTED*********************
GET /api/partner?page=1&limit=5 304 192.444 ms - -
2022-05-04 18:47:31:4731 info: 
**********************REQUEST_STARTED*********************
OPTIONS /api/admin?limit=6&page=1 200 0.786 ms - 0
2022-05-04 18:47:31:4731 info: 
**********************REQUEST_STARTED*********************
OPTIONS /api/admin?limit=6&page=1 200 0.103 ms - 0
2022-05-04 18:47:31:4731 info: 
**********************REQUEST_STARTED*********************
GET /api/admin?limit=6&page=1 304 137.612 ms - -
2022-05-04 18:47:31:4731 info: 
**********************REQUEST_STARTED*********************
GET /api/admin?limit=6&page=1 304 132.231 ms - -
2022-05-04 18:47:32:4732 info: 
**********************REQUEST_STARTED*********************
OPTIONS /api/partner?page=1&limit=5 200 0.218 ms - 0
2022-05-04 18:47:32:4732 info: 
**********************REQUEST_STARTED*********************
OPTIONS /api/partner 200 0.266 ms - 0
2022-05-04 18:47:32:4732 info: 
**********************REQUEST_STARTED*********************
GET /api/partner?page=1&limit=5 304 162.448 ms - -
2022-05-04 18:47:32:4732 info: 
**********************REQUEST_STARTED*********************
GET /api/partner 304 167.868 ms - -
2022-05-04 18:47:41:4741 info: 
**********************REQUEST_STARTED*********************
OPTIONS /api/partner?page=1&limit=5 200 0.111 ms - 0
2022-05-04 18:47:41:4741 info: 
**********************REQUEST_STARTED*********************
OPTIONS /api/partner 200 0.118 ms - 0
2022-05-04 18:47:41:4741 info: 
**********************REQUEST_STARTED*********************
GET /api/partner?page=1&limit=5 304 163.893 ms - -
2022-05-04 18:47:41:4741 info: 
**********************REQUEST_STARTED*********************
GET /api/partner 304 164.178 ms - -
2022-05-04 18:49:54:4954 info: 
**********************REQUEST_STARTED*********************
GET /api/posts 404 2.322 ms - 148
2022-05-04 18:49:58:4958 info: 
**********************REQUEST_STARTED*********************
GET /api/post 200 41.372 ms - 568
2022-05-04 18:50:22:5022 info: 
**********************REQUEST_STARTED*********************
OPTIONS /api/partner?page=1&limit=5 200 2.923 ms - 0
2022-05-04 18:50:22:5022 info: 
**********************REQUEST_STARTED*********************
OPTIONS /api/post 200 0.361 ms - 0
2022-05-04 18:50:22:5022 info: 
**********************REQUEST_STARTED*********************
GET /api/post 200 44.081 ms - 568
2022-05-04 18:50:23:5023 info: 
**********************REQUEST_STARTED*********************
GET /api/partner?page=1&limit=5 304 204.897 ms - -
2022-05-04 18:50:28:5028 info: 
**********************REQUEST_STARTED*********************
OPTIONS /api/post?page=1&limit=5 200 0.107 ms - 0
2022-05-04 18:50:28:5028 info: 
**********************REQUEST_STARTED*********************
OPTIONS /api/post 200 0.148 ms - 0
2022-05-04 18:50:28:5028 info: 
**********************REQUEST_STARTED*********************
GET /api/post 304 29.500 ms - -
2022-05-04 18:50:28:5028 info: 
**********************REQUEST_STARTED*********************
GET /api/post?page=1&limit=5 200 35.743 ms - 568
2022-05-04 18:50:54:5054 info: 
**********************REQUEST_STARTED*********************
OPTIONS /api/admin?limit=6&page=1 200 0.135 ms - 0
2022-05-04 18:50:54:5054 info: 
**********************REQUEST_STARTED*********************
OPTIONS /api/admin?limit=6&page=1 200 0.134 ms - 0
2022-05-04 18:50:54:5054 info: 
**********************REQUEST_STARTED*********************
GET /api/admin?limit=6&page=1 304 195.361 ms - -
2022-05-04 18:50:55:5055 info: 
**********************REQUEST_STARTED*********************
GET /api/admin?limit=6&page=1 304 147.154 ms - -
2022-05-04 18:50:55:5055 info: 
**********************REQUEST_STARTED*********************
OPTIONS /api/post?page=1&limit=5 200 0.119 ms - 0
2022-05-04 18:50:55:5055 info: 
**********************REQUEST_STARTED*********************
OPTIONS /api/post 200 0.252 ms - 0
2022-05-04 18:50:55:5055 info: 
**********************REQUEST_STARTED*********************
GET /api/post?page=1&limit=5 304 28.886 ms - -
2022-05-04 18:50:55:5055 info: 
**********************REQUEST_STARTED*********************
GET /api/post 304 30.657 ms - -
2022-05-04 18:51:39:5139 info: 
**********************REQUEST_STARTED*********************
OPTIONS /api/post?page=1&limit=5 200 0.730 ms - 0
2022-05-04 18:51:39:5139 info: 
**********************REQUEST_STARTED*********************
OPTIONS /api/post 200 2.115 ms - 0
2022-05-04 18:51:39:5139 info: 
**********************REQUEST_STARTED*********************
GET /api/post?page=1&limit=5 304 36.229 ms - -
2022-05-04 18:51:39:5139 info: 
**********************REQUEST_STARTED*********************
GET /api/post 304 37.706 ms - -
2022-05-04 18:53:38:5338 info: 
**********************REQUEST_STARTED*********************
OPTIONS /api/post?page=1&limit=5 200 1.784 ms - 0
2022-05-04 18:53:38:5338 info: 
**********************REQUEST_STARTED*********************
OPTIONS /api/post 200 0.343 ms - 0
2022-05-04 18:53:38:5338 info: 
**********************REQUEST_STARTED*********************
GET /api/post?page=1&limit=5 200 89.984 ms - 796
2022-05-04 18:53:38:5338 info: 
**********************REQUEST_STARTED*********************
GET /api/post 200 83.265 ms - 796
2022-05-04 18:53:41:5341 info: 
**********************REQUEST_STARTED*********************
OPTIONS /api/admin?limit=6&page=1 200 0.186 ms - 0
2022-05-04 18:53:41:5341 info: 
**********************REQUEST_STARTED*********************
OPTIONS /api/admin?limit=6&page=1 200 0.257 ms - 0
2022-05-04 18:53:41:5341 info: 
**********************REQUEST_STARTED*********************
GET /api/admin?limit=6&page=1 304 148.463 ms - -
2022-05-04 18:53:41:5341 info: 
**********************REQUEST_STARTED*********************
GET /api/admin?limit=6&page=1 304 135.739 ms - -
2022-05-04 18:53:42:5342 info: 
**********************REQUEST_STARTED*********************
GET /api/post?page=1&limit=5 304 61.252 ms - -
2022-05-04 18:53:42:5342 info: 
**********************REQUEST_STARTED*********************
GET /api/post 304 63.046 ms - -
2022-05-04 18:54:20:5420 info: 
**********************REQUEST_STARTED*********************
OPTIONS /api/post?page=1&limit=5 200 0.381 ms - 0
2022-05-04 18:54:20:5420 info: 
**********************REQUEST_STARTED*********************
OPTIONS /api/post 200 0.227 ms - 0
2022-05-04 18:54:21:5421 info: 
**********************REQUEST_STARTED*********************
GET /api/post?page=1&limit=5 304 64.792 ms - -
2022-05-04 18:54:21:5421 info: 
**********************REQUEST_STARTED*********************
GET /api/post 304 66.902 ms - -
2022-05-04 18:54:40:5440 info: 
**********************REQUEST_STARTED*********************
OPTIONS /api/post?page=1&limit=5 200 0.361 ms - 0
2022-05-04 18:54:40:5440 info: 
**********************REQUEST_STARTED*********************
OPTIONS /api/post 200 0.255 ms - 0
2022-05-04 18:54:40:5440 info: 
**********************REQUEST_STARTED*********************
GET /api/post?page=1&limit=5 304 63.441 ms - -
2022-05-04 18:54:40:5440 info: 
**********************REQUEST_STARTED*********************
GET /api/post 304 63.800 ms - -
2022-05-04 18:55:02:552 info: 
**********************REQUEST_STARTED*********************
OPTIONS /api/post?page=1&limit=5 200 0.357 ms - 0
2022-05-04 18:55:02:552 info: 
**********************REQUEST_STARTED*********************
OPTIONS /api/post 200 0.140 ms - 0
2022-05-04 18:55:02:552 info: 
**********************REQUEST_STARTED*********************
GET /api/post?page=1&limit=5 304 63.047 ms - -
2022-05-04 18:55:02:552 info: 
**********************REQUEST_STARTED*********************
GET /api/post 304 65.674 ms - -
2022-05-04 18:55:35:5535 info: 
**********************REQUEST_STARTED*********************
OPTIONS /api/post?page=1&limit=5 200 0.490 ms - 0
2022-05-04 18:55:35:5535 info: 
**********************REQUEST_STARTED*********************
OPTIONS /api/post 200 0.174 ms - 0
2022-05-04 18:55:35:5535 info: 
**********************REQUEST_STARTED*********************
GET /api/post?page=1&limit=5 304 60.845 ms - -
2022-05-04 18:55:35:5535 info: 
**********************REQUEST_STARTED*********************
GET /api/post 304 59.372 ms - -
2022-05-04 18:55:55:5555 info: 
**********************REQUEST_STARTED*********************
OPTIONS /api/post?page=1&limit=5 200 0.283 ms - 0
2022-05-04 18:55:55:5555 info: 
**********************REQUEST_STARTED*********************
OPTIONS /api/post 200 0.220 ms - 0
2022-05-04 18:55:55:5555 info: 
**********************REQUEST_STARTED*********************
GET /api/post?page=1&limit=5 304 61.299 ms - -
2022-05-04 18:55:55:5555 info: 
**********************REQUEST_STARTED*********************
GET /api/post 304 62.820 ms - -
2022-05-04 18:56:29:5629 info: 
**********************REQUEST_STARTED*********************
OPTIONS /api/post?page=1&limit=5 200 0.249 ms - 0
2022-05-04 18:56:29:5629 info: 
**********************REQUEST_STARTED*********************
OPTIONS /api/post 200 0.276 ms - 0
2022-05-04 18:56:29:5629 info: 
**********************REQUEST_STARTED*********************
GET /api/post 304 61.072 ms - -
2022-05-04 18:56:29:5629 info: 
**********************REQUEST_STARTED*********************
GET /api/post?page=1&limit=5 304 71.222 ms - -
2022-05-04 18:56:40:5640 info: 
**********************REQUEST_STARTED*********************
OPTIONS /api/post?page=1&limit=5 200 0.176 ms - 0
2022-05-04 18:56:40:5640 info: 
**********************REQUEST_STARTED*********************
OPTIONS /api/post 200 0.185 ms - 0
2022-05-04 18:56:40:5640 info: 
**********************REQUEST_STARTED*********************
GET /api/post 304 57.547 ms - -
2022-05-04 18:56:40:5640 info: 
**********************REQUEST_STARTED*********************
GET /api/post?page=1&limit=5 304 64.177 ms - -
2022-05-04 18:56:59:5659 info: 
**********************REQUEST_STARTED*********************
OPTIONS /api/post?page=1&limit=5 200 0.207 ms - 0
2022-05-04 18:56:59:5659 info: 
**********************REQUEST_STARTED*********************
OPTIONS /api/post 200 0.255 ms - 0
2022-05-04 18:56:59:5659 info: 
**********************REQUEST_STARTED*********************
GET /api/post?page=1&limit=5 304 56.837 ms - -
2022-05-04 18:56:59:5659 info: 
**********************REQUEST_STARTED*********************
GET /api/post 304 58.803 ms - -
2022-05-04 18:57:16:5716 info: 
**********************REQUEST_STARTED*********************
OPTIONS /api/post?page=1&limit=5 200 0.184 ms - 0
2022-05-04 18:57:16:5716 info: 
**********************REQUEST_STARTED*********************
OPTIONS /api/post 200 0.222 ms - 0
2022-05-04 18:57:16:5716 info: 
**********************REQUEST_STARTED*********************
GET /api/post?page=1&limit=5 304 61.401 ms - -
2022-05-04 18:57:16:5716 info: 
**********************REQUEST_STARTED*********************
GET /api/post 304 63.921 ms - -
2022-05-04 18:57:25:5725 info: 
**********************REQUEST_STARTED*********************
OPTIONS /api/post?page=1&limit=5 200 0.266 ms - 0
2022-05-04 18:57:25:5725 info: 
**********************REQUEST_STARTED*********************
OPTIONS /api/post 200 0.152 ms - 0
2022-05-04 18:57:25:5725 info: 
**********************REQUEST_STARTED*********************
GET /api/post 304 56.887 ms - -
2022-05-04 18:57:25:5725 info: 
**********************REQUEST_STARTED*********************
GET /api/post?page=1&limit=5 304 63.655 ms - -
2022-05-04 18:57:40:5740 info: 
**********************REQUEST_STARTED*********************
OPTIONS /api/post?page=1&limit=5 200 0.231 ms - 0
2022-05-04 18:57:40:5740 info: 
**********************REQUEST_STARTED*********************
OPTIONS /api/post 200 0.273 ms - 0
2022-05-04 18:57:40:5740 info: 
**********************REQUEST_STARTED*********************
GET /api/post?page=1&limit=5 200 58.563 ms - 794
2022-05-04 18:57:40:5740 info: 
**********************REQUEST_STARTED*********************
GET /api/post 200 65.447 ms - 794
2022-05-04 18:57:53:5753 info: 
**********************REQUEST_STARTED*********************
OPTIONS /api/post?page=1&limit=5 200 0.305 ms - 0
2022-05-04 18:57:53:5753 info: 
**********************REQUEST_STARTED*********************
OPTIONS /api/post 200 0.209 ms - 0
2022-05-04 18:57:53:5753 info: 
**********************REQUEST_STARTED*********************
GET /api/post?page=1&limit=5 304 60.821 ms - -
2022-05-04 18:57:53:5753 info: 
**********************REQUEST_STARTED*********************
GET /api/post 304 62.835 ms - -
2022-05-04 18:58:09:589 info: 
**********************REQUEST_STARTED*********************
OPTIONS /api/post?page=1&limit=5 200 0.148 ms - 0
2022-05-04 18:58:09:589 info: 
**********************REQUEST_STARTED*********************
OPTIONS /api/post 200 0.239 ms - 0
2022-05-04 18:58:09:589 info: 
**********************REQUEST_STARTED*********************
GET /api/post 304 62.551 ms - -
2022-05-04 18:58:09:589 info: 
**********************REQUEST_STARTED*********************
GET /api/post?page=1&limit=5 304 68.014 ms - -
2022-05-04 18:58:16:5816 info: 
**********************REQUEST_STARTED*********************
OPTIONS /api/post?page=1&limit=5 200 0.173 ms - 0
2022-05-04 18:58:16:5816 info: 
**********************REQUEST_STARTED*********************
OPTIONS /api/post 200 0.204 ms - 0
2022-05-04 18:58:16:5816 info: 
**********************REQUEST_STARTED*********************
GET /api/post 304 58.597 ms - -
2022-05-04 18:58:16:5816 info: 
**********************REQUEST_STARTED*********************
GET /api/post?page=1&limit=5 304 60.897 ms - -
2022-05-04 18:58:17:5817 info: 
**********************REQUEST_STARTED*********************
GET /api/post?page=1&limit=5 304 63.279 ms - -
2022-05-04 18:58:17:5817 info: 
**********************REQUEST_STARTED*********************
GET /api/post 304 64.347 ms - -
2022-05-04 18:59:39:5939 info: 
**********************REQUEST_STARTED*********************
POST /api/post 200 172.472 ms - 584
2022-05-04 18:59:48:5948 info: 
**********************REQUEST_STARTED*********************
OPTIONS /api/post?page=1&limit=5 200 0.275 ms - 0
2022-05-04 18:59:48:5948 info: 
**********************REQUEST_STARTED*********************
OPTIONS /api/post 200 0.248 ms - 0
2022-05-04 18:59:48:5948 info: 
**********************REQUEST_STARTED*********************
GET /api/post?page=1&limit=5 200 68.422 ms - 1571
2022-05-04 18:59:48:5948 info: 
**********************REQUEST_STARTED*********************
GET /api/post 200 69.385 ms - 1571
2022-05-04 19:00:16:016 info: 
**********************REQUEST_STARTED*********************
OPTIONS /api/post?page=1&limit=5 200 0.227 ms - 0
2022-05-04 19:00:16:016 info: 
**********************REQUEST_STARTED*********************
OPTIONS /api/post 200 0.286 ms - 0
2022-05-04 19:00:16:016 info: 
**********************REQUEST_STARTED*********************
GET /api/post?page=1&limit=5 304 62.555 ms - -
2022-05-04 19:00:16:016 info: 
**********************REQUEST_STARTED*********************
GET /api/post 304 65.995 ms - -
2022-05-04 19:00:31:031 info: 
**********************REQUEST_STARTED*********************
OPTIONS /api/post 200 0.121 ms - 0
2022-05-04 19:00:31:031 info: 
**********************REQUEST_STARTED*********************
GET /api/post 304 60.395 ms - -
2022-05-04 19:00:31:031 info: 
**********************REQUEST_STARTED*********************
GET /api/post 304 60.090 ms - -
2022-05-04 19:00:31:031 info: 
**********************REQUEST_STARTED*********************
GET /api/post 304 59.980 ms - -
2022-05-04 19:00:32:032 info: 
**********************REQUEST_STARTED*********************
GET /api/post 304 62.237 ms - -
2022-05-04 19:00:33:033 info: 
**********************REQUEST_STARTED*********************
GET /api/post 304 60.790 ms - -
2022-05-04 19:00:33:033 info: 
**********************REQUEST_STARTED*********************
GET /api/post 304 60.801 ms - -
2022-05-04 19:00:34:034 info: 
**********************REQUEST_STARTED*********************
GET /api/post 304 60.576 ms - -
2022-05-04 19:00:34:034 info: 
**********************REQUEST_STARTED*********************
GET /api/post 304 60.295 ms - -
2022-05-04 19:00:34:034 info: 
**********************REQUEST_STARTED*********************
GET /api/post 304 56.912 ms - -
2022-05-04 19:00:34:034 info: 
**********************REQUEST_STARTED*********************
GET /api/post 304 61.053 ms - -
2022-05-04 19:00:41:041 info: 
**********************REQUEST_STARTED*********************
OPTIONS /api/post 200 0.113 ms - 0
2022-05-04 19:00:41:041 info: 
**********************REQUEST_STARTED*********************
GET /api/post 304 67.787 ms - -
2022-05-04 19:04:22:422 info: 
**********************REQUEST_STARTED*********************
GET /api/post?limit=1 200 102.653 ms - 812
2022-05-04 19:04:27:427 info: 
**********************REQUEST_STARTED*********************
GET /api/post?limit=2 200 78.117 ms - 1571
2022-05-04 19:04:32:432 info: 
**********************REQUEST_STARTED*********************
GET /api/post?limit=1 200 74.647 ms - 812
2022-05-05 10:22:24:2224 info: 
**********************REQUEST_STARTED*********************
OPTIONS /api/post?page=1&limit=5 200 15.437 ms - 0
2022-05-05 10:22:24:2224 info: 
**********************REQUEST_STARTED*********************
OPTIONS /api/post 200 0.635 ms - 0
2022-05-05 10:22:25:2225 info: 
**********************REQUEST_STARTED*********************
GET /api/post?page=1&limit=5 200 717.577 ms - 1571
2022-05-05 10:22:25:2225 info: 
**********************REQUEST_STARTED*********************
GET /api/post 200 493.261 ms - 1571
2022-05-05 10:24:43:2443 info: 
**********************REQUEST_STARTED*********************
OPTIONS /api/post?page=1&limit=5 200 7.023 ms - 0
2022-05-05 10:24:43:2443 info: 
**********************REQUEST_STARTED*********************
OPTIONS /api/post 200 0.130 ms - 0
2022-05-05 10:24:43:2443 info: 
**********************REQUEST_STARTED*********************
GET /api/post?page=1&limit=5 304 105.342 ms - -
2022-05-05 10:24:43:2443 info: 
**********************REQUEST_STARTED*********************
GET /api/post 304 102.717 ms - -
2022-05-05 10:25:41:2541 info: 
**********************REQUEST_STARTED*********************
OPTIONS /api/post?page=1&limit=5 200 0.172 ms - 0
2022-05-05 10:25:41:2541 info: 
**********************REQUEST_STARTED*********************
OPTIONS /api/post 200 0.186 ms - 0
2022-05-05 10:25:41:2541 info: 
**********************REQUEST_STARTED*********************
GET /api/post?page=1&limit=5 304 214.724 ms - -
2022-05-05 10:25:41:2541 info: 
**********************REQUEST_STARTED*********************
GET /api/post 304 218.655 ms - -
2022-05-05 10:25:41:2541 info: 
**********************REQUEST_STARTED*********************
GET /api/post?page=1&limit=5 304 202.078 ms - -
2022-05-05 10:25:41:2541 info: 
**********************REQUEST_STARTED*********************
GET /api/post 304 204.176 ms - -
2022-05-05 10:25:43:2543 info: 
**********************REQUEST_STARTED*********************
GET /api/post 304 98.196 ms - -
2022-05-05 10:25:43:2543 info: 
**********************REQUEST_STARTED*********************
GET /api/post 304 112.194 ms - -
2022-05-05 10:25:43:2543 info: 
**********************REQUEST_STARTED*********************
GET /api/post 304 96.925 ms - -
2022-05-05 10:25:47:2547 info: 
**********************REQUEST_STARTED*********************
OPTIONS /api/post?page=1&limit=5 200 0.468 ms - 0
2022-05-05 10:25:47:2547 info: 
**********************REQUEST_STARTED*********************
OPTIONS /api/post 200 0.160 ms - 0
2022-05-05 10:25:47:2547 info: 
**********************REQUEST_STARTED*********************
GET /api/post?page=1&limit=5 304 77.031 ms - -
2022-05-05 10:25:47:2547 info: 
**********************REQUEST_STARTED*********************
GET /api/post 304 76.372 ms - -
2022-05-05 10:27:17:2717 info: 
**********************REQUEST_STARTED*********************
OPTIONS /api/post?page=1&limit=5 200 0.253 ms - 0
2022-05-05 10:27:17:2717 info: 
**********************REQUEST_STARTED*********************
OPTIONS /api/post 200 0.285 ms - 0
2022-05-05 10:27:17:2717 info: 
**********************REQUEST_STARTED*********************
GET /api/post 304 158.192 ms - -
2022-05-05 10:27:17:2717 info: 
**********************REQUEST_STARTED*********************
GET /api/post?page=1&limit=5 304 166.268 ms - -
2022-05-05 10:27:17:2717 info: 
**********************REQUEST_STARTED*********************
GET /api/post?page=1&limit=5 304 195.429 ms - -
2022-05-05 10:27:17:2717 info: 
**********************REQUEST_STARTED*********************
GET /api/post 304 203.433 ms - -
2022-05-05 10:27:19:2719 info: 
**********************REQUEST_STARTED*********************
GET /api/post?page=1&limit=5 304 104.213 ms - -
2022-05-05 10:27:20:2720 info: 
**********************REQUEST_STARTED*********************
GET /api/post?page=1&limit=5 304 101.908 ms - -
2022-05-05 10:27:20:2720 info: 
**********************REQUEST_STARTED*********************
GET /api/post?page=1&limit=5 304 67.963 ms - -
2022-05-05 10:27:20:2720 info: 
**********************REQUEST_STARTED*********************
GET /api/post?page=1&limit=5 304 126.798 ms - -
2022-05-05 10:27:25:2725 info: 
**********************REQUEST_STARTED*********************
OPTIONS /api/post?page=1&limit=5 200 0.115 ms - 0
2022-05-05 10:27:25:2725 info: 
**********************REQUEST_STARTED*********************
GET /api/post?page=1&limit=5 304 103.928 ms - -
2022-05-05 10:33:14:3314 info: 
**********************REQUEST_STARTED*********************
OPTIONS /api/post?page=1&limit=5 200 8.948 ms - 0
2022-05-05 10:33:14:3314 info: 
**********************REQUEST_STARTED*********************
OPTIONS /api/post 200 0.186 ms - 0
2022-05-05 10:33:14:3314 info: 
**********************REQUEST_STARTED*********************
GET /api/post 304 234.529 ms - -
2022-05-05 10:33:14:3314 info: 
**********************REQUEST_STARTED*********************
GET /api/post?page=1&limit=5 304 300.894 ms - -
2022-05-05 10:33:15:3315 info: 
**********************REQUEST_STARTED*********************
GET /api/post?page=1&limit=5 304 203.918 ms - -
2022-05-05 10:33:15:3315 info: 
**********************REQUEST_STARTED*********************
GET /api/post 304 215.392 ms - -
2022-05-05 10:33:41:3341 info: 
**********************REQUEST_STARTED*********************
OPTIONS /api/post?page=1&limit=5 200 0.332 ms - 0
2022-05-05 10:33:41:3341 info: 
**********************REQUEST_STARTED*********************
OPTIONS /api/post 200 0.201 ms - 0
2022-05-05 10:33:41:3341 info: 
**********************REQUEST_STARTED*********************
GET /api/post 304 226.301 ms - -
2022-05-05 10:33:41:3341 info: 
**********************REQUEST_STARTED*********************
GET /api/post?page=1&limit=5 304 233.540 ms - -
2022-05-05 10:33:41:3341 info: 
**********************REQUEST_STARTED*********************
GET /api/post?page=1&limit=5 304 193.367 ms - -
2022-05-05 10:33:41:3341 info: 
**********************REQUEST_STARTED*********************
GET /api/post 304 204.895 ms - -
2022-05-05 10:39:50:3950 info: 
**********************REQUEST_STARTED*********************
OPTIONS /api/post?page=1&limit=5 200 2.316 ms - 0
2022-05-05 10:39:50:3950 info: 
**********************REQUEST_STARTED*********************
OPTIONS /api/post 200 0.156 ms - 0
2022-05-05 10:39:50:3950 info: 
**********************REQUEST_STARTED*********************
GET /api/post 304 101.546 ms - -
2022-05-05 10:39:50:3950 info: 
**********************REQUEST_STARTED*********************
GET /api/post?page=1&limit=5 304 120.511 ms - -
2022-05-05 10:39:50:3950 info: 
**********************REQUEST_STARTED*********************
GET /api/post?page=1&limit=5 304 89.395 ms - -
2022-05-05 10:39:50:3950 info: 
**********************REQUEST_STARTED*********************
GET /api/post 304 100.465 ms - -
2022-05-05 10:39:50:3950 info: 
**********************REQUEST_STARTED*********************
GET /api/post 304 84.370 ms - -
2022-05-05 10:39:50:3950 info: 
**********************REQUEST_STARTED*********************
GET /api/post?page=1&limit=5 304 90.080 ms - -
2022-05-05 10:39:51:3951 info: 
**********************REQUEST_STARTED*********************
GET /api/post 304 92.668 ms - -
2022-05-05 10:39:51:3951 info: 
**********************REQUEST_STARTED*********************
GET /api/post?page=1&limit=5 304 85.138 ms - -
2022-05-05 10:44:49:4449 info: 
**********************REQUEST_STARTED*********************
OPTIONS /api/post?page=1&limit=5 200 2.400 ms - 0
2022-05-05 10:44:49:4449 info: 
**********************REQUEST_STARTED*********************
OPTIONS /api/post 200 0.095 ms - 0
2022-05-05 10:44:49:4449 info: 
**********************REQUEST_STARTED*********************
OPTIONS /api/post?page=1&limit=5 200 0.120 ms - 0
2022-05-05 10:44:49:4449 info: 
**********************REQUEST_STARTED*********************
OPTIONS /api/post 200 0.143 ms - 0
2022-05-05 10:44:49:4449 info: 
**********************REQUEST_STARTED*********************
OPTIONS /api/post 200 0.314 ms - 0
2022-05-05 10:44:49:4449 info: 
**********************REQUEST_STARTED*********************
OPTIONS /api/post 200 0.215 ms - 0
2022-05-05 10:44:49:4449 info: 
**********************REQUEST_STARTED*********************
GET /api/post?page=1&limit=5 304 405.529 ms - -
2022-05-05 10:44:49:4449 info: 
**********************REQUEST_STARTED*********************
GET /api/post 304 382.981 ms - -
2022-05-05 10:44:50:4450 info: 
**********************REQUEST_STARTED*********************
GET /api/post 304 228.132 ms - -
2022-05-05 10:44:50:4450 info: 
**********************REQUEST_STARTED*********************
GET /api/post?page=1&limit=5 304 248.753 ms - -
2022-05-05 10:44:50:4450 info: 
**********************REQUEST_STARTED*********************
GET /api/post?page=1&limit=5 304 225.726 ms - -
2022-05-05 10:44:50:4450 info: 
**********************REQUEST_STARTED*********************
GET /api/post 304 241.254 ms - -
2022-05-05 10:44:50:4450 info: 
**********************REQUEST_STARTED*********************
GET /api/post?page=1&limit=5 304 123.847 ms - -
2022-05-05 10:44:50:4450 info: 
**********************REQUEST_STARTED*********************
GET /api/post 304 113.725 ms - -
2022-05-05 10:45:12:4512 info: 
**********************REQUEST_STARTED*********************
OPTIONS /api/post?page=1&limit=5 200 0.197 ms - 0
2022-05-05 10:45:12:4512 info: 
**********************REQUEST_STARTED*********************
OPTIONS /api/post 200 0.187 ms - 0
2022-05-05 10:45:12:4512 info: 
**********************REQUEST_STARTED*********************
GET /api/post 304 249.099 ms - -
2022-05-05 10:45:12:4512 info: 
**********************REQUEST_STARTED*********************
GET /api/post?page=1&limit=5 304 256.892 ms - -
2022-05-05 10:45:13:4513 info: 
**********************REQUEST_STARTED*********************
GET /api/post?page=1&limit=5 304 316.360 ms - -
2022-05-05 10:45:13:4513 info: 
**********************REQUEST_STARTED*********************
GET /api/post 304 321.158 ms - -
2022-05-05 10:45:33:4533 info: 
**********************REQUEST_STARTED*********************
OPTIONS /api/post?page=1&limit=5 200 0.156 ms - 0
2022-05-05 10:45:33:4533 info: 
**********************REQUEST_STARTED*********************
OPTIONS /api/post 200 0.247 ms - 0
2022-05-05 10:45:33:4533 info: 
**********************REQUEST_STARTED*********************
GET /api/post 304 155.689 ms - -
2022-05-05 10:45:33:4533 info: 
**********************REQUEST_STARTED*********************
GET /api/post?page=1&limit=5 304 160.439 ms - -
2022-05-05 10:45:33:4533 info: 
**********************REQUEST_STARTED*********************
GET /api/post?page=1&limit=5 304 225.456 ms - -
2022-05-05 10:45:33:4533 info: 
**********************REQUEST_STARTED*********************
GET /api/post 304 230.595 ms - -
2022-05-05 10:46:13:4613 info: 
**********************REQUEST_STARTED*********************
OPTIONS /api/post?page=1&limit=5 200 0.236 ms - 0
2022-05-05 10:46:13:4613 info: 
**********************REQUEST_STARTED*********************
OPTIONS /api/post 200 0.245 ms - 0
2022-05-05 10:46:13:4613 info: 
**********************REQUEST_STARTED*********************
GET /api/post 304 310.235 ms - -
2022-05-05 10:46:13:4613 info: 
**********************REQUEST_STARTED*********************
GET /api/post?page=1&limit=5 304 320.619 ms - -
2022-05-05 10:46:13:4613 info: 
**********************REQUEST_STARTED*********************
GET /api/post?page=1&limit=5 304 214.030 ms - -
2022-05-05 10:46:13:4613 info: 
**********************REQUEST_STARTED*********************
GET /api/post 304 219.562 ms - -
2022-05-05 10:47:06:476 info: 
**********************REQUEST_STARTED*********************
OPTIONS /api/post?page=1&limit=5 200 0.173 ms - 0
2022-05-05 10:47:06:476 info: 
**********************REQUEST_STARTED*********************
OPTIONS /api/post 200 0.319 ms - 0
2022-05-05 10:47:06:476 info: 
**********************REQUEST_STARTED*********************
GET /api/post?page=1&limit=5 304 93.436 ms - -
2022-05-05 10:47:06:476 info: 
**********************REQUEST_STARTED*********************
GET /api/post 304 123.009 ms - -
2022-05-05 10:47:06:476 info: 
**********************REQUEST_STARTED*********************
GET /api/post?page=1&limit=5 304 205.504 ms - -
2022-05-05 10:47:06:476 info: 
**********************REQUEST_STARTED*********************
GET /api/post 304 207.087 ms - -
2022-05-05 10:47:25:4725 info: 
**********************REQUEST_STARTED*********************
OPTIONS /api/post?page=1&limit=5 200 0.319 ms - 0
2022-05-05 10:47:25:4725 info: 
**********************REQUEST_STARTED*********************
OPTIONS /api/post 200 0.106 ms - 0
2022-05-05 10:47:25:4725 info: 
**********************REQUEST_STARTED*********************
GET /api/post 304 75.959 ms - -
2022-05-05 10:47:25:4725 info: 
**********************REQUEST_STARTED*********************
GET /api/post?page=1&limit=5 304 92.169 ms - -
2022-05-05 10:47:26:4726 info: 
**********************REQUEST_STARTED*********************
GET /api/post 304 60.294 ms - -
2022-05-05 10:47:26:4726 info: 
**********************REQUEST_STARTED*********************
GET /api/post?page=1&limit=5 304 67.231 ms - -
2022-05-05 10:48:03:483 info: 
**********************REQUEST_STARTED*********************
OPTIONS /api/post?page=1&limit=5 200 0.262 ms - 0
2022-05-05 10:48:03:483 info: 
**********************REQUEST_STARTED*********************
OPTIONS /api/post 200 0.318 ms - 0
2022-05-05 10:48:03:483 info: 
**********************REQUEST_STARTED*********************
OPTIONS /api/post 200 0.232 ms - 0
2022-05-05 10:48:03:483 info: 
**********************REQUEST_STARTED*********************
GET /api/post 304 141.002 ms - -
2022-05-05 10:48:03:483 info: 
**********************REQUEST_STARTED*********************
GET /api/post?page=1&limit=5 304 142.193 ms - -
2022-05-05 10:48:03:483 info: 
**********************REQUEST_STARTED*********************
GET /api/post 304 227.461 ms - -
2022-05-05 10:48:03:483 info: 
**********************REQUEST_STARTED*********************
GET /api/post?page=1&limit=5 304 229.135 ms - -
2022-05-05 10:48:50:4850 info: 
**********************REQUEST_STARTED*********************
OPTIONS /api/post?page=1&limit=5 200 0.265 ms - 0
2022-05-05 10:48:50:4850 info: 
**********************REQUEST_STARTED*********************
OPTIONS /api/post 200 0.211 ms - 0
2022-05-05 10:48:50:4850 info: 
**********************REQUEST_STARTED*********************
GET /api/post 304 245.139 ms - -
2022-05-05 10:48:50:4850 info: 
**********************REQUEST_STARTED*********************
GET /api/post?page=1&limit=5 304 254.385 ms - -
2022-05-05 10:48:50:4850 info: 
**********************REQUEST_STARTED*********************
GET /api/post?page=1&limit=5 304 85.044 ms - -
2022-05-05 10:48:50:4850 info: 
**********************REQUEST_STARTED*********************
GET /api/post 304 100.223 ms - -
2022-05-05 10:49:31:4931 info: 
**********************REQUEST_STARTED*********************
OPTIONS /api/post?page=1&limit=5 200 0.218 ms - 0
2022-05-05 10:49:31:4931 info: 
**********************REQUEST_STARTED*********************
OPTIONS /api/post 200 0.199 ms - 0
2022-05-05 10:49:31:4931 info: 
**********************REQUEST_STARTED*********************
GET /api/post 304 182.272 ms - -
2022-05-05 10:49:31:4931 info: 
**********************REQUEST_STARTED*********************
GET /api/post?page=1&limit=5 304 187.888 ms - -
2022-05-05 10:49:31:4931 info: 
**********************REQUEST_STARTED*********************
GET /api/post 304 187.008 ms - -
2022-05-05 10:49:31:4931 info: 
**********************REQUEST_STARTED*********************
GET /api/post?page=1&limit=5 304 192.888 ms - -
2022-05-05 10:50:14:5014 info: 
**********************REQUEST_STARTED*********************
OPTIONS /api/post?page=1&limit=5 200 0.203 ms - 0
2022-05-05 10:50:14:5014 info: 
**********************REQUEST_STARTED*********************
OPTIONS /api/post 200 0.236 ms - 0
2022-05-05 10:50:14:5014 info: 
**********************REQUEST_STARTED*********************
GET /api/post?page=1&limit=5 304 68.467 ms - -
2022-05-05 10:50:14:5014 info: 
**********************REQUEST_STARTED*********************
GET /api/post 304 69.951 ms - -
2022-05-05 10:51:16:5116 info: 
**********************REQUEST_STARTED*********************
OPTIONS /api/post?page=1&limit=5 200 0.186 ms - 0
2022-05-05 10:51:16:5116 info: 
**********************REQUEST_STARTED*********************
OPTIONS /api/post 200 0.267 ms - 0
2022-05-05 10:51:16:5116 info: 
**********************REQUEST_STARTED*********************
GET /api/post?page=1&limit=5 304 75.549 ms - -
2022-05-05 10:51:16:5116 info: 
**********************REQUEST_STARTED*********************
GET /api/post 304 77.316 ms - -
2022-05-05 10:52:29:5229 info: 
**********************REQUEST_STARTED*********************
OPTIONS /api/post?page=1&limit=5 200 0.140 ms - 0
2022-05-05 10:52:29:5229 info: 
**********************REQUEST_STARTED*********************
OPTIONS /api/post 200 0.234 ms - 0
2022-05-05 10:52:29:5229 info: 
**********************REQUEST_STARTED*********************
GET /api/post 304 60.660 ms - -
2022-05-05 10:52:29:5229 info: 
**********************REQUEST_STARTED*********************
GET /api/post?page=1&limit=5 304 67.127 ms - -
2022-05-05 10:52:36:5236 info: 
**********************REQUEST_STARTED*********************
OPTIONS /api/post?page=1&limit=5 200 0.133 ms - 0
2022-05-05 10:52:36:5236 info: 
**********************REQUEST_STARTED*********************
OPTIONS /api/post 200 0.248 ms - 0
2022-05-05 10:52:36:5236 info: 
**********************REQUEST_STARTED*********************
GET /api/post 304 63.409 ms - -
2022-05-05 10:52:36:5236 info: 
**********************REQUEST_STARTED*********************
GET /api/post?page=1&limit=5 304 70.321 ms - -
2022-05-05 10:53:36:5336 info: 
**********************REQUEST_STARTED*********************
OPTIONS /api/post?page=1&limit=5 200 0.198 ms - 0
2022-05-05 10:53:36:5336 info: 
**********************REQUEST_STARTED*********************
OPTIONS /api/post 200 0.248 ms - 0
2022-05-05 10:53:36:5336 info: 
**********************REQUEST_STARTED*********************
GET /api/post 304 97.527 ms - -
2022-05-05 10:53:36:5336 info: 
**********************REQUEST_STARTED*********************
GET /api/post?page=1&limit=5 304 105.942 ms - -
2022-05-05 10:53:48:5348 info: 
**********************REQUEST_STARTED*********************
OPTIONS /api/post?page=1&limit=5 200 0.216 ms - 0
2022-05-05 10:53:48:5348 info: 
**********************REQUEST_STARTED*********************
OPTIONS /api/post 200 0.183 ms - 0
2022-05-05 10:53:49:5349 info: 
**********************REQUEST_STARTED*********************
GET /api/post 304 202.579 ms - -
2022-05-05 10:53:49:5349 info: 
**********************REQUEST_STARTED*********************
GET /api/post?page=1&limit=5 304 291.310 ms - -
2022-05-05 10:54:31:5431 info: 
**********************REQUEST_STARTED*********************
OPTIONS /api/post?page=1&limit=5 200 0.183 ms - 0
2022-05-05 10:54:31:5431 info: 
**********************REQUEST_STARTED*********************
OPTIONS /api/post 200 0.217 ms - 0
2022-05-05 10:54:32:5432 info: 
**********************REQUEST_STARTED*********************
GET /api/post 304 78.877 ms - -
2022-05-05 10:54:32:5432 info: 
**********************REQUEST_STARTED*********************
GET /api/post?page=1&limit=5 304 86.290 ms - -
2022-05-05 10:54:46:5446 info: 
**********************REQUEST_STARTED*********************
OPTIONS /api/post?page=1&limit=5 200 0.120 ms - 0
2022-05-05 10:54:46:5446 info: 
**********************REQUEST_STARTED*********************
OPTIONS /api/post 200 0.233 ms - 0
2022-05-05 10:54:46:5446 info: 
**********************REQUEST_STARTED*********************
GET /api/post 304 85.741 ms - -
2022-05-05 10:54:46:5446 info: 
**********************REQUEST_STARTED*********************
GET /api/post?page=1&limit=5 304 91.172 ms - -
2022-05-05 10:54:49:5449 info: 
**********************REQUEST_STARTED*********************
GET /api/post 304 248.795 ms - -
2022-05-05 10:54:49:5449 info: 
**********************REQUEST_STARTED*********************
GET /api/post?page=1&limit=5 304 255.412 ms - -
2022-05-05 10:55:04:554 info: 
**********************REQUEST_STARTED*********************
OPTIONS /api/post?page=1&limit=5 200 0.192 ms - 0
2022-05-05 10:55:04:554 info: 
**********************REQUEST_STARTED*********************
OPTIONS /api/post 200 0.163 ms - 0
2022-05-05 10:55:04:554 info: 
**********************REQUEST_STARTED*********************
GET /api/post?page=1&limit=5 304 245.705 ms - -
2022-05-05 10:55:04:554 info: 
**********************REQUEST_STARTED*********************
GET /api/post 304 293.727 ms - -
2022-05-05 10:55:16:5516 info: 
**********************REQUEST_STARTED*********************
OPTIONS /api/post?page=1&limit=5 200 0.289 ms - 0
2022-05-05 10:55:16:5516 info: 
**********************REQUEST_STARTED*********************
OPTIONS /api/post 200 0.676 ms - 0
2022-05-05 10:55:16:5516 info: 
**********************REQUEST_STARTED*********************
GET /api/post?page=1&limit=5 304 188.280 ms - -
2022-05-05 10:55:16:5516 info: 
**********************REQUEST_STARTED*********************
GET /api/post 304 191.695 ms - -
2022-05-05 10:55:18:5518 info: 
**********************REQUEST_STARTED*********************
GET /api/post 304 209.962 ms - -
2022-05-05 10:55:18:5518 info: 
**********************REQUEST_STARTED*********************
GET /api/post?page=1&limit=5 304 216.085 ms - -
2022-05-05 10:56:10:5610 info: 
**********************REQUEST_STARTED*********************
OPTIONS /api/post?page=1&limit=5 200 0.343 ms - 0
2022-05-05 10:56:10:5610 info: 
**********************REQUEST_STARTED*********************
OPTIONS /api/post 200 0.233 ms - 0
2022-05-05 10:56:10:5610 info: 
**********************REQUEST_STARTED*********************
GET /api/post 304 361.997 ms - -
2022-05-05 10:56:10:5610 info: 
**********************REQUEST_STARTED*********************
GET /api/post?page=1&limit=5 304 367.956 ms - -
2022-05-05 10:56:37:5637 info: 
**********************REQUEST_STARTED*********************
OPTIONS /api/post?page=1&limit=5 200 0.254 ms - 0
2022-05-05 10:56:37:5637 info: 
**********************REQUEST_STARTED*********************
OPTIONS /api/post 200 0.294 ms - 0
2022-05-05 10:56:38:5638 info: 
**********************REQUEST_STARTED*********************
GET /api/post 304 159.028 ms - -
2022-05-05 10:56:38:5638 info: 
**********************REQUEST_STARTED*********************
GET /api/post?page=1&limit=5 304 164.760 ms - -
2022-05-05 10:58:02:582 info: 
**********************REQUEST_STARTED*********************
OPTIONS /api/post?page=1&limit=5 200 0.210 ms - 0
2022-05-05 10:58:02:582 info: 
**********************REQUEST_STARTED*********************
OPTIONS /api/post 200 0.118 ms - 0
2022-05-05 10:58:02:582 info: 
**********************REQUEST_STARTED*********************
GET /api/post 304 159.618 ms - -
2022-05-05 10:58:02:582 info: 
**********************REQUEST_STARTED*********************
GET /api/post?page=1&limit=5 304 164.585 ms - -
2022-05-05 10:58:17:5817 info: 
**********************REQUEST_STARTED*********************
OPTIONS /api/post?page=1&limit=5 200 0.187 ms - 0
2022-05-05 10:58:17:5817 info: 
**********************REQUEST_STARTED*********************
OPTIONS /api/post 200 0.150 ms - 0
2022-05-05 10:58:17:5817 info: 
**********************REQUEST_STARTED*********************
GET /api/post 304 185.413 ms - -
2022-05-05 10:58:17:5817 info: 
**********************REQUEST_STARTED*********************
GET /api/post?page=1&limit=5 304 190.385 ms - -
2022-05-05 10:59:10:5910 info: 
**********************REQUEST_STARTED*********************
OPTIONS /api/post?page=1&limit=5 200 0.164 ms - 0
2022-05-05 10:59:10:5910 info: 
**********************REQUEST_STARTED*********************
OPTIONS /api/post 200 0.219 ms - 0
2022-05-05 10:59:10:5910 info: 
**********************REQUEST_STARTED*********************
GET /api/post 304 82.571 ms - -
2022-05-05 10:59:10:5910 info: 
**********************REQUEST_STARTED*********************
GET /api/post?page=1&limit=5 304 88.829 ms - -
2022-05-05 11:00:27:027 info: 
**********************REQUEST_STARTED*********************
OPTIONS /api/post?page=1&limit=5 200 0.175 ms - 0
2022-05-05 11:00:27:027 info: 
**********************REQUEST_STARTED*********************
OPTIONS /api/post 200 0.125 ms - 0
2022-05-05 11:00:27:027 info: 
**********************REQUEST_STARTED*********************
OPTIONS /api/post 200 0.135 ms - 0
2022-05-05 11:00:27:027 info: 
**********************REQUEST_STARTED*********************
GET /api/post 304 181.770 ms - -
2022-05-05 11:00:27:027 info: 
**********************REQUEST_STARTED*********************
GET /api/post?page=1&limit=5 304 191.007 ms - -
2022-05-05 11:00:28:028 info: 
**********************REQUEST_STARTED*********************
GET /api/post?page=1&limit=5 304 411.455 ms - -
2022-05-05 11:00:28:028 info: 
**********************REQUEST_STARTED*********************
GET /api/post 304 416.804 ms - -
2022-05-05 11:00:44:044 info: 
**********************REQUEST_STARTED*********************
OPTIONS /api/post?page=1&limit=5 200 0.165 ms - 0
2022-05-05 11:00:44:044 info: 
**********************REQUEST_STARTED*********************
OPTIONS /api/post 200 0.289 ms - 0
2022-05-05 11:00:44:044 info: 
**********************REQUEST_STARTED*********************
GET /api/post 304 260.346 ms - -
2022-05-05 11:00:44:044 info: 
**********************REQUEST_STARTED*********************
GET /api/post?page=1&limit=5 304 265.847 ms - -
2022-05-05 11:00:44:044 info: 
**********************REQUEST_STARTED*********************
GET /api/post 304 252.262 ms - -
2022-05-05 11:00:44:044 info: 
**********************REQUEST_STARTED*********************
GET /api/post?page=1&limit=5 304 258.293 ms - -
2022-05-05 11:02:59:259 info: 
**********************REQUEST_STARTED*********************
OPTIONS /api/post?page=1&limit=5 200 0.156 ms - 0
2022-05-05 11:02:59:259 info: 
**********************REQUEST_STARTED*********************
OPTIONS /api/post 200 0.212 ms - 0
2022-05-05 11:02:59:259 info: 
**********************REQUEST_STARTED*********************
GET /api/post 304 233.770 ms - -
2022-05-05 11:02:59:259 info: 
**********************REQUEST_STARTED*********************
GET /api/post?page=1&limit=5 304 238.355 ms - -
2022-05-05 11:02:59:259 info: 
**********************REQUEST_STARTED*********************
GET /api/post 304 289.025 ms - -
2022-05-05 11:02:59:259 info: 
**********************REQUEST_STARTED*********************
GET /api/post?page=1&limit=5 304 298.003 ms - -
2022-05-05 11:03:04:34 info: 
**********************REQUEST_STARTED*********************
OPTIONS /api/post?page=1&limit=5 200 0.150 ms - 0
2022-05-05 11:03:04:34 info: 
**********************REQUEST_STARTED*********************
OPTIONS /api/post 200 0.165 ms - 0
2022-05-05 11:03:04:34 info: 
**********************REQUEST_STARTED*********************
GET /api/post 304 104.604 ms - -
2022-05-05 11:03:04:34 info: 
**********************REQUEST_STARTED*********************
GET /api/post?page=1&limit=5 304 110.222 ms - -
2022-05-05 11:03:05:35 info: 
**********************REQUEST_STARTED*********************
GET /api/post 304 172.067 ms - -
2022-05-05 11:03:05:35 info: 
**********************REQUEST_STARTED*********************
GET /api/post?page=1&limit=5 304 177.318 ms - -
2022-05-05 11:03:31:331 info: 
**********************REQUEST_STARTED*********************
OPTIONS /api/post?page=1&limit=5 200 0.114 ms - 0
2022-05-05 11:03:31:331 info: 
**********************REQUEST_STARTED*********************
OPTIONS /api/post 200 0.163 ms - 0
2022-05-05 11:03:31:331 info: 
**********************REQUEST_STARTED*********************
GET /api/post 304 68.265 ms - -
2022-05-05 11:03:31:331 info: 
**********************REQUEST_STARTED*********************
GET /api/post?page=1&limit=5 304 73.686 ms - -
2022-05-05 11:03:31:331 info: 
**********************REQUEST_STARTED*********************
GET /api/post 304 189.869 ms - -
2022-05-05 11:03:31:331 info: 
**********************REQUEST_STARTED*********************
GET /api/post?page=1&limit=5 304 194.307 ms - -
2022-05-05 11:04:03:43 info: 
**********************REQUEST_STARTED*********************
OPTIONS /api/post?page=1&limit=5 200 0.150 ms - 0
2022-05-05 11:04:03:43 info: 
**********************REQUEST_STARTED*********************
OPTIONS /api/post 200 0.224 ms - 0
2022-05-05 11:04:03:43 info: 
**********************REQUEST_STARTED*********************
GET /api/post 304 83.428 ms - -
2022-05-05 11:04:03:43 info: 
**********************REQUEST_STARTED*********************
GET /api/post?page=1&limit=5 304 91.512 ms - -
2022-05-05 11:04:03:43 info: 
**********************REQUEST_STARTED*********************
GET /api/post 304 258.705 ms - -
2022-05-05 11:04:03:43 info: 
**********************REQUEST_STARTED*********************
GET /api/post?page=1&limit=5 304 264.736 ms - -
2022-05-05 11:04:15:415 info: 
**********************REQUEST_STARTED*********************
OPTIONS /api/post?page=1&limit=5 200 0.179 ms - 0
2022-05-05 11:04:15:415 info: 
**********************REQUEST_STARTED*********************
OPTIONS /api/post 200 0.097 ms - 0
2022-05-05 11:04:16:416 info: 
**********************REQUEST_STARTED*********************
GET /api/post?page=1&limit=5 304 145.929 ms - -
2022-05-05 11:04:16:416 info: 
**********************REQUEST_STARTED*********************
GET /api/post 304 166.718 ms - -
2022-05-05 11:04:16:416 info: 
**********************REQUEST_STARTED*********************
GET /api/post?page=1&limit=5 304 115.740 ms - -
2022-05-05 11:04:16:416 info: 
**********************REQUEST_STARTED*********************
GET /api/post 304 129.235 ms - -
2022-05-05 11:04:58:458 info: 
**********************REQUEST_STARTED*********************
OPTIONS /api/post?page=1&limit=5 200 0.230 ms - 0
2022-05-05 11:04:58:458 info: 
**********************REQUEST_STARTED*********************
OPTIONS /api/post 200 0.486 ms - 0
2022-05-05 11:04:59:459 info: 
**********************REQUEST_STARTED*********************
GET /api/post 304 98.683 ms - -
2022-05-05 11:04:59:459 info: 
**********************REQUEST_STARTED*********************
GET /api/post?page=1&limit=5 304 105.653 ms - -
2022-05-05 11:04:59:459 info: 
**********************REQUEST_STARTED*********************
GET /api/post 304 165.556 ms - -
2022-05-05 11:04:59:459 info: 
**********************REQUEST_STARTED*********************
GET /api/post?page=1&limit=5 304 170.396 ms - -
2022-05-05 11:05:16:516 info: 
**********************REQUEST_STARTED*********************
OPTIONS /api/post?page=1&limit=5 200 0.161 ms - 0
2022-05-05 11:05:16:516 info: 
**********************REQUEST_STARTED*********************
OPTIONS /api/post 200 0.234 ms - 0
2022-05-05 11:05:16:516 info: 
**********************REQUEST_STARTED*********************
GET /api/post 304 68.491 ms - -
2022-05-05 11:05:16:516 info: 
**********************REQUEST_STARTED*********************
GET /api/post?page=1&limit=5 304 73.946 ms - -
2022-05-05 11:05:16:516 info: 
**********************REQUEST_STARTED*********************
GET /api/post 304 179.939 ms - -
2022-05-05 11:05:16:516 info: 
**********************REQUEST_STARTED*********************
GET /api/post?page=1&limit=5 304 184.910 ms - -
2022-05-05 11:05:29:529 info: 
**********************REQUEST_STARTED*********************
OPTIONS /api/post?page=1&limit=5 200 0.240 ms - 0
2022-05-05 11:05:29:529 info: 
**********************REQUEST_STARTED*********************
OPTIONS /api/post 200 0.185 ms - 0
2022-05-05 11:05:29:529 info: 
**********************REQUEST_STARTED*********************
GET /api/post?page=1&limit=5 304 209.852 ms - -
2022-05-05 11:05:29:529 info: 
**********************REQUEST_STARTED*********************
GET /api/post 304 210.155 ms - -
2022-05-05 11:05:29:529 info: 
**********************REQUEST_STARTED*********************
GET /api/post?page=1&limit=5 304 170.347 ms - -
2022-05-05 11:05:29:529 info: 
**********************REQUEST_STARTED*********************
GET /api/post 304 171.737 ms - -
2022-05-05 11:05:36:536 info: 
**********************REQUEST_STARTED*********************
OPTIONS /api/post?page=1&limit=5 200 0.112 ms - 0
2022-05-05 11:05:36:536 info: 
**********************REQUEST_STARTED*********************
OPTIONS /api/post 200 0.211 ms - 0
2022-05-05 11:05:36:536 info: 
**********************REQUEST_STARTED*********************
GET /api/post 304 63.376 ms - -
2022-05-05 11:05:36:536 info: 
**********************REQUEST_STARTED*********************
GET /api/post?page=1&limit=5 304 70.660 ms - -
2022-05-05 11:05:37:537 info: 
**********************REQUEST_STARTED*********************
GET /api/post 304 63.576 ms - -
2022-05-05 11:05:37:537 info: 
**********************REQUEST_STARTED*********************
GET /api/post?page=1&limit=5 304 69.268 ms - -
2022-05-05 11:06:05:65 info: 
**********************REQUEST_STARTED*********************
OPTIONS /api/partner?page=1&limit=5 200 0.242 ms - 0
2022-05-05 11:06:05:65 info: 
**********************REQUEST_STARTED*********************
OPTIONS /api/partner 200 0.133 ms - 0
2022-05-05 11:06:06:66 info: 
**********************REQUEST_STARTED*********************
GET /api/partner?page=1&limit=5 304 987.167 ms - -
2022-05-05 11:06:06:66 info: 
**********************REQUEST_STARTED*********************
GET /api/partner 304 879.856 ms - -
2022-05-05 11:06:13:613 info: 
**********************REQUEST_STARTED*********************
OPTIONS /api/partner/626be0dd1ba8fcf714bf9cde 200 0.102 ms - 0
2022-05-05 11:06:13:613 info: 
**********************REQUEST_STARTED*********************
DELETE /api/partner/626be0dd1ba8fcf714bf9cde 200 125.324 ms - 31
2022-05-05 11:06:13:613 info: 
**********************REQUEST_STARTED*********************
OPTIONS /api/partner?page=1&limit=5 200 0.110 ms - 0
2022-05-05 11:06:13:613 info: 
**********************REQUEST_STARTED*********************
GET /api/partner?page=1&limit=5 200 198.160 ms - 4712
2022-05-05 11:06:16:616 info: 
**********************REQUEST_STARTED*********************
OPTIONS /api/post?page=1&limit=5 200 0.108 ms - 0
2022-05-05 11:06:16:616 info: 
**********************REQUEST_STARTED*********************
OPTIONS /api/post 200 0.124 ms - 0
2022-05-05 11:06:16:616 info: 
**********************REQUEST_STARTED*********************
GET /api/post?page=1&limit=5 304 107.193 ms - -
2022-05-05 11:06:16:616 info: 
**********************REQUEST_STARTED*********************
GET /api/post 304 99.235 ms - -
2022-05-05 11:09:11:911 info: 
**********************REQUEST_STARTED*********************
OPTIONS /api/post?page=1&limit=5 200 9.474 ms - 0
2022-05-05 11:09:11:911 info: 
**********************REQUEST_STARTED*********************
OPTIONS /api/post 200 0.312 ms - 0
2022-05-05 11:09:11:911 info: 
**********************REQUEST_STARTED*********************
GET /api/post?page=1&limit=5 304 289.371 ms - -
2022-05-05 11:09:11:911 info: 
**********************REQUEST_STARTED*********************
GET /api/post 304 200.816 ms - -
2022-05-05 11:09:11:911 info: 
**********************REQUEST_STARTED*********************
GET /api/post 304 114.331 ms - -
2022-05-05 11:09:11:911 info: 
**********************REQUEST_STARTED*********************
GET /api/post?page=1&limit=5 304 120.606 ms - -
2022-05-05 11:11:01:111 info: 
**********************REQUEST_STARTED*********************
OPTIONS /api/post?page=1&limit=5 200 0.110 ms - 0
2022-05-05 11:11:01:111 info: 
**********************REQUEST_STARTED*********************
OPTIONS /api/post 200 0.194 ms - 0
2022-05-05 11:11:01:111 info: 
**********************REQUEST_STARTED*********************
GET /api/post?page=1&limit=5 304 100.938 ms - -
2022-05-05 11:11:01:111 info: 
**********************REQUEST_STARTED*********************
GET /api/post 304 102.774 ms - -
2022-05-05 11:11:01:111 info: 
**********************REQUEST_STARTED*********************
GET /api/post 304 160.175 ms - -
2022-05-05 11:11:01:111 info: 
**********************REQUEST_STARTED*********************
GET /api/post?page=1&limit=5 304 165.210 ms - -
2022-05-05 11:13:11:1311 info: 
**********************REQUEST_STARTED*********************
OPTIONS /api/post?page=1&limit=5 200 0.353 ms - 0
2022-05-05 11:13:11:1311 info: 
**********************REQUEST_STARTED*********************
OPTIONS /api/post 200 0.275 ms - 0
2022-05-05 11:13:11:1311 info: 
**********************REQUEST_STARTED*********************
GET /api/post?page=1&limit=5 304 98.907 ms - -
2022-05-05 11:13:11:1311 info: 
**********************REQUEST_STARTED*********************
GET /api/post 304 100.423 ms - -
2022-05-05 11:13:11:1311 info: 
**********************REQUEST_STARTED*********************
GET /api/post 304 103.843 ms - -
2022-05-05 11:13:11:1311 info: 
**********************REQUEST_STARTED*********************
GET /api/post?page=1&limit=5 304 109.043 ms - -
2022-05-05 11:14:21:1421 info: 
**********************REQUEST_STARTED*********************
OPTIONS /api/post?page=1&limit=5 200 0.264 ms - 0
2022-05-05 11:14:21:1421 info: 
**********************REQUEST_STARTED*********************
OPTIONS /api/post 200 0.187 ms - 0
2022-05-05 11:14:21:1421 info: 
**********************REQUEST_STARTED*********************
GET /api/post 304 178.432 ms - -
2022-05-05 11:14:21:1421 info: 
**********************REQUEST_STARTED*********************
GET /api/post?page=1&limit=5 304 185.558 ms - -
2022-05-05 11:14:22:1422 info: 
**********************REQUEST_STARTED*********************
GET /api/post?page=1&limit=5 304 71.046 ms - -
2022-05-05 11:14:22:1422 info: 
**********************REQUEST_STARTED*********************
GET /api/post 304 76.275 ms - -
2022-05-05 11:14:34:1434 info: 
**********************REQUEST_STARTED*********************
OPTIONS /api/post?page=1&limit=5 200 0.151 ms - 0
2022-05-05 11:14:34:1434 info: 
**********************REQUEST_STARTED*********************
OPTIONS /api/post 200 0.172 ms - 0
2022-05-05 11:14:34:1434 info: 
**********************REQUEST_STARTED*********************
GET /api/post 304 80.057 ms - -
2022-05-05 11:14:34:1434 info: 
**********************REQUEST_STARTED*********************
GET /api/post?page=1&limit=5 304 88.718 ms - -
2022-05-05 11:14:34:1434 info: 
**********************REQUEST_STARTED*********************
GET /api/post?page=1&limit=5 304 96.326 ms - -
2022-05-05 11:14:34:1434 info: 
**********************REQUEST_STARTED*********************
GET /api/post 304 97.781 ms - -
