2022-05-18 11:23:32:2332 info: 
**********************REQUEST_STARTED*********************
OPTIONS /api/partner?page=1&limit=5 200 6.844 ms - 0
2022-05-18 11:23:32:2332 info: 
**********************REQUEST_STARTED*********************
OPTIONS /api/partner 200 0.383 ms - 0
2022-05-18 11:23:34:2334 info: 
**********************REQUEST_STARTED*********************
GET /api/partner 200 1222.178 ms - 14603
2022-05-18 11:23:34:2334 info: 
**********************REQUEST_STARTED*********************
GET /api/partner?page=1&limit=5 200 1394.954 ms - 14614
2022-05-18 11:23:35:2335 info: 
**********************REQUEST_STARTED*********************
OPTIONS /api/admin/service/category?limit=5&page=1 200 0.223 ms - 0
2022-05-18 11:23:35:2335 info: 
**********************REQUEST_STARTED*********************
GET /api/admin/service/category?limit=5&page=1 200 112.593 ms - 1327
2022-05-18 11:23:35:2335 info: 
**********************REQUEST_STARTED*********************
OPTIONS /api/admin/service/category 200 0.287 ms - 0
2022-05-18 11:23:35:2335 info: 
**********************REQUEST_STARTED*********************
GET /api/admin/service/category 200 119.542 ms - 2075
2022-05-18 11:24:37:2437 info: 
**********************REQUEST_STARTED*********************
OPTIONS /api/admin/service/category?limit=5&page=1 200 0.233 ms - 0
2022-05-18 11:24:37:2437 info: 
**********************REQUEST_STARTED*********************
GET /api/admin/service/category?limit=5&page=1 304 109.056 ms - -
2022-05-18 11:24:37:2437 info: 
**********************REQUEST_STARTED*********************
OPTIONS /api/admin/service/category 200 0.611 ms - 0
2022-05-18 11:24:37:2437 info: 
**********************REQUEST_STARTED*********************
GET /api/admin/service/category 304 109.176 ms - -
2022-05-18 11:56:55:5655 info: 
**********************REQUEST_STARTED*********************
OPTIONS /api/splash/admin/all?page=1&limit=6 200 1.638 ms - 0
2022-05-18 11:56:55:5655 info: 
**********************REQUEST_STARTED*********************
GET /api/splash/admin/all?page=1&limit=6 200 162.056 ms - 1014
2022-05-18 11:56:57:5657 info: 
**********************REQUEST_STARTED*********************
OPTIONS /api/partner?page=1&limit=5 200 0.164 ms - 0
2022-05-18 11:56:57:5657 info: 
**********************REQUEST_STARTED*********************
OPTIONS /api/partner 200 0.237 ms - 0
2022-05-18 11:56:58:5658 info: 
**********************REQUEST_STARTED*********************
GET /api/partner?page=1&limit=5 304 528.420 ms - -
2022-05-18 11:56:58:5658 info: 
**********************REQUEST_STARTED*********************
GET /api/partner 304 560.560 ms - -
2022-05-18 11:56:59:5659 info: 
**********************REQUEST_STARTED*********************
OPTIONS /api/admin/service/category?limit=5&page=1 200 0.188 ms - 0
2022-05-18 11:56:59:5659 info: 
**********************REQUEST_STARTED*********************
GET /api/admin/service/category?limit=5&page=1 304 105.614 ms - -
2022-05-18 11:56:59:5659 info: 
**********************REQUEST_STARTED*********************
OPTIONS /api/admin/service/category 200 0.144 ms - 0
2022-05-18 11:57:00:570 info: 
**********************REQUEST_STARTED*********************
GET /api/admin/service/category 304 103.474 ms - -
2022-05-18 11:57:22:5722 info: 
**********************REQUEST_STARTED*********************
OPTIONS /api/admin/service/category?limit=5&page=1 200 0.179 ms - 0
2022-05-18 11:57:22:5722 info: 
**********************REQUEST_STARTED*********************
GET /api/admin/service/category?limit=5&page=1 304 101.476 ms - -
2022-05-18 11:57:22:5722 info: 
**********************REQUEST_STARTED*********************
OPTIONS /api/admin/service/category 200 0.174 ms - 0
2022-05-18 11:57:22:5722 info: 
**********************REQUEST_STARTED*********************
GET /api/admin/service/category 304 103.666 ms - -
2022-05-18 12:39:26:3926 info: 
**********************REQUEST_STARTED*********************
OPTIONS /api/admin/service/category?limit=5&page=1 200 7.737 ms - 0
2022-05-18 12:39:27:3927 info: 
**********************REQUEST_STARTED*********************
GET /api/admin/service/category?limit=5&page=1 304 337.245 ms - -
2022-05-18 12:39:27:3927 info: 
**********************REQUEST_STARTED*********************
OPTIONS /api/admin/service/category 200 0.386 ms - 0
2022-05-18 12:39:27:3927 info: 
**********************REQUEST_STARTED*********************
GET /api/admin/service/category 304 137.955 ms - -
2022-05-18 12:39:57:3957 info: 
**********************REQUEST_STARTED*********************
OPTIONS /api/admin/service/category?limit=5&page=1 200 0.189 ms - 0
2022-05-18 12:39:57:3957 info: 
**********************REQUEST_STARTED*********************
GET /api/admin/service/category?limit=5&page=1 304 135.884 ms - -
2022-05-18 12:39:57:3957 info: 
**********************REQUEST_STARTED*********************
OPTIONS /api/admin/service/category 200 0.213 ms - 0
2022-05-18 12:39:57:3957 info: 
**********************REQUEST_STARTED*********************
GET /api/admin/service/category 304 127.981 ms - -
2022-05-18 12:41:22:4122 info: 
**********************REQUEST_STARTED*********************
OPTIONS /api/partner 200 0.376 ms - 0
2022-05-18 12:41:23:4123 info: 
**********************REQUEST_STARTED*********************
POST /api/partner 200 919.407 ms - 617
2022-05-18 12:41:23:4123 info: 
**********************REQUEST_STARTED*********************
OPTIONS /api/partner?page=1&limit=5 200 0.232 ms - 0
2022-05-18 12:41:23:4123 info: 
**********************REQUEST_STARTED*********************
GET /api/partner 200 161.847 ms - 79
2022-05-18 12:41:23:4123 info: 
**********************REQUEST_STARTED*********************
GET /api/partner?page=1&limit=5 200 165.934 ms - 90
2022-05-18 12:41:30:4130 info: 
**********************REQUEST_STARTED*********************
OPTIONS /api/partner/requests?page=1&limit=5 200 0.304 ms - 0
2022-05-18 12:41:30:4130 info: 
**********************REQUEST_STARTED*********************
OPTIONS /api/partner/requests 200 0.289 ms - 0
2022-05-18 12:41:30:4130 info: 
**********************REQUEST_STARTED*********************
GET /api/partner/requests?page=1&limit=5 200 261.370 ms - 2180
2022-05-18 12:41:30:4130 info: 
**********************REQUEST_STARTED*********************
GET /api/partner/requests 200 269.851 ms - 2169
2022-05-18 12:41:32:4132 info: 
**********************REQUEST_STARTED*********************
OPTIONS /api/partner/62849c1ac007b4615ab4b6d0 200 0.227 ms - 0
2022-05-18 12:41:32:4132 info: 
**********************REQUEST_STARTED*********************
GET /api/partner/62849c1ac007b4615ab4b6d0 200 160.683 ms - 1254
2022-05-18 12:41:44:4144 info: 
**********************REQUEST_STARTED*********************
OPTIONS /api/partner/62849c1ac007b4615ab4b6d0 200 0.394 ms - 0
2022-05-18 12:41:44:4144 info: 
**********************REQUEST_STARTED*********************
GET /api/partner/62849c1ac007b4615ab4b6d0 304 170.651 ms - -
2022-05-18 13:58:35:5835 info: 
**********************REQUEST_STARTED*********************
OPTIONS /api/partner?page=1&limit=5 200 6.393 ms - 0
2022-05-18 13:58:35:5835 info: 
**********************REQUEST_STARTED*********************
OPTIONS /api/partner 200 0.612 ms - 0
2022-05-18 13:58:36:5836 info: 
**********************REQUEST_STARTED*********************
GET /api/partner?page=1&limit=5 304 638.601 ms - -
2022-05-18 13:58:36:5836 info: 
**********************REQUEST_STARTED*********************
GET /api/partner 304 573.975 ms - -
2022-05-18 13:58:37:5837 info: 
**********************REQUEST_STARTED*********************
OPTIONS /api/admin/service/category?limit=5&page=1 200 0.138 ms - 0
2022-05-18 13:58:37:5837 info: 
**********************REQUEST_STARTED*********************
GET /api/admin/service/category?limit=5&page=1 304 129.434 ms - -
2022-05-18 13:58:37:5837 info: 
**********************REQUEST_STARTED*********************
OPTIONS /api/admin/service/category 200 0.179 ms - 0
2022-05-18 13:58:37:5837 info: 
**********************REQUEST_STARTED*********************
GET /api/admin/service/category 304 114.844 ms - -
2022-05-18 14:03:58:358 info: 
**********************REQUEST_STARTED*********************
POST /api/partner 400 67.227 ms - 45
2022-05-18 14:04:19:419 info: 
**********************REQUEST_STARTED*********************
POST /api/partner 400 8.678 ms - 45
2022-05-18 14:04:42:442 info: 
**********************REQUEST_STARTED*********************
POST /api/partner 200 391.847 ms - 677
2022-05-18 14:21:20:2120 info: 
**********************REQUEST_STARTED*********************
POST /api/partner 200 513.013 ms - 406
2022-05-18 14:21:40:2140 info: 
**********************REQUEST_STARTED*********************
POST /api/partner/login 400 228.581 ms - 45
2022-05-18 14:22:28:2228 info: 
**********************REQUEST_STARTED*********************
POST /api/partner/login 400 294.851 ms - 45
2022-05-18 14:23:10:2310 info: 
**********************REQUEST_STARTED*********************
POST /api/partner/login 400 229.026 ms - 45
2022-05-18 14:23:27:2327 info: 
**********************REQUEST_STARTED*********************
POST /api/partner/login 400 191.506 ms - 45
2022-05-18 14:24:18:2418 info: 
**********************REQUEST_STARTED*********************
POST /api/partner/login 400 296.448 ms - 45
2022-05-18 14:25:22:2522 info: 
**********************REQUEST_STARTED*********************
POST /api/partner/login 400 774.678 ms - 45
2022-05-18 14:26:51:2651 info: 
**********************REQUEST_STARTED*********************
POST /api/partner/login 400 361.695 ms - 45
2022-05-18 14:28:35:2835 info: 
**********************REQUEST_STARTED*********************
POST /api/partner/login 400 573.492 ms - 45
2022-05-18 14:29:02:292 info: 
**********************REQUEST_STARTED*********************
POST /api/partner/login 400 317.839 ms - 45
2022-05-18 14:30:39:3039 info: 
**********************REQUEST_STARTED*********************
POST /api/partner/login 400 93.466 ms - 34
2022-05-18 14:31:45:3145 info: 
**********************REQUEST_STARTED*********************
POST /api/partner/login 400 93.787 ms - 34
2022-05-18 14:32:55:3255 info: 
**********************REQUEST_STARTED*********************
POST /api/partner/login 400 87.833 ms - 34
2022-05-18 14:33:56:3356 info: 
**********************REQUEST_STARTED*********************
POST /api/partner/login 400 93.230 ms - 42
2022-05-18 14:34:55:3455 info: 
**********************REQUEST_STARTED*********************
POST /api/partner/login 400 184.420 ms - 42
2022-05-18 14:35:25:3525 info: 
**********************REQUEST_STARTED*********************
POST /api/partner/login 400 84.212 ms - 42
2022-05-18 14:36:19:3619 info: 
**********************REQUEST_STARTED*********************
POST /api/partner/login 400 154.475 ms - 42
2022-05-18 14:36:55:3655 info: 
**********************REQUEST_STARTED*********************
POST /api/partner/login 400 88.233 ms - 42
2022-05-18 14:37:43:3743 info: 
**********************REQUEST_STARTED*********************
POST /api/partner/login 400 82.267 ms - 42
2022-05-18 14:40:14:4014 info: 
**********************REQUEST_STARTED*********************
POST /api/partner/login 400 596.324 ms - 42
2022-05-18 14:41:31:4131 info: 
**********************REQUEST_STARTED*********************
POST /api/partner/login 400 272.127 ms - 34
2022-05-18 14:42:04:424 info: 
**********************REQUEST_STARTED*********************
POST /api/partner/login 400 76.473 ms - 34
2022-05-18 14:42:48:4248 info: 
**********************REQUEST_STARTED*********************
POST /api/partner/login 400 39.874 ms - 34
2022-05-18 14:43:40:4340 info: 
**********************REQUEST_STARTED*********************
POST /api/partner/login 400 74.093 ms - 42
2022-05-18 14:44:23:4423 info: 
**********************REQUEST_STARTED*********************
POST /api/partner/login 400 101.896 ms - 42
2022-05-18 14:45:07:457 info: 
**********************REQUEST_STARTED*********************
POST /api/partner/login 400 349.408 ms - 45
2022-05-18 14:46:33:4633 info: 
**********************REQUEST_STARTED*********************
POST /api/partner/login 200 482.586 ms - 218
2022-05-18 14:52:34:5234 info: 
**********************REQUEST_STARTED*********************
POST /api/partner/login 400 405.143 ms - 42
2022-05-18 14:52:42:5242 info: 
**********************REQUEST_STARTED*********************
POST /api/partner/login 400 40.499 ms - 34
2022-05-18 14:52:46:5246 info: 
**********************REQUEST_STARTED*********************
POST /api/partner/login 200 384.386 ms - 218
2022-05-18 14:54:32:5432 info: 
**********************REQUEST_STARTED*********************
OPTIONS /api/partner?page=1&limit=5 200 0.874 ms - 0
2022-05-18 14:54:32:5432 info: 
**********************REQUEST_STARTED*********************
OPTIONS /api/partner 200 0.463 ms - 0
2022-05-18 14:54:32:5432 info: 
**********************REQUEST_STARTED*********************
GET /api/partner?page=1&limit=5 200 254.808 ms - 4329
2022-05-18 14:54:32:5432 info: 
**********************REQUEST_STARTED*********************
GET /api/partner 200 258.957 ms - 4318
2022-05-18 14:54:42:5442 info: 
**********************REQUEST_STARTED*********************
OPTIONS /api/admin/service/category 200 0.346 ms - 0
2022-05-18 14:54:42:5442 info: 
**********************REQUEST_STARTED*********************
OPTIONS /api/partner/6284afa2ad4d0d62bc989453 200 0.439 ms - 0
2022-05-18 14:54:42:5442 info: 
**********************REQUEST_STARTED*********************
GET /api/partner/6284afa2ad4d0d62bc989453 200 115.375 ms - 1251
2022-05-18 14:54:42:5442 info: 
**********************REQUEST_STARTED*********************
GET /api/admin/service/category 304 153.960 ms - -
2022-05-18 14:56:22:5622 info: 
**********************REQUEST_STARTED*********************
OPTIONS /api/admin/service/category 200 0.404 ms - 0
2022-05-18 14:56:22:5622 info: 
**********************REQUEST_STARTED*********************
OPTIONS /api/partner/6284afa2ad4d0d62bc989453 200 0.400 ms - 0
2022-05-18 14:56:22:5622 info: 
**********************REQUEST_STARTED*********************
GET /api/partner/6284afa2ad4d0d62bc989453 304 136.724 ms - -
2022-05-18 14:56:22:5622 info: 
**********************REQUEST_STARTED*********************
GET /api/admin/service/category 304 175.131 ms - -
2022-05-18 14:56:32:5632 info: 
**********************REQUEST_STARTED*********************
OPTIONS /api/partner/update/6284afa2ad4d0d62bc989453 200 0.371 ms - 0
2022-05-18 14:56:32:5632 info: 
**********************REQUEST_STARTED*********************
PUT /api/partner/update/6284afa2ad4d0d62bc989453 400 420.471 ms - 844
2022-05-18 16:52:54:5254 info: 
**********************REQUEST_STARTED*********************
OPTIONS /api/admin/service/category 200 14.335 ms - 0
2022-05-18 16:52:55:5255 info: 
**********************REQUEST_STARTED*********************
OPTIONS /api/partner/6284afa2ad4d0d62bc989453 200 0.246 ms - 0
2022-05-18 16:52:56:5256 info: 
**********************REQUEST_STARTED*********************
GET /api/admin/service/category 304 2138.200 ms - -
2022-05-18 16:52:57:5257 info: 
**********************REQUEST_STARTED*********************
GET /api/partner/6284afa2ad4d0d62bc989453 200 2068.332 ms - 1162
2022-05-18 16:52:57:5257 info: 
**********************REQUEST_STARTED*********************
OPTIONS /api/partner/update/6284afa2ad4d0d62bc989453 200 0.135 ms - 0
2022-05-18 16:52:57:5257 info: 
**********************REQUEST_STARTED*********************
PUT /api/partner/update/6284afa2ad4d0d62bc989453 200 321.792 ms - 866
2022-05-18 16:52:57:5257 info: 
**********************REQUEST_STARTED*********************
OPTIONS /api/partner?page=1&limit=5 200 0.224 ms - 0
2022-05-18 16:52:57:5257 info: 
**********************REQUEST_STARTED*********************
OPTIONS /api/partner 200 0.255 ms - 0
2022-05-18 16:52:58:5258 info: 
**********************REQUEST_STARTED*********************
GET /api/partner 200 645.678 ms - 4320
2022-05-18 16:52:58:5258 info: 
**********************REQUEST_STARTED*********************
GET /api/partner?page=1&limit=5 200 646.694 ms - 4331
2022-05-18 16:53:16:5316 info: 
**********************REQUEST_STARTED*********************
OPTIONS /api/admin/service/category 200 0.187 ms - 0
2022-05-18 16:53:16:5316 info: 
**********************REQUEST_STARTED*********************
OPTIONS /api/partner/6284afa2ad4d0d62bc989453 200 0.375 ms - 0
2022-05-18 16:53:16:5316 info: 
**********************REQUEST_STARTED*********************
GET /api/partner/6284afa2ad4d0d62bc989453 200 372.530 ms - 1162
2022-05-18 16:53:16:5316 info: 
**********************REQUEST_STARTED*********************
GET /api/admin/service/category 304 380.824 ms - -
2022-05-18 16:53:26:5326 info: 
**********************REQUEST_STARTED*********************
OPTIONS /api/partner/update/6284afa2ad4d0d62bc989453 200 0.121 ms - 0
2022-05-18 16:53:26:5326 info: 
**********************REQUEST_STARTED*********************
PUT /api/partner/update/6284afa2ad4d0d62bc989453 200 801.245 ms - 866
2022-05-18 16:53:27:5327 info: 
**********************REQUEST_STARTED*********************
OPTIONS /api/partner?page=1&limit=5 200 0.197 ms - 0
2022-05-18 16:53:27:5327 info: 
**********************REQUEST_STARTED*********************
OPTIONS /api/partner 200 0.121 ms - 0
2022-05-18 16:53:29:5329 info: 
**********************REQUEST_STARTED*********************
GET /api/partner 200 2395.266 ms - 4374
2022-05-18 16:53:29:5329 info: 
**********************REQUEST_STARTED*********************
GET /api/partner?page=1&limit=5 200 2448.647 ms - 4385
2022-05-18 16:53:35:5335 info: 
**********************REQUEST_STARTED*********************
OPTIONS /api/admin/service/category 200 0.133 ms - 0
2022-05-18 16:53:35:5335 info: 
**********************REQUEST_STARTED*********************
OPTIONS /api/partner/6284afa2ad4d0d62bc989453 200 0.308 ms - 0
2022-05-18 16:53:35:5335 info: 
**********************REQUEST_STARTED*********************
GET /api/admin/service/category 304 184.281 ms - -
2022-05-18 16:53:35:5335 info: 
**********************REQUEST_STARTED*********************
GET /api/partner/6284afa2ad4d0d62bc989453 200 233.949 ms - 1216
2022-05-18 16:54:31:5431 info: 
**********************REQUEST_STARTED*********************
OPTIONS /api/partner/update/6284afa2ad4d0d62bc989453 200 0.130 ms - 0
2022-05-18 16:54:32:5432 info: 
**********************REQUEST_STARTED*********************
PUT /api/partner/update/6284afa2ad4d0d62bc989453 200 683.856 ms - 866
2022-05-18 16:54:32:5432 info: 
**********************REQUEST_STARTED*********************
OPTIONS /api/partner?page=1&limit=5 200 0.126 ms - 0
2022-05-18 16:54:32:5432 info: 
**********************REQUEST_STARTED*********************
OPTIONS /api/partner 200 0.186 ms - 0
2022-05-18 16:54:32:5432 info: 
**********************REQUEST_STARTED*********************
GET /api/partner 200 690.673 ms - 4342
2022-05-18 16:54:32:5432 info: 
**********************REQUEST_STARTED*********************
GET /api/partner?page=1&limit=5 200 697.913 ms - 4353
2022-05-18 16:54:35:5435 info: 
**********************REQUEST_STARTED*********************
OPTIONS /api/admin/service/category 200 0.118 ms - 0
2022-05-18 16:54:35:5435 info: 
**********************REQUEST_STARTED*********************
OPTIONS /api/partner/6284afa2ad4d0d62bc989453 200 0.297 ms - 0
2022-05-18 16:54:36:5436 info: 
**********************REQUEST_STARTED*********************
GET /api/admin/service/category 304 1103.423 ms - -
2022-05-18 16:54:37:5437 info: 
**********************REQUEST_STARTED*********************
GET /api/partner/6284afa2ad4d0d62bc989453 200 1792.731 ms - 1173
2022-05-18 16:54:39:5439 info: 
**********************REQUEST_STARTED*********************
OPTIONS /api/partner?page=1&limit=5 200 0.111 ms - 0
2022-05-18 16:54:39:5439 info: 
**********************REQUEST_STARTED*********************
OPTIONS /api/partner 200 0.323 ms - 0
2022-05-18 16:54:41:5441 info: 
**********************REQUEST_STARTED*********************
GET /api/partner 304 1168.984 ms - -
2022-05-18 16:54:41:5441 info: 
**********************REQUEST_STARTED*********************
GET /api/partner?page=1&limit=5 304 1169.244 ms - -
2022-05-18 16:54:46:5446 info: 
**********************REQUEST_STARTED*********************
OPTIONS /api/admin/service/category 200 0.210 ms - 0
2022-05-18 16:54:46:5446 info: 
**********************REQUEST_STARTED*********************
OPTIONS /api/partner/62849c1ac007b4615ab4b6d0 200 0.136 ms - 0
2022-05-18 16:54:46:5446 info: 
**********************REQUEST_STARTED*********************
GET /api/admin/service/category 304 531.809 ms - -
2022-05-18 16:54:46:5446 info: 
**********************REQUEST_STARTED*********************
GET /api/partner/62849c1ac007b4615ab4b6d0 200 531.166 ms - 1130
2022-05-18 16:54:48:5448 info: 
**********************REQUEST_STARTED*********************
OPTIONS /api/partner/update/62849c1ac007b4615ab4b6d0 200 0.107 ms - 0
2022-05-18 16:54:49:5449 info: 
**********************REQUEST_STARTED*********************
PUT /api/partner/update/62849c1ac007b4615ab4b6d0 200 495.263 ms - 788
2022-05-18 16:54:49:5449 info: 
**********************REQUEST_STARTED*********************
OPTIONS /api/partner?page=1&limit=5 200 0.223 ms - 0
2022-05-18 16:54:49:5449 info: 
**********************REQUEST_STARTED*********************
OPTIONS /api/partner 200 0.104 ms - 0
2022-05-18 16:54:49:5449 info: 
**********************REQUEST_STARTED*********************
GET /api/partner 200 386.463 ms - 4290
2022-05-18 16:54:49:5449 info: 
**********************REQUEST_STARTED*********************
GET /api/partner?page=1&limit=5 200 398.908 ms - 4301
2022-05-18 16:57:30:5730 info: 
**********************REQUEST_STARTED*********************
OPTIONS /api/partner/requests?page=1&limit=5 200 0.114 ms - 0
2022-05-18 16:57:30:5730 info: 
**********************REQUEST_STARTED*********************
OPTIONS /api/partner/requests 200 0.201 ms - 0
2022-05-18 16:57:30:5730 info: 
**********************REQUEST_STARTED*********************
GET /api/partner/requests 200 230.260 ms - 79
2022-05-18 16:57:30:5730 info: 
**********************REQUEST_STARTED*********************
GET /api/partner/requests?page=1&limit=5 200 248.365 ms - 90
2022-05-18 16:57:33:5733 info: 
**********************REQUEST_STARTED*********************
OPTIONS /api/partner?page=1&limit=5 200 0.126 ms - 0
2022-05-18 16:57:33:5733 info: 
**********************REQUEST_STARTED*********************
OPTIONS /api/partner 200 0.192 ms - 0
2022-05-18 16:57:33:5733 info: 
**********************REQUEST_STARTED*********************
GET /api/partner 304 629.846 ms - -
2022-05-18 16:57:33:5733 info: 
**********************REQUEST_STARTED*********************
GET /api/partner?page=1&limit=5 304 638.470 ms - -
2022-05-18 16:57:34:5734 info: 
**********************REQUEST_STARTED*********************
OPTIONS /api/admin/service/category?limit=5&page=1 200 0.104 ms - 0
2022-05-18 16:57:35:5735 info: 
**********************REQUEST_STARTED*********************
GET /api/admin/service/category?limit=5&page=1 304 658.227 ms - -
2022-05-18 16:57:35:5735 info: 
**********************REQUEST_STARTED*********************
OPTIONS /api/admin/service/category 200 0.112 ms - 0
2022-05-18 16:57:35:5735 info: 
**********************REQUEST_STARTED*********************
GET /api/admin/service/category 304 277.967 ms - -
2022-05-18 16:58:50:5850 info: 
**********************REQUEST_STARTED*********************
OPTIONS /api/partner 200 0.099 ms - 0
2022-05-18 16:58:51:5851 info: 
**********************REQUEST_STARTED*********************
POST /api/partner 200 719.183 ms - 646
2022-05-18 16:58:51:5851 info: 
**********************REQUEST_STARTED*********************
OPTIONS /api/partner?page=1&limit=5 200 0.179 ms - 0
2022-05-18 16:58:51:5851 info: 
**********************REQUEST_STARTED*********************
GET /api/partner?page=1&limit=5 304 693.160 ms - -
2022-05-18 16:58:51:5851 info: 
**********************REQUEST_STARTED*********************
GET /api/partner 200 703.522 ms - 4290
2022-05-18 16:59:03:593 info: 
**********************REQUEST_STARTED*********************
OPTIONS /api/partner/requests?page=1&limit=5 200 0.177 ms - 0
2022-05-18 16:59:03:593 info: 
**********************REQUEST_STARTED*********************
OPTIONS /api/partner/requests 200 0.255 ms - 0
2022-05-18 16:59:03:593 info: 
**********************REQUEST_STARTED*********************
GET /api/partner/requests?page=1&limit=5 200 253.027 ms - 2246
2022-05-18 16:59:03:593 info: 
**********************REQUEST_STARTED*********************
GET /api/partner/requests 200 296.055 ms - 2235
2022-05-18 16:59:06:596 info: 
**********************REQUEST_STARTED*********************
OPTIONS /api/partner/6284d872048c3b885dd52d69 200 0.120 ms - 0
2022-05-18 16:59:06:596 info: 
**********************REQUEST_STARTED*********************
GET /api/partner/6284d872048c3b885dd52d69 200 226.726 ms - 1168
2022-05-18 17:04:47:447 info: 
**********************REQUEST_STARTED*********************
OPTIONS /api/partner/requests?page=1&limit=5 200 0.232 ms - 0
2022-05-18 17:04:47:447 info: 
**********************REQUEST_STARTED*********************
OPTIONS /api/partner/requests 200 0.095 ms - 0
2022-05-18 17:04:47:447 info: 
**********************REQUEST_STARTED*********************
GET /api/partner/requests 304 370.608 ms - -
2022-05-18 17:04:47:447 info: 
**********************REQUEST_STARTED*********************
GET /api/partner/requests?page=1&limit=5 304 644.403 ms - -
2022-05-18 17:04:55:455 info: 
**********************REQUEST_STARTED*********************
OPTIONS /api/partner/6284d872048c3b885dd52d69 200 0.102 ms - 0
2022-05-18 17:05:02:52 info: 
**********************REQUEST_STARTED*********************
GET /api/partner/6284d872048c3b885dd52d69 304 7709.045 ms - -
2022-05-18 17:05:35:535 info: 
**********************REQUEST_STARTED*********************
OPTIONS /api/partner/requests?page=1&limit=5 200 0.196 ms - 0
2022-05-18 17:05:35:535 info: 
**********************REQUEST_STARTED*********************
OPTIONS /api/partner/requests 200 0.904 ms - 0
2022-05-18 17:05:36:536 info: 
**********************REQUEST_STARTED*********************
GET /api/partner/requests 304 673.083 ms - -
2022-05-18 17:05:36:536 info: 
**********************REQUEST_STARTED*********************
GET /api/partner/requests?page=1&limit=5 304 682.733 ms - -
2022-05-18 17:05:52:552 info: 
**********************REQUEST_STARTED*********************
OPTIONS /api/partner/requests?page=1&limit=5 200 0.211 ms - 0
2022-05-18 17:05:52:552 info: 
**********************REQUEST_STARTED*********************
OPTIONS /api/partner/requests 200 0.201 ms - 0
2022-05-18 17:05:52:552 info: 
**********************REQUEST_STARTED*********************
GET /api/partner/requests?page=1&limit=5 304 307.553 ms - -
2022-05-18 17:05:52:552 info: 
**********************REQUEST_STARTED*********************
GET /api/partner/requests 304 301.553 ms - -
2022-05-18 17:07:22:722 info: 
**********************REQUEST_STARTED*********************
OPTIONS /api/splash/admin/all?page=1&limit=6 200 0.177 ms - 0
2022-05-18 17:07:23:723 info: 
**********************REQUEST_STARTED*********************
GET /api/splash/admin/all?page=1&limit=6 200 405.076 ms - 1014
2022-05-18 17:10:40:1040 info: 
**********************REQUEST_STARTED*********************
OPTIONS /api/splash 200 0.142 ms - 0
2022-05-18 17:13:54:1354 info: 
**********************REQUEST_STARTED*********************
OPTIONS /api/splash 200 0.147 ms - 0
2022-05-18 17:13:55:1355 info: 
**********************REQUEST_STARTED*********************
POST /api/splash 200 370.786 ms - 333
2022-05-18 17:13:55:1355 info: 
**********************REQUEST_STARTED*********************
OPTIONS /api/splash/admin/all?page=1&limit=6 200 0.122 ms - 0
2022-05-18 17:13:55:1355 info: 
**********************REQUEST_STARTED*********************
GET /api/splash/admin/all?page=1&limit=6 200 138.015 ms - 1315
2022-05-18 17:14:01:141 info: 
**********************REQUEST_STARTED*********************
OPTIONS /api/splash/628340559ef06ef2401f3311 200 0.127 ms - 0
2022-05-18 17:14:02:142 info: 
**********************REQUEST_STARTED*********************
DELETE /api/splash/628340559ef06ef2401f3311 200 323.210 ms - 356
2022-05-18 17:14:02:142 info: 
**********************REQUEST_STARTED*********************
OPTIONS /api/splash/admin/all?page=1&limit=6 200 0.426 ms - 0
2022-05-18 17:14:02:142 info: 
**********************REQUEST_STARTED*********************
GET /api/splash/admin/all?page=1&limit=6 200 252.154 ms - 1005
2022-05-18 17:15:16:1516 info: 
**********************REQUEST_STARTED*********************
OPTIONS /api/splash 200 0.160 ms - 0
2022-05-18 17:15:17:1517 info: 
**********************REQUEST_STARTED*********************
POST /api/splash 200 352.939 ms - 301
2022-05-18 17:15:17:1517 info: 
**********************REQUEST_STARTED*********************
OPTIONS /api/splash/admin/all?page=1&limit=6 200 0.123 ms - 0
2022-05-18 17:15:17:1517 info: 
**********************REQUEST_STARTED*********************
GET /api/splash/admin/all?page=1&limit=6 200 243.943 ms - 1274
2022-05-18 17:15:26:1526 info: 
**********************REQUEST_STARTED*********************
OPTIONS /api/splash/62821cb590a4cd9fbe1f0b61 200 0.113 ms - 0
2022-05-18 17:15:27:1527 info: 
**********************REQUEST_STARTED*********************
DELETE /api/splash/62821cb590a4cd9fbe1f0b61 200 630.358 ms - 356
2022-05-18 17:15:27:1527 info: 
**********************REQUEST_STARTED*********************
OPTIONS /api/splash/admin/all?page=1&limit=6 200 0.105 ms - 0
2022-05-18 17:15:28:1528 info: 
**********************REQUEST_STARTED*********************
GET /api/splash/admin/all?page=1&limit=6 200 849.343 ms - 964
2022-05-18 17:15:30:1530 info: 
**********************REQUEST_STARTED*********************
OPTIONS /api/splash/62822227a99bb6b5265eade5 200 0.151 ms - 0
2022-05-18 17:15:30:1530 info: 
**********************REQUEST_STARTED*********************
GET /api/splash/62822227a99bb6b5265eade5 200 82.915 ms - 347
2022-05-18 17:15:44:1544 info: 
**********************REQUEST_STARTED*********************
OPTIONS /api/splash/62822227a99bb6b5265eade5 200 0.135 ms - 0
2022-05-18 17:15:45:1545 info: 
**********************REQUEST_STARTED*********************
PUT /api/splash/62822227a99bb6b5265eade5 200 268.865 ms - 340
2022-05-18 17:15:45:1545 info: 
**********************REQUEST_STARTED*********************
OPTIONS /api/splash/admin/all?page=1&limit=6 200 0.109 ms - 0
2022-05-18 17:15:45:1545 info: 
**********************REQUEST_STARTED*********************
GET /api/splash/admin/all?page=1&limit=6 200 208.893 ms - 940
2022-05-18 17:17:42:1742 info: 
**********************REQUEST_STARTED*********************
OPTIONS /api/splash/62822227a99bb6b5265eade5 200 0.163 ms - 0
2022-05-18 17:17:42:1742 info: 
**********************REQUEST_STARTED*********************
GET /api/splash/62822227a99bb6b5265eade5 200 212.601 ms - 323
2022-05-18 17:17:44:1744 info: 
**********************REQUEST_STARTED*********************
OPTIONS /api/splash/admin/all?page=1&limit=6 200 0.126 ms - 0
2022-05-18 17:17:45:1745 info: 
**********************REQUEST_STARTED*********************
GET /api/splash/admin/all?page=1&limit=6 304 325.648 ms - -
2022-05-18 17:17:47:1747 info: 
**********************REQUEST_STARTED*********************
OPTIONS /api/splash/6284dbfa048c3b885dd52db5 200 0.127 ms - 0
2022-05-18 17:17:47:1747 info: 
**********************REQUEST_STARTED*********************
GET /api/splash/6284dbfa048c3b885dd52db5 200 265.599 ms - 340
2022-05-18 17:17:53:1753 info: 
**********************REQUEST_STARTED*********************
OPTIONS /api/splash/6284dbfa048c3b885dd52db5 200 0.158 ms - 0
2022-05-18 17:17:53:1753 info: 
**********************REQUEST_STARTED*********************
PUT /api/splash/6284dbfa048c3b885dd52db5 200 295.882 ms - 333
2022-05-18 17:17:53:1753 info: 
**********************REQUEST_STARTED*********************
OPTIONS /api/splash/admin/all?page=1&limit=6 200 0.173 ms - 0
2022-05-18 17:17:54:1754 info: 
**********************REQUEST_STARTED*********************
GET /api/splash/admin/all?page=1&limit=6 200 468.683 ms - 947
2022-05-18 17:27:26:2726 info: 
**********************REQUEST_STARTED*********************
OPTIONS /api/user?page=1&limit=6 200 2.416 ms - 0
2022-05-18 17:27:26:2726 info: 
**********************REQUEST_STARTED*********************
OPTIONS /api/user?page=1&limit=6 200 0.227 ms - 0
2022-05-18 17:27:27:2727 info: 
**********************REQUEST_STARTED*********************
GET /api/user?page=1&limit=6 200 620.805 ms - 13685
2022-05-18 17:27:28:2728 info: 
**********************REQUEST_STARTED*********************
GET /api/user?page=1&limit=6 304 522.455 ms - -
2022-05-18 17:27:57:2757 info: 
**********************REQUEST_STARTED*********************
PUT /api/user/6268efa728c813508ff235aa 200 284.053 ms - 459
2022-05-18 17:28:16:2816 info: 
**********************REQUEST_STARTED*********************
PUT /api/user/6268efa728c813508ff235aa 200 337.389 ms - 460
2022-05-18 17:28:23:2823 info: 
**********************REQUEST_STARTED*********************
PUT /api/user/6268efa728c813508ff235aa 200 599.791 ms - 459
2022-05-18 17:28:56:2856 info: 
**********************REQUEST_STARTED*********************
GET /api/user 200 762.459 ms - 25999
2022-05-18 17:29:11:2911 info: 
**********************REQUEST_STARTED*********************
GET /api/user/6268efa728c813508ff235aa 200 136.592 ms - 438
2022-05-18 17:31:42:3142 info: 
**********************REQUEST_STARTED*********************
POST /api/user 400 1.520 ms - 48
2022-05-18 17:32:24:3224 info: 
**********************REQUEST_STARTED*********************
POST /api/user 400 669.662 ms - 131
2022-05-18 17:32:36:3236 info: 
**********************REQUEST_STARTED*********************
POST /api/user 200 911.647 ms - 443
2022-05-18 17:32:41:3241 info: 
**********************REQUEST_STARTED*********************
OPTIONS /api/user?page=1&limit=6 200 0.371 ms - 0
2022-05-18 17:32:41:3241 info: 
**********************REQUEST_STARTED*********************
GET /api/user?page=1&limit=6 200 795.029 ms - 14070
2022-05-18 17:32:42:3242 info: 
**********************REQUEST_STARTED*********************
GET /api/user?page=1&limit=6 304 677.698 ms - -
2022-05-18 17:32:46:3246 info: 
**********************REQUEST_STARTED*********************
OPTIONS /api/user/6284e05c3c52afc959ca6b3f 200 0.288 ms - 0
2022-05-18 17:32:46:3246 info: 
**********************REQUEST_STARTED*********************
GET /api/user/6284e05c3c52afc959ca6b3f 200 212.817 ms - 478
2022-05-18 17:32:58:3258 info: 
**********************REQUEST_STARTED*********************
OPTIONS /api/user/6284e05c3c52afc959ca6b3f 200 0.204 ms - 0
2022-05-18 17:32:58:3258 info: 
**********************REQUEST_STARTED*********************
PUT /api/user/6284e05c3c52afc959ca6b3f 200 518.452 ms - 545
2022-05-18 17:32:58:3258 info: 
**********************REQUEST_STARTED*********************
OPTIONS /api/user?page=1&limit=6 200 0.232 ms - 0
2022-05-18 17:32:58:3258 info: 
**********************REQUEST_STARTED*********************
OPTIONS /api/user?page=1&limit=6 200 1.989 ms - 0
2022-05-18 17:32:59:3259 info: 
**********************REQUEST_STARTED*********************
GET /api/user?page=1&limit=6 200 516.571 ms - 14162
2022-05-18 17:32:59:3259 info: 
**********************REQUEST_STARTED*********************
GET /api/user?page=1&limit=6 304 449.456 ms - -
2022-05-18 17:40:35:4035 info: 
**********************REQUEST_STARTED*********************
POST /api/user 400 22.526 ms - 30
2022-05-18 17:40:42:4042 info: 
**********************REQUEST_STARTED*********************
POST /api/user/login 200 244.450 ms - 218
2022-05-18 17:40:48:4048 info: 
**********************REQUEST_STARTED*********************
POST /api/user/login 400 198.788 ms - 42
2022-05-18 17:40:53:4053 info: 
**********************REQUEST_STARTED*********************
POST /api/user/login 400 115.617 ms - 34
2022-05-18 17:40:56:4056 info: 
**********************REQUEST_STARTED*********************
POST /api/user/login 200 172.695 ms - 218
2022-05-18 17:50:11:5011 info: 
**********************REQUEST_STARTED*********************
OPTIONS /api/user/user/referral?page=1&limit=5 200 6.030 ms - 0
2022-05-18 17:50:11:5011 info: 
**********************REQUEST_STARTED*********************
OPTIONS /api/user/user/referral?page=1&limit=5 200 0.349 ms - 0
2022-05-18 17:50:11:5011 info: 
**********************REQUEST_STARTED*********************
GET /api/user/user/referral?page=1&limit=5 200 258.664 ms - 2944
2022-05-18 17:50:11:5011 info: 
**********************REQUEST_STARTED*********************
GET /api/user/user/referral?page=1&limit=5 304 164.472 ms - -
2022-05-18 17:50:27:5027 info: 
**********************REQUEST_STARTED*********************
OPTIONS /api/user/user/referral?page=4&limit=5 200 0.255 ms - 0
2022-05-18 17:50:27:5027 info: 
**********************REQUEST_STARTED*********************
GET /api/user/user/referral?page=4&limit=5 200 150.841 ms - 3380
2022-05-18 17:50:30:5030 info: 
**********************REQUEST_STARTED*********************
OPTIONS /api/user/user/referral?page=1&limit=5 200 0.213 ms - 0
2022-05-18 17:50:30:5030 info: 
**********************REQUEST_STARTED*********************
GET /api/user/user/referral?page=1&limit=5 304 150.300 ms - -
2022-05-18 17:51:09:519 info: 
**********************REQUEST_STARTED*********************
OPTIONS /api/user?page=1&limit=6 200 0.216 ms - 0
2022-05-18 17:51:09:519 info: 
**********************REQUEST_STARTED*********************
OPTIONS /api/user?page=1&limit=6 200 0.347 ms - 0
2022-05-18 17:51:09:519 info: 
**********************REQUEST_STARTED*********************
GET /api/user?page=1&limit=6 200 214.349 ms - 14162
2022-05-18 17:51:10:5110 info: 
**********************REQUEST_STARTED*********************
GET /api/user?page=1&limit=6 304 257.258 ms - -
2022-05-18 17:51:13:5113 info: 
**********************REQUEST_STARTED*********************
OPTIONS /api/user/user/referral?page=1&limit=5 200 0.214 ms - 0
2022-05-18 17:51:13:5113 info: 
**********************REQUEST_STARTED*********************
OPTIONS /api/user/user/referral?page=1&limit=5 200 0.276 ms - 0
2022-05-18 17:51:13:5113 info: 
**********************REQUEST_STARTED*********************
GET /api/user/user/referral?page=1&limit=5 304 175.891 ms - -
2022-05-18 17:51:13:5113 info: 
**********************REQUEST_STARTED*********************
GET /api/user/user/referral?page=1&limit=5 304 153.317 ms - -
2022-05-18 17:52:53:5253 info: 
**********************REQUEST_STARTED*********************
OPTIONS /api/splash/admin/all?page=1&limit=6 200 0.317 ms - 0
2022-05-18 17:52:53:5253 info: 
**********************REQUEST_STARTED*********************
GET /api/splash/admin/all?page=1&limit=6 304 173.433 ms - -
2022-05-18 17:58:20:5820 info: 
**********************REQUEST_STARTED*********************
OPTIONS /api/partner?page=1&limit=5 200 0.340 ms - 0
2022-05-18 17:58:20:5820 info: 
**********************REQUEST_STARTED*********************
OPTIONS /api/partner 200 0.388 ms - 0
2022-05-18 17:58:20:5820 info: 
**********************REQUEST_STARTED*********************
GET /api/partner?page=1&limit=5 304 222.313 ms - -
2022-05-18 17:58:20:5820 info: 
**********************REQUEST_STARTED*********************
GET /api/partner 304 222.485 ms - -
2022-05-18 17:58:22:5822 info: 
**********************REQUEST_STARTED*********************
OPTIONS /api/admin/service/category?limit=5&page=1 200 0.217 ms - 0
2022-05-18 17:58:22:5822 info: 
**********************REQUEST_STARTED*********************
GET /api/admin/service/category?limit=5&page=1 304 132.194 ms - -
2022-05-18 17:58:22:5822 info: 
**********************REQUEST_STARTED*********************
OPTIONS /api/admin/service/category 200 0.531 ms - 0
2022-05-18 17:58:22:5822 info: 
**********************REQUEST_STARTED*********************
GET /api/admin/service/category 304 176.244 ms - -
2022-05-18 17:59:09:599 info: 
**********************REQUEST_STARTED*********************
OPTIONS /api/partner?page=1&limit=5 200 0.267 ms - 0
2022-05-18 17:59:09:599 info: 
**********************REQUEST_STARTED*********************
OPTIONS /api/partner 200 0.348 ms - 0
2022-05-18 17:59:09:599 info: 
**********************REQUEST_STARTED*********************
GET /api/partner?page=1&limit=5 304 269.735 ms - -
2022-05-18 17:59:09:599 info: 
**********************REQUEST_STARTED*********************
GET /api/partner 304 268.536 ms - -
2022-05-18 17:59:10:5910 info: 
**********************REQUEST_STARTED*********************
OPTIONS /api/partner/requests?page=1&limit=5 200 0.267 ms - 0
2022-05-18 17:59:10:5910 info: 
**********************REQUEST_STARTED*********************
OPTIONS /api/partner/requests 200 0.426 ms - 0
2022-05-18 17:59:11:5911 info: 
**********************REQUEST_STARTED*********************
GET /api/partner/requests?page=1&limit=5 304 276.808 ms - -
2022-05-18 17:59:11:5911 info: 
**********************REQUEST_STARTED*********************
GET /api/partner/requests 304 287.718 ms - -
2022-05-18 17:59:12:5912 info: 
**********************REQUEST_STARTED*********************
OPTIONS /api/partner/6284d872048c3b885dd52d69 200 0.299 ms - 0
2022-05-18 17:59:12:5912 info: 
**********************REQUEST_STARTED*********************
GET /api/partner/6284d872048c3b885dd52d69 304 144.079 ms - -
2022-05-18 17:59:18:5918 info: 
**********************REQUEST_STARTED*********************
OPTIONS /api/splash/admin/all?page=1&limit=6 200 0.178 ms - 0
2022-05-18 17:59:18:5918 info: 
**********************REQUEST_STARTED*********************
GET /api/splash/admin/all?page=1&limit=6 304 168.121 ms - -
2022-05-18 17:59:31:5931 info: 
**********************REQUEST_STARTED*********************
OPTIONS /api/splash/6284dbfa048c3b885dd52db5 200 0.363 ms - 0
2022-05-18 17:59:31:5931 info: 
**********************REQUEST_STARTED*********************
GET /api/splash/6284dbfa048c3b885dd52db5 200 90.591 ms - 347
2022-05-18 17:59:35:5935 info: 
**********************REQUEST_STARTED*********************
OPTIONS /api/splash/6284dbfa048c3b885dd52db5 200 0.199 ms - 0
2022-05-18 17:59:36:5936 info: 
**********************REQUEST_STARTED*********************
PUT /api/splash/6284dbfa048c3b885dd52db5 200 166.172 ms - 340
2022-05-18 17:59:36:5936 info: 
**********************REQUEST_STARTED*********************
OPTIONS /api/splash/admin/all?page=1&limit=6 200 0.176 ms - 0
2022-05-18 17:59:36:5936 info: 
**********************REQUEST_STARTED*********************
GET /api/splash/admin/all?page=1&limit=6 200 141.722 ms - 946
2022-05-18 18:01:37:137 info: 
**********************REQUEST_STARTED*********************
OPTIONS /api/splash/6284dc4c048c3b885dd52dc0 200 8.442 ms - 0
2022-05-18 18:01:37:137 info: 
**********************REQUEST_STARTED*********************
DELETE /api/splash/6284dc4c048c3b885dd52dc0 200 154.898 ms - 315
2022-05-18 18:01:37:137 info: 
**********************REQUEST_STARTED*********************
OPTIONS /api/splash/admin/all?page=1&limit=6 200 0.242 ms - 0
2022-05-18 18:01:37:137 info: 
**********************REQUEST_STARTED*********************
GET /api/splash/admin/all?page=1&limit=6 200 203.387 ms - 677
2022-05-18 18:14:24:1424 info: 
**********************REQUEST_STARTED*********************
POST /api/user 400 477.107 ms - 133
2022-05-18 18:14:37:1437 info: 
**********************REQUEST_STARTED*********************
POST /api/user 400 305.486 ms - 122
2022-05-18 18:14:46:1446 info: 
**********************REQUEST_STARTED*********************
POST /api/user 200 435.811 ms - 445
2022-05-18 18:27:08:278 info: 
**********************REQUEST_STARTED*********************
OPTIONS /api/splash/admin/all?page=1&limit=6 200 16.894 ms - 0
2022-05-18 18:27:08:278 info: 
**********************REQUEST_STARTED*********************
GET /api/splash/admin/all?page=1&limit=6 304 253.651 ms - -
2022-05-18 18:27:12:2712 info: 
**********************REQUEST_STARTED*********************
OPTIONS /api/splash/62822227a99bb6b5265eade5 200 0.361 ms - 0
2022-05-18 18:27:12:2712 info: 
**********************REQUEST_STARTED*********************
GET /api/splash/62822227a99bb6b5265eade5 304 115.995 ms - -
2022-05-18 18:27:15:2715 info: 
**********************REQUEST_STARTED*********************
OPTIONS /api/splash/admin/all?page=1&limit=6 200 0.217 ms - 0
2022-05-18 18:27:15:2715 info: 
**********************REQUEST_STARTED*********************
GET /api/splash/admin/all?page=1&limit=6 304 114.292 ms - -
2022-05-18 18:27:18:2718 info: 
**********************REQUEST_STARTED*********************
OPTIONS /api/splash/62822227a99bb6b5265eade5 200 0.245 ms - 0
2022-05-18 18:27:18:2718 info: 
**********************REQUEST_STARTED*********************
GET /api/splash/62822227a99bb6b5265eade5 304 126.190 ms - -
2022-05-18 18:27:22:2722 info: 
**********************REQUEST_STARTED*********************
OPTIONS /api/splash/admin/all?page=1&limit=6 200 0.415 ms - 0
2022-05-18 18:27:22:2722 info: 
**********************REQUEST_STARTED*********************
GET /api/splash/admin/all?page=1&limit=6 304 150.783 ms - -
2022-05-18 18:27:26:2726 info: 
**********************REQUEST_STARTED*********************
OPTIONS /api/splash/62822227a99bb6b5265eade5 200 0.328 ms - 0
2022-05-18 18:27:26:2726 info: 
**********************REQUEST_STARTED*********************
GET /api/splash/62822227a99bb6b5265eade5 304 75.590 ms - -
2022-05-18 18:27:27:2727 info: 
**********************REQUEST_STARTED*********************
OPTIONS /api/splash/admin/all?page=1&limit=6 200 0.197 ms - 0
2022-05-18 18:27:28:2728 info: 
**********************REQUEST_STARTED*********************
GET /api/splash/admin/all?page=1&limit=6 304 110.620 ms - -
2022-05-18 18:27:31:2731 info: 
**********************REQUEST_STARTED*********************
OPTIONS /api/partner?page=1&limit=5 200 0.294 ms - 0
2022-05-18 18:27:31:2731 info: 
**********************REQUEST_STARTED*********************
OPTIONS /api/partner 200 0.339 ms - 0
2022-05-18 18:27:31:2731 info: 
**********************REQUEST_STARTED*********************
GET /api/partner 304 243.537 ms - -
2022-05-18 18:27:31:2731 info: 
**********************REQUEST_STARTED*********************
GET /api/partner?page=1&limit=5 304 246.638 ms - -
2022-05-18 18:27:33:2733 info: 
**********************REQUEST_STARTED*********************
OPTIONS /api/admin/service/category?limit=5&page=1 200 0.181 ms - 0
2022-05-18 18:27:33:2733 info: 
**********************REQUEST_STARTED*********************
GET /api/admin/service/category?limit=5&page=1 304 117.374 ms - -
2022-05-18 18:27:33:2733 info: 
**********************REQUEST_STARTED*********************
OPTIONS /api/admin/service/category 200 0.288 ms - 0
2022-05-18 18:27:34:2734 info: 
**********************REQUEST_STARTED*********************
GET /api/admin/service/category 304 116.976 ms - -
2022-05-18 18:27:36:2736 info: 
**********************REQUEST_STARTED*********************
GET /api/partner 304 234.070 ms - -
2022-05-18 18:27:36:2736 info: 
**********************REQUEST_STARTED*********************
GET /api/partner?page=1&limit=5 304 243.641 ms - -
2022-05-18 18:27:39:2739 info: 
**********************REQUEST_STARTED*********************
OPTIONS /api/splash/admin/all?page=1&limit=6 200 0.311 ms - 0
2022-05-18 18:27:40:2740 info: 
**********************REQUEST_STARTED*********************
GET /api/splash/admin/all?page=1&limit=6 304 111.883 ms - -
2022-05-18 18:27:44:2744 info: 
**********************REQUEST_STARTED*********************
GET /api/splash/admin/all?page=1&limit=6 304 229.481 ms - -
2022-05-18 18:27:47:2747 info: 
**********************REQUEST_STARTED*********************
OPTIONS /api/splash/62822227a99bb6b5265eade5 200 0.205 ms - 0
2022-05-18 18:27:47:2747 info: 
**********************REQUEST_STARTED*********************
GET /api/splash/62822227a99bb6b5265eade5 304 86.593 ms - -
2022-05-18 18:27:51:2751 info: 
**********************REQUEST_STARTED*********************
OPTIONS /api/splash/admin/all?page=1&limit=6 200 0.254 ms - 0
2022-05-18 18:27:51:2751 info: 
**********************REQUEST_STARTED*********************
GET /api/splash/admin/all?page=1&limit=6 304 116.102 ms - -
2022-05-18 18:27:58:2758 info: 
**********************REQUEST_STARTED*********************
OPTIONS /api/splash/62822227a99bb6b5265eade5 200 0.207 ms - 0
2022-05-18 18:27:58:2758 info: 
**********************REQUEST_STARTED*********************
DELETE /api/splash/62822227a99bb6b5265eade5 200 85.142 ms - 330
2022-05-18 18:27:58:2758 info: 
**********************REQUEST_STARTED*********************
OPTIONS /api/splash/admin/all?page=1&limit=6 200 0.310 ms - 0
2022-05-18 18:27:58:2758 info: 
**********************REQUEST_STARTED*********************
GET /api/splash/admin/all?page=1&limit=6 200 108.308 ms - 393
2022-05-18 18:29:41:2941 info: 
**********************REQUEST_STARTED*********************
OPTIONS /api/splash 200 0.111 ms - 0
2022-05-18 18:29:41:2941 info: 
**********************REQUEST_STARTED*********************
POST /api/splash 200 84.315 ms - 320
2022-05-18 18:29:41:2941 info: 
**********************REQUEST_STARTED*********************
OPTIONS /api/splash/admin/all?page=1&limit=6 200 0.093 ms - 0
2022-05-18 18:29:42:2942 info: 
**********************REQUEST_STARTED*********************
GET /api/splash/admin/all?page=1&limit=6 200 124.094 ms - 681
2022-05-18 18:29:45:2945 info: 
**********************REQUEST_STARTED*********************
OPTIONS /api/splash/6284edbdb51fa34293ce048b 200 0.111 ms - 0
2022-05-18 18:29:45:2945 info: 
**********************REQUEST_STARTED*********************
GET /api/splash/6284edbdb51fa34293ce048b 200 77.200 ms - 327
2022-05-18 18:29:54:2954 info: 
**********************REQUEST_STARTED*********************
OPTIONS /api/splash/6284edbdb51fa34293ce048b 200 0.099 ms - 0
2022-05-18 18:29:54:2954 info: 
**********************REQUEST_STARTED*********************
PUT /api/splash/6284edbdb51fa34293ce048b 200 84.198 ms - 320
2022-05-18 18:29:54:2954 info: 
**********************REQUEST_STARTED*********************
OPTIONS /api/splash/admin/all?page=1&limit=6 200 0.107 ms - 0
2022-05-18 18:29:54:2954 info: 
**********************REQUEST_STARTED*********************
GET /api/splash/admin/all?page=1&limit=6 200 111.337 ms - 675
2022-05-18 18:30:05:305 info: 
**********************REQUEST_STARTED*********************
OPTIONS /api/partner?page=1&limit=5 200 0.110 ms - 0
2022-05-18 18:30:05:305 info: 
**********************REQUEST_STARTED*********************
OPTIONS /api/partner 200 0.331 ms - 0
2022-05-18 18:30:05:305 info: 
**********************REQUEST_STARTED*********************
GET /api/partner?page=1&limit=5 304 167.907 ms - -
2022-05-18 18:30:06:306 info: 
**********************REQUEST_STARTED*********************
GET /api/partner 304 198.389 ms - -
2022-05-18 18:30:08:308 info: 
**********************REQUEST_STARTED*********************
OPTIONS /api/admin/service/category?page=1&limit=5 200 0.171 ms - 0
2022-05-18 18:30:08:308 info: 
**********************REQUEST_STARTED*********************
OPTIONS /api/admin/service/category?page=1&limit=5 200 0.171 ms - 0
2022-05-18 18:30:08:308 info: 
**********************REQUEST_STARTED*********************
GET /api/admin/service/category?page=1&limit=5 304 234.605 ms - -
2022-05-18 18:30:08:308 info: 
**********************REQUEST_STARTED*********************
GET /api/admin/service/category?page=1&limit=5 304 98.581 ms - -
2022-05-18 18:30:31:3031 info: 
**********************REQUEST_STARTED*********************
OPTIONS /api/splash/admin/all?page=1&limit=6 200 0.104 ms - 0
2022-05-18 18:30:31:3031 info: 
**********************REQUEST_STARTED*********************
GET /api/splash/admin/all?page=1&limit=6 304 106.194 ms - -
2022-05-18 18:32:56:3256 info: 
**********************REQUEST_STARTED*********************
OPTIONS /api/splash/6284dbfa048c3b885dd52db5 200 4.834 ms - 0
2022-05-18 18:32:57:3257 info: 
**********************REQUEST_STARTED*********************
GET /api/splash/6284dbfa048c3b885dd52db5 200 180.075 ms - 346
2022-05-18 18:33:00:330 info: 
**********************REQUEST_STARTED*********************
OPTIONS /api/splash/6284dbfa048c3b885dd52db5 200 0.098 ms - 0
2022-05-18 18:33:00:330 info: 
**********************REQUEST_STARTED*********************
PUT /api/splash/6284dbfa048c3b885dd52db5 200 97.454 ms - 339
2022-05-18 18:33:00:330 info: 
**********************REQUEST_STARTED*********************
OPTIONS /api/splash/admin/all?page=1&limit=6 200 0.115 ms - 0
2022-05-18 18:33:01:331 info: 
**********************REQUEST_STARTED*********************
GET /api/splash/admin/all?page=1&limit=6 200 122.831 ms - 676
2022-05-18 18:33:06:336 info: 
**********************REQUEST_STARTED*********************
OPTIONS /api/splash/6284dbfa048c3b885dd52db5 200 0.168 ms - 0
2022-05-18 18:33:06:336 info: 
**********************REQUEST_STARTED*********************
GET /api/splash/6284dbfa048c3b885dd52db5 200 84.585 ms - 347
2022-05-18 18:33:11:3311 info: 
**********************REQUEST_STARTED*********************
OPTIONS /api/splash/6284dbfa048c3b885dd52db5 200 0.112 ms - 0
2022-05-18 18:33:11:3311 info: 
**********************REQUEST_STARTED*********************
PUT /api/splash/6284dbfa048c3b885dd52db5 200 78.395 ms - 340
2022-05-18 18:33:11:3311 info: 
**********************REQUEST_STARTED*********************
OPTIONS /api/splash/admin/all?page=1&limit=6 200 0.116 ms - 0
2022-05-18 18:33:11:3311 info: 
**********************REQUEST_STARTED*********************
GET /api/splash/admin/all?page=1&limit=6 200 101.552 ms - 675
2022-05-18 18:34:06:346 info: 
**********************REQUEST_STARTED*********************
OPTIONS /api/splash/admin/all?page=1&limit=6 200 0.154 ms - 0
2022-05-18 18:34:06:346 info: 
**********************REQUEST_STARTED*********************
GET /api/splash/admin/all?page=1&limit=6 304 110.022 ms - -
2022-05-18 18:39:34:3934 info: 
**********************REQUEST_STARTED*********************
OPTIONS /api/splash/admin/all?page=1&limit=6 200 0.715 ms - 0
2022-05-18 18:39:34:3934 info: 
**********************REQUEST_STARTED*********************
GET /api/splash/admin/all?page=1&limit=6 304 206.814 ms - -
2022-05-18 18:43:13:4313 info: 
**********************REQUEST_STARTED*********************
OPTIONS /api/splash 200 0.381 ms - 0
2022-05-18 18:43:13:4313 info: 
**********************REQUEST_STARTED*********************
POST /api/splash 200 139.479 ms - 320
2022-05-18 18:43:13:4313 info: 
**********************REQUEST_STARTED*********************
OPTIONS /api/splash/admin/all?page=1&limit=6 200 0.173 ms - 0
2022-05-18 18:43:13:4313 info: 
**********************REQUEST_STARTED*********************
GET /api/splash/admin/all?page=1&limit=6 200 322.212 ms - 963
2022-05-18 18:56:48:5648 info: 
**********************REQUEST_STARTED*********************
POST /api/user/login 200 409.539 ms - 716
2022-05-19 10:45:11:4511 info: 
**********************REQUEST_STARTED*********************
OPTIONS /api/splash 200 6.653 ms - 0
2022-05-19 10:45:11:4511 info: 
**********************REQUEST_STARTED*********************
POST /api/splash 200 559.983 ms - 328
2022-05-19 10:45:11:4511 info: 
**********************REQUEST_STARTED*********************
OPTIONS /api/splash/admin/all?page=1&limit=6 200 0.350 ms - 0
2022-05-19 10:45:11:4511 info: 
**********************REQUEST_STARTED*********************
GET /api/splash/admin/all?page=1&limit=6 200 129.370 ms - 1259
2022-05-19 10:45:19:4519 info: 
**********************REQUEST_STARTED*********************
OPTIONS /api/splash/6284dbfa048c3b885dd52db5 200 0.205 ms - 0
2022-05-19 10:45:19:4519 info: 
**********************REQUEST_STARTED*********************
GET /api/splash/6284dbfa048c3b885dd52db5 200 73.925 ms - 346
2022-05-19 10:45:23:4523 info: 
**********************REQUEST_STARTED*********************
OPTIONS /api/splash/6284dbfa048c3b885dd52db5 200 0.112 ms - 0
2022-05-19 10:45:23:4523 info: 
**********************REQUEST_STARTED*********************
PUT /api/splash/6284dbfa048c3b885dd52db5 200 93.955 ms - 339
2022-05-19 10:45:23:4523 info: 
**********************REQUEST_STARTED*********************
OPTIONS /api/splash/admin/all?page=1&limit=6 200 0.152 ms - 0
2022-05-19 10:45:23:4523 info: 
**********************REQUEST_STARTED*********************
GET /api/splash/admin/all?page=1&limit=6 200 118.387 ms - 1260
2022-05-19 10:45:27:4527 info: 
**********************REQUEST_STARTED*********************
OPTIONS /api/splash/6284edbdb51fa34293ce048b 200 0.127 ms - 0
2022-05-19 10:45:27:4527 info: 
**********************REQUEST_STARTED*********************
GET /api/splash/6284edbdb51fa34293ce048b 200 80.642 ms - 321
2022-05-19 10:45:30:4530 info: 
**********************REQUEST_STARTED*********************
OPTIONS /api/splash/6284edbdb51fa34293ce048b 200 0.120 ms - 0
2022-05-19 10:45:30:4530 info: 
**********************REQUEST_STARTED*********************
PUT /api/splash/6284edbdb51fa34293ce048b 200 80.547 ms - 314
2022-05-19 10:45:30:4530 info: 
**********************REQUEST_STARTED*********************
OPTIONS /api/splash/admin/all?page=1&limit=6 200 0.130 ms - 0
2022-05-19 10:45:30:4530 info: 
**********************REQUEST_STARTED*********************
GET /api/splash/admin/all?page=1&limit=6 200 116.258 ms - 1261
2022-05-19 10:45:36:4536 info: 
**********************REQUEST_STARTED*********************
OPTIONS /api/splash/6284f0e9b51fa34293ce04c1 200 0.110 ms - 0
2022-05-19 10:45:36:4536 info: 
**********************REQUEST_STARTED*********************
GET /api/splash/6284f0e9b51fa34293ce04c1 200 77.118 ms - 327
2022-05-19 10:45:40:4540 info: 
**********************REQUEST_STARTED*********************
OPTIONS /api/splash/6284f0e9b51fa34293ce04c1 200 0.099 ms - 0
2022-05-19 10:45:40:4540 info: 
**********************REQUEST_STARTED*********************
PUT /api/splash/6284f0e9b51fa34293ce04c1 200 78.948 ms - 320
2022-05-19 10:45:40:4540 info: 
**********************REQUEST_STARTED*********************
OPTIONS /api/splash/admin/all?page=1&limit=6 200 0.120 ms - 0
2022-05-19 10:45:40:4540 info: 
**********************REQUEST_STARTED*********************
GET /api/splash/admin/all?page=1&limit=6 200 112.023 ms - 1262
2022-05-19 10:50:22:5022 info: 
**********************REQUEST_STARTED*********************
OPTIONS /api/user?page=1&limit=6 200 1.587 ms - 0
2022-05-19 10:50:22:5022 info: 
**********************REQUEST_STARTED*********************
OPTIONS /api/user?page=1&limit=6 200 0.104 ms - 0
2022-05-19 10:50:22:5022 info: 
**********************REQUEST_STARTED*********************
GET /api/user?page=1&limit=6 200 267.689 ms - 14550
2022-05-19 10:50:23:5023 info: 
**********************REQUEST_STARTED*********************
GET /api/user?page=1&limit=6 304 205.745 ms - -
2022-05-19 11:13:12:1312 info: 
**********************REQUEST_STARTED*********************
OPTIONS /api/splash/admin/all?page=1&limit=6 200 7.989 ms - 0
2022-05-19 11:13:12:1312 info: 
**********************REQUEST_STARTED*********************
GET /api/splash/admin/all?page=1&limit=6 304 297.523 ms - -
2022-05-19 11:14:27:1427 info: 
**********************REQUEST_STARTED*********************
OPTIONS /api/splash 200 0.152 ms - 0
2022-05-19 11:14:27:1427 info: 
**********************REQUEST_STARTED*********************
POST /api/splash 200 89.568 ms - 408
2022-05-19 11:14:27:1427 info: 
**********************REQUEST_STARTED*********************
OPTIONS /api/splash/admin/all?page=1&limit=6 200 0.406 ms - 0
2022-05-19 11:14:27:1427 info: 
**********************REQUEST_STARTED*********************
GET /api/splash/admin/all?page=1&limit=6 200 107.469 ms - 1638
2022-05-19 11:16:06:166 info: 
**********************REQUEST_STARTED*********************
OPTIONS /api/splash/admin/all?page=1&limit=6 200 0.117 ms - 0
2022-05-19 11:16:06:166 info: 
**********************REQUEST_STARTED*********************
GET /api/splash/admin/all?page=1&limit=6 304 108.802 ms - -
2022-05-19 11:16:10:1610 info: 
**********************REQUEST_STARTED*********************
OPTIONS /api/splash/6284f0e9b51fa34293ce04c1 200 0.198 ms - 0
2022-05-19 11:16:10:1610 info: 
**********************REQUEST_STARTED*********************
GET /api/splash/6284f0e9b51fa34293ce04c1 200 75.927 ms - 328
2022-05-19 11:16:15:1615 info: 
**********************REQUEST_STARTED*********************
OPTIONS /api/splash/6284f0e9b51fa34293ce04c1 200 0.106 ms - 0
2022-05-19 11:16:15:1615 info: 
**********************REQUEST_STARTED*********************
PUT /api/splash/6284f0e9b51fa34293ce04c1 200 76.516 ms - 321
2022-05-19 11:16:15:1615 info: 
**********************REQUEST_STARTED*********************
OPTIONS /api/splash/admin/all?page=1&limit=6 200 1.067 ms - 0
2022-05-19 11:16:15:1615 info: 
**********************REQUEST_STARTED*********************
GET /api/splash/admin/all?page=1&limit=6 200 102.360 ms - 1638
2022-05-19 11:16:19:1619 info: 
**********************REQUEST_STARTED*********************
GET /api/splash/admin/all?page=1&limit=6 304 112.185 ms - -
2022-05-19 11:16:22:1622 info: 
**********************REQUEST_STARTED*********************
OPTIONS /api/splash/6284f0e9b51fa34293ce04c1 200 0.100 ms - 0
2022-05-19 11:16:22:1622 info: 
**********************REQUEST_STARTED*********************
GET /api/splash/6284f0e9b51fa34293ce04c1 200 74.228 ms - 328
2022-05-19 11:16:30:1630 info: 
**********************REQUEST_STARTED*********************
OPTIONS /api/splash/6284f0e9b51fa34293ce04c1 200 0.140 ms - 0
2022-05-19 11:16:30:1630 info: 
**********************REQUEST_STARTED*********************
PUT /api/splash/6284f0e9b51fa34293ce04c1 200 77.642 ms - 321
2022-05-19 11:16:30:1630 info: 
**********************REQUEST_STARTED*********************
OPTIONS /api/splash/admin/all?page=1&limit=6 200 0.165 ms - 0
2022-05-19 11:16:31:1631 info: 
**********************REQUEST_STARTED*********************
GET /api/splash/admin/all?page=1&limit=6 200 113.279 ms - 1632
2022-05-19 11:16:37:1637 info: 
**********************REQUEST_STARTED*********************
OPTIONS /api/splash/6284f0e9b51fa34293ce04c1 200 0.114 ms - 0
2022-05-19 11:16:37:1637 info: 
**********************REQUEST_STARTED*********************
GET /api/splash/6284f0e9b51fa34293ce04c1 200 69.316 ms - 322
2022-05-19 11:16:41:1641 info: 
**********************REQUEST_STARTED*********************
OPTIONS /api/splash/6284f0e9b51fa34293ce04c1 200 0.234 ms - 0
2022-05-19 11:16:41:1641 info: 
**********************REQUEST_STARTED*********************
PUT /api/splash/6284f0e9b51fa34293ce04c1 200 77.340 ms - 315
2022-05-19 11:16:41:1641 info: 
**********************REQUEST_STARTED*********************
OPTIONS /api/splash/admin/all?page=1&limit=6 200 0.109 ms - 0
2022-05-19 11:16:41:1641 info: 
**********************REQUEST_STARTED*********************
GET /api/splash/admin/all?page=1&limit=6 200 109.799 ms - 1631
