2022-04-27 10:37:37:3737 info: 
**********************REQUEST_STARTED*********************
POST /api/user/ 200 278.124 ms - 273
2022-04-27 11:03:12:312 info: 
**********************REQUEST_STARTED*********************
POST /api/user/ 200 383.923 ms - 274
2022-04-27 11:04:08:48 info: 
**********************REQUEST_STARTED*********************
POST /api/user/ 200 353.797 ms - 355
2022-04-27 11:07:38:738 info: 
**********************REQUEST_STARTED*********************
POST /api/user/ 400 56.798 ms - 1157
2022-04-27 11:09:00:90 info: 
**********************REQUEST_STARTED*********************
POST /api/user/ 400 28.225 ms - 1157
2022-04-27 11:09:12:912 info: 
**********************REQUEST_STARTED*********************
POST /api/user/ 400 7.016 ms - 1157
2022-04-27 11:10:28:1028 info: 
**********************REQUEST_STARTED*********************
POST /api/user/ 400 89.145 ms - 32
2022-04-27 11:14:08:148 info: 
**********************REQUEST_STARTED*********************
POST /api/user/ 200 678.592 ms - 356
2022-04-27 11:14:38:1438 info: 
**********************REQUEST_STARTED*********************
POST /api/user/ 200 270.197 ms - 356
2022-04-27 11:14:39:1439 info: 
**********************REQUEST_STARTED*********************
POST /api/user/ 200 321.388 ms - 356
2022-04-27 11:14:40:1440 info: 
**********************REQUEST_STARTED*********************
POST /api/user/ 200 361.776 ms - 356
2022-04-27 11:15:54:1554 info: 
**********************REQUEST_STARTED*********************
POST /api/user/ 400 268.677 ms - 131
2022-04-27 11:17:13:1713 info: 
**********************REQUEST_STARTED*********************
POST /api/user/ 200 345.920 ms - 356
2022-04-27 11:17:29:1729 info: 
**********************REQUEST_STARTED*********************
POST /api/user/ 200 311.341 ms - 350
2022-04-27 11:20:32:2032 info: 
**********************REQUEST_STARTED*********************
GET /api/user/ 200 2172.670 ms - 898
2022-04-27 11:31:02:312 info: 
**********************REQUEST_STARTED*********************
OPTIONS /api/user 200 10.843 ms - 0
2022-04-27 11:31:02:312 info: 
**********************REQUEST_STARTED*********************
OPTIONS /api/user 200 0.494 ms - 0
2022-04-27 11:31:02:312 info: 
**********************REQUEST_STARTED*********************
GET /api/user 200 248.318 ms - 898
2022-04-27 11:31:02:312 info: 
**********************REQUEST_STARTED*********************
GET /api/user 304 104.202 ms - -
2022-04-27 11:31:15:3115 info: 
**********************REQUEST_STARTED*********************
OPTIONS /api/user 200 0.183 ms - 0
2022-04-27 11:31:15:3115 info: 
**********************REQUEST_STARTED*********************
OPTIONS /api/user 200 0.247 ms - 0
2022-04-27 11:31:16:3116 info: 
**********************REQUEST_STARTED*********************
GET /api/user 304 335.417 ms - -
2022-04-27 11:31:16:3116 info: 
**********************REQUEST_STARTED*********************
GET /api/user 304 330.185 ms - -
2022-04-27 11:31:16:3116 info: 
**********************REQUEST_STARTED*********************
GET /api/user 304 383.117 ms - -
2022-04-27 11:31:35:3135 info: 
**********************REQUEST_STARTED*********************
OPTIONS /api/user 200 0.994 ms - 0
2022-04-27 11:31:35:3135 info: 
**********************REQUEST_STARTED*********************
OPTIONS /api/user 200 0.155 ms - 0
2022-04-27 11:31:35:3135 info: 
**********************REQUEST_STARTED*********************
GET /api/user 304 68.708 ms - -
2022-04-27 11:31:35:3135 info: 
**********************REQUEST_STARTED*********************
GET /api/user 304 288.286 ms - -
2022-04-27 11:31:57:3157 info: 
**********************REQUEST_STARTED*********************
OPTIONS /api/user 200 0.184 ms - 0
2022-04-27 11:31:57:3157 info: 
**********************REQUEST_STARTED*********************
OPTIONS /api/user 200 0.216 ms - 0
2022-04-27 11:31:58:3158 info: 
**********************REQUEST_STARTED*********************
GET /api/user 304 176.452 ms - -
2022-04-27 11:31:58:3158 info: 
**********************REQUEST_STARTED*********************
GET /api/user 304 77.070 ms - -
2022-04-27 11:33:47:3347 info: 
**********************REQUEST_STARTED*********************
OPTIONS /api/user 200 4.132 ms - 0
2022-04-27 11:33:47:3347 info: 
**********************REQUEST_STARTED*********************
OPTIONS /api/user 200 0.323 ms - 0
2022-04-27 11:33:47:3347 info: 
**********************REQUEST_STARTED*********************
GET /api/user 304 301.614 ms - -
2022-04-27 11:33:48:3348 info: 
**********************REQUEST_STARTED*********************
GET /api/user 304 152.742 ms - -
2022-04-27 11:33:48:3348 info: 
**********************REQUEST_STARTED*********************
GET /api/user 304 134.193 ms - -
2022-04-27 12:00:14:014 info: 
**********************REQUEST_STARTED*********************
GET /api/user/ 200 327.048 ms - 923
2022-04-27 12:00:44:044 info: 
**********************REQUEST_STARTED*********************
GET /api/user/ 200 919.223 ms - 923
2022-04-27 12:01:28:128 info: 
**********************REQUEST_STARTED*********************
OPTIONS /api/user 200 0.462 ms - 0
2022-04-27 12:01:28:128 info: 
**********************REQUEST_STARTED*********************
OPTIONS /api/user 200 0.274 ms - 0
2022-04-27 12:01:29:129 info: 
**********************REQUEST_STARTED*********************
GET /api/user 200 333.148 ms - 923
2022-04-27 12:01:29:129 info: 
**********************REQUEST_STARTED*********************
GET /api/user 304 236.008 ms - -
2022-04-27 12:01:29:129 info: 
**********************REQUEST_STARTED*********************
GET /api/user 304 134.050 ms - -
2022-04-27 12:01:45:145 info: 
**********************REQUEST_STARTED*********************
OPTIONS /api/admin 200 0.123 ms - 0
2022-04-27 12:01:45:145 info: 
**********************REQUEST_STARTED*********************
OPTIONS /api/admin 200 0.142 ms - 0
2022-04-27 12:01:45:145 info: 
**********************REQUEST_STARTED*********************
GET /api/admin 304 118.397 ms - -
2022-04-27 12:01:45:145 info: 
**********************REQUEST_STARTED*********************
GET /api/admin 304 136.169 ms - -
2022-04-27 12:01:47:147 info: 
**********************REQUEST_STARTED*********************
OPTIONS /api/user 200 0.240 ms - 0
2022-04-27 12:01:47:147 info: 
**********************REQUEST_STARTED*********************
OPTIONS /api/user 200 0.279 ms - 0
2022-04-27 12:01:47:147 info: 
**********************REQUEST_STARTED*********************
GET /api/user 304 115.829 ms - -
2022-04-27 12:01:47:147 info: 
**********************REQUEST_STARTED*********************
GET /api/user 304 92.471 ms - -
2022-04-27 12:03:17:317 info: 
**********************REQUEST_STARTED*********************
GET /api/user?page=1&limit=2 200 172.559 ms - 688
2022-04-27 12:06:39:639 info: 
**********************REQUEST_STARTED*********************
OPTIONS /api/user 200 15.797 ms - 0
2022-04-27 12:06:40:640 info: 
**********************REQUEST_STARTED*********************
OPTIONS /api/user 200 0.521 ms - 0
2022-04-27 12:06:40:640 info: 
**********************REQUEST_STARTED*********************
GET /api/user 304 343.260 ms - -
2022-04-27 12:06:40:640 info: 
**********************REQUEST_STARTED*********************
GET /api/user 304 354.224 ms - -
2022-04-27 12:07:51:751 info: 
**********************REQUEST_STARTED*********************
DELETE /api/user/6268d8f177e4fb423a03ba16 400 352.046 ms - 36
2022-04-27 12:08:49:849 info: 
**********************REQUEST_STARTED*********************
DELETE /api/user/6268d8f177e4fb423a03ba16 400 78.226 ms - 36
2022-04-27 12:10:46:1046 info: 
**********************REQUEST_STARTED*********************
DELETE /api/user/6268d8f177e4fb423a03ba16 200 982.984 ms - 350
2022-04-27 12:11:16:1116 info: 
**********************REQUEST_STARTED*********************
POST /api/user 200 183.272 ms - 355
2022-04-27 12:11:24:1124 info: 
**********************REQUEST_STARTED*********************
OPTIONS /api/user 200 0.494 ms - 0
2022-04-27 12:11:24:1124 info: 
**********************REQUEST_STARTED*********************
OPTIONS /api/user 200 0.403 ms - 0
2022-04-27 12:11:25:1125 info: 
**********************REQUEST_STARTED*********************
GET /api/user 200 501.224 ms - 928
2022-04-27 12:11:25:1125 info: 
**********************REQUEST_STARTED*********************
GET /api/user 304 576.408 ms - -
2022-04-27 12:11:26:1126 info: 
**********************REQUEST_STARTED*********************
GET /api/user 304 305.770 ms - -
2022-04-27 12:11:33:1133 info: 
**********************REQUEST_STARTED*********************
OPTIONS /api/user/6268e58c3a287f79fe9c98f0 200 0.126 ms - 0
2022-04-27 12:11:34:1134 info: 
**********************REQUEST_STARTED*********************
DELETE /api/user/6268e58c3a287f79fe9c98f0 200 139.492 ms - 355
2022-04-27 12:11:34:1134 info: 
**********************REQUEST_STARTED*********************
OPTIONS /api/user 200 0.113 ms - 0
2022-04-27 12:11:34:1134 info: 
**********************REQUEST_STARTED*********************
GET /api/user 200 94.006 ms - 611
2022-04-27 12:11:39:1139 info: 
**********************REQUEST_STARTED*********************
POST /api/user 200 399.088 ms - 355
2022-04-27 12:12:32:1232 info: 
**********************REQUEST_STARTED*********************
OPTIONS /api/user 200 2.239 ms - 0
2022-04-27 12:12:32:1232 info: 
**********************REQUEST_STARTED*********************
OPTIONS /api/user 200 0.239 ms - 0
2022-04-27 12:12:32:1232 info: 
**********************REQUEST_STARTED*********************
GET /api/user 200 204.473 ms - 928
2022-04-27 12:12:32:1232 info: 
**********************REQUEST_STARTED*********************
GET /api/user 304 120.700 ms - -
2022-04-27 12:14:36:1436 info: 
**********************REQUEST_STARTED*********************
OPTIONS /api/admin/signup 200 2.706 ms - 0
2022-04-27 12:14:36:1436 info: 
**********************REQUEST_STARTED*********************
POST /api/admin/signup 201 422.151 ms - 223
2022-04-27 12:14:49:1449 info: 
**********************REQUEST_STARTED*********************
OPTIONS /api/admin 200 0.116 ms - 0
2022-04-27 12:14:50:1450 info: 
**********************REQUEST_STARTED*********************
GET /api/admin 200 194.587 ms - 2959
2022-04-27 12:14:50:1450 info: 
**********************REQUEST_STARTED*********************
GET /api/admin 304 179.483 ms - -
2022-04-27 12:14:50:1450 info: 
**********************REQUEST_STARTED*********************
OPTIONS /api/user 200 0.150 ms - 0
2022-04-27 12:14:50:1450 info: 
**********************REQUEST_STARTED*********************
OPTIONS /api/user 200 0.180 ms - 0
2022-04-27 12:14:51:1451 info: 
**********************REQUEST_STARTED*********************
GET /api/user 304 380.927 ms - -
2022-04-27 12:14:51:1451 info: 
**********************REQUEST_STARTED*********************
GET /api/user 304 142.590 ms - -
2022-04-27 12:16:03:163 info: 
**********************REQUEST_STARTED*********************
OPTIONS /api/user 200 21.282 ms - 0
2022-04-27 12:16:04:164 info: 
**********************REQUEST_STARTED*********************
OPTIONS /api/user 200 0.620 ms - 0
2022-04-27 12:16:04:164 info: 
**********************REQUEST_STARTED*********************
GET /api/user 304 288.371 ms - -
2022-04-27 12:16:04:164 info: 
**********************REQUEST_STARTED*********************
GET /api/user 304 201.622 ms - -
2022-04-27 12:16:07:167 info: 
**********************REQUEST_STARTED*********************
GET /api/user 304 210.975 ms - -
2022-04-27 12:16:07:167 info: 
**********************REQUEST_STARTED*********************
GET /api/user 304 201.548 ms - -
2022-04-27 12:16:07:167 info: 
**********************REQUEST_STARTED*********************
GET /api/user 304 179.390 ms - -
2022-04-27 12:16:17:1617 info: 
**********************REQUEST_STARTED*********************
OPTIONS /api/user 200 0.134 ms - 0
2022-04-27 12:16:17:1617 info: 
**********************REQUEST_STARTED*********************
OPTIONS /api/user 200 0.144 ms - 0
2022-04-27 12:16:17:1617 info: 
**********************REQUEST_STARTED*********************
GET /api/user 304 365.281 ms - -
2022-04-27 12:16:17:1617 info: 
**********************REQUEST_STARTED*********************
GET /api/user 304 291.498 ms - -
2022-04-27 12:16:21:1621 info: 
**********************REQUEST_STARTED*********************
GET /api/user 304 214.622 ms - -
2022-04-27 12:16:21:1621 info: 
**********************REQUEST_STARTED*********************
GET /api/user 304 163.657 ms - -
2022-04-27 12:16:21:1621 info: 
**********************REQUEST_STARTED*********************
GET /api/user 304 185.043 ms - -
2022-04-27 12:16:26:1626 info: 
**********************REQUEST_STARTED*********************
OPTIONS /api/user 200 0.264 ms - 0
2022-04-27 12:16:26:1626 info: 
**********************REQUEST_STARTED*********************
OPTIONS /api/user 200 0.474 ms - 0
2022-04-27 12:16:26:1626 info: 
**********************REQUEST_STARTED*********************
GET /api/user 304 305.431 ms - -
2022-04-27 12:16:27:1627 info: 
**********************REQUEST_STARTED*********************
GET /api/user 304 717.403 ms - -
2022-04-27 12:16:57:1657 info: 
**********************REQUEST_STARTED*********************
OPTIONS /api/user 200 0.185 ms - 0
2022-04-27 12:16:57:1657 info: 
**********************REQUEST_STARTED*********************
OPTIONS /api/user 200 0.151 ms - 0
2022-04-27 12:16:57:1657 info: 
**********************REQUEST_STARTED*********************
GET /api/user 304 215.219 ms - -
2022-04-27 12:16:57:1657 info: 
**********************REQUEST_STARTED*********************
GET /api/user 304 130.051 ms - -
2022-04-27 12:17:33:1733 info: 
**********************REQUEST_STARTED*********************
OPTIONS /api/user 200 2.842 ms - 0
2022-04-27 12:17:33:1733 info: 
**********************REQUEST_STARTED*********************
POST /api/user 200 242.117 ms - 354
2022-04-27 12:17:50:1750 info: 
**********************REQUEST_STARTED*********************
OPTIONS /api/user 200 0.108 ms - 0
2022-04-27 12:17:50:1750 info: 
**********************REQUEST_STARTED*********************
POST /api/user 400 506.823 ms - 131
2022-04-27 12:18:03:183 info: 
**********************REQUEST_STARTED*********************
OPTIONS /api/user 200 0.174 ms - 0
2022-04-27 12:18:03:183 info: 
**********************REQUEST_STARTED*********************
OPTIONS /api/user 200 0.250 ms - 0
2022-04-27 12:18:03:183 info: 
**********************REQUEST_STARTED*********************
GET /api/user 200 198.191 ms - 1244
2022-04-27 12:18:03:183 info: 
**********************REQUEST_STARTED*********************
GET /api/user 304 128.359 ms - -
2022-04-27 12:18:49:1849 info: 
**********************REQUEST_STARTED*********************
OPTIONS /api/user 200 3.786 ms - 0
2022-04-27 12:18:49:1849 info: 
**********************REQUEST_STARTED*********************
POST /api/user 200 452.786 ms - 354
2022-04-27 12:20:28:2028 info: 
**********************REQUEST_STARTED*********************
OPTIONS /api/user 200 3.245 ms - 0
2022-04-27 12:20:29:2029 info: 
**********************REQUEST_STARTED*********************
POST /api/user 200 596.876 ms - 362
2022-04-27 12:21:58:2158 info: 
**********************REQUEST_STARTED*********************
OPTIONS /api/user 200 3.111 ms - 0
2022-04-27 12:21:58:2158 info: 
**********************REQUEST_STARTED*********************
POST /api/user 200 325.934 ms - 360
2022-04-27 12:21:59:2159 info: 
**********************REQUEST_STARTED*********************
GET /api/user 200 721.691 ms - 1653
2022-04-27 12:22:00:220 info: 
**********************REQUEST_STARTED*********************
GET /api/user 304 372.406 ms - -
2022-04-27 12:22:41:2241 info: 
**********************REQUEST_STARTED*********************
OPTIONS /api/user 200 3.780 ms - 0
2022-04-27 12:22:41:2241 info: 
**********************REQUEST_STARTED*********************
POST /api/user 200 339.480 ms - 349
2022-04-27 12:22:43:2243 info: 
**********************REQUEST_STARTED*********************
GET /api/user 200 404.296 ms - 1647
2022-04-27 12:22:44:2244 info: 
**********************REQUEST_STARTED*********************
GET /api/user 304 658.660 ms - -
2022-04-27 12:22:48:2248 info: 
**********************REQUEST_STARTED*********************
OPTIONS /api/user 200 0.161 ms - 0
2022-04-27 12:22:48:2248 info: 
**********************REQUEST_STARTED*********************
OPTIONS /api/user 200 0.212 ms - 0
2022-04-27 12:22:48:2248 info: 
**********************REQUEST_STARTED*********************
GET /api/user 304 505.160 ms - -
2022-04-27 12:22:49:2249 info: 
**********************REQUEST_STARTED*********************
GET /api/user 304 556.621 ms - -
2022-04-27 12:22:51:2251 info: 
**********************REQUEST_STARTED*********************
GET /api/user 304 250.569 ms - -
2022-04-27 12:22:52:2252 info: 
**********************REQUEST_STARTED*********************
GET /api/user 304 245.235 ms - -
2022-04-27 12:22:55:2255 info: 
**********************REQUEST_STARTED*********************
OPTIONS /api/user 200 0.136 ms - 0
2022-04-27 12:22:55:2255 info: 
**********************REQUEST_STARTED*********************
OPTIONS /api/user 200 0.165 ms - 0
2022-04-27 12:22:55:2255 info: 
**********************REQUEST_STARTED*********************
GET /api/user 304 127.148 ms - -
2022-04-27 12:22:55:2255 info: 
**********************REQUEST_STARTED*********************
GET /api/user 304 132.450 ms - -
2022-04-27 12:22:57:2257 info: 
**********************REQUEST_STARTED*********************
OPTIONS /api/admin 200 0.179 ms - 0
2022-04-27 12:22:57:2257 info: 
**********************REQUEST_STARTED*********************
OPTIONS /api/admin 200 0.333 ms - 0
2022-04-27 12:22:58:2258 info: 
**********************REQUEST_STARTED*********************
GET /api/admin 304 649.329 ms - -
2022-04-27 12:22:58:2258 info: 
**********************REQUEST_STARTED*********************
GET /api/admin 304 381.089 ms - -
2022-04-27 12:23:02:232 info: 
**********************REQUEST_STARTED*********************
OPTIONS /api/user 200 0.215 ms - 0
2022-04-27 12:23:02:232 info: 
**********************REQUEST_STARTED*********************
OPTIONS /api/user 200 0.137 ms - 0
2022-04-27 12:23:02:232 info: 
**********************REQUEST_STARTED*********************
GET /api/user 304 222.333 ms - -
2022-04-27 12:23:02:232 info: 
**********************REQUEST_STARTED*********************
GET /api/user 304 146.195 ms - -
2022-04-27 12:23:06:236 info: 
**********************REQUEST_STARTED*********************
GET /api/user 304 232.713 ms - -
2022-04-27 12:23:06:236 info: 
**********************REQUEST_STARTED*********************
GET /api/user 304 189.117 ms - -
2022-04-27 12:23:08:238 info: 
**********************REQUEST_STARTED*********************
OPTIONS /api/admin 200 0.232 ms - 0
2022-04-27 12:23:08:238 info: 
**********************REQUEST_STARTED*********************
OPTIONS /api/admin 200 0.097 ms - 0
2022-04-27 12:23:08:238 info: 
**********************REQUEST_STARTED*********************
GET /api/admin 304 173.151 ms - -
2022-04-27 12:23:08:238 info: 
**********************REQUEST_STARTED*********************
GET /api/admin 304 286.152 ms - -
2022-04-27 12:23:10:2310 info: 
**********************REQUEST_STARTED*********************
OPTIONS /api/user 200 0.152 ms - 0
2022-04-27 12:23:10:2310 info: 
**********************REQUEST_STARTED*********************
OPTIONS /api/user 200 0.252 ms - 0
2022-04-27 12:23:10:2310 info: 
**********************REQUEST_STARTED*********************
GET /api/user 304 314.908 ms - -
2022-04-27 12:23:11:2311 info: 
**********************REQUEST_STARTED*********************
GET /api/user 304 259.929 ms - -
2022-04-27 12:23:15:2315 info: 
**********************REQUEST_STARTED*********************
OPTIONS /api/admin 200 0.172 ms - 0
2022-04-27 12:23:15:2315 info: 
**********************REQUEST_STARTED*********************
OPTIONS /api/admin 200 0.149 ms - 0
2022-04-27 12:23:15:2315 info: 
**********************REQUEST_STARTED*********************
GET /api/admin 304 638.263 ms - -
2022-04-27 12:23:15:2315 info: 
**********************REQUEST_STARTED*********************
GET /api/admin 304 212.300 ms - -
2022-04-27 12:23:15:2315 info: 
**********************REQUEST_STARTED*********************
GET /api/admin 304 96.479 ms - -
2022-04-27 12:23:38:2338 info: 
**********************REQUEST_STARTED*********************
OPTIONS /api/admin 200 5.775 ms - 0
2022-04-27 12:23:38:2338 info: 
**********************REQUEST_STARTED*********************
OPTIONS /api/admin 200 0.561 ms - 0
2022-04-27 12:23:38:2338 info: 
**********************REQUEST_STARTED*********************
GET /api/admin 304 658.644 ms - -
2022-04-27 12:23:39:2339 info: 
**********************REQUEST_STARTED*********************
GET /api/admin 304 293.070 ms - -
2022-04-27 12:23:39:2339 info: 
**********************REQUEST_STARTED*********************
GET /api/admin 304 245.653 ms - -
2022-04-27 12:23:41:2341 info: 
**********************REQUEST_STARTED*********************
OPTIONS /api/user 200 0.216 ms - 0
2022-04-27 12:23:41:2341 info: 
**********************REQUEST_STARTED*********************
OPTIONS /api/user 200 0.271 ms - 0
2022-04-27 12:23:41:2341 info: 
**********************REQUEST_STARTED*********************
GET /api/user 304 155.881 ms - -
2022-04-27 12:23:42:2342 info: 
**********************REQUEST_STARTED*********************
GET /api/user 304 254.232 ms - -
2022-04-27 12:23:51:2351 info: 
**********************REQUEST_STARTED*********************
OPTIONS /api/user 200 0.159 ms - 0
2022-04-27 12:23:51:2351 info: 
**********************REQUEST_STARTED*********************
POST /api/user 200 388.317 ms - 353
2022-04-27 12:23:51:2351 info: 
**********************REQUEST_STARTED*********************
GET /api/user 200 249.886 ms - 1646
2022-04-27 12:23:51:2351 info: 
**********************REQUEST_STARTED*********************
GET /api/user 304 162.822 ms - -
2022-04-27 12:24:11:2411 info: 
**********************REQUEST_STARTED*********************
OPTIONS /api/user/6268e87f3a287f79fe9c99a5 200 0.120 ms - 0
2022-04-27 12:24:12:2412 info: 
**********************REQUEST_STARTED*********************
DELETE /api/user/6268e87f3a287f79fe9c99a5 200 200.008 ms - 353
2022-04-27 12:24:12:2412 info: 
**********************REQUEST_STARTED*********************
OPTIONS /api/user 200 0.126 ms - 0
2022-04-27 12:24:12:2412 info: 
**********************REQUEST_STARTED*********************
GET /api/user 200 259.451 ms - 1647
2022-04-27 12:24:16:2416 info: 
**********************REQUEST_STARTED*********************
OPTIONS /api/user/6268e8393a287f79fe9c995e 200 0.164 ms - 0
2022-04-27 12:24:16:2416 info: 
**********************REQUEST_STARTED*********************
DELETE /api/user/6268e8393a287f79fe9c995e 200 145.924 ms - 349
2022-04-27 12:24:16:2416 info: 
**********************REQUEST_STARTED*********************
GET /api/user 200 647.992 ms - 1653
2022-04-27 12:24:32:2432 info: 
**********************REQUEST_STARTED*********************
OPTIONS /api/admin 200 0.103 ms - 0
2022-04-27 12:24:32:2432 info: 
**********************REQUEST_STARTED*********************
OPTIONS /api/admin 200 0.134 ms - 0
2022-04-27 12:24:33:2433 info: 
**********************REQUEST_STARTED*********************
GET /api/admin 304 209.746 ms - -
2022-04-27 12:24:33:2433 info: 
**********************REQUEST_STARTED*********************
GET /api/admin 304 245.912 ms - -
2022-04-27 12:24:34:2434 info: 
**********************REQUEST_STARTED*********************
OPTIONS /api/user 200 0.125 ms - 0
2022-04-27 12:24:34:2434 info: 
**********************REQUEST_STARTED*********************
OPTIONS /api/user 200 0.268 ms - 0
2022-04-27 12:24:34:2434 info: 
**********************REQUEST_STARTED*********************
GET /api/user 304 487.823 ms - -
2022-04-27 12:24:35:2435 info: 
**********************REQUEST_STARTED*********************
GET /api/user 304 330.624 ms - -
2022-04-27 12:24:54:2454 info: 
**********************REQUEST_STARTED*********************
OPTIONS /api/partner 200 0.174 ms - 0
2022-04-27 12:24:54:2454 info: 
**********************REQUEST_STARTED*********************
OPTIONS /api/partner 200 0.118 ms - 0
2022-04-27 12:24:55:2455 info: 
**********************REQUEST_STARTED*********************
GET /api/partner 304 252.870 ms - -
2022-04-27 12:24:55:2455 info: 
**********************REQUEST_STARTED*********************
GET /api/partner 304 137.392 ms - -
2022-04-27 12:24:56:2456 info: 
**********************REQUEST_STARTED*********************
OPTIONS /api/admin/service/category?limit=5&page=1 200 0.148 ms - 0
2022-04-27 12:24:56:2456 info: 
**********************REQUEST_STARTED*********************
GET /api/admin/service/category?limit=5&page=1 304 196.679 ms - -
2022-04-27 12:24:56:2456 info: 
**********************REQUEST_STARTED*********************
OPTIONS /api/admin/service/category 200 0.147 ms - 0
2022-04-27 12:24:56:2456 info: 
**********************REQUEST_STARTED*********************
GET /api/admin/service/category 304 465.719 ms - -
2022-04-27 12:25:25:2525 info: 
**********************REQUEST_STARTED*********************
OPTIONS /api/user 200 0.138 ms - 0
2022-04-27 12:25:25:2525 info: 
**********************REQUEST_STARTED*********************
OPTIONS /api/user 200 0.168 ms - 0
2022-04-27 12:25:26:2526 info: 
**********************REQUEST_STARTED*********************
GET /api/user 304 1055.902 ms - -
2022-04-27 12:25:28:2528 info: 
**********************REQUEST_STARTED*********************
GET /api/user 304 1655.593 ms - -
2022-04-27 12:32:00:320 info: 
**********************REQUEST_STARTED*********************
OPTIONS /api/user 200 1.694 ms - 0
2022-04-27 12:32:00:320 info: 
**********************REQUEST_STARTED*********************
POST /api/user 200 364.210 ms - 410
2022-04-27 12:32:01:321 info: 
**********************REQUEST_STARTED*********************
GET /api/user 200 178.989 ms - 1708
2022-04-27 12:32:01:321 info: 
**********************REQUEST_STARTED*********************
GET /api/user 304 228.613 ms - -
2022-04-27 12:34:51:3451 info: 
**********************REQUEST_STARTED*********************
OPTIONS /api/user 200 6.217 ms - 0
2022-04-27 12:34:51:3451 info: 
**********************REQUEST_STARTED*********************
POST /api/user 200 269.524 ms - 412
2022-04-27 12:34:51:3451 info: 
**********************REQUEST_STARTED*********************
GET /api/user 200 343.701 ms - 1766
2022-04-27 12:34:52:3452 info: 
**********************REQUEST_STARTED*********************
GET /api/user 304 460.900 ms - -
2022-04-27 12:35:09:359 info: 
**********************REQUEST_STARTED*********************
OPTIONS /api/user 200 0.133 ms - 0
2022-04-27 12:35:09:359 info: 
**********************REQUEST_STARTED*********************
POST /api/user 400 270.588 ms - 131
2022-04-27 12:37:08:378 info: 
**********************REQUEST_STARTED*********************
OPTIONS /api/user 200 2.633 ms - 0
2022-04-27 12:37:08:378 info: 
**********************REQUEST_STARTED*********************
POST /api/user 400 532.546 ms - 131
2022-04-27 12:38:03:383 info: 
**********************REQUEST_STARTED*********************
OPTIONS /api/user 200 0.175 ms - 0
2022-04-27 12:38:04:384 info: 
**********************REQUEST_STARTED*********************
POST /api/user 200 285.279 ms - 422
2022-04-27 12:38:04:384 info: 
**********************REQUEST_STARTED*********************
GET /api/user 200 430.008 ms - 1835
2022-04-27 12:38:04:384 info: 
**********************REQUEST_STARTED*********************
GET /api/user 304 242.612 ms - -
2022-04-27 12:38:32:3832 info: 
**********************REQUEST_STARTED*********************
OPTIONS /api/user 200 0.147 ms - 0
2022-04-27 12:38:32:3832 info: 
**********************REQUEST_STARTED*********************
POST /api/user 200 468.100 ms - 412
2022-04-27 12:38:33:3833 info: 
**********************REQUEST_STARTED*********************
GET /api/user 200 446.704 ms - 1885
2022-04-27 12:38:33:3833 info: 
**********************REQUEST_STARTED*********************
GET /api/user 304 305.594 ms - -
2022-04-27 12:38:33:3833 info: 
**********************REQUEST_STARTED*********************
OPTIONS /api/admin/service/category?limit=5&page=1 200 0.360 ms - 0
2022-04-27 12:38:34:3834 info: 
**********************REQUEST_STARTED*********************
GET /api/admin/service/category?limit=5&page=1 304 420.730 ms - -
2022-04-27 12:38:34:3834 info: 
**********************REQUEST_STARTED*********************
OPTIONS /api/admin/service/category 200 0.225 ms - 0
2022-04-27 12:38:34:3834 info: 
**********************REQUEST_STARTED*********************
GET /api/admin/service/category 304 269.918 ms - -
2022-04-27 12:38:35:3835 info: 
**********************REQUEST_STARTED*********************
OPTIONS /api/partner 200 0.229 ms - 0
2022-04-27 12:38:35:3835 info: 
**********************REQUEST_STARTED*********************
OPTIONS /api/partner 200 0.249 ms - 0
2022-04-27 12:38:35:3835 info: 
**********************REQUEST_STARTED*********************
GET /api/partner 304 339.295 ms - -
2022-04-27 12:38:36:3836 info: 
**********************REQUEST_STARTED*********************
GET /api/partner 304 289.811 ms - -
2022-04-27 12:38:36:3836 info: 
**********************REQUEST_STARTED*********************
GET /api/user 304 157.248 ms - -
2022-04-27 12:38:36:3836 info: 
**********************REQUEST_STARTED*********************
GET /api/user 304 198.738 ms - -
2022-04-27 12:38:37:3837 info: 
**********************REQUEST_STARTED*********************
OPTIONS /api/admin 200 0.143 ms - 0
2022-04-27 12:38:37:3837 info: 
**********************REQUEST_STARTED*********************
OPTIONS /api/admin 200 0.298 ms - 0
2022-04-27 12:38:37:3837 info: 
**********************REQUEST_STARTED*********************
GET /api/admin 304 215.700 ms - -
2022-04-27 12:38:37:3837 info: 
**********************REQUEST_STARTED*********************
GET /api/admin 304 235.049 ms - -
2022-04-27 12:38:38:3838 info: 
**********************REQUEST_STARTED*********************
OPTIONS /api/user 200 0.284 ms - 0
2022-04-27 12:38:38:3838 info: 
**********************REQUEST_STARTED*********************
OPTIONS /api/user 200 0.265 ms - 0
2022-04-27 12:38:38:3838 info: 
**********************REQUEST_STARTED*********************
GET /api/user 304 277.370 ms - -
2022-04-27 12:38:39:3839 info: 
**********************REQUEST_STARTED*********************
GET /api/user 304 521.920 ms - -
2022-04-27 12:38:39:3839 info: 
**********************REQUEST_STARTED*********************
GET /api/admin 304 221.606 ms - -
2022-04-27 12:38:39:3839 info: 
**********************REQUEST_STARTED*********************
GET /api/admin 304 171.451 ms - -
2022-04-27 12:38:42:3842 info: 
**********************REQUEST_STARTED*********************
GET /api/user 304 226.562 ms - -
2022-04-27 12:38:42:3842 info: 
**********************REQUEST_STARTED*********************
GET /api/user 304 147.471 ms - -
2022-04-27 12:38:42:3842 info: 
**********************REQUEST_STARTED*********************
GET /api/user 304 138.781 ms - -
2022-04-27 12:38:55:3855 info: 
**********************REQUEST_STARTED*********************
OPTIONS /api/user 200 0.159 ms - 0
2022-04-27 12:38:56:3856 info: 
**********************REQUEST_STARTED*********************
POST /api/user 200 219.112 ms - 414
2022-04-27 12:38:56:3856 info: 
**********************REQUEST_STARTED*********************
GET /api/user 200 223.272 ms - 1939
2022-04-27 12:38:56:3856 info: 
**********************REQUEST_STARTED*********************
GET /api/user 304 203.649 ms - -
2022-04-27 12:38:59:3859 info: 
**********************REQUEST_STARTED*********************
OPTIONS /api/partner 200 0.234 ms - 0
2022-04-27 12:38:59:3859 info: 
**********************REQUEST_STARTED*********************
OPTIONS /api/partner 200 0.174 ms - 0
2022-04-27 12:39:00:390 info: 
**********************REQUEST_STARTED*********************
GET /api/partner 304 946.067 ms - -
2022-04-27 12:39:00:390 info: 
**********************REQUEST_STARTED*********************
GET /api/partner 304 308.918 ms - -
2022-04-27 12:39:07:397 info: 
**********************REQUEST_STARTED*********************
OPTIONS /api/user 200 0.167 ms - 0
2022-04-27 12:39:07:397 info: 
**********************REQUEST_STARTED*********************
OPTIONS /api/user 200 0.181 ms - 0
2022-04-27 12:39:07:397 info: 
**********************REQUEST_STARTED*********************
GET /api/user 304 162.100 ms - -
2022-04-27 12:39:07:397 info: 
**********************REQUEST_STARTED*********************
GET /api/user 304 143.362 ms - -
2022-04-27 12:39:22:3922 info: 
**********************REQUEST_STARTED*********************
OPTIONS /api/user 200 0.132 ms - 0
2022-04-27 12:39:22:3922 info: 
**********************REQUEST_STARTED*********************
POST /api/user 200 175.329 ms - 425
2022-04-27 12:39:22:3922 info: 
**********************REQUEST_STARTED*********************
GET /api/user 200 143.832 ms - 1954
2022-04-27 12:39:23:3923 info: 
**********************REQUEST_STARTED*********************
GET /api/user 304 186.133 ms - -
2022-04-27 12:39:25:3925 info: 
**********************REQUEST_STARTED*********************
OPTIONS /api/partner 200 0.168 ms - 0
2022-04-27 12:39:25:3925 info: 
**********************REQUEST_STARTED*********************
OPTIONS /api/partner 200 0.254 ms - 0
2022-04-27 12:39:25:3925 info: 
**********************REQUEST_STARTED*********************
GET /api/partner 304 439.691 ms - -
2022-04-27 12:39:26:3926 info: 
**********************REQUEST_STARTED*********************
GET /api/partner 304 366.837 ms - -
2022-04-27 12:39:29:3929 info: 
**********************REQUEST_STARTED*********************
OPTIONS /api/user 200 0.288 ms - 0
2022-04-27 12:39:29:3929 info: 
**********************REQUEST_STARTED*********************
OPTIONS /api/user 200 0.150 ms - 0
2022-04-27 12:39:32:3932 info: 
**********************REQUEST_STARTED*********************
GET /api/user 304 3643.255 ms - -
2022-04-27 12:39:34:3934 info: 
**********************REQUEST_STARTED*********************
GET /api/user 304 1317.315 ms - -
2022-04-27 12:39:34:3934 info: 
**********************REQUEST_STARTED*********************
GET /api/user 304 471.499 ms - -
2022-04-27 12:39:49:3949 info: 
**********************REQUEST_STARTED*********************
OPTIONS /api/user 200 0.173 ms - 0
2022-04-27 12:39:49:3949 info: 
**********************REQUEST_STARTED*********************
POST /api/user 200 282.271 ms - 421
2022-04-27 12:39:50:3950 info: 
**********************REQUEST_STARTED*********************
GET /api/user 200 141.160 ms - 1963
2022-04-27 12:39:50:3950 info: 
**********************REQUEST_STARTED*********************
GET /api/user 304 197.989 ms - -
2022-04-27 12:39:52:3952 info: 
**********************REQUEST_STARTED*********************
OPTIONS /api/admin 200 0.307 ms - 0
2022-04-27 12:39:52:3952 info: 
**********************REQUEST_STARTED*********************
OPTIONS /api/admin 200 0.236 ms - 0
2022-04-27 12:39:53:3953 info: 
**********************REQUEST_STARTED*********************
GET /api/admin 304 295.807 ms - -
2022-04-27 12:39:53:3953 info: 
**********************REQUEST_STARTED*********************
GET /api/admin 304 171.335 ms - -
2022-04-27 12:39:53:3953 info: 
**********************REQUEST_STARTED*********************
GET /api/admin 304 469.155 ms - -
2022-04-27 12:41:43:4143 info: 
**********************REQUEST_STARTED*********************
OPTIONS /api/user 200 1.255 ms - 0
2022-04-27 12:41:43:4143 info: 
**********************REQUEST_STARTED*********************
OPTIONS /api/user 200 0.139 ms - 0
2022-04-27 12:41:43:4143 info: 
**********************REQUEST_STARTED*********************
GET /api/user 304 242.970 ms - -
2022-04-27 12:41:44:4144 info: 
**********************REQUEST_STARTED*********************
GET /api/user 304 244.246 ms - -
2022-04-27 12:41:56:4156 info: 
**********************REQUEST_STARTED*********************
OPTIONS /api/user 200 0.132 ms - 0
2022-04-27 12:41:56:4156 info: 
**********************REQUEST_STARTED*********************
POST /api/user 400 284.012 ms - 131
2022-04-27 12:41:59:4159 info: 
**********************REQUEST_STARTED*********************
POST /api/user 400 280.579 ms - 131
2022-04-27 12:42:07:427 info: 
**********************REQUEST_STARTED*********************
OPTIONS /api/user 200 0.123 ms - 0
2022-04-27 12:42:07:427 info: 
**********************REQUEST_STARTED*********************
POST /api/user 200 224.753 ms - 369
2022-04-27 12:42:09:429 info: 
**********************REQUEST_STARTED*********************
GET /api/user 200 333.804 ms - 1910
2022-04-27 12:42:09:429 info: 
**********************REQUEST_STARTED*********************
GET /api/user 304 130.825 ms - -
2022-04-27 12:42:10:4210 info: 
**********************REQUEST_STARTED*********************
OPTIONS /api/admin 200 0.179 ms - 0
2022-04-27 12:42:10:4210 info: 
**********************REQUEST_STARTED*********************
GET /api/admin 304 94.121 ms - -
2022-04-27 12:42:10:4210 info: 
**********************REQUEST_STARTED*********************
GET /api/admin 304 92.981 ms - -
2022-04-27 12:42:13:4213 info: 
**********************REQUEST_STARTED*********************
OPTIONS /api/subscription 200 0.137 ms - 0
2022-04-27 12:42:15:4215 info: 
**********************REQUEST_STARTED*********************
GET /api/subscription 304 1346.537 ms - -
2022-04-27 12:42:21:4221 info: 
**********************REQUEST_STARTED*********************
OPTIONS /api/user 200 0.156 ms - 0
2022-04-27 12:42:21:4221 info: 
**********************REQUEST_STARTED*********************
GET /api/user 304 286.974 ms - -
2022-04-27 12:42:22:4222 info: 
**********************REQUEST_STARTED*********************
GET /api/user 304 437.104 ms - -
2022-04-27 12:42:49:4249 info: 
**********************REQUEST_STARTED*********************
OPTIONS /api/user 200 0.128 ms - 0
2022-04-27 12:42:49:4249 info: 
**********************REQUEST_STARTED*********************
POST /api/user 200 246.931 ms - 363
2022-04-27 12:42:51:4251 info: 
**********************REQUEST_STARTED*********************
GET /api/user 200 496.227 ms - 1861
2022-04-27 12:42:51:4251 info: 
**********************REQUEST_STARTED*********************
GET /api/user 304 415.533 ms - -
2022-04-27 12:42:51:4251 info: 
**********************REQUEST_STARTED*********************
OPTIONS /api/subscription 200 0.152 ms - 0
2022-04-27 12:42:52:4252 info: 
**********************REQUEST_STARTED*********************
GET /api/subscription - - ms - -
2022-04-27 12:42:54:4254 info: 
**********************REQUEST_STARTED*********************
OPTIONS /api/admin/service/category 200 1.022 ms - 0
2022-04-27 12:42:54:4254 info: 
**********************REQUEST_STARTED*********************
OPTIONS /api/admin/service/category 200 0.289 ms - 0
2022-04-27 12:42:54:4254 info: 
**********************REQUEST_STARTED*********************
GET /api/admin/service/category 304 326.553 ms - -
2022-04-27 12:42:55:4255 info: 
**********************REQUEST_STARTED*********************
GET /api/admin/service/category 304 308.817 ms - -
2022-04-27 12:43:43:4343 info: 
**********************REQUEST_STARTED*********************
OPTIONS /api/user 200 1.507 ms - 0
2022-04-27 12:43:43:4343 info: 
**********************REQUEST_STARTED*********************
OPTIONS /api/user 200 0.127 ms - 0
2022-04-27 12:43:44:4344 info: 
**********************REQUEST_STARTED*********************
GET /api/user 304 326.670 ms - -
2022-04-27 12:43:44:4344 info: 
**********************REQUEST_STARTED*********************
GET /api/user 304 642.307 ms - -
2022-04-27 12:43:51:4351 info: 
**********************REQUEST_STARTED*********************
OPTIONS /api/user 200 0.187 ms - 0
2022-04-27 12:43:51:4351 info: 
**********************REQUEST_STARTED*********************
POST /api/user 200 482.172 ms - 364
2022-04-27 12:43:53:4353 info: 
**********************REQUEST_STARTED*********************
GET /api/user 200 378.488 ms - 1811
2022-04-27 12:43:53:4353 info: 
**********************REQUEST_STARTED*********************
GET /api/user 304 402.374 ms - -
2022-04-27 12:43:53:4353 info: 
**********************REQUEST_STARTED*********************
OPTIONS /api/admin/service/category 200 0.211 ms - 0
2022-04-27 12:43:53:4353 info: 
**********************REQUEST_STARTED*********************
OPTIONS /api/admin/service/category 200 0.119 ms - 0
2022-04-27 12:43:54:4354 info: 
**********************REQUEST_STARTED*********************
GET /api/admin/service/category 304 243.528 ms - -
2022-04-27 12:43:54:4354 info: 
**********************REQUEST_STARTED*********************
GET /api/admin/service/category 304 221.709 ms - -
2022-04-27 12:43:59:4359 info: 
**********************REQUEST_STARTED*********************
OPTIONS /api/partner 200 0.220 ms - 0
2022-04-27 12:43:59:4359 info: 
**********************REQUEST_STARTED*********************
OPTIONS /api/partner 200 0.216 ms - 0
2022-04-27 12:43:59:4359 info: 
**********************REQUEST_STARTED*********************
GET /api/partner 304 594.405 ms - -
2022-04-27 12:44:00:440 info: 
**********************REQUEST_STARTED*********************
GET /api/partner 304 732.779 ms - -
2022-04-27 12:44:03:443 info: 
**********************REQUEST_STARTED*********************
OPTIONS /api/user 200 0.168 ms - 0
2022-04-27 12:44:03:443 info: 
**********************REQUEST_STARTED*********************
OPTIONS /api/user 200 0.268 ms - 0
2022-04-27 12:44:04:444 info: 
**********************REQUEST_STARTED*********************
GET /api/user 304 427.444 ms - -
2022-04-27 12:44:04:444 info: 
**********************REQUEST_STARTED*********************
GET /api/user 304 300.404 ms - -
2022-04-27 12:44:12:4412 info: 
**********************REQUEST_STARTED*********************
OPTIONS /api/user 200 0.126 ms - 0
2022-04-27 12:44:13:4413 info: 
**********************REQUEST_STARTED*********************
POST /api/user 200 565.081 ms - 361
2022-04-27 12:44:14:4414 info: 
**********************REQUEST_STARTED*********************
GET /api/user 200 655.310 ms - 1747
2022-04-27 12:44:14:4414 info: 
**********************REQUEST_STARTED*********************
GET /api/user 304 383.903 ms - -
2022-04-27 12:45:11:4511 info: 
**********************REQUEST_STARTED*********************
OPTIONS /api/user 200 0.111 ms - 0
2022-04-27 12:45:11:4511 info: 
**********************REQUEST_STARTED*********************
POST /api/user 200 218.448 ms - 365
2022-04-27 12:45:52:4552 info: 
**********************REQUEST_STARTED*********************
OPTIONS /api/user 200 2.153 ms - 0
2022-04-27 12:45:53:4553 info: 
**********************REQUEST_STARTED*********************
POST /api/user 200 234.303 ms - 363
2022-04-27 12:46:24:4624 info: 
**********************REQUEST_STARTED*********************
OPTIONS /api/user 200 0.186 ms - 0
2022-04-27 12:46:24:4624 info: 
**********************REQUEST_STARTED*********************
GET /api/user 200 359.082 ms - 1685
2022-04-27 12:46:25:4625 info: 
**********************REQUEST_STARTED*********************
GET /api/user 304 293.436 ms - -
2022-04-27 12:51:37:5137 info: 
**********************REQUEST_STARTED*********************
OPTIONS /api/user 200 6.663 ms - 0
2022-04-27 12:51:37:5137 info: 
**********************REQUEST_STARTED*********************
POST /api/user 200 333.731 ms - 379
2022-04-27 12:51:37:5137 info: 
**********************REQUEST_STARTED*********************
GET /api/user 200 175.481 ms - 1701
2022-04-27 12:51:38:5138 info: 
**********************REQUEST_STARTED*********************
GET /api/user 304 190.242 ms - -
2022-04-27 12:51:51:5151 info: 
**********************REQUEST_STARTED*********************
OPTIONS /api/user 200 0.240 ms - 0
2022-04-27 12:51:51:5151 info: 
**********************REQUEST_STARTED*********************
POST /api/user 200 144.388 ms - 380
2022-04-27 12:51:51:5151 info: 
**********************REQUEST_STARTED*********************
GET /api/user 200 103.959 ms - 1717
2022-04-27 12:51:51:5151 info: 
**********************REQUEST_STARTED*********************
GET /api/user 304 121.891 ms - -
2022-04-27 12:53:40:5340 info: 
**********************REQUEST_STARTED*********************
OPTIONS /api/user 200 1.216 ms - 0
2022-04-27 12:53:40:5340 info: 
**********************REQUEST_STARTED*********************
OPTIONS /api/user 200 0.613 ms - 0
2022-04-27 12:53:40:5340 info: 
**********************REQUEST_STARTED*********************
GET /api/user 200 179.891 ms - 59
2022-04-27 12:53:40:5340 info: 
**********************REQUEST_STARTED*********************
GET /api/user 304 284.961 ms - -
2022-04-27 12:53:41:5341 info: 
**********************REQUEST_STARTED*********************
GET /api/user 304 415.263 ms - -
2022-04-27 12:54:05:545 info: 
**********************REQUEST_STARTED*********************
OPTIONS /api/user 200 0.133 ms - 0
2022-04-27 12:54:05:545 info: 
**********************REQUEST_STARTED*********************
POST /api/user 200 283.897 ms - 386
2022-04-27 12:54:05:545 info: 
**********************REQUEST_STARTED*********************
GET /api/user 200 138.669 ms - 406
2022-04-27 12:54:05:545 info: 
**********************REQUEST_STARTED*********************
GET /api/user 304 200.623 ms - -
2022-04-27 12:54:19:5419 info: 
**********************REQUEST_STARTED*********************
OPTIONS /api/user 200 0.153 ms - 0
2022-04-27 12:54:19:5419 info: 
**********************REQUEST_STARTED*********************
POST /api/user 400 442.009 ms - 124
2022-04-27 12:54:23:5423 info: 
**********************REQUEST_STARTED*********************
POST /api/user 200 259.752 ms - 379
2022-04-27 12:54:23:5423 info: 
**********************REQUEST_STARTED*********************
GET /api/user 200 424.586 ms - 747
2022-04-27 12:54:24:5424 info: 
**********************REQUEST_STARTED*********************
GET /api/user 304 301.807 ms - -
2022-04-27 12:56:14:5614 info: 
**********************REQUEST_STARTED*********************
OPTIONS /api/user 200 10.158 ms - 0
2022-04-27 12:56:14:5614 info: 
**********************REQUEST_STARTED*********************
OPTIONS /api/user 200 0.271 ms - 0
2022-04-27 12:56:15:5615 info: 
**********************REQUEST_STARTED*********************
GET /api/user 304 464.954 ms - -
2022-04-27 12:56:15:5615 info: 
**********************REQUEST_STARTED*********************
GET /api/user 304 242.128 ms - -
2022-04-27 12:56:20:5620 info: 
**********************REQUEST_STARTED*********************
OPTIONS /api/admin 200 0.171 ms - 0
2022-04-27 12:56:20:5620 info: 
**********************REQUEST_STARTED*********************
OPTIONS /api/admin 200 0.360 ms - 0
2022-04-27 12:56:21:5621 info: 
**********************REQUEST_STARTED*********************
GET /api/admin 304 264.702 ms - -
2022-04-27 12:56:21:5621 info: 
**********************REQUEST_STARTED*********************
GET /api/admin 304 276.223 ms - -
2022-04-27 12:56:23:5623 info: 
**********************REQUEST_STARTED*********************
OPTIONS /api/subscription 200 0.190 ms - 0
2022-04-27 12:56:25:5625 info: 
**********************REQUEST_STARTED*********************
OPTIONS /api/admin/service/category 200 0.148 ms - 0
2022-04-27 12:56:25:5625 info: 
**********************REQUEST_STARTED*********************
OPTIONS /api/admin/service/category 200 0.492 ms - 0
2022-04-27 12:56:25:5625 info: 
**********************REQUEST_STARTED*********************
GET /api/admin/service/category 304 298.421 ms - -
2022-04-27 12:56:25:5625 info: 
**********************REQUEST_STARTED*********************
GET /api/subscription 200 1497.193 ms - 2817
2022-04-27 12:56:25:5625 info: 
**********************REQUEST_STARTED*********************
GET /api/admin/service/category 304 219.167 ms - -
2022-04-27 12:57:07:577 info: 
**********************REQUEST_STARTED*********************
OPTIONS /api/user 200 10.259 ms - 0
2022-04-27 12:57:07:577 info: 
**********************REQUEST_STARTED*********************
OPTIONS /api/user 200 0.189 ms - 0
2022-04-27 12:57:07:577 info: 
**********************REQUEST_STARTED*********************
GET /api/user 304 301.900 ms - -
2022-04-27 12:57:07:577 info: 
**********************REQUEST_STARTED*********************
GET /api/user 304 121.847 ms - -
2022-04-27 12:57:13:5713 info: 
**********************REQUEST_STARTED*********************
OPTIONS /api/user 200 0.174 ms - 0
2022-04-27 12:57:13:5713 info: 
**********************REQUEST_STARTED*********************
OPTIONS /api/user 200 0.292 ms - 0
2022-04-27 12:57:13:5713 info: 
**********************REQUEST_STARTED*********************
GET /api/user 304 410.608 ms - -
2022-04-27 12:57:13:5713 info: 
**********************REQUEST_STARTED*********************
GET /api/user 304 248.063 ms - -
2022-04-27 12:57:19:5719 info: 
**********************REQUEST_STARTED*********************
OPTIONS /api/user 200 0.442 ms - 0
2022-04-27 12:57:19:5719 info: 
**********************REQUEST_STARTED*********************
OPTIONS /api/user 200 0.157 ms - 0
2022-04-27 12:57:19:5719 info: 
**********************REQUEST_STARTED*********************
GET /api/user 304 431.690 ms - -
2022-04-27 12:57:19:5719 info: 
**********************REQUEST_STARTED*********************
GET /api/user 304 241.038 ms - -
2022-04-27 12:57:20:5720 info: 
**********************REQUEST_STARTED*********************
GET /api/user 304 229.803 ms - -
2022-04-27 12:57:47:5747 info: 
**********************REQUEST_STARTED*********************
OPTIONS /api/user 200 0.200 ms - 0
2022-04-27 12:57:47:5747 info: 
**********************REQUEST_STARTED*********************
OPTIONS /api/user 200 0.208 ms - 0
2022-04-27 12:57:47:5747 info: 
**********************REQUEST_STARTED*********************
GET /api/user 304 300.207 ms - -
2022-04-27 12:57:48:5748 info: 
**********************REQUEST_STARTED*********************
GET /api/user 304 314.047 ms - -
2022-04-27 12:58:55:5855 info: 
**********************REQUEST_STARTED*********************
OPTIONS /api/user 200 0.276 ms - 0
2022-04-27 12:58:55:5855 info: 
**********************REQUEST_STARTED*********************
POST /api/user 200 340.145 ms - 435
2022-04-27 12:58:56:5856 info: 
**********************REQUEST_STARTED*********************
GET /api/user 200 116.195 ms - 1144
2022-04-27 12:58:56:5856 info: 
**********************REQUEST_STARTED*********************
GET /api/user 304 119.518 ms - -
2022-04-27 13:00:03:03 info: 
**********************REQUEST_STARTED*********************
OPTIONS /api/user 200 10.038 ms - 0
2022-04-27 13:00:04:04 info: 
**********************REQUEST_STARTED*********************
OPTIONS /api/user 200 0.499 ms - 0
2022-04-27 13:00:04:04 info: 
**********************REQUEST_STARTED*********************
GET /api/user 304 296.717 ms - -
2022-04-27 13:00:04:04 info: 
**********************REQUEST_STARTED*********************
GET /api/user 304 101.899 ms - -
2022-04-27 13:00:04:04 info: 
**********************REQUEST_STARTED*********************
GET /api/user 304 92.995 ms - -
2022-04-27 13:53:37:5337 info: 
**********************REQUEST_STARTED*********************
OPTIONS /api/user 200 1.344 ms - 0
2022-04-27 13:53:37:5337 info: 
**********************REQUEST_STARTED*********************
OPTIONS /api/user 200 0.614 ms - 0
2022-04-27 13:53:37:5337 info: 
**********************REQUEST_STARTED*********************
GET /api/user 304 141.732 ms - -
2022-04-27 13:53:37:5337 info: 
**********************REQUEST_STARTED*********************
GET /api/user 304 114.673 ms - -
2022-04-27 13:53:37:5337 info: 
**********************REQUEST_STARTED*********************
GET /api/user 304 114.938 ms - -
2022-04-27 13:57:26:5726 info: 
**********************REQUEST_STARTED*********************
OPTIONS /api/user 200 19.598 ms - 0
2022-04-27 13:57:27:5727 info: 
**********************REQUEST_STARTED*********************
OPTIONS /api/user 200 4.332 ms - 0
2022-04-27 13:57:27:5727 info: 
**********************REQUEST_STARTED*********************
GET /api/user 304 722.413 ms - -
2022-04-27 13:57:28:5728 info: 
**********************REQUEST_STARTED*********************
GET /api/user 304 158.003 ms - -
2022-04-27 13:57:34:5734 info: 
**********************REQUEST_STARTED*********************
OPTIONS /api/user 200 0.132 ms - 0
2022-04-27 13:57:34:5734 info: 
**********************REQUEST_STARTED*********************
OPTIONS /api/user 200 0.229 ms - 0
2022-04-27 13:57:35:5735 info: 
**********************REQUEST_STARTED*********************
GET /api/user 304 149.457 ms - -
2022-04-27 13:57:35:5735 info: 
**********************REQUEST_STARTED*********************
GET /api/user 304 150.278 ms - -
2022-04-27 13:57:35:5735 info: 
**********************REQUEST_STARTED*********************
GET /api/user 304 113.154 ms - -
2022-04-27 13:58:05:585 info: 
**********************REQUEST_STARTED*********************
OPTIONS /api/user 200 0.133 ms - 0
2022-04-27 13:58:05:585 info: 
**********************REQUEST_STARTED*********************
OPTIONS /api/user 200 0.145 ms - 0
2022-04-27 13:58:05:585 info: 
**********************REQUEST_STARTED*********************
GET /api/user 304 136.309 ms - -
2022-04-27 13:58:05:585 info: 
**********************REQUEST_STARTED*********************
GET /api/user 304 113.669 ms - -
2022-04-27 13:58:06:586 info: 
**********************REQUEST_STARTED*********************
GET /api/user 304 114.221 ms - -
2022-04-27 13:58:12:5812 info: 
**********************REQUEST_STARTED*********************
OPTIONS /api/user/ 200 0.151 ms - 0
2022-04-27 13:58:12:5812 info: 
**********************REQUEST_STARTED*********************
DELETE /api/user/ 404 7.184 ms - 151
2022-04-27 13:58:58:5858 info: 
**********************REQUEST_STARTED*********************
OPTIONS /api/user 200 1.044 ms - 0
2022-04-27 13:58:58:5858 info: 
**********************REQUEST_STARTED*********************
OPTIONS /api/user 200 0.258 ms - 0
2022-04-27 13:58:58:5858 info: 
**********************REQUEST_STARTED*********************
GET /api/user 304 136.162 ms - -
2022-04-27 13:58:58:5858 info: 
**********************REQUEST_STARTED*********************
GET /api/user 304 134.608 ms - -
2022-04-27 14:00:24:024 info: 
**********************REQUEST_STARTED*********************
OPTIONS /api/user 200 10.861 ms - 0
2022-04-27 14:00:24:024 info: 
**********************REQUEST_STARTED*********************
OPTIONS /api/user 200 0.379 ms - 0
2022-04-27 14:00:24:024 info: 
**********************REQUEST_STARTED*********************
GET /api/user 304 187.867 ms - -
2022-04-27 14:00:24:024 info: 
**********************REQUEST_STARTED*********************
GET /api/user 304 131.804 ms - -
2022-04-27 14:00:34:034 info: 
**********************REQUEST_STARTED*********************
OPTIONS /api/user 200 0.272 ms - 0
2022-04-27 14:00:34:034 info: 
**********************REQUEST_STARTED*********************
OPTIONS /api/user 200 0.146 ms - 0
2022-04-27 14:00:34:034 info: 
**********************REQUEST_STARTED*********************
GET /api/user 304 140.502 ms - -
2022-04-27 14:00:34:034 info: 
**********************REQUEST_STARTED*********************
GET /api/user 304 115.654 ms - -
2022-04-27 14:00:34:034 info: 
**********************REQUEST_STARTED*********************
GET /api/user 304 112.522 ms - -
2022-04-27 14:01:31:131 info: 
**********************REQUEST_STARTED*********************
OPTIONS /api/user 200 0.192 ms - 0
2022-04-27 14:01:31:131 info: 
**********************REQUEST_STARTED*********************
OPTIONS /api/user 200 0.221 ms - 0
2022-04-27 14:01:31:131 info: 
**********************REQUEST_STARTED*********************
GET /api/user 304 142.806 ms - -
2022-04-27 14:01:31:131 info: 
**********************REQUEST_STARTED*********************
GET /api/user 304 116.018 ms - -
2022-04-27 14:01:33:133 info: 
**********************REQUEST_STARTED*********************
GET /api/user 304 121.606 ms - -
2022-04-27 14:01:33:133 info: 
**********************REQUEST_STARTED*********************
GET /api/user 304 114.949 ms - -
2022-04-27 14:01:40:140 info: 
**********************REQUEST_STARTED*********************
OPTIONS /api/user 200 0.115 ms - 0
2022-04-27 14:01:40:140 info: 
**********************REQUEST_STARTED*********************
OPTIONS /api/user 200 0.108 ms - 0
2022-04-27 14:01:41:141 info: 
**********************REQUEST_STARTED*********************
GET /api/user 304 117.287 ms - -
2022-04-27 14:01:41:141 info: 
**********************REQUEST_STARTED*********************
GET /api/user 304 116.282 ms - -
2022-04-27 14:01:41:141 info: 
**********************REQUEST_STARTED*********************
GET /api/user 304 118.710 ms - -
2022-04-27 14:10:19:1019 info: 
**********************REQUEST_STARTED*********************
OPTIONS /user/6268f0b728c813508ff235df 200 71.207 ms - 0
2022-04-27 14:10:19:1019 info: 
**********************REQUEST_STARTED*********************
GET /user/6268f0b728c813508ff235df 404 35.719 ms - 168
2022-04-27 14:11:48:1148 info: 
**********************REQUEST_STARTED*********************
OPTIONS /api/user/6268f0b728c813508ff235df 200 24.420 ms - 0
2022-04-27 14:11:49:1149 info: 
**********************REQUEST_STARTED*********************
GET /api/user/6268f0b728c813508ff235df 200 805.597 ms - 421
2022-04-27 14:12:29:1229 info: 
**********************REQUEST_STARTED*********************
OPTIONS /api/user/6268f0b728c813508ff235df 200 1.295 ms - 0
2022-04-27 14:12:29:1229 info: 
**********************REQUEST_STARTED*********************
GET /api/user/6268f0b728c813508ff235df 200 108.036 ms - 430
2022-04-27 14:14:51:1451 info: 
**********************REQUEST_STARTED*********************
OPTIONS /api/user/6268f0b728c813508ff235df 200 16.326 ms - 0
2022-04-27 14:14:51:1451 info: 
**********************REQUEST_STARTED*********************
GET /api/user/6268f0b728c813508ff235df 304 425.641 ms - -
2022-04-27 14:14:58:1458 info: 
**********************REQUEST_STARTED*********************
OPTIONS /api/user/6268f0b728c813508ff235df 200 0.269 ms - 0
2022-04-27 14:14:58:1458 info: 
**********************REQUEST_STARTED*********************
GET /api/user/6268f0b728c813508ff235df 304 92.090 ms - -
2022-04-27 14:15:31:1531 info: 
**********************REQUEST_STARTED*********************
OPTIONS /api/user/6268f0b728c813508ff235df 200 0.130 ms - 0
2022-04-27 14:15:31:1531 info: 
**********************REQUEST_STARTED*********************
GET /api/user/6268f0b728c813508ff235df 304 83.934 ms - -
2022-04-27 14:15:41:1541 info: 
**********************REQUEST_STARTED*********************
OPTIONS /api/user/6268f0b728c813508ff235df 200 1.092 ms - 0
2022-04-27 14:15:41:1541 info: 
**********************REQUEST_STARTED*********************
GET /api/user/6268f0b728c813508ff235df 304 100.970 ms - -
2022-04-27 14:15:44:1544 info: 
**********************REQUEST_STARTED*********************
GET /api/user/6268f0b728c813508ff235df 304 78.587 ms - -
2022-04-27 14:15:53:1553 info: 
**********************REQUEST_STARTED*********************
OPTIONS /api/user/6268f0b728c813508ff235df 200 0.121 ms - 0
2022-04-27 14:15:53:1553 info: 
**********************REQUEST_STARTED*********************
PUT /api/user/6268f0b728c813508ff235df 400 253.440 ms - 36
2022-04-27 14:16:41:1641 info: 
**********************REQUEST_STARTED*********************
OPTIONS /api/user/6268f0b728c813508ff235df 200 0.474 ms - 0
2022-04-27 14:16:41:1641 info: 
**********************REQUEST_STARTED*********************
GET /api/user/6268f0b728c813508ff235df 304 89.151 ms - -
2022-04-27 14:17:55:1755 info: 
**********************REQUEST_STARTED*********************
OPTIONS /api/user/6268f0b728c813508ff235df 200 15.108 ms - 0
2022-04-27 14:17:55:1755 info: 
**********************REQUEST_STARTED*********************
GET /api/user/6268f0b728c813508ff235df 304 225.722 ms - -
2022-04-27 14:17:59:1759 info: 
**********************REQUEST_STARTED*********************
GET /api/user/6268f0b728c813508ff235df 304 93.444 ms - -
2022-04-27 14:18:05:185 info: 
**********************REQUEST_STARTED*********************
OPTIONS /api/user/6268f0b728c813508ff235df 200 0.132 ms - 0
2022-04-27 14:18:05:185 info: 
**********************REQUEST_STARTED*********************
PUT /api/user/6268f0b728c813508ff235df 400 134.876 ms - 36
2022-04-27 14:19:42:1942 info: 
**********************REQUEST_STARTED*********************
OPTIONS /api/user/6268f0b728c813508ff235df 200 1.181 ms - 0
2022-04-27 14:19:42:1942 info: 
**********************REQUEST_STARTED*********************
GET /api/user/6268f0b728c813508ff235df 304 86.284 ms - -
2022-04-27 14:19:46:1946 info: 
**********************REQUEST_STARTED*********************
OPTIONS /api/user/6268f0b728c813508ff235df 200 0.348 ms - 0
2022-04-27 14:19:46:1946 info: 
**********************REQUEST_STARTED*********************
PUT /api/user/6268f0b728c813508ff235df 400 68.007 ms - 45
2022-04-27 14:20:09:209 info: 
**********************REQUEST_STARTED*********************
OPTIONS /api/user/6268f0b728c813508ff235df 200 0.331 ms - 0
2022-04-27 14:20:09:209 info: 
**********************REQUEST_STARTED*********************
GET /api/user/6268f0b728c813508ff235df 304 65.796 ms - -
2022-04-27 14:21:54:2154 info: 
**********************REQUEST_STARTED*********************
OPTIONS /api/user/6268f0b728c813508ff235df 200 3.152 ms - 0
2022-04-27 14:21:54:2154 info: 
**********************REQUEST_STARTED*********************
GET /api/user/6268f0b728c813508ff235df 304 135.556 ms - -
2022-04-27 14:22:05:225 info: 
**********************REQUEST_STARTED*********************
OPTIONS /api/user/6268f0b728c813508ff235df 200 0.347 ms - 0
2022-04-27 14:22:05:225 info: 
**********************REQUEST_STARTED*********************
PUT /api/user/6268f0b728c813508ff235df 400 125.815 ms - 45
2022-04-27 14:22:05:225 info: 
**********************REQUEST_STARTED*********************
PUT /api/user/6268f0b728c813508ff235df 400 40.910 ms - 45
2022-04-27 14:24:03:243 info: 
**********************REQUEST_STARTED*********************
OPTIONS /api/user/6268f0b728c813508ff235df 200 2.017 ms - 0
2022-04-27 14:24:03:243 info: 
**********************REQUEST_STARTED*********************
GET /api/user/6268f0b728c813508ff235df 304 144.748 ms - -
2022-04-27 14:24:11:2411 info: 
**********************REQUEST_STARTED*********************
OPTIONS /api/user/6268f0b728c813508ff235df 200 0.323 ms - 0
2022-04-27 14:24:11:2411 info: 
**********************REQUEST_STARTED*********************
PUT /api/user/6268f0b728c813508ff235df 400 177.825 ms - 45
2022-04-27 14:25:38:2538 info: 
**********************REQUEST_STARTED*********************
OPTIONS /api/user/6268f0b728c813508ff235df 200 1.341 ms - 0
2022-04-27 14:25:38:2538 info: 
**********************REQUEST_STARTED*********************
GET /api/user/6268f0b728c813508ff235df 304 417.307 ms - -
2022-04-27 14:25:51:2551 info: 
**********************REQUEST_STARTED*********************
OPTIONS /api/user/6268f0b728c813508ff235df 200 0.279 ms - 0
2022-04-27 14:25:51:2551 info: 
**********************REQUEST_STARTED*********************
PUT /api/user/6268f0b728c813508ff235df 400 80.624 ms - 45
2022-04-27 14:29:23:2923 info: 
**********************REQUEST_STARTED*********************
OPTIONS /api/user/6268f0b728c813508ff235df 200 1.225 ms - 0
2022-04-27 14:29:24:2924 info: 
**********************REQUEST_STARTED*********************
GET /api/user/6268f0b728c813508ff235df 304 1042.943 ms - -
2022-04-27 14:29:29:2929 info: 
**********************REQUEST_STARTED*********************
OPTIONS /api/user/6268f0b728c813508ff235df 200 0.354 ms - 0
2022-04-27 14:29:29:2929 info: 
**********************REQUEST_STARTED*********************
PUT /api/user/6268f0b728c813508ff235df 400 67.760 ms - 45
2022-04-27 14:31:52:3152 info: 
**********************REQUEST_STARTED*********************
OPTIONS /api/user/6268f0b728c813508ff235df 200 1.704 ms - 0
2022-04-27 14:31:52:3152 info: 
**********************REQUEST_STARTED*********************
GET /api/user/6268f0b728c813508ff235df 304 99.408 ms - -
2022-04-27 14:31:55:3155 info: 
**********************REQUEST_STARTED*********************
OPTIONS /api/user/6268f0b728c813508ff235df 200 0.322 ms - 0
2022-04-27 14:31:55:3155 info: 
**********************REQUEST_STARTED*********************
PUT /api/user/6268f0b728c813508ff235df 200 113.753 ms - 439
2022-04-27 14:31:55:3155 info: 
**********************REQUEST_STARTED*********************
OPTIONS /api/user 200 0.238 ms - 0
2022-04-27 14:31:55:3155 info: 
**********************REQUEST_STARTED*********************
OPTIONS /api/user 200 0.238 ms - 0
2022-04-27 14:31:55:3155 info: 
**********************REQUEST_STARTED*********************
GET /api/user 304 100.739 ms - -
2022-04-27 14:31:56:3156 info: 
**********************REQUEST_STARTED*********************
GET /api/user 304 92.920 ms - -
2022-04-27 14:32:08:328 info: 
**********************REQUEST_STARTED*********************
OPTIONS /api/user 200 0.163 ms - 0
2022-04-27 14:32:08:328 info: 
**********************REQUEST_STARTED*********************
OPTIONS /api/user 200 0.188 ms - 0
2022-04-27 14:32:08:328 info: 
**********************REQUEST_STARTED*********************
GET /api/user 304 164.958 ms - -
2022-04-27 14:32:08:328 info: 
**********************REQUEST_STARTED*********************
GET /api/user 304 105.316 ms - -
2022-04-27 14:32:08:328 info: 
**********************REQUEST_STARTED*********************
GET /api/user 304 102.674 ms - -
2022-04-27 14:32:13:3213 info: 
**********************REQUEST_STARTED*********************
OPTIONS /api/user/6268f0b728c813508ff235df 200 0.113 ms - 0
2022-04-27 14:32:13:3213 info: 
**********************REQUEST_STARTED*********************
GET /api/user/6268f0b728c813508ff235df 200 97.247 ms - 430
2022-04-27 14:32:34:3234 info: 
**********************REQUEST_STARTED*********************
OPTIONS /api/user/6268f0b728c813508ff235df 200 1.385 ms - 0
2022-04-27 14:32:35:3235 info: 
**********************REQUEST_STARTED*********************
GET /api/user/6268f0b728c813508ff235df 304 1281.054 ms - -
2022-04-27 14:32:43:3243 info: 
**********************REQUEST_STARTED*********************
OPTIONS /api/user/6268f0b728c813508ff235df 200 0.212 ms - 0
2022-04-27 14:32:43:3243 info: 
**********************REQUEST_STARTED*********************
PUT /api/user/6268f0b728c813508ff235df 200 97.539 ms - 439
2022-04-27 14:32:44:3244 info: 
**********************REQUEST_STARTED*********************
OPTIONS /api/user 200 0.172 ms - 0
2022-04-27 14:32:44:3244 info: 
**********************REQUEST_STARTED*********************
OPTIONS /api/user 200 0.104 ms - 0
2022-04-27 14:32:44:3244 info: 
**********************REQUEST_STARTED*********************
GET /api/user 304 187.072 ms - -
2022-04-27 14:32:44:3244 info: 
**********************REQUEST_STARTED*********************
GET /api/user 304 165.739 ms - -
2022-04-27 14:33:12:3312 info: 
**********************REQUEST_STARTED*********************
OPTIONS /api/user/6268f0b728c813508ff235df 200 1.516 ms - 0
2022-04-27 14:33:14:3314 info: 
**********************REQUEST_STARTED*********************
GET /api/user/6268f0b728c813508ff235df 200 1014.537 ms - 430
2022-04-27 14:33:18:3318 info: 
**********************REQUEST_STARTED*********************
OPTIONS /api/user/6268f0b728c813508ff235df 200 0.197 ms - 0
2022-04-27 14:33:18:3318 info: 
**********************REQUEST_STARTED*********************
PUT /api/user/6268f0b728c813508ff235df 200 172.901 ms - 439
2022-04-27 14:33:18:3318 info: 
**********************REQUEST_STARTED*********************
OPTIONS /api/user 200 0.181 ms - 0
2022-04-27 14:33:18:3318 info: 
**********************REQUEST_STARTED*********************
OPTIONS /api/user 200 0.408 ms - 0
2022-04-27 14:33:19:3319 info: 
**********************REQUEST_STARTED*********************
GET /api/user 304 103.407 ms - -
2022-04-27 14:33:19:3319 info: 
**********************REQUEST_STARTED*********************
GET /api/user 304 98.478 ms - -
2022-04-27 14:34:23:3423 info: 
**********************REQUEST_STARTED*********************
OPTIONS /api/user 200 1.350 ms - 0
2022-04-27 14:34:23:3423 info: 
**********************REQUEST_STARTED*********************
OPTIONS /api/user 200 0.274 ms - 0
2022-04-27 14:34:23:3423 info: 
**********************REQUEST_STARTED*********************
GET /api/user 304 157.572 ms - -
2022-04-27 14:34:23:3423 info: 
**********************REQUEST_STARTED*********************
GET /api/user 304 113.528 ms - -
2022-04-27 14:34:24:3424 info: 
**********************REQUEST_STARTED*********************
GET /api/user 304 101.871 ms - -
2022-04-27 14:35:00:350 info: 
**********************REQUEST_STARTED*********************
OPTIONS /api/user/6268f0b728c813508ff235df 200 1.505 ms - 0
2022-04-27 14:35:01:351 info: 
**********************REQUEST_STARTED*********************
GET /api/user/6268f0b728c813508ff235df 200 1012.284 ms - 430
2022-04-27 14:35:06:356 info: 
**********************REQUEST_STARTED*********************
OPTIONS /api/user/6268f0b728c813508ff235df 200 0.250 ms - 0
2022-04-27 14:35:06:356 info: 
**********************REQUEST_STARTED*********************
PUT /api/user/6268f0b728c813508ff235df 400 105.967 ms - 45
2022-04-27 14:36:17:3617 info: 
**********************REQUEST_STARTED*********************
OPTIONS /api/user/6268f0b728c813508ff235df 200 1.273 ms - 0
2022-04-27 14:36:17:3617 info: 
**********************REQUEST_STARTED*********************
GET /api/user/6268f0b728c813508ff235df 304 102.801 ms - -
2022-04-27 14:36:21:3621 info: 
**********************REQUEST_STARTED*********************
OPTIONS /api/user/6268f0b728c813508ff235df 200 0.364 ms - 0
2022-04-27 14:36:21:3621 info: 
**********************REQUEST_STARTED*********************
PUT /api/user/6268f0b728c813508ff235df 200 150.548 ms - 444
2022-04-27 14:36:22:3622 info: 
**********************REQUEST_STARTED*********************
OPTIONS /api/user 200 0.152 ms - 0
2022-04-27 14:36:22:3622 info: 
**********************REQUEST_STARTED*********************
OPTIONS /api/user 200 0.172 ms - 0
2022-04-27 14:36:22:3622 info: 
**********************REQUEST_STARTED*********************
GET /api/user 200 127.165 ms - 1148
2022-04-27 14:36:22:3622 info: 
**********************REQUEST_STARTED*********************
GET /api/user 304 118.320 ms - -
2022-04-27 14:37:00:370 info: 
**********************REQUEST_STARTED*********************
OPTIONS /api/user/6268f0b728c813508ff235df 200 1.083 ms - 0
2022-04-27 14:37:01:371 info: 
**********************REQUEST_STARTED*********************
GET /api/user/6268f0b728c813508ff235df 200 924.842 ms - 434
2022-04-27 14:37:06:376 info: 
**********************REQUEST_STARTED*********************
OPTIONS /api/user/6268f0b728c813508ff235df 200 0.224 ms - 0
2022-04-27 14:37:06:376 info: 
**********************REQUEST_STARTED*********************
PUT /api/user/6268f0b728c813508ff235df 200 128.046 ms - 455
2022-04-27 14:37:06:376 info: 
**********************REQUEST_STARTED*********************
OPTIONS /api/user 200 0.315 ms - 0
2022-04-27 14:37:06:376 info: 
**********************REQUEST_STARTED*********************
OPTIONS /api/user 200 0.397 ms - 0
2022-04-27 14:37:06:376 info: 
**********************REQUEST_STARTED*********************
GET /api/user 200 95.090 ms - 1148
2022-04-27 14:37:06:376 info: 
**********************REQUEST_STARTED*********************
GET /api/user 304 102.426 ms - -
2022-04-27 14:39:42:3942 info: 
**********************REQUEST_STARTED*********************
OPTIONS /api/user 200 16.522 ms - 0
2022-04-27 14:39:43:3943 info: 
**********************REQUEST_STARTED*********************
OPTIONS /api/user 200 0.221 ms - 0
2022-04-27 14:39:43:3943 info: 
**********************REQUEST_STARTED*********************
OPTIONS /api/user 200 0.137 ms - 0
2022-04-27 14:39:43:3943 info: 
**********************REQUEST_STARTED*********************
GET /api/user 304 362.543 ms - -
2022-04-27 14:39:43:3943 info: 
**********************REQUEST_STARTED*********************
GET /api/user 304 119.381 ms - -
2022-04-27 14:39:43:3943 info: 
**********************REQUEST_STARTED*********************
GET /api/user 304 99.112 ms - -
2022-04-27 14:40:06:406 info: 
**********************REQUEST_STARTED*********************
OPTIONS /api/user/6268f0b728c813508ff235df 200 0.133 ms - 0
2022-04-27 14:40:06:406 info: 
**********************REQUEST_STARTED*********************
GET /api/user/6268f0b728c813508ff235df 200 74.112 ms - 434
2022-04-27 14:40:12:4012 info: 
**********************REQUEST_STARTED*********************
OPTIONS /api/user/6268f0b728c813508ff235df 200 0.122 ms - 0
2022-04-27 14:40:12:4012 info: 
**********************REQUEST_STARTED*********************
GET /api/user/6268f0b728c813508ff235df 304 65.295 ms - -
2022-04-27 14:40:15:4015 info: 
**********************REQUEST_STARTED*********************
OPTIONS /api/user 200 0.195 ms - 0
2022-04-27 14:40:15:4015 info: 
**********************REQUEST_STARTED*********************
OPTIONS /api/user 200 0.137 ms - 0
2022-04-27 14:40:15:4015 info: 
**********************REQUEST_STARTED*********************
GET /api/user 304 94.624 ms - -
2022-04-27 14:40:15:4015 info: 
**********************REQUEST_STARTED*********************
GET /api/user 304 95.666 ms - -
2022-04-27 14:40:19:4019 info: 
**********************REQUEST_STARTED*********************
OPTIONS /api/user/6268ef9528c813508ff2359e 200 0.154 ms - 0
2022-04-27 14:40:19:4019 info: 
**********************REQUEST_STARTED*********************
GET /api/user/6268ef9528c813508ff2359e 200 63.176 ms - 381
2022-04-27 14:40:23:4023 info: 
**********************REQUEST_STARTED*********************
GET /api/user/6268ef9528c813508ff2359e 304 66.677 ms - -
2022-04-27 14:40:27:4027 info: 
**********************REQUEST_STARTED*********************
OPTIONS /api/user/6268ef9528c813508ff2359e 200 0.136 ms - 0
2022-04-27 14:40:27:4027 info: 
**********************REQUEST_STARTED*********************
PUT /api/user/6268ef9528c813508ff2359e 200 113.881 ms - 409
2022-04-27 14:40:27:4027 info: 
**********************REQUEST_STARTED*********************
OPTIONS /api/user 200 0.226 ms - 0
2022-04-27 14:40:27:4027 info: 
**********************REQUEST_STARTED*********************
OPTIONS /api/user 200 0.151 ms - 0
2022-04-27 14:40:27:4027 info: 
**********************REQUEST_STARTED*********************
GET /api/user 200 96.257 ms - 1155
2022-04-27 14:40:27:4027 info: 
**********************REQUEST_STARTED*********************
GET /api/user 304 91.713 ms - -
2022-04-27 14:43:58:4358 info: 
**********************REQUEST_STARTED*********************
OPTIONS /api/usesr/6268f0b728c813508ff235df 200 4.936 ms - 0
2022-04-27 14:43:58:4358 info: 
**********************REQUEST_STARTED*********************
GET /api/usesr/6268f0b728c813508ff235df 404 114.748 ms - 173
2022-04-27 14:44:28:4428 info: 
**********************REQUEST_STARTED*********************
OPTIONS /api/usesr/6268f0b728c813508ff235df 200 0.298 ms - 0
2022-04-27 14:44:28:4428 info: 
**********************REQUEST_STARTED*********************
GET /api/usesr/6268f0b728c813508ff235df 404 1.211 ms - 173
2022-04-27 14:46:27:4627 info: 
**********************REQUEST_STARTED*********************
OPTIONS /api/usesr/6268f0b728c813508ff235df 200 3.410 ms - 0
2022-04-27 14:46:27:4627 info: 
**********************REQUEST_STARTED*********************
GET /api/usesr/6268f0b728c813508ff235df 404 2.356 ms - 173
2022-04-27 14:46:40:4640 info: 
**********************REQUEST_STARTED*********************
OPTIONS /api/usesr/6268f0b728c813508ff235df 200 0.264 ms - 0
2022-04-27 14:46:40:4640 info: 
**********************REQUEST_STARTED*********************
GET /api/usesr/6268f0b728c813508ff235df 404 1.717 ms - 173
2022-04-27 14:46:55:4655 info: 
**********************REQUEST_STARTED*********************
OPTIONS /api/user/6268f0b728c813508ff235df 200 0.280 ms - 0
2022-04-27 14:46:55:4655 info: 
**********************REQUEST_STARTED*********************
GET /api/user/6268f0b728c813508ff235df 304 160.235 ms - -
2022-04-27 14:47:00:470 info: 
**********************REQUEST_STARTED*********************
GET /api/user/6268f0b728c813508ff235df 304 77.484 ms - -
2022-04-27 14:50:54:5054 info: 
**********************REQUEST_STARTED*********************
OPTIONS /api/user 200 3.257 ms - 0
2022-04-27 14:50:54:5054 info: 
**********************REQUEST_STARTED*********************
OPTIONS /api/user 200 0.095 ms - 0
2022-04-27 14:50:55:5055 info: 
**********************REQUEST_STARTED*********************
GET /api/user 304 175.929 ms - -
2022-04-27 14:50:55:5055 info: 
**********************REQUEST_STARTED*********************
GET /api/user 304 92.035 ms - -
2022-04-27 14:50:59:5059 info: 
**********************REQUEST_STARTED*********************
OPTIONS /api/user/6268f0b728c813508ff235df 200 0.202 ms - 0
2022-04-27 14:50:59:5059 info: 
**********************REQUEST_STARTED*********************
GET /api/user/6268f0b728c813508ff235df 304 64.341 ms - -
2022-04-27 19:00:57:057 info: 
**********************REQUEST_STARTED*********************
OPTIONS /api/partner 200 1.851 ms - 0
2022-04-27 19:00:57:057 info: 
**********************REQUEST_STARTED*********************
OPTIONS /api/partner 200 0.508 ms - 0
2022-04-27 19:00:58:058 info: 
**********************REQUEST_STARTED*********************
OPTIONS /api/user 200 0.220 ms - 0
2022-04-27 19:00:58:058 info: 
**********************REQUEST_STARTED*********************
OPTIONS /api/user 200 0.109 ms - 0
2022-04-27 19:01:33:133 info: 
**********************REQUEST_STARTED*********************
OPTIONS /api/admin/login 200 0.109 ms - 0
2022-04-27 19:01:33:133 info: 
**********************REQUEST_STARTED*********************
POST /api/admin/login 200 204.152 ms - 218
2022-04-27 19:01:35:135 info: 
**********************REQUEST_STARTED*********************
OPTIONS /api/user 200 0.137 ms - 0
2022-04-27 19:01:35:135 info: 
**********************REQUEST_STARTED*********************
OPTIONS /api/user 200 0.124 ms - 0
2022-04-27 19:01:35:135 info: 
**********************REQUEST_STARTED*********************
GET /api/user 200 125.965 ms - 1155
2022-04-27 19:01:35:135 info: 
**********************REQUEST_STARTED*********************
GET /api/user 304 114.068 ms - -
2022-04-27 19:01:56:156 info: 
**********************REQUEST_STARTED*********************
OPTIONS /api/user 200 0.122 ms - 0
2022-04-27 19:01:57:157 info: 
**********************REQUEST_STARTED*********************
POST /api/user 200 209.210 ms - 447
2022-04-27 19:01:57:157 info: 
**********************REQUEST_STARTED*********************
GET /api/user 200 149.513 ms - 1564
2022-04-27 19:01:57:157 info: 
**********************REQUEST_STARTED*********************
GET /api/user 304 113.812 ms - -
2022-04-27 19:04:54:454 info: 
**********************REQUEST_STARTED*********************
OPTIONS /api/user 200 1.387 ms - 0
2022-04-27 19:04:54:454 info: 
**********************REQUEST_STARTED*********************
POST /api/user 400 190.416 ms - 531
2022-04-27 19:05:20:520 info: 
**********************REQUEST_STARTED*********************
OPTIONS /api/user 200 0.581 ms - 0
2022-04-27 19:05:21:521 info: 
**********************REQUEST_STARTED*********************
POST /api/user 400 231.863 ms - 531
2022-04-27 22:22:36:2236 info: 
**********************REQUEST_STARTED*********************
OPTIONS /api/user 200 2.462 ms - 0
2022-04-27 22:22:36:2236 info: 
**********************REQUEST_STARTED*********************
POST /api/user 400 315.385 ms - 45
2022-04-27 22:23:59:2359 info: 
**********************REQUEST_STARTED*********************
OPTIONS /api/user 200 0.520 ms - 0
2022-04-27 22:23:59:2359 info: 
**********************REQUEST_STARTED*********************
POST /api/user 400 223.005 ms - 45
2022-04-27 22:25:24:2524 info: 
**********************REQUEST_STARTED*********************
OPTIONS /api/user 200 2.459 ms - 0
2022-04-27 22:25:25:2525 info: 
**********************REQUEST_STARTED*********************
POST /api/user 200 340.294 ms - 375
2022-04-27 22:25:25:2525 info: 
**********************REQUEST_STARTED*********************
GET /api/user 200 152.471 ms - 1901
2022-04-27 22:25:25:2525 info: 
**********************REQUEST_STARTED*********************
GET /api/user 304 125.663 ms - -
2022-04-27 22:25:44:2544 info: 
**********************REQUEST_STARTED*********************
OPTIONS /api/user 200 2.265 ms - 0
2022-04-27 22:25:52:2552 info: 
**********************REQUEST_STARTED*********************
POST /api/user 400 7334.591 ms - 45
2022-04-27 22:26:46:2646 info: 
**********************REQUEST_STARTED*********************
OPTIONS /api/user 200 2.745 ms - 0
2022-04-27 22:26:46:2646 info: 
**********************REQUEST_STARTED*********************
POST /api/user 400 429.947 ms - 118
2022-04-27 22:26:52:2652 info: 
**********************REQUEST_STARTED*********************
OPTIONS /api/user 200 0.385 ms - 0
2022-04-27 22:26:52:2652 info: 
**********************REQUEST_STARTED*********************
POST /api/user 400 265.795 ms - 116
2022-04-27 22:27:06:276 info: 
**********************REQUEST_STARTED*********************
OPTIONS /api/user 200 0.414 ms - 0
2022-04-27 22:27:06:276 info: 
**********************REQUEST_STARTED*********************
POST /api/user 400 252.873 ms - 116
2022-04-27 22:29:28:2928 info: 
**********************REQUEST_STARTED*********************
OPTIONS /api/user 200 3.664 ms - 0
2022-04-27 22:29:29:2929 info: 
**********************REQUEST_STARTED*********************
POST /api/user 400 408.504 ms - 116
2022-04-27 22:31:15:3115 info: 
**********************REQUEST_STARTED*********************
OPTIONS /api/user 200 3.771 ms - 0
2022-04-27 22:31:17:3117 info: 
**********************REQUEST_STARTED*********************
POST /api/user 400 1126.517 ms - 116
2022-04-27 22:32:04:324 info: 
**********************REQUEST_STARTED*********************
OPTIONS /api/user 200 3.081 ms - 0
2022-04-27 22:32:06:326 info: 
**********************REQUEST_STARTED*********************
POST /api/user 200 1791.549 ms - 374
2022-04-27 22:32:06:326 info: 
**********************REQUEST_STARTED*********************
GET /api/user 200 125.521 ms - 1924
2022-04-27 22:32:06:326 info: 
**********************REQUEST_STARTED*********************
GET /api/user 304 125.054 ms - -
2022-04-27 22:41:06:416 info: 
**********************REQUEST_STARTED*********************
OPTIONS /api/user 200 2.516 ms - 0
2022-04-27 22:41:06:416 info: 
**********************REQUEST_STARTED*********************
POST /api/user 200 460.473 ms - 403
2022-04-27 22:41:07:417 info: 
**********************REQUEST_STARTED*********************
GET /api/user 200 139.017 ms - 1988
2022-04-27 22:41:07:417 info: 
**********************REQUEST_STARTED*********************
GET /api/user 304 99.442 ms - -
2022-04-27 22:47:08:478 info: 
**********************REQUEST_STARTED*********************
OPTIONS /api/user 200 0.508 ms - 0
2022-04-27 22:47:09:479 info: 
**********************REQUEST_STARTED*********************
POST /api/user 200 401.145 ms - 404
2022-04-27 22:47:58:4758 info: 
**********************REQUEST_STARTED*********************
OPTIONS /api/user 200 0.318 ms - 0
2022-04-27 22:47:58:4758 info: 
**********************REQUEST_STARTED*********************
POST /api/user 200 314.820 ms - 416
2022-04-27 22:51:44:5144 info: 
**********************REQUEST_STARTED*********************
OPTIONS /api/user 200 3.322 ms - 0
2022-04-27 22:51:44:5144 info: 
**********************REQUEST_STARTED*********************
POST /api/user 400 512.543 ms - 342
2022-04-27 22:54:55:5455 info: 
**********************REQUEST_STARTED*********************
OPTIONS /api/user 200 2.406 ms - 0
2022-04-27 22:54:55:5455 info: 
**********************REQUEST_STARTED*********************
POST /api/user 200 537.909 ms - 425
